[2024-12-17T21:23:10.113+0900] {taskinstance.py:1157} INFO - Dependencies all met for dep_context=non-requeueable deps ti=<TaskInstance: dag_crawling_to_db.link_crawl scheduled__2024-12-16T00:00:00+00:00 [queued]>
[2024-12-17T21:23:10.120+0900] {taskinstance.py:1157} INFO - Dependencies all met for dep_context=requeueable deps ti=<TaskInstance: dag_crawling_to_db.link_crawl scheduled__2024-12-16T00:00:00+00:00 [queued]>
[2024-12-17T21:23:10.120+0900] {taskinstance.py:1359} INFO - Starting attempt 15 of 16
[2024-12-17T21:23:10.134+0900] {taskinstance.py:1380} INFO - Executing <Task(PythonOperator): link_crawl> on 2024-12-16 00:00:00+00:00
[2024-12-17T21:23:10.138+0900] {standard_task_runner.py:57} INFO - Started process 81 to run task
[2024-12-17T21:23:10.143+0900] {standard_task_runner.py:84} INFO - Running: ['***', 'tasks', 'run', 'dag_crawling_to_db', 'link_crawl', 'scheduled__2024-12-16T00:00:00+00:00', '--job-id', '124', '--raw', '--subdir', 'DAGS_FOLDER/dag_crawling_to_db.py', '--cfg-path', '/tmp/tmpk9qudxhf']
[2024-12-17T21:23:10.145+0900] {standard_task_runner.py:85} INFO - Job 124: Subtask link_crawl
[2024-12-17T21:23:10.195+0900] {task_command.py:415} INFO - Running <TaskInstance: dag_crawling_to_db.link_crawl scheduled__2024-12-16T00:00:00+00:00 [running]> on host 8e6d30b18a26
[2024-12-17T21:23:10.271+0900] {taskinstance.py:1660} INFO - Exporting env vars: AIRFLOW_CTX_DAG_OWNER='***' AIRFLOW_CTX_DAG_ID='dag_crawling_to_db' AIRFLOW_CTX_TASK_ID='link_crawl' AIRFLOW_CTX_EXECUTION_DATE='2024-12-16T00:00:00+00:00' AIRFLOW_CTX_TRY_NUMBER='15' AIRFLOW_CTX_DAG_RUN_ID='scheduled__2024-12-16T00:00:00+00:00'
[2024-12-17T21:23:10.274+0900] {logging_mixin.py:151} INFO - 인크루트 시작 시간: 2024-12-17 21:23:10
[2024-12-17T21:23:10.274+0900] {logging_mixin.py:151} INFO - 인크루트 종료 시간: 2024-12-17 21:23:10
[2024-12-17T21:23:15.279+0900] {logging_mixin.py:151} INFO - 잡코리아 시작 시간: 2024-12-17 21:23:15
[2024-12-17T21:23:15.280+0900] {logging_mixin.py:151} INFO - 잡코리아 종료 시간: 2024-12-17 21:23:15
[2024-12-17T21:23:20.286+0900] {logging_mixin.py:151} INFO - 점핏 시작 시간: 2024-12-17 21:23:20
[2024-12-17T21:23:20.286+0900] {logging_mixin.py:151} INFO - 점핏 종료 시간: 2024-12-17 21:23:20
[2024-12-17T21:23:25.290+0900] {logging_mixin.py:151} INFO - 로켓펀치 시작 시간: 2024-12-17 21:23:25
[2024-12-17T21:23:25.290+0900] {logging_mixin.py:151} INFO - 로켓펀치 종료 시간: 2024-12-17 21:23:25
[2024-12-17T21:23:30.296+0900] {logging_mixin.py:151} INFO - 사람인 시작 시간: 2024-12-17 21:23:30
[2024-12-17T21:23:30.296+0900] {logging_mixin.py:151} INFO - 사람인 종료 시간: 2024-12-17 21:23:30
[2024-12-17T21:23:35.300+0900] {logging_mixin.py:151} INFO - 원티드 시작 시간: 2024-12-17 21:23:35
[2024-12-17T21:23:35.302+0900] {logger.py:11} INFO - ====== WebDriver manager ======
[2024-12-17T21:23:35.420+0900] {logger.py:11} INFO - Get LATEST chromedriver version for google-chrome
[2024-12-17T21:23:35.512+0900] {logger.py:11} INFO - Get LATEST chromedriver version for google-chrome
[2024-12-17T21:23:35.612+0900] {logger.py:11} INFO - There is no [linux64] chromedriver "131.0.6778.108" for browser google-chrome "131.0.6778" in cache
[2024-12-17T21:23:35.613+0900] {logger.py:11} INFO - Get LATEST chromedriver version for google-chrome
[2024-12-17T21:23:35.774+0900] {logger.py:11} INFO - WebDriver version 131.0.6778.108 selected
[2024-12-17T21:23:35.778+0900] {logger.py:11} INFO - Modern chrome version https://storage.googleapis.com/chrome-for-testing-public/131.0.6778.108/linux64/chromedriver-linux64.zip
[2024-12-17T21:23:35.779+0900] {logger.py:11} INFO - About to download new driver from https://storage.googleapis.com/chrome-for-testing-public/131.0.6778.108/linux64/chromedriver-linux64.zip
[2024-12-17T21:23:35.919+0900] {logger.py:11} INFO - Driver downloading response is 200
[2024-12-17T21:23:36.112+0900] {logger.py:11} INFO - Get LATEST chromedriver version for google-chrome
[2024-12-17T21:23:36.331+0900] {logger.py:11} INFO - Driver has been saved in cache [/home/***/.wdm/drivers/chromedriver/linux64/131.0.6778.108]
[2024-12-17T21:23:36.617+0900] {logging_mixin.py:151} INFO - No log files found in the directory. All URLs will be marked as 'update'.
[2024-12-17T21:23:39.483+0900] {logging_mixin.py:151} INFO - 원티드 종료 시간: 2024-12-17 21:23:39
[2024-12-17T21:23:39.483+0900] {python.py:194} INFO - Done. Returned value was: None
[2024-12-17T21:23:39.492+0900] {taskinstance.py:1398} INFO - Marking task as SUCCESS. dag_id=dag_crawling_to_db, task_id=link_crawl, execution_date=20241216T000000, start_date=20241217T122310, end_date=20241217T122339
[2024-12-17T21:23:39.527+0900] {local_task_job_runner.py:228} INFO - Task exited with return code 0
[2024-12-17T21:23:39.552+0900] {taskinstance.py:2776} INFO - 0 downstream tasks scheduled from follow-on schedule check
