[2024-12-17T16:54:31.404+0900] {taskinstance.py:1157} INFO - Dependencies all met for dep_context=non-requeueable deps ti=<TaskInstance: dag_crawling_to_db.link_crawl scheduled__2024-12-16T00:00:00+00:00 [queued]>
[2024-12-17T16:54:31.414+0900] {taskinstance.py:1157} INFO - Dependencies all met for dep_context=requeueable deps ti=<TaskInstance: dag_crawling_to_db.link_crawl scheduled__2024-12-16T00:00:00+00:00 [queued]>
[2024-12-17T16:54:31.414+0900] {taskinstance.py:1359} INFO - Starting attempt 2 of 2
[2024-12-17T16:54:31.426+0900] {taskinstance.py:1380} INFO - Executing <Task(PythonOperator): link_crawl> on 2024-12-16 00:00:00+00:00
[2024-12-17T16:54:31.430+0900] {standard_task_runner.py:57} INFO - Started process 80 to run task
[2024-12-17T16:54:31.432+0900] {standard_task_runner.py:84} INFO - Running: ['***', 'tasks', 'run', 'dag_crawling_to_db', 'link_crawl', 'scheduled__2024-12-16T00:00:00+00:00', '--job-id', '4', '--raw', '--subdir', 'DAGS_FOLDER/dag_crawling_to_db.py', '--cfg-path', '/tmp/tmpt48ovsts']
[2024-12-17T16:54:31.435+0900] {standard_task_runner.py:85} INFO - Job 4: Subtask link_crawl
[2024-12-17T16:54:31.494+0900] {task_command.py:415} INFO - Running <TaskInstance: dag_crawling_to_db.link_crawl scheduled__2024-12-16T00:00:00+00:00 [running]> on host 4c09d1f441a9
[2024-12-17T16:54:31.563+0900] {taskinstance.py:1660} INFO - Exporting env vars: AIRFLOW_CTX_DAG_OWNER='***' AIRFLOW_CTX_DAG_ID='dag_crawling_to_db' AIRFLOW_CTX_TASK_ID='link_crawl' AIRFLOW_CTX_EXECUTION_DATE='2024-12-16T00:00:00+00:00' AIRFLOW_CTX_TRY_NUMBER='2' AIRFLOW_CTX_DAG_RUN_ID='scheduled__2024-12-16T00:00:00+00:00'
[2024-12-17T16:54:31.565+0900] {logging_mixin.py:151} INFO - 인크루트 시작 시간: 2024-12-17 16:54:31
[2024-12-17T16:54:31.565+0900] {logging_mixin.py:151} INFO - 인크루트 종료 시간: 2024-12-17 16:54:31
[2024-12-17T16:54:36.569+0900] {logging_mixin.py:151} INFO - 잡코리아 시작 시간: 2024-12-17 16:54:36
[2024-12-17T16:54:36.570+0900] {logging_mixin.py:151} INFO - 잡코리아 종료 시간: 2024-12-17 16:54:36
[2024-12-17T16:54:41.575+0900] {logging_mixin.py:151} INFO - 점핏 시작 시간: 2024-12-17 16:54:41
[2024-12-17T16:54:41.575+0900] {logging_mixin.py:151} INFO - 점핏 종료 시간: 2024-12-17 16:54:41
[2024-12-17T16:54:46.580+0900] {logging_mixin.py:151} INFO - 로켓펀치 시작 시간: 2024-12-17 16:54:46
[2024-12-17T16:54:46.581+0900] {logging_mixin.py:151} INFO - 로켓펀치 종료 시간: 2024-12-17 16:54:46
[2024-12-17T16:54:51.585+0900] {logging_mixin.py:151} INFO - 사람인 시작 시간: 2024-12-17 16:54:51
[2024-12-17T16:54:53.878+0900] {logging_mixin.py:151} INFO - 키워드 '데이터 엔지니어' 작업 시작
[2024-12-17T16:55:00.430+0900] {logging_mixin.py:151} INFO - 브라우저 강력 새로고침 (Ctrl + F5) 완료
[2024-12-17T16:55:14.216+0900] {logging_mixin.py:151} INFO - 캐시 무효화된 URL로 접근: https://www.saramin.co.kr/zf_user/?nocache=1734422103
