[2024-12-17T20:56:37.947+0900] {taskinstance.py:1157} INFO - Dependencies all met for dep_context=non-requeueable deps ti=<TaskInstance: dag_crawling_to_db.link_crawl scheduled__2024-12-16T00:00:00+00:00 [queued]>
[2024-12-17T20:56:37.955+0900] {taskinstance.py:1157} INFO - Dependencies all met for dep_context=requeueable deps ti=<TaskInstance: dag_crawling_to_db.link_crawl scheduled__2024-12-16T00:00:00+00:00 [queued]>
[2024-12-17T20:56:37.955+0900] {taskinstance.py:1359} INFO - Starting attempt 11 of 12
[2024-12-17T20:56:37.970+0900] {taskinstance.py:1380} INFO - Executing <Task(PythonOperator): link_crawl> on 2024-12-16 00:00:00+00:00
[2024-12-17T20:56:37.975+0900] {standard_task_runner.py:57} INFO - Started process 86 to run task
[2024-12-17T20:56:37.978+0900] {standard_task_runner.py:84} INFO - Running: ['***', 'tasks', 'run', 'dag_crawling_to_db', 'link_crawl', 'scheduled__2024-12-16T00:00:00+00:00', '--job-id', '115', '--raw', '--subdir', 'DAGS_FOLDER/dag_crawling_to_db.py', '--cfg-path', '/tmp/tmpvohsh09p']
[2024-12-17T20:56:37.981+0900] {standard_task_runner.py:85} INFO - Job 115: Subtask link_crawl
[2024-12-17T20:56:38.028+0900] {task_command.py:415} INFO - Running <TaskInstance: dag_crawling_to_db.link_crawl scheduled__2024-12-16T00:00:00+00:00 [running]> on host cf4ec90b36ff
[2024-12-17T20:56:38.100+0900] {taskinstance.py:1660} INFO - Exporting env vars: AIRFLOW_CTX_DAG_OWNER='***' AIRFLOW_CTX_DAG_ID='dag_crawling_to_db' AIRFLOW_CTX_TASK_ID='link_crawl' AIRFLOW_CTX_EXECUTION_DATE='2024-12-16T00:00:00+00:00' AIRFLOW_CTX_TRY_NUMBER='11' AIRFLOW_CTX_DAG_RUN_ID='scheduled__2024-12-16T00:00:00+00:00'
[2024-12-17T20:56:38.101+0900] {logging_mixin.py:151} INFO - 인크루트 시작 시간: 2024-12-17 20:56:38
[2024-12-17T20:56:38.101+0900] {logging_mixin.py:151} INFO - 인크루트 종료 시간: 2024-12-17 20:56:38
[2024-12-17T20:56:43.104+0900] {logging_mixin.py:151} INFO - 잡코리아 시작 시간: 2024-12-17 20:56:43
[2024-12-17T20:56:43.105+0900] {logging_mixin.py:151} INFO - 잡코리아 종료 시간: 2024-12-17 20:56:43
[2024-12-17T20:56:48.110+0900] {logging_mixin.py:151} INFO - 점핏 시작 시간: 2024-12-17 20:56:48
[2024-12-17T20:56:48.110+0900] {logging_mixin.py:151} INFO - 점핏 종료 시간: 2024-12-17 20:56:48
[2024-12-17T20:56:53.116+0900] {logging_mixin.py:151} INFO - 로켓펀치 시작 시간: 2024-12-17 20:56:53
[2024-12-17T20:56:53.116+0900] {logging_mixin.py:151} INFO - 로켓펀치 종료 시간: 2024-12-17 20:56:53
[2024-12-17T20:56:58.120+0900] {logging_mixin.py:151} INFO - 사람인 시작 시간: 2024-12-17 20:56:58
[2024-12-17T20:56:58.120+0900] {logging_mixin.py:151} INFO - 사람인 종료 시간: 2024-12-17 20:56:58
[2024-12-17T20:57:03.122+0900] {logging_mixin.py:151} INFO - 원티드 시작 시간: 2024-12-17 20:57:03
[2024-12-17T20:57:03.123+0900] {logger.py:11} INFO - ====== WebDriver manager ======
[2024-12-17T20:57:03.186+0900] {logger.py:11} INFO - Get LATEST chromedriver version for google-chrome
[2024-12-17T20:57:03.267+0900] {logger.py:11} INFO - Get LATEST chromedriver version for google-chrome
[2024-12-17T20:57:03.330+0900] {logger.py:11} INFO - There is no [linux64] chromedriver "131.0.6778.108" for browser google-chrome "131.0.6778" in cache
[2024-12-17T20:57:03.331+0900] {logger.py:11} INFO - Get LATEST chromedriver version for google-chrome
[2024-12-17T20:57:03.498+0900] {logger.py:11} INFO - WebDriver version 131.0.6778.108 selected
[2024-12-17T20:57:03.501+0900] {logger.py:11} INFO - Modern chrome version https://storage.googleapis.com/chrome-for-testing-public/131.0.6778.108/linux64/chromedriver-linux64.zip
[2024-12-17T20:57:03.502+0900] {logger.py:11} INFO - About to download new driver from https://storage.googleapis.com/chrome-for-testing-public/131.0.6778.108/linux64/chromedriver-linux64.zip
[2024-12-17T20:57:03.636+0900] {logger.py:11} INFO - Driver downloading response is 200
[2024-12-17T20:57:03.864+0900] {logger.py:11} INFO - Get LATEST chromedriver version for google-chrome
[2024-12-17T20:57:04.056+0900] {logger.py:11} INFO - Driver has been saved in cache [/home/***/.wdm/drivers/chromedriver/linux64/131.0.6778.108]
[2024-12-17T20:57:04.335+0900] {logging_mixin.py:151} INFO - No log files found in the directory. All URLs will be marked as 'update'.
[2024-12-17T20:57:15.024+0900] {logging_mixin.py:151} INFO - 원티드 종료 시간: 2024-12-17 20:57:15
[2024-12-17T20:57:15.024+0900] {python.py:194} INFO - Done. Returned value was: None
[2024-12-17T20:57:15.034+0900] {taskinstance.py:1398} INFO - Marking task as SUCCESS. dag_id=dag_crawling_to_db, task_id=link_crawl, execution_date=20241216T000000, start_date=20241217T115637, end_date=20241217T115715
[2024-12-17T20:57:15.078+0900] {local_task_job_runner.py:228} INFO - Task exited with return code 0
[2024-12-17T20:57:15.095+0900] {taskinstance.py:2776} INFO - 0 downstream tasks scheduled from follow-on schedule check
