[2024-12-17T21:32:17.594+0900] {taskinstance.py:1157} INFO - Dependencies all met for dep_context=non-requeueable deps ti=<TaskInstance: dag_crawling_to_db.link_crawl scheduled__2024-12-16T00:00:00+00:00 [queued]>
[2024-12-17T21:32:17.605+0900] {taskinstance.py:1157} INFO - Dependencies all met for dep_context=requeueable deps ti=<TaskInstance: dag_crawling_to_db.link_crawl scheduled__2024-12-16T00:00:00+00:00 [queued]>
[2024-12-17T21:32:17.605+0900] {taskinstance.py:1359} INFO - Starting attempt 16 of 17
[2024-12-17T21:32:17.619+0900] {taskinstance.py:1380} INFO - Executing <Task(PythonOperator): link_crawl> on 2024-12-16 00:00:00+00:00
[2024-12-17T21:32:17.623+0900] {standard_task_runner.py:57} INFO - Started process 81 to run task
[2024-12-17T21:32:17.625+0900] {standard_task_runner.py:84} INFO - Running: ['***', 'tasks', 'run', 'dag_crawling_to_db', 'link_crawl', 'scheduled__2024-12-16T00:00:00+00:00', '--job-id', '126', '--raw', '--subdir', 'DAGS_FOLDER/dag_crawling_to_db.py', '--cfg-path', '/tmp/tmpgxkz5oe5']
[2024-12-17T21:32:17.628+0900] {standard_task_runner.py:85} INFO - Job 126: Subtask link_crawl
[2024-12-17T21:32:17.679+0900] {task_command.py:415} INFO - Running <TaskInstance: dag_crawling_to_db.link_crawl scheduled__2024-12-16T00:00:00+00:00 [running]> on host 9035c003c3b8
[2024-12-17T21:32:17.749+0900] {taskinstance.py:1660} INFO - Exporting env vars: AIRFLOW_CTX_DAG_OWNER='***' AIRFLOW_CTX_DAG_ID='dag_crawling_to_db' AIRFLOW_CTX_TASK_ID='link_crawl' AIRFLOW_CTX_EXECUTION_DATE='2024-12-16T00:00:00+00:00' AIRFLOW_CTX_TRY_NUMBER='16' AIRFLOW_CTX_DAG_RUN_ID='scheduled__2024-12-16T00:00:00+00:00'
[2024-12-17T21:32:17.751+0900] {logging_mixin.py:151} INFO - 인크루트 시작 시간: 2024-12-17 21:32:17
[2024-12-17T21:32:17.752+0900] {logging_mixin.py:151} INFO - 인크루트 종료 시간: 2024-12-17 21:32:17
[2024-12-17T21:32:22.756+0900] {logging_mixin.py:151} INFO - 잡코리아 시작 시간: 2024-12-17 21:32:22
[2024-12-17T21:32:22.757+0900] {logging_mixin.py:151} INFO - 잡코리아 종료 시간: 2024-12-17 21:32:22
[2024-12-17T21:32:27.760+0900] {logging_mixin.py:151} INFO - 점핏 시작 시간: 2024-12-17 21:32:27
[2024-12-17T21:32:27.760+0900] {logging_mixin.py:151} INFO - 점핏 종료 시간: 2024-12-17 21:32:27
[2024-12-17T21:32:32.763+0900] {logging_mixin.py:151} INFO - 로켓펀치 시작 시간: 2024-12-17 21:32:32
[2024-12-17T21:32:32.764+0900] {logging_mixin.py:151} INFO - 로켓펀치 종료 시간: 2024-12-17 21:32:32
[2024-12-17T21:32:37.767+0900] {logging_mixin.py:151} INFO - 사람인 시작 시간: 2024-12-17 21:32:37
[2024-12-17T21:32:37.767+0900] {logging_mixin.py:151} INFO - 사람인 종료 시간: 2024-12-17 21:32:37
[2024-12-17T21:32:42.772+0900] {logging_mixin.py:151} INFO - 원티드 시작 시간: 2024-12-17 21:32:42
[2024-12-17T21:32:42.772+0900] {logger.py:11} INFO - ====== WebDriver manager ======
[2024-12-17T21:32:42.851+0900] {logger.py:11} INFO - Get LATEST chromedriver version for google-chrome
[2024-12-17T21:32:42.930+0900] {logger.py:11} INFO - Get LATEST chromedriver version for google-chrome
[2024-12-17T21:32:42.994+0900] {logger.py:11} INFO - There is no [linux64] chromedriver "131.0.6778.108" for browser google-chrome "131.0.6778" in cache
[2024-12-17T21:32:42.994+0900] {logger.py:11} INFO - Get LATEST chromedriver version for google-chrome
[2024-12-17T21:32:43.159+0900] {logger.py:11} INFO - WebDriver version 131.0.6778.108 selected
[2024-12-17T21:32:43.162+0900] {logger.py:11} INFO - Modern chrome version https://storage.googleapis.com/chrome-for-testing-public/131.0.6778.108/linux64/chromedriver-linux64.zip
[2024-12-17T21:32:43.163+0900] {logger.py:11} INFO - About to download new driver from https://storage.googleapis.com/chrome-for-testing-public/131.0.6778.108/linux64/chromedriver-linux64.zip
[2024-12-17T21:32:43.278+0900] {logger.py:11} INFO - Driver downloading response is 200
[2024-12-17T21:32:43.561+0900] {logger.py:11} INFO - Get LATEST chromedriver version for google-chrome
[2024-12-17T21:32:43.751+0900] {logger.py:11} INFO - Driver has been saved in cache [/home/***/.wdm/drivers/chromedriver/linux64/131.0.6778.108]
[2024-12-17T21:32:44.075+0900] {logging_mixin.py:151} INFO - No log files found in the directory. All URLs will be marked as 'update'.
[2024-12-17T21:33:07.173+0900] {logging_mixin.py:151} INFO - 원티드 종료 시간: 2024-12-17 21:33:07
[2024-12-17T21:33:07.174+0900] {python.py:194} INFO - Done. Returned value was: None
[2024-12-17T21:33:07.181+0900] {taskinstance.py:1398} INFO - Marking task as SUCCESS. dag_id=dag_crawling_to_db, task_id=link_crawl, execution_date=20241216T000000, start_date=20241217T123217, end_date=20241217T123307
[2024-12-17T21:33:07.203+0900] {local_task_job_runner.py:228} INFO - Task exited with return code 0
[2024-12-17T21:33:07.217+0900] {taskinstance.py:2776} INFO - 0 downstream tasks scheduled from follow-on schedule check
