[2024-12-17T19:30:50.555+0900] {taskinstance.py:1157} INFO - Dependencies all met for dep_context=non-requeueable deps ti=<TaskInstance: dag_crawling_to_db.link_crawl scheduled__2024-12-16T00:00:00+00:00 [queued]>
[2024-12-17T19:30:50.566+0900] {taskinstance.py:1157} INFO - Dependencies all met for dep_context=requeueable deps ti=<TaskInstance: dag_crawling_to_db.link_crawl scheduled__2024-12-16T00:00:00+00:00 [queued]>
[2024-12-17T19:30:50.567+0900] {taskinstance.py:1359} INFO - Starting attempt 10 of 2
[2024-12-17T19:30:50.582+0900] {taskinstance.py:1380} INFO - Executing <Task(PythonOperator): link_crawl> on 2024-12-16 00:00:00+00:00
[2024-12-17T19:30:50.586+0900] {standard_task_runner.py:57} INFO - Started process 81 to run task
[2024-12-17T19:30:50.590+0900] {standard_task_runner.py:84} INFO - Running: ['***', 'tasks', 'run', 'dag_crawling_to_db', 'link_crawl', 'scheduled__2024-12-16T00:00:00+00:00', '--job-id', '113', '--raw', '--subdir', 'DAGS_FOLDER/dag_crawling_to_db.py', '--cfg-path', '/tmp/tmp8xe74zev']
[2024-12-17T19:30:50.594+0900] {standard_task_runner.py:85} INFO - Job 113: Subtask link_crawl
[2024-12-17T19:30:50.664+0900] {task_command.py:415} INFO - Running <TaskInstance: dag_crawling_to_db.link_crawl scheduled__2024-12-16T00:00:00+00:00 [running]> on host bd17916c7c07
[2024-12-17T19:30:50.761+0900] {taskinstance.py:1660} INFO - Exporting env vars: AIRFLOW_CTX_DAG_OWNER='***' AIRFLOW_CTX_DAG_ID='dag_crawling_to_db' AIRFLOW_CTX_TASK_ID='link_crawl' AIRFLOW_CTX_EXECUTION_DATE='2024-12-16T00:00:00+00:00' AIRFLOW_CTX_TRY_NUMBER='10' AIRFLOW_CTX_DAG_RUN_ID='scheduled__2024-12-16T00:00:00+00:00'
[2024-12-17T19:30:50.762+0900] {logging_mixin.py:151} INFO - 인크루트 시작 시간: 2024-12-17 19:30:50
[2024-12-17T19:30:50.762+0900] {logging_mixin.py:151} INFO - 인크루트 종료 시간: 2024-12-17 19:30:50
[2024-12-17T19:30:55.766+0900] {logging_mixin.py:151} INFO - 잡코리아 시작 시간: 2024-12-17 19:30:55
[2024-12-17T19:30:55.767+0900] {logging_mixin.py:151} INFO - 잡코리아 종료 시간: 2024-12-17 19:30:55
[2024-12-17T19:31:00.770+0900] {logging_mixin.py:151} INFO - 점핏 시작 시간: 2024-12-17 19:31:00
[2024-12-17T19:31:00.770+0900] {logging_mixin.py:151} INFO - 점핏 종료 시간: 2024-12-17 19:31:00
[2024-12-17T19:31:05.772+0900] {logging_mixin.py:151} INFO - 로켓펀치 시작 시간: 2024-12-17 19:31:05
[2024-12-17T19:31:05.772+0900] {logging_mixin.py:151} INFO - 로켓펀치 종료 시간: 2024-12-17 19:31:05
[2024-12-17T19:31:10.777+0900] {logging_mixin.py:151} INFO - 사람인 시작 시간: 2024-12-17 19:31:10
[2024-12-17T19:31:10.792+0900] {credentials.py:1254} INFO - Found credentials in shared credentials file: /code/.aws/credentials
[2024-12-17T19:31:11.023+0900] {logging_mixin.py:151} INFO - 키워드 '데이터 엔지니어' 작업 시작
[2024-12-17T19:31:14.001+0900] {logging_mixin.py:151} INFO - 브라우저 강력 새로고침 (Ctrl + F5) 완료
[2024-12-17T19:31:18.780+0900] {logging_mixin.py:151} INFO - 캐시 무효화된 URL로 접근: https://www.saramin.co.kr/zf_user/?nocache=1734431477
[2024-12-17T19:31:33.153+0900] {logging_mixin.py:151} INFO - '데이터 엔지니어' 검색 완료!
[2024-12-17T19:31:40.157+0900] {logging_mixin.py:151} INFO - 현재 페이지: 1
[2024-12-17T19:31:53.685+0900] {logging_mixin.py:151} INFO - 현재 페이지: 2
[2024-12-17T19:32:05.541+0900] {logging_mixin.py:151} INFO - 현재 페이지: 3
[2024-12-17T19:32:17.444+0900] {logging_mixin.py:151} INFO - 현재 페이지: 4
[2024-12-17T19:32:29.387+0900] {logging_mixin.py:151} INFO - 현재 페이지: 5
[2024-12-17T19:32:41.436+0900] {logging_mixin.py:151} INFO - 현재 페이지: 6
[2024-12-17T19:32:53.510+0900] {logging_mixin.py:151} INFO - 현재 페이지: 7
[2024-12-17T19:33:05.156+0900] {logging_mixin.py:151} INFO - 현재 페이지: 8
[2024-12-17T19:33:16.968+0900] {logging_mixin.py:151} INFO - 현재 페이지: 9
[2024-12-17T19:33:28.525+0900] {logging_mixin.py:151} INFO - 현재 페이지: 10
[2024-12-17T19:33:40.272+0900] {logging_mixin.py:151} INFO - 현재 페이지: 11
[2024-12-17T19:33:51.937+0900] {logging_mixin.py:151} INFO - 현재 페이지: 12
[2024-12-17T19:34:03.622+0900] {logging_mixin.py:151} INFO - 현재 페이지: 13
[2024-12-17T19:34:15.370+0900] {logging_mixin.py:151} INFO - 현재 페이지: 14
[2024-12-17T19:34:27.090+0900] {logging_mixin.py:151} INFO - 현재 페이지: 15
[2024-12-17T19:34:38.770+0900] {logging_mixin.py:151} INFO - 현재 페이지: 16
[2024-12-17T19:34:50.442+0900] {logging_mixin.py:151} INFO - 현재 페이지: 17
[2024-12-17T19:35:02.030+0900] {logging_mixin.py:151} INFO - 현재 페이지: 18
[2024-12-17T19:35:13.529+0900] {logging_mixin.py:151} INFO - 현재 페이지: 19
[2024-12-17T19:35:25.090+0900] {logging_mixin.py:151} INFO - 현재 페이지: 20
[2024-12-17T19:35:36.656+0900] {logging_mixin.py:151} INFO - 현재 페이지: 21
[2024-12-17T19:35:48.180+0900] {logging_mixin.py:151} INFO - 현재 페이지: 22
[2024-12-17T19:36:00.090+0900] {logging_mixin.py:151} INFO - 현재 페이지: 23
[2024-12-17T19:36:11.645+0900] {logging_mixin.py:151} INFO - 현재 페이지: 24
[2024-12-17T19:36:23.318+0900] {logging_mixin.py:151} INFO - 현재 페이지: 25
[2024-12-17T19:36:34.960+0900] {logging_mixin.py:151} INFO - 현재 페이지: 26
[2024-12-17T19:36:46.793+0900] {logging_mixin.py:151} INFO - 현재 페이지: 27
[2024-12-17T19:36:58.467+0900] {logging_mixin.py:151} INFO - 현재 페이지: 28
[2024-12-17T19:37:10.030+0900] {logging_mixin.py:151} INFO - 현재 페이지: 29
[2024-12-17T19:37:21.614+0900] {logging_mixin.py:151} INFO - 현재 페이지: 30
[2024-12-17T19:37:33.180+0900] {logging_mixin.py:151} INFO - 현재 페이지: 31
[2024-12-17T19:37:44.761+0900] {logging_mixin.py:151} INFO - 현재 페이지: 32
[2024-12-17T19:37:56.376+0900] {logging_mixin.py:151} INFO - 현재 페이지: 33
[2024-12-17T19:38:07.976+0900] {logging_mixin.py:151} INFO - 현재 페이지: 34
[2024-12-17T19:38:19.580+0900] {logging_mixin.py:151} INFO - 현재 페이지: 35
[2024-12-17T19:38:31.200+0900] {logging_mixin.py:151} INFO - 현재 페이지: 36
[2024-12-17T19:38:42.814+0900] {logging_mixin.py:151} INFO - 현재 페이지: 37
[2024-12-17T19:38:54.322+0900] {logging_mixin.py:151} INFO - 현재 페이지: 38
[2024-12-17T19:39:05.860+0900] {logging_mixin.py:151} INFO - 현재 페이지: 39
[2024-12-17T19:39:17.453+0900] {logging_mixin.py:151} INFO - 현재 페이지: 40
[2024-12-17T19:39:29.053+0900] {logging_mixin.py:151} INFO - 현재 페이지: 41
[2024-12-17T19:39:40.665+0900] {logging_mixin.py:151} INFO - 현재 페이지: 42
[2024-12-17T19:39:52.218+0900] {logging_mixin.py:151} INFO - 현재 페이지: 43
[2024-12-17T19:40:03.824+0900] {logging_mixin.py:151} INFO - 현재 페이지: 44
[2024-12-17T19:40:15.387+0900] {logging_mixin.py:151} INFO - 현재 페이지: 45
[2024-12-17T19:40:26.909+0900] {logging_mixin.py:151} INFO - 현재 페이지: 46
[2024-12-17T19:40:38.450+0900] {logging_mixin.py:151} INFO - 현재 페이지: 47
[2024-12-17T19:40:50.030+0900] {logging_mixin.py:151} INFO - 현재 페이지: 48
[2024-12-17T19:41:01.649+0900] {logging_mixin.py:151} INFO - 현재 페이지: 49
[2024-12-17T19:41:13.252+0900] {logging_mixin.py:151} INFO - 현재 페이지: 50
[2024-12-17T19:41:19.431+0900] {logging_mixin.py:151} INFO - '데이터 엔지니어' 작업: 마지막 페이지 도달
[2024-12-17T19:41:19.750+0900] {logging_mixin.py:151} INFO - S3에 파일 업로드 완료: s3://t2jt/job/DE/sources/saramin/links/20241217.txt
[2024-12-17T19:41:19.827+0900] {logging_mixin.py:151} INFO - Process killed: {'name': 'chrome_crashpad', 'pid': 138}
[2024-12-17T19:41:19.827+0900] {logging_mixin.py:151} INFO - Process killed: {'name': 'chrome_crashpad', 'pid': 140}
[2024-12-17T19:41:19.827+0900] {logging_mixin.py:151} INFO - Process killed: {'name': 'chrome', 'pid': 145}
[2024-12-17T19:41:19.827+0900] {logging_mixin.py:151} INFO - Process killed: {'name': 'chrome', 'pid': 146}
[2024-12-17T19:41:19.827+0900] {logging_mixin.py:151} INFO - Process killed: {'name': 'chrome', 'pid': 165}
[2024-12-17T19:41:19.827+0900] {logging_mixin.py:151} INFO - Process killed: {'name': 'chrome', 'pid': 166}
[2024-12-17T19:41:19.828+0900] {logging_mixin.py:151} INFO - Process killed: {'name': 'chrome', 'pid': 167}
[2024-12-17T19:41:19.828+0900] {logging_mixin.py:151} INFO - Process killed: {'name': 'chrome', 'pid': 244}
[2024-12-17T19:41:19.828+0900] {logging_mixin.py:151} INFO - Process killed: {'name': 'chrome', 'pid': 334}
[2024-12-17T19:41:19.828+0900] {logging_mixin.py:151} INFO - Process killed: {'name': 'chrome', 'pid': 464}
[2024-12-17T19:41:19.828+0900] {logging_mixin.py:151} INFO - 키워드 '프론트엔드' 작업 시작
[2024-12-17T19:41:22.147+0900] {logging_mixin.py:151} INFO - 브라우저 강력 새로고침 (Ctrl + F5) 완료
[2024-12-17T19:41:27.176+0900] {logging_mixin.py:151} INFO - 캐시 무효화된 URL로 접근: https://www.saramin.co.kr/zf_user/?nocache=1734432085
[2024-12-17T19:41:40.594+0900] {logging_mixin.py:151} INFO - '프론트엔드' 검색 완료!
[2024-12-17T19:41:47.596+0900] {logging_mixin.py:151} INFO - 현재 페이지: 1
[2024-12-17T19:42:00.836+0900] {logging_mixin.py:151} INFO - 현재 페이지: 2
[2024-12-17T19:42:12.587+0900] {logging_mixin.py:151} INFO - 현재 페이지: 3
[2024-12-17T19:42:24.149+0900] {logging_mixin.py:151} INFO - 현재 페이지: 4
[2024-12-17T19:42:35.778+0900] {logging_mixin.py:151} INFO - 현재 페이지: 5
[2024-12-17T19:42:47.478+0900] {logging_mixin.py:151} INFO - 현재 페이지: 6
[2024-12-17T19:42:59.067+0900] {logging_mixin.py:151} INFO - 현재 페이지: 7
[2024-12-17T19:43:10.643+0900] {logging_mixin.py:151} INFO - 현재 페이지: 8
[2024-12-17T19:43:22.250+0900] {logging_mixin.py:151} INFO - 현재 페이지: 9
[2024-12-17T19:43:33.886+0900] {logging_mixin.py:151} INFO - 현재 페이지: 10
[2024-12-17T19:43:45.515+0900] {logging_mixin.py:151} INFO - 현재 페이지: 11
[2024-12-17T19:43:57.098+0900] {logging_mixin.py:151} INFO - 현재 페이지: 12
[2024-12-17T19:44:08.724+0900] {logging_mixin.py:151} INFO - 현재 페이지: 13
[2024-12-17T19:44:20.310+0900] {logging_mixin.py:151} INFO - 현재 페이지: 14
[2024-12-17T19:44:31.940+0900] {logging_mixin.py:151} INFO - 현재 페이지: 15
[2024-12-17T19:44:43.560+0900] {logging_mixin.py:151} INFO - 현재 페이지: 16
[2024-12-17T19:44:55.149+0900] {logging_mixin.py:151} INFO - 현재 페이지: 17
[2024-12-17T19:45:06.760+0900] {logging_mixin.py:151} INFO - 현재 페이지: 18
[2024-12-17T19:45:18.370+0900] {logging_mixin.py:151} INFO - 현재 페이지: 19
[2024-12-17T19:45:29.990+0900] {logging_mixin.py:151} INFO - 현재 페이지: 20
[2024-12-17T19:45:41.623+0900] {logging_mixin.py:151} INFO - 현재 페이지: 21
[2024-12-17T19:45:53.240+0900] {logging_mixin.py:151} INFO - 현재 페이지: 22
[2024-12-17T19:46:04.877+0900] {logging_mixin.py:151} INFO - 현재 페이지: 23
[2024-12-17T19:46:16.475+0900] {logging_mixin.py:151} INFO - 현재 페이지: 24
[2024-12-17T19:46:28.106+0900] {logging_mixin.py:151} INFO - 현재 페이지: 25
[2024-12-17T19:46:39.736+0900] {logging_mixin.py:151} INFO - 현재 페이지: 26
[2024-12-17T19:46:51.379+0900] {logging_mixin.py:151} INFO - 현재 페이지: 27
[2024-12-17T19:47:03.010+0900] {logging_mixin.py:151} INFO - 현재 페이지: 28
[2024-12-17T19:47:14.636+0900] {logging_mixin.py:151} INFO - 현재 페이지: 29
[2024-12-17T19:47:26.280+0900] {logging_mixin.py:151} INFO - 현재 페이지: 30
[2024-12-17T19:47:37.882+0900] {logging_mixin.py:151} INFO - 현재 페이지: 31
[2024-12-17T19:47:49.574+0900] {logging_mixin.py:151} INFO - 현재 페이지: 32
[2024-12-17T19:48:01.385+0900] {logging_mixin.py:151} INFO - 현재 페이지: 33
[2024-12-17T19:48:13.049+0900] {logging_mixin.py:151} INFO - 현재 페이지: 34
[2024-12-17T19:48:24.702+0900] {logging_mixin.py:151} INFO - 현재 페이지: 35
[2024-12-17T19:48:36.381+0900] {logging_mixin.py:151} INFO - 현재 페이지: 36
[2024-12-17T19:48:48.014+0900] {logging_mixin.py:151} INFO - 현재 페이지: 37
[2024-12-17T19:48:59.667+0900] {logging_mixin.py:151} INFO - 현재 페이지: 38
[2024-12-17T19:49:11.284+0900] {logging_mixin.py:151} INFO - 현재 페이지: 39
[2024-12-17T19:49:22.958+0900] {logging_mixin.py:151} INFO - 현재 페이지: 40
[2024-12-17T19:49:34.578+0900] {logging_mixin.py:151} INFO - 현재 페이지: 41
[2024-12-17T19:49:46.210+0900] {logging_mixin.py:151} INFO - 현재 페이지: 42
[2024-12-17T19:49:57.930+0900] {logging_mixin.py:151} INFO - 현재 페이지: 43
[2024-12-17T19:50:09.676+0900] {logging_mixin.py:151} INFO - 현재 페이지: 44
[2024-12-17T19:50:21.416+0900] {logging_mixin.py:151} INFO - 현재 페이지: 45
[2024-12-17T19:50:33.076+0900] {logging_mixin.py:151} INFO - 현재 페이지: 46
[2024-12-17T19:50:44.817+0900] {logging_mixin.py:151} INFO - 현재 페이지: 47
[2024-12-17T19:50:56.492+0900] {logging_mixin.py:151} INFO - 현재 페이지: 48
[2024-12-17T19:51:08.226+0900] {logging_mixin.py:151} INFO - 현재 페이지: 49
[2024-12-17T19:51:19.893+0900] {logging_mixin.py:151} INFO - 현재 페이지: 50
[2024-12-17T19:51:31.610+0900] {logging_mixin.py:151} INFO - 현재 페이지: 51
[2024-12-17T19:51:43.260+0900] {logging_mixin.py:151} INFO - 현재 페이지: 52
[2024-12-17T19:51:54.879+0900] {logging_mixin.py:151} INFO - 현재 페이지: 53
[2024-12-17T19:52:06.448+0900] {logging_mixin.py:151} INFO - 현재 페이지: 54
[2024-12-17T19:52:18.126+0900] {logging_mixin.py:151} INFO - 현재 페이지: 55
[2024-12-17T19:52:29.839+0900] {logging_mixin.py:151} INFO - 현재 페이지: 56
[2024-12-17T19:52:42.068+0900] {logging_mixin.py:151} INFO - 현재 페이지: 57
[2024-12-17T19:52:53.851+0900] {logging_mixin.py:151} INFO - 현재 페이지: 58
[2024-12-17T19:53:05.570+0900] {logging_mixin.py:151} INFO - 현재 페이지: 59
[2024-12-17T19:53:17.303+0900] {logging_mixin.py:151} INFO - 현재 페이지: 60
[2024-12-17T19:53:23.277+0900] {logging_mixin.py:151} INFO - '프론트엔드' 작업: 마지막 페이지 도달
[2024-12-17T19:53:23.489+0900] {logging_mixin.py:151} INFO - S3에 파일 업로드 완료: s3://t2jt/job/FE/sources/saramin/links/20241217.txt
[2024-12-17T19:53:23.619+0900] {logging_mixin.py:151} INFO - Process killed: {'name': 'chrome_crashpad', 'pid': 138}
[2024-12-17T19:53:23.620+0900] {logging_mixin.py:151} INFO - Process killed: {'name': 'chrome_crashpad', 'pid': 140}
[2024-12-17T19:53:23.620+0900] {logging_mixin.py:151} INFO - Process killed: {'name': 'chrome', 'pid': 145}
[2024-12-17T19:53:23.620+0900] {logging_mixin.py:151} INFO - Process killed: {'name': 'chrome', 'pid': 146}
[2024-12-17T19:53:23.620+0900] {logging_mixin.py:151} INFO - Process killed: {'name': 'chrome', 'pid': 165}
[2024-12-17T19:53:23.620+0900] {logging_mixin.py:151} INFO - Process killed: {'name': 'chrome', 'pid': 166}
[2024-12-17T19:53:23.620+0900] {logging_mixin.py:151} INFO - Process killed: {'name': 'chrome', 'pid': 167}
[2024-12-17T19:53:23.621+0900] {logging_mixin.py:151} INFO - Process killed: {'name': 'chrome', 'pid': 244}
[2024-12-17T19:53:23.621+0900] {logging_mixin.py:151} INFO - Process killed: {'name': 'chrome', 'pid': 334}
[2024-12-17T19:53:23.621+0900] {logging_mixin.py:151} INFO - Process killed: {'name': 'chrome', 'pid': 464}
[2024-12-17T19:53:23.621+0900] {logging_mixin.py:151} INFO - Process killed: {'name': 'chrome_crashpad', 'pid': 637}
[2024-12-17T19:53:23.621+0900] {logging_mixin.py:151} INFO - Process killed: {'name': 'chrome_crashpad', 'pid': 640}
[2024-12-17T19:53:23.621+0900] {logging_mixin.py:151} INFO - Process killed: {'name': 'chrome', 'pid': 643}
[2024-12-17T19:53:23.622+0900] {logging_mixin.py:151} INFO - Process killed: {'name': 'chrome', 'pid': 645}
[2024-12-17T19:53:23.622+0900] {logging_mixin.py:151} INFO - Process killed: {'name': 'chrome', 'pid': 665}
[2024-12-17T19:53:23.622+0900] {logging_mixin.py:151} INFO - Process killed: {'name': 'chrome', 'pid': 666}
[2024-12-17T19:53:23.622+0900] {logging_mixin.py:151} INFO - Process killed: {'name': 'chrome', 'pid': 667}
[2024-12-17T19:53:23.622+0900] {logging_mixin.py:151} INFO - Process killed: {'name': 'chrome', 'pid': 743}
[2024-12-17T19:53:23.622+0900] {logging_mixin.py:151} INFO - Process killed: {'name': 'chrome', 'pid': 848}
[2024-12-17T19:53:23.622+0900] {logging_mixin.py:151} INFO - Process killed: {'name': 'chrome', 'pid': 952}
[2024-12-17T19:53:23.623+0900] {logging_mixin.py:151} INFO - 키워드 '백엔드' 작업 시작
[2024-12-17T19:53:25.947+0900] {logging_mixin.py:151} INFO - 브라우저 강력 새로고침 (Ctrl + F5) 완료
[2024-12-17T19:53:30.803+0900] {logging_mixin.py:151} INFO - 캐시 무효화된 URL로 접근: https://www.saramin.co.kr/zf_user/?nocache=1734432808
[2024-12-17T19:53:44.342+0900] {logging_mixin.py:151} INFO - '백엔드' 검색 완료!
[2024-12-17T19:53:51.345+0900] {logging_mixin.py:151} INFO - 현재 페이지: 1
[2024-12-17T19:54:04.520+0900] {logging_mixin.py:151} INFO - 현재 페이지: 2
[2024-12-17T19:54:16.098+0900] {logging_mixin.py:151} INFO - 현재 페이지: 3
[2024-12-17T19:54:27.706+0900] {logging_mixin.py:151} INFO - 현재 페이지: 4
[2024-12-17T19:54:39.348+0900] {logging_mixin.py:151} INFO - 현재 페이지: 5
[2024-12-17T19:54:50.918+0900] {logging_mixin.py:151} INFO - 현재 페이지: 6
[2024-12-17T19:55:02.612+0900] {logging_mixin.py:151} INFO - 현재 페이지: 7
[2024-12-17T19:55:14.180+0900] {logging_mixin.py:151} INFO - 현재 페이지: 8
[2024-12-17T19:55:25.809+0900] {logging_mixin.py:151} INFO - 현재 페이지: 9
[2024-12-17T19:55:37.376+0900] {logging_mixin.py:151} INFO - 현재 페이지: 10
[2024-12-17T19:55:49.036+0900] {logging_mixin.py:151} INFO - 현재 페이지: 11
[2024-12-17T19:56:00.763+0900] {logging_mixin.py:151} INFO - 현재 페이지: 12
[2024-12-17T19:56:12.343+0900] {logging_mixin.py:151} INFO - 현재 페이지: 13
[2024-12-17T19:56:23.963+0900] {logging_mixin.py:151} INFO - 현재 페이지: 14
[2024-12-17T19:56:35.584+0900] {logging_mixin.py:151} INFO - 현재 페이지: 15
[2024-12-17T19:56:47.235+0900] {logging_mixin.py:151} INFO - 현재 페이지: 16
[2024-12-17T19:56:58.868+0900] {logging_mixin.py:151} INFO - 현재 페이지: 17
[2024-12-17T19:57:10.560+0900] {logging_mixin.py:151} INFO - 현재 페이지: 18
[2024-12-17T19:57:22.176+0900] {logging_mixin.py:151} INFO - 현재 페이지: 19
[2024-12-17T19:57:33.784+0900] {logging_mixin.py:151} INFO - 현재 페이지: 20
[2024-12-17T19:57:45.373+0900] {logging_mixin.py:151} INFO - 현재 페이지: 21
[2024-12-17T19:57:57.025+0900] {logging_mixin.py:151} INFO - 현재 페이지: 22
[2024-12-17T19:58:08.661+0900] {logging_mixin.py:151} INFO - 현재 페이지: 23
[2024-12-17T19:58:20.369+0900] {logging_mixin.py:151} INFO - 현재 페이지: 24
[2024-12-17T19:58:32.020+0900] {logging_mixin.py:151} INFO - 현재 페이지: 25
[2024-12-17T19:58:43.693+0900] {logging_mixin.py:151} INFO - 현재 페이지: 26
[2024-12-17T19:58:55.312+0900] {logging_mixin.py:151} INFO - 현재 페이지: 27
[2024-12-17T19:59:06.908+0900] {logging_mixin.py:151} INFO - 현재 페이지: 28
[2024-12-17T19:59:18.825+0900] {logging_mixin.py:151} INFO - 현재 페이지: 29
[2024-12-17T19:59:30.540+0900] {logging_mixin.py:151} INFO - 현재 페이지: 30
[2024-12-17T19:59:42.204+0900] {logging_mixin.py:151} INFO - 현재 페이지: 31
[2024-12-17T19:59:53.920+0900] {logging_mixin.py:151} INFO - 현재 페이지: 32
[2024-12-17T20:00:05.572+0900] {logging_mixin.py:151} INFO - 현재 페이지: 33
[2024-12-17T20:00:17.210+0900] {logging_mixin.py:151} INFO - 현재 페이지: 34
[2024-12-17T20:00:28.806+0900] {logging_mixin.py:151} INFO - 현재 페이지: 35
[2024-12-17T20:00:40.510+0900] {logging_mixin.py:151} INFO - 현재 페이지: 36
[2024-12-17T20:00:52.170+0900] {logging_mixin.py:151} INFO - 현재 페이지: 37
[2024-12-17T20:01:03.807+0900] {logging_mixin.py:151} INFO - 현재 페이지: 38
[2024-12-17T20:01:15.380+0900] {logging_mixin.py:151} INFO - 현재 페이지: 39
[2024-12-17T20:01:27.000+0900] {logging_mixin.py:151} INFO - 현재 페이지: 40
[2024-12-17T20:01:38.778+0900] {logging_mixin.py:151} INFO - 현재 페이지: 41
[2024-12-17T20:01:50.374+0900] {logging_mixin.py:151} INFO - 현재 페이지: 42
[2024-12-17T20:02:01.967+0900] {logging_mixin.py:151} INFO - 현재 페이지: 43
[2024-12-17T20:02:13.571+0900] {logging_mixin.py:151} INFO - 현재 페이지: 44
[2024-12-17T20:02:25.196+0900] {logging_mixin.py:151} INFO - 현재 페이지: 45
[2024-12-17T20:02:36.779+0900] {logging_mixin.py:151} INFO - 현재 페이지: 46
[2024-12-17T20:02:48.485+0900] {logging_mixin.py:151} INFO - 현재 페이지: 47
[2024-12-17T20:03:00.125+0900] {logging_mixin.py:151} INFO - 현재 페이지: 48
[2024-12-17T20:03:11.684+0900] {logging_mixin.py:151} INFO - 현재 페이지: 49
[2024-12-17T20:03:23.363+0900] {logging_mixin.py:151} INFO - 현재 페이지: 50
[2024-12-17T20:03:35.251+0900] {logging_mixin.py:151} INFO - 현재 페이지: 51
[2024-12-17T20:03:46.998+0900] {logging_mixin.py:151} INFO - 현재 페이지: 52
[2024-12-17T20:03:58.562+0900] {logging_mixin.py:151} INFO - 현재 페이지: 53
[2024-12-17T20:04:10.203+0900] {logging_mixin.py:151} INFO - 현재 페이지: 54
[2024-12-17T20:04:21.788+0900] {logging_mixin.py:151} INFO - 현재 페이지: 55
[2024-12-17T20:04:33.395+0900] {logging_mixin.py:151} INFO - 현재 페이지: 56
[2024-12-17T20:04:45.069+0900] {logging_mixin.py:151} INFO - 현재 페이지: 57
[2024-12-17T20:04:56.680+0900] {logging_mixin.py:151} INFO - 현재 페이지: 58
[2024-12-17T20:05:08.265+0900] {logging_mixin.py:151} INFO - 현재 페이지: 59
[2024-12-17T20:05:19.808+0900] {logging_mixin.py:151} INFO - 현재 페이지: 60
[2024-12-17T20:05:31.441+0900] {logging_mixin.py:151} INFO - 현재 페이지: 61
[2024-12-17T20:05:43.024+0900] {logging_mixin.py:151} INFO - 현재 페이지: 62
[2024-12-17T20:05:54.636+0900] {logging_mixin.py:151} INFO - 현재 페이지: 63
[2024-12-17T20:06:06.306+0900] {logging_mixin.py:151} INFO - 현재 페이지: 64
[2024-12-17T20:06:17.979+0900] {logging_mixin.py:151} INFO - 현재 페이지: 65
[2024-12-17T20:06:29.609+0900] {logging_mixin.py:151} INFO - 현재 페이지: 66
[2024-12-17T20:06:41.223+0900] {logging_mixin.py:151} INFO - 현재 페이지: 67
[2024-12-17T20:06:52.867+0900] {logging_mixin.py:151} INFO - 현재 페이지: 68
[2024-12-17T20:07:04.518+0900] {logging_mixin.py:151} INFO - 현재 페이지: 69
[2024-12-17T20:07:16.150+0900] {logging_mixin.py:151} INFO - 현재 페이지: 70
[2024-12-17T20:07:27.747+0900] {logging_mixin.py:151} INFO - 현재 페이지: 71
[2024-12-17T20:07:39.428+0900] {logging_mixin.py:151} INFO - 현재 페이지: 72
[2024-12-17T20:07:51.086+0900] {logging_mixin.py:151} INFO - 현재 페이지: 73
[2024-12-17T20:08:02.746+0900] {logging_mixin.py:151} INFO - 현재 페이지: 74
[2024-12-17T20:08:14.433+0900] {logging_mixin.py:151} INFO - 현재 페이지: 75
[2024-12-17T20:08:25.991+0900] {logging_mixin.py:151} INFO - 현재 페이지: 76
[2024-12-17T20:08:37.583+0900] {logging_mixin.py:151} INFO - 현재 페이지: 77
[2024-12-17T20:08:49.143+0900] {logging_mixin.py:151} INFO - 현재 페이지: 78
[2024-12-17T20:09:00.742+0900] {logging_mixin.py:151} INFO - 현재 페이지: 79
[2024-12-17T20:09:12.332+0900] {logging_mixin.py:151} INFO - 현재 페이지: 80
[2024-12-17T20:09:23.930+0900] {logging_mixin.py:151} INFO - 현재 페이지: 81
[2024-12-17T20:09:35.604+0900] {logging_mixin.py:151} INFO - 현재 페이지: 82
[2024-12-17T20:09:47.250+0900] {logging_mixin.py:151} INFO - 현재 페이지: 83
[2024-12-17T20:09:58.862+0900] {logging_mixin.py:151} INFO - 현재 페이지: 84
[2024-12-17T20:10:10.587+0900] {logging_mixin.py:151} INFO - 현재 페이지: 85
[2024-12-17T20:10:22.198+0900] {logging_mixin.py:151} INFO - 현재 페이지: 86
[2024-12-17T20:10:33.706+0900] {logging_mixin.py:151} INFO - 현재 페이지: 87
[2024-12-17T20:10:45.252+0900] {logging_mixin.py:151} INFO - 현재 페이지: 88
[2024-12-17T20:10:56.810+0900] {logging_mixin.py:151} INFO - 현재 페이지: 89
[2024-12-17T20:11:08.419+0900] {logging_mixin.py:151} INFO - 현재 페이지: 90
[2024-12-17T20:11:20.049+0900] {logging_mixin.py:151} INFO - 현재 페이지: 91
[2024-12-17T20:11:31.646+0900] {logging_mixin.py:151} INFO - 현재 페이지: 92
[2024-12-17T20:11:43.182+0900] {logging_mixin.py:151} INFO - 현재 페이지: 93
[2024-12-17T20:11:54.722+0900] {logging_mixin.py:151} INFO - 현재 페이지: 94
[2024-12-17T20:12:06.276+0900] {logging_mixin.py:151} INFO - 현재 페이지: 95
[2024-12-17T20:12:17.811+0900] {logging_mixin.py:151} INFO - 현재 페이지: 96
[2024-12-17T20:12:29.354+0900] {logging_mixin.py:151} INFO - 현재 페이지: 97
[2024-12-17T20:12:40.877+0900] {logging_mixin.py:151} INFO - 현재 페이지: 98
[2024-12-17T20:12:52.443+0900] {logging_mixin.py:151} INFO - 현재 페이지: 99
[2024-12-17T20:13:04.080+0900] {logging_mixin.py:151} INFO - 현재 페이지: 100
[2024-12-17T20:13:15.656+0900] {logging_mixin.py:151} INFO - 현재 페이지: 101
[2024-12-17T20:13:27.288+0900] {logging_mixin.py:151} INFO - 현재 페이지: 102
[2024-12-17T20:13:38.998+0900] {logging_mixin.py:151} INFO - 현재 페이지: 103
[2024-12-17T20:13:50.638+0900] {logging_mixin.py:151} INFO - 현재 페이지: 104
[2024-12-17T20:13:56.821+0900] {logging_mixin.py:151} INFO - '백엔드' 작업: 마지막 페이지 도달
[2024-12-17T20:13:57.061+0900] {logging_mixin.py:151} INFO - S3에 파일 업로드 완료: s3://t2jt/job/BE/sources/saramin/links/20241217.txt
[2024-12-17T20:13:57.139+0900] {logging_mixin.py:151} INFO - Process killed: {'name': 'chrome_crashpad', 'pid': 138}
[2024-12-17T20:13:57.139+0900] {logging_mixin.py:151} INFO - Process killed: {'name': 'chrome_crashpad', 'pid': 140}
[2024-12-17T20:13:57.140+0900] {logging_mixin.py:151} INFO - Process killed: {'name': 'chrome', 'pid': 145}
[2024-12-17T20:13:57.140+0900] {logging_mixin.py:151} INFO - Process killed: {'name': 'chrome', 'pid': 146}
[2024-12-17T20:13:57.140+0900] {logging_mixin.py:151} INFO - Process killed: {'name': 'chrome', 'pid': 165}
[2024-12-17T20:13:57.140+0900] {logging_mixin.py:151} INFO - Process killed: {'name': 'chrome', 'pid': 166}
[2024-12-17T20:13:57.141+0900] {logging_mixin.py:151} INFO - Process killed: {'name': 'chrome', 'pid': 167}
[2024-12-17T20:13:57.141+0900] {logging_mixin.py:151} INFO - Process killed: {'name': 'chrome', 'pid': 244}
[2024-12-17T20:13:57.141+0900] {logging_mixin.py:151} INFO - Process killed: {'name': 'chrome', 'pid': 334}
[2024-12-17T20:13:57.142+0900] {logging_mixin.py:151} INFO - Process killed: {'name': 'chrome', 'pid': 464}
[2024-12-17T20:13:57.142+0900] {logging_mixin.py:151} INFO - Process killed: {'name': 'chrome_crashpad', 'pid': 637}
[2024-12-17T20:13:57.142+0900] {logging_mixin.py:151} INFO - Process killed: {'name': 'chrome_crashpad', 'pid': 640}
[2024-12-17T20:13:57.142+0900] {logging_mixin.py:151} INFO - Process killed: {'name': 'chrome', 'pid': 643}
[2024-12-17T20:13:57.142+0900] {logging_mixin.py:151} INFO - Process killed: {'name': 'chrome', 'pid': 645}
[2024-12-17T20:13:57.143+0900] {logging_mixin.py:151} INFO - Process killed: {'name': 'chrome', 'pid': 665}
[2024-12-17T20:13:57.143+0900] {logging_mixin.py:151} INFO - Process killed: {'name': 'chrome', 'pid': 666}
[2024-12-17T20:13:57.143+0900] {logging_mixin.py:151} INFO - Process killed: {'name': 'chrome', 'pid': 667}
[2024-12-17T20:13:57.143+0900] {logging_mixin.py:151} INFO - Process killed: {'name': 'chrome', 'pid': 743}
[2024-12-17T20:13:57.143+0900] {logging_mixin.py:151} INFO - Process killed: {'name': 'chrome', 'pid': 848}
[2024-12-17T20:13:57.143+0900] {logging_mixin.py:151} INFO - Process killed: {'name': 'chrome', 'pid': 952}
[2024-12-17T20:13:57.144+0900] {logging_mixin.py:151} INFO - Process killed: {'name': 'chrome_crashpad', 'pid': 1163}
[2024-12-17T20:13:57.144+0900] {logging_mixin.py:151} INFO - Process killed: {'name': 'chrome_crashpad', 'pid': 1165}
[2024-12-17T20:13:57.144+0900] {logging_mixin.py:151} INFO - Process killed: {'name': 'chrome', 'pid': 1170}
[2024-12-17T20:13:57.144+0900] {logging_mixin.py:151} INFO - Process killed: {'name': 'chrome', 'pid': 1171}
[2024-12-17T20:13:57.144+0900] {logging_mixin.py:151} INFO - Process killed: {'name': 'chrome', 'pid': 1193}
[2024-12-17T20:13:57.144+0900] {logging_mixin.py:151} INFO - Process killed: {'name': 'chrome', 'pid': 1194}
[2024-12-17T20:13:57.144+0900] {logging_mixin.py:151} INFO - Process killed: {'name': 'chrome', 'pid': 1195}
[2024-12-17T20:13:57.145+0900] {logging_mixin.py:151} INFO - Process killed: {'name': 'chrome', 'pid': 1269}
[2024-12-17T20:13:57.145+0900] {logging_mixin.py:151} INFO - Process killed: {'name': 'chrome', 'pid': 1374}
[2024-12-17T20:13:57.145+0900] {logging_mixin.py:151} INFO - Process killed: {'name': 'chrome', 'pid': 1472}
[2024-12-17T20:13:57.145+0900] {logging_mixin.py:151} INFO - 키워드 '데이터 분석가' 작업 시작
[2024-12-17T20:13:59.523+0900] {logging_mixin.py:151} INFO - 브라우저 강력 새로고침 (Ctrl + F5) 완료
[2024-12-17T20:14:04.402+0900] {logging_mixin.py:151} INFO - 캐시 무효화된 URL로 접근: https://www.saramin.co.kr/zf_user/?nocache=1734434042
[2024-12-17T20:14:17.785+0900] {logging_mixin.py:151} INFO - '데이터 분석가' 검색 완료!
[2024-12-17T20:14:24.793+0900] {logging_mixin.py:151} INFO - 현재 페이지: 1
[2024-12-17T20:14:38.040+0900] {logging_mixin.py:151} INFO - 현재 페이지: 2
[2024-12-17T20:14:49.718+0900] {logging_mixin.py:151} INFO - 현재 페이지: 3
[2024-12-17T20:15:01.321+0900] {logging_mixin.py:151} INFO - 현재 페이지: 4
[2024-12-17T20:15:12.890+0900] {logging_mixin.py:151} INFO - 현재 페이지: 5
[2024-12-17T20:15:24.441+0900] {logging_mixin.py:151} INFO - 현재 페이지: 6
[2024-12-17T20:15:35.967+0900] {logging_mixin.py:151} INFO - 현재 페이지: 7
[2024-12-17T20:15:47.567+0900] {logging_mixin.py:151} INFO - 현재 페이지: 8
[2024-12-17T20:15:59.163+0900] {logging_mixin.py:151} INFO - 현재 페이지: 9
[2024-12-17T20:16:10.690+0900] {logging_mixin.py:151} INFO - 현재 페이지: 10
[2024-12-17T20:16:22.271+0900] {logging_mixin.py:151} INFO - 현재 페이지: 11
[2024-12-17T20:16:33.846+0900] {logging_mixin.py:151} INFO - 현재 페이지: 12
[2024-12-17T20:16:45.400+0900] {logging_mixin.py:151} INFO - 현재 페이지: 13
[2024-12-17T20:16:57.001+0900] {logging_mixin.py:151} INFO - 현재 페이지: 14
[2024-12-17T20:17:08.566+0900] {logging_mixin.py:151} INFO - 현재 페이지: 15
[2024-12-17T20:17:20.135+0900] {logging_mixin.py:151} INFO - 현재 페이지: 16
[2024-12-17T20:17:31.709+0900] {logging_mixin.py:151} INFO - 현재 페이지: 17
[2024-12-17T20:17:43.346+0900] {logging_mixin.py:151} INFO - 현재 페이지: 18
[2024-12-17T20:17:54.915+0900] {logging_mixin.py:151} INFO - 현재 페이지: 19
[2024-12-17T20:18:06.463+0900] {logging_mixin.py:151} INFO - 현재 페이지: 20
[2024-12-17T20:18:18.030+0900] {logging_mixin.py:151} INFO - 현재 페이지: 21
[2024-12-17T20:18:29.631+0900] {logging_mixin.py:151} INFO - 현재 페이지: 22
[2024-12-17T20:18:41.231+0900] {logging_mixin.py:151} INFO - 현재 페이지: 23
[2024-12-17T20:18:52.846+0900] {logging_mixin.py:151} INFO - 현재 페이지: 24
[2024-12-17T20:19:04.533+0900] {logging_mixin.py:151} INFO - 현재 페이지: 25
[2024-12-17T20:19:16.089+0900] {logging_mixin.py:151} INFO - 현재 페이지: 26
[2024-12-17T20:19:27.679+0900] {logging_mixin.py:151} INFO - 현재 페이지: 27
[2024-12-17T20:19:39.194+0900] {logging_mixin.py:151} INFO - 현재 페이지: 28
[2024-12-17T20:19:50.758+0900] {logging_mixin.py:151} INFO - 현재 페이지: 29
[2024-12-17T20:20:02.343+0900] {logging_mixin.py:151} INFO - 현재 페이지: 30
[2024-12-17T20:20:14.249+0900] {logging_mixin.py:151} INFO - 현재 페이지: 31
[2024-12-17T20:20:25.888+0900] {logging_mixin.py:151} INFO - 현재 페이지: 32
[2024-12-17T20:20:37.470+0900] {logging_mixin.py:151} INFO - 현재 페이지: 33
[2024-12-17T20:20:49.090+0900] {logging_mixin.py:151} INFO - 현재 페이지: 34
[2024-12-17T20:21:00.686+0900] {logging_mixin.py:151} INFO - 현재 페이지: 35
[2024-12-17T20:21:12.279+0900] {logging_mixin.py:151} INFO - 현재 페이지: 36
[2024-12-17T20:21:23.906+0900] {logging_mixin.py:151} INFO - 현재 페이지: 37
[2024-12-17T20:21:35.481+0900] {logging_mixin.py:151} INFO - 현재 페이지: 38
[2024-12-17T20:21:47.035+0900] {logging_mixin.py:151} INFO - 현재 페이지: 39
[2024-12-17T20:21:58.650+0900] {logging_mixin.py:151} INFO - 현재 페이지: 40
[2024-12-17T20:22:10.204+0900] {logging_mixin.py:151} INFO - 현재 페이지: 41
[2024-12-17T20:22:21.772+0900] {logging_mixin.py:151} INFO - 현재 페이지: 42
[2024-12-17T20:22:33.355+0900] {logging_mixin.py:151} INFO - 현재 페이지: 43
[2024-12-17T20:22:44.900+0900] {logging_mixin.py:151} INFO - 현재 페이지: 44
[2024-12-17T20:22:56.517+0900] {logging_mixin.py:151} INFO - 현재 페이지: 45
[2024-12-17T20:23:08.114+0900] {logging_mixin.py:151} INFO - 현재 페이지: 46
[2024-12-17T20:23:19.703+0900] {logging_mixin.py:151} INFO - 현재 페이지: 47
[2024-12-17T20:23:31.264+0900] {logging_mixin.py:151} INFO - 현재 페이지: 48
[2024-12-17T20:23:42.818+0900] {logging_mixin.py:151} INFO - 현재 페이지: 49
[2024-12-17T20:23:54.510+0900] {logging_mixin.py:151} INFO - 현재 페이지: 50
[2024-12-17T20:24:06.132+0900] {logging_mixin.py:151} INFO - 현재 페이지: 51
[2024-12-17T20:24:17.689+0900] {logging_mixin.py:151} INFO - 현재 페이지: 52
[2024-12-17T20:24:29.302+0900] {logging_mixin.py:151} INFO - 현재 페이지: 53
[2024-12-17T20:24:40.831+0900] {logging_mixin.py:151} INFO - 현재 페이지: 54
[2024-12-17T20:24:52.429+0900] {logging_mixin.py:151} INFO - 현재 페이지: 55
[2024-12-17T20:25:04.031+0900] {logging_mixin.py:151} INFO - 현재 페이지: 56
[2024-12-17T20:25:15.605+0900] {logging_mixin.py:151} INFO - 현재 페이지: 57
[2024-12-17T20:25:27.156+0900] {logging_mixin.py:151} INFO - 현재 페이지: 58
[2024-12-17T20:25:38.778+0900] {logging_mixin.py:151} INFO - 현재 페이지: 59
[2024-12-17T20:25:50.424+0900] {logging_mixin.py:151} INFO - 현재 페이지: 60
[2024-12-17T20:26:01.996+0900] {logging_mixin.py:151} INFO - 현재 페이지: 61
[2024-12-17T20:26:13.600+0900] {logging_mixin.py:151} INFO - 현재 페이지: 62
[2024-12-17T20:26:25.394+0900] {logging_mixin.py:151} INFO - 현재 페이지: 63
[2024-12-17T20:26:36.980+0900] {logging_mixin.py:151} INFO - 현재 페이지: 64
[2024-12-17T20:26:48.588+0900] {logging_mixin.py:151} INFO - 현재 페이지: 65
[2024-12-17T20:27:00.202+0900] {logging_mixin.py:151} INFO - 현재 페이지: 66
[2024-12-17T20:27:11.765+0900] {logging_mixin.py:151} INFO - 현재 페이지: 67
[2024-12-17T20:27:23.406+0900] {logging_mixin.py:151} INFO - 현재 페이지: 68
[2024-12-17T20:27:35.047+0900] {logging_mixin.py:151} INFO - 현재 페이지: 69
[2024-12-17T20:27:46.644+0900] {logging_mixin.py:151} INFO - 현재 페이지: 70
[2024-12-17T20:27:58.241+0900] {logging_mixin.py:151} INFO - 현재 페이지: 71
[2024-12-17T20:28:09.837+0900] {logging_mixin.py:151} INFO - 현재 페이지: 72
[2024-12-17T20:28:21.459+0900] {logging_mixin.py:151} INFO - 현재 페이지: 73
[2024-12-17T20:28:33.055+0900] {logging_mixin.py:151} INFO - 현재 페이지: 74
[2024-12-17T20:28:44.676+0900] {logging_mixin.py:151} INFO - 현재 페이지: 75
[2024-12-17T20:28:56.277+0900] {logging_mixin.py:151} INFO - 현재 페이지: 76
[2024-12-17T20:29:07.850+0900] {logging_mixin.py:151} INFO - 현재 페이지: 77
[2024-12-17T20:29:19.444+0900] {logging_mixin.py:151} INFO - 현재 페이지: 78
[2024-12-17T20:29:31.070+0900] {logging_mixin.py:151} INFO - 현재 페이지: 79
[2024-12-17T20:29:42.871+0900] {logging_mixin.py:151} INFO - 현재 페이지: 80
[2024-12-17T20:29:54.532+0900] {logging_mixin.py:151} INFO - 현재 페이지: 81
[2024-12-17T20:30:06.083+0900] {logging_mixin.py:151} INFO - 현재 페이지: 82
[2024-12-17T20:30:17.612+0900] {logging_mixin.py:151} INFO - 현재 페이지: 83
[2024-12-17T20:30:29.261+0900] {logging_mixin.py:151} INFO - 현재 페이지: 84
[2024-12-17T20:30:40.951+0900] {logging_mixin.py:151} INFO - 현재 페이지: 85
[2024-12-17T20:30:52.613+0900] {logging_mixin.py:151} INFO - 현재 페이지: 86
[2024-12-17T20:31:04.383+0900] {logging_mixin.py:151} INFO - 현재 페이지: 87
[2024-12-17T20:31:16.136+0900] {logging_mixin.py:151} INFO - 현재 페이지: 88
[2024-12-17T20:31:27.761+0900] {logging_mixin.py:151} INFO - 현재 페이지: 89
[2024-12-17T20:31:39.346+0900] {logging_mixin.py:151} INFO - 현재 페이지: 90
[2024-12-17T20:31:50.963+0900] {logging_mixin.py:151} INFO - 현재 페이지: 91
[2024-12-17T20:32:02.539+0900] {logging_mixin.py:151} INFO - 현재 페이지: 92
[2024-12-17T20:32:14.070+0900] {logging_mixin.py:151} INFO - 현재 페이지: 93
[2024-12-17T20:32:25.677+0900] {logging_mixin.py:151} INFO - 현재 페이지: 94
[2024-12-17T20:32:37.276+0900] {logging_mixin.py:151} INFO - 현재 페이지: 95
[2024-12-17T20:32:48.843+0900] {logging_mixin.py:151} INFO - 현재 페이지: 96
[2024-12-17T20:33:00.417+0900] {logging_mixin.py:151} INFO - 현재 페이지: 97
[2024-12-17T20:33:12.010+0900] {logging_mixin.py:151} INFO - 현재 페이지: 98
[2024-12-17T20:33:23.591+0900] {logging_mixin.py:151} INFO - 현재 페이지: 99
[2024-12-17T20:33:35.210+0900] {logging_mixin.py:151} INFO - 현재 페이지: 100
[2024-12-17T20:33:46.771+0900] {logging_mixin.py:151} INFO - 현재 페이지: 101
[2024-12-17T20:33:58.351+0900] {logging_mixin.py:151} INFO - 현재 페이지: 102
[2024-12-17T20:34:09.969+0900] {logging_mixin.py:151} INFO - 현재 페이지: 103
[2024-12-17T20:34:21.568+0900] {logging_mixin.py:151} INFO - 현재 페이지: 104
[2024-12-17T20:34:33.159+0900] {logging_mixin.py:151} INFO - 현재 페이지: 105
[2024-12-17T20:34:44.780+0900] {logging_mixin.py:151} INFO - 현재 페이지: 106
[2024-12-17T20:34:56.410+0900] {logging_mixin.py:151} INFO - 현재 페이지: 107
[2024-12-17T20:35:08.041+0900] {logging_mixin.py:151} INFO - 현재 페이지: 108
[2024-12-17T20:35:19.650+0900] {logging_mixin.py:151} INFO - 현재 페이지: 109
[2024-12-17T20:35:31.239+0900] {logging_mixin.py:151} INFO - 현재 페이지: 110
[2024-12-17T20:35:42.823+0900] {logging_mixin.py:151} INFO - 현재 페이지: 111
[2024-12-17T20:35:54.489+0900] {logging_mixin.py:151} INFO - 현재 페이지: 112
[2024-12-17T20:36:06.105+0900] {logging_mixin.py:151} INFO - 현재 페이지: 113
[2024-12-17T20:36:17.887+0900] {logging_mixin.py:151} INFO - 현재 페이지: 114
[2024-12-17T20:36:29.521+0900] {logging_mixin.py:151} INFO - 현재 페이지: 115
[2024-12-17T20:36:41.420+0900] {logging_mixin.py:151} INFO - 현재 페이지: 116
[2024-12-17T20:36:53.370+0900] {logging_mixin.py:151} INFO - 현재 페이지: 117
[2024-12-17T20:37:05.078+0900] {logging_mixin.py:151} INFO - 현재 페이지: 118
[2024-12-17T20:37:17.109+0900] {logging_mixin.py:151} INFO - 현재 페이지: 119
[2024-12-17T20:37:29.108+0900] {logging_mixin.py:151} INFO - 현재 페이지: 120
[2024-12-17T20:37:40.787+0900] {logging_mixin.py:151} INFO - 현재 페이지: 121
[2024-12-17T20:37:52.513+0900] {logging_mixin.py:151} INFO - 현재 페이지: 122
[2024-12-17T20:38:04.197+0900] {logging_mixin.py:151} INFO - 현재 페이지: 123
[2024-12-17T20:38:16.097+0900] {logging_mixin.py:151} INFO - 현재 페이지: 124
[2024-12-17T20:38:27.916+0900] {logging_mixin.py:151} INFO - 현재 페이지: 125
[2024-12-17T20:38:39.633+0900] {logging_mixin.py:151} INFO - 현재 페이지: 126
[2024-12-17T20:38:51.299+0900] {logging_mixin.py:151} INFO - 현재 페이지: 127
[2024-12-17T20:39:02.932+0900] {logging_mixin.py:151} INFO - 현재 페이지: 128
[2024-12-17T20:39:14.580+0900] {logging_mixin.py:151} INFO - 현재 페이지: 129
[2024-12-17T20:39:26.214+0900] {logging_mixin.py:151} INFO - 현재 페이지: 130
[2024-12-17T20:39:37.807+0900] {logging_mixin.py:151} INFO - 현재 페이지: 131
[2024-12-17T20:39:49.439+0900] {logging_mixin.py:151} INFO - 현재 페이지: 132
[2024-12-17T20:40:01.098+0900] {logging_mixin.py:151} INFO - 현재 페이지: 133
[2024-12-17T20:40:12.851+0900] {logging_mixin.py:151} INFO - 현재 페이지: 134
[2024-12-17T20:40:24.523+0900] {logging_mixin.py:151} INFO - 현재 페이지: 135
[2024-12-17T20:40:36.156+0900] {logging_mixin.py:151} INFO - 현재 페이지: 136
[2024-12-17T20:40:47.807+0900] {logging_mixin.py:151} INFO - 현재 페이지: 137
[2024-12-17T20:40:59.442+0900] {logging_mixin.py:151} INFO - 현재 페이지: 138
[2024-12-17T20:41:11.112+0900] {logging_mixin.py:151} INFO - 현재 페이지: 139
[2024-12-17T20:41:22.760+0900] {logging_mixin.py:151} INFO - 현재 페이지: 140
[2024-12-17T20:41:34.427+0900] {logging_mixin.py:151} INFO - 현재 페이지: 141
[2024-12-17T20:41:46.090+0900] {logging_mixin.py:151} INFO - 현재 페이지: 142
[2024-12-17T20:41:57.769+0900] {logging_mixin.py:151} INFO - 현재 페이지: 143
[2024-12-17T20:42:09.410+0900] {logging_mixin.py:151} INFO - 현재 페이지: 144
[2024-12-17T20:42:21.004+0900] {logging_mixin.py:151} INFO - 현재 페이지: 145
[2024-12-17T20:42:32.642+0900] {logging_mixin.py:151} INFO - 현재 페이지: 146
[2024-12-17T20:42:44.374+0900] {logging_mixin.py:151} INFO - 현재 페이지: 147
[2024-12-17T20:42:56.083+0900] {logging_mixin.py:151} INFO - 현재 페이지: 148
[2024-12-17T20:43:08.056+0900] {logging_mixin.py:151} INFO - 현재 페이지: 149
[2024-12-17T20:43:19.864+0900] {logging_mixin.py:151} INFO - 현재 페이지: 150
[2024-12-17T20:43:31.419+0900] {logging_mixin.py:151} INFO - 현재 페이지: 151
[2024-12-17T20:43:43.188+0900] {logging_mixin.py:151} INFO - 현재 페이지: 152
[2024-12-17T20:43:54.953+0900] {logging_mixin.py:151} INFO - 현재 페이지: 153
[2024-12-17T20:44:06.503+0900] {logging_mixin.py:151} INFO - 현재 페이지: 154
[2024-12-17T20:44:18.200+0900] {logging_mixin.py:151} INFO - 현재 페이지: 155
[2024-12-17T20:44:29.839+0900] {logging_mixin.py:151} INFO - 현재 페이지: 156
[2024-12-17T20:44:41.420+0900] {logging_mixin.py:151} INFO - 현재 페이지: 157
[2024-12-17T20:44:52.977+0900] {logging_mixin.py:151} INFO - 현재 페이지: 158
[2024-12-17T20:45:04.887+0900] {logging_mixin.py:151} INFO - 현재 페이지: 159
[2024-12-17T20:45:16.504+0900] {logging_mixin.py:151} INFO - 현재 페이지: 160
[2024-12-17T20:45:28.077+0900] {logging_mixin.py:151} INFO - 현재 페이지: 161
[2024-12-17T20:45:39.620+0900] {logging_mixin.py:151} INFO - 현재 페이지: 162
[2024-12-17T20:45:45.508+0900] {logging_mixin.py:151} INFO - '데이터 분석가' 작업: 마지막 페이지 도달
[2024-12-17T20:45:45.761+0900] {logging_mixin.py:151} INFO - S3에 파일 업로드 완료: s3://t2jt/job/DA/sources/saramin/links/20241217.txt
[2024-12-17T20:45:45.838+0900] {logging_mixin.py:151} INFO - Process killed: {'name': 'chrome_crashpad', 'pid': 138}
[2024-12-17T20:45:45.838+0900] {logging_mixin.py:151} INFO - Process killed: {'name': 'chrome_crashpad', 'pid': 140}
[2024-12-17T20:45:45.839+0900] {logging_mixin.py:151} INFO - Process killed: {'name': 'chrome', 'pid': 145}
[2024-12-17T20:45:45.839+0900] {logging_mixin.py:151} INFO - Process killed: {'name': 'chrome', 'pid': 146}
[2024-12-17T20:45:45.839+0900] {logging_mixin.py:151} INFO - Process killed: {'name': 'chrome', 'pid': 165}
[2024-12-17T20:45:45.839+0900] {logging_mixin.py:151} INFO - Process killed: {'name': 'chrome', 'pid': 166}
[2024-12-17T20:45:45.839+0900] {logging_mixin.py:151} INFO - Process killed: {'name': 'chrome', 'pid': 167}
[2024-12-17T20:45:45.840+0900] {logging_mixin.py:151} INFO - Process killed: {'name': 'chrome', 'pid': 244}
[2024-12-17T20:45:45.840+0900] {logging_mixin.py:151} INFO - Process killed: {'name': 'chrome', 'pid': 334}
[2024-12-17T20:45:45.840+0900] {logging_mixin.py:151} INFO - Process killed: {'name': 'chrome', 'pid': 464}
[2024-12-17T20:45:45.840+0900] {logging_mixin.py:151} INFO - Process killed: {'name': 'chrome_crashpad', 'pid': 637}
[2024-12-17T20:45:45.841+0900] {logging_mixin.py:151} INFO - Process killed: {'name': 'chrome_crashpad', 'pid': 640}
[2024-12-17T20:45:45.841+0900] {logging_mixin.py:151} INFO - Process killed: {'name': 'chrome', 'pid': 643}
[2024-12-17T20:45:45.841+0900] {logging_mixin.py:151} INFO - Process killed: {'name': 'chrome', 'pid': 645}
[2024-12-17T20:45:45.841+0900] {logging_mixin.py:151} INFO - Process killed: {'name': 'chrome', 'pid': 665}
[2024-12-17T20:45:45.841+0900] {logging_mixin.py:151} INFO - Process killed: {'name': 'chrome', 'pid': 666}
[2024-12-17T20:45:45.841+0900] {logging_mixin.py:151} INFO - Process killed: {'name': 'chrome', 'pid': 667}
[2024-12-17T20:45:45.841+0900] {logging_mixin.py:151} INFO - Process killed: {'name': 'chrome', 'pid': 743}
[2024-12-17T20:45:45.842+0900] {logging_mixin.py:151} INFO - Process killed: {'name': 'chrome', 'pid': 848}
[2024-12-17T20:45:45.842+0900] {logging_mixin.py:151} INFO - Process killed: {'name': 'chrome', 'pid': 952}
[2024-12-17T20:45:45.842+0900] {logging_mixin.py:151} INFO - Process killed: {'name': 'chrome_crashpad', 'pid': 1163}
[2024-12-17T20:45:45.842+0900] {logging_mixin.py:151} INFO - Process killed: {'name': 'chrome_crashpad', 'pid': 1165}
[2024-12-17T20:45:45.843+0900] {logging_mixin.py:151} INFO - Process killed: {'name': 'chrome', 'pid': 1170}
[2024-12-17T20:45:45.843+0900] {logging_mixin.py:151} INFO - Process killed: {'name': 'chrome', 'pid': 1171}
[2024-12-17T20:45:45.843+0900] {logging_mixin.py:151} INFO - Process killed: {'name': 'chrome', 'pid': 1193}
[2024-12-17T20:45:45.843+0900] {logging_mixin.py:151} INFO - Process killed: {'name': 'chrome', 'pid': 1194}
[2024-12-17T20:45:45.843+0900] {logging_mixin.py:151} INFO - Process killed: {'name': 'chrome', 'pid': 1195}
[2024-12-17T20:45:45.844+0900] {logging_mixin.py:151} INFO - Process killed: {'name': 'chrome', 'pid': 1269}
[2024-12-17T20:45:45.844+0900] {logging_mixin.py:151} INFO - Process killed: {'name': 'chrome', 'pid': 1374}
[2024-12-17T20:45:45.844+0900] {logging_mixin.py:151} INFO - Process killed: {'name': 'chrome', 'pid': 1472}
[2024-12-17T20:45:45.844+0900] {logging_mixin.py:151} INFO - Process killed: {'name': 'chrome_crashpad', 'pid': 1774}
[2024-12-17T20:45:45.845+0900] {logging_mixin.py:151} INFO - Process killed: {'name': 'chrome_crashpad', 'pid': 1776}
[2024-12-17T20:45:45.845+0900] {logging_mixin.py:151} INFO - Process killed: {'name': 'chrome', 'pid': 1780}
[2024-12-17T20:45:45.845+0900] {logging_mixin.py:151} INFO - Process killed: {'name': 'chrome', 'pid': 1782}
[2024-12-17T20:45:45.845+0900] {logging_mixin.py:151} INFO - Process killed: {'name': 'chrome', 'pid': 1802}
[2024-12-17T20:45:45.845+0900] {logging_mixin.py:151} INFO - Process killed: {'name': 'chrome', 'pid': 1803}
[2024-12-17T20:45:45.846+0900] {logging_mixin.py:151} INFO - Process killed: {'name': 'chrome', 'pid': 1804}
[2024-12-17T20:45:45.846+0900] {logging_mixin.py:151} INFO - Process killed: {'name': 'chrome', 'pid': 1844}
[2024-12-17T20:45:45.846+0900] {logging_mixin.py:151} INFO - Process killed: {'name': 'chrome', 'pid': 1981}
[2024-12-17T20:45:45.846+0900] {logging_mixin.py:151} INFO - Process killed: {'name': 'chrome', 'pid': 2082}
[2024-12-17T20:45:45.846+0900] {logging_mixin.py:151} INFO - 키워드 '머신러닝 엔지니어' 작업 시작
[2024-12-17T20:45:48.344+0900] {logging_mixin.py:151} INFO - 브라우저 강력 새로고침 (Ctrl + F5) 완료
[2024-12-17T20:45:53.000+0900] {logging_mixin.py:151} INFO - 캐시 무효화된 URL로 접근: https://www.saramin.co.kr/zf_user/?nocache=1734435951
[2024-12-17T20:46:06.094+0900] {logging_mixin.py:151} INFO - '머신러닝 엔지니어' 검색 완료!
[2024-12-17T20:46:13.104+0900] {logging_mixin.py:151} INFO - 현재 페이지: 1
[2024-12-17T20:46:26.373+0900] {logging_mixin.py:151} INFO - 현재 페이지: 2
[2024-12-17T20:46:38.020+0900] {logging_mixin.py:151} INFO - 현재 페이지: 3
[2024-12-17T20:46:49.639+0900] {logging_mixin.py:151} INFO - 현재 페이지: 4
[2024-12-17T20:47:01.197+0900] {logging_mixin.py:151} INFO - 현재 페이지: 5
[2024-12-17T20:47:12.725+0900] {logging_mixin.py:151} INFO - 현재 페이지: 6
[2024-12-17T20:47:24.170+0900] {logging_mixin.py:151} INFO - 현재 페이지: 7
[2024-12-17T20:47:35.613+0900] {logging_mixin.py:151} INFO - 현재 페이지: 8
[2024-12-17T20:47:47.089+0900] {logging_mixin.py:151} INFO - 현재 페이지: 9
[2024-12-17T20:47:58.518+0900] {logging_mixin.py:151} INFO - 현재 페이지: 10
[2024-12-17T20:48:10.260+0900] {logging_mixin.py:151} INFO - 현재 페이지: 11
[2024-12-17T20:48:21.922+0900] {logging_mixin.py:151} INFO - 현재 페이지: 12
[2024-12-17T20:48:33.538+0900] {logging_mixin.py:151} INFO - 현재 페이지: 13
[2024-12-17T20:48:45.218+0900] {logging_mixin.py:151} INFO - 현재 페이지: 14
[2024-12-17T20:48:56.780+0900] {logging_mixin.py:151} INFO - 현재 페이지: 15
[2024-12-17T20:49:02.478+0900] {logging_mixin.py:151} INFO - '머신러닝 엔지니어' 작업: 마지막 페이지 도달
[2024-12-17T20:49:02.682+0900] {logging_mixin.py:151} INFO - S3에 파일 업로드 완료: s3://t2jt/job/MLE/sources/saramin/links/20241217.txt
[2024-12-17T20:49:02.758+0900] {logging_mixin.py:151} INFO - Process killed: {'name': 'chrome_crashpad', 'pid': 138}
[2024-12-17T20:49:02.759+0900] {logging_mixin.py:151} INFO - Process killed: {'name': 'chrome_crashpad', 'pid': 140}
[2024-12-17T20:49:02.759+0900] {logging_mixin.py:151} INFO - Process killed: {'name': 'chrome', 'pid': 145}
[2024-12-17T20:49:02.759+0900] {logging_mixin.py:151} INFO - Process killed: {'name': 'chrome', 'pid': 146}
[2024-12-17T20:49:02.759+0900] {logging_mixin.py:151} INFO - Process killed: {'name': 'chrome', 'pid': 165}
[2024-12-17T20:49:02.760+0900] {logging_mixin.py:151} INFO - Process killed: {'name': 'chrome', 'pid': 166}
[2024-12-17T20:49:02.760+0900] {logging_mixin.py:151} INFO - Process killed: {'name': 'chrome', 'pid': 167}
[2024-12-17T20:49:02.760+0900] {logging_mixin.py:151} INFO - Process killed: {'name': 'chrome', 'pid': 244}
[2024-12-17T20:49:02.760+0900] {logging_mixin.py:151} INFO - Process killed: {'name': 'chrome', 'pid': 334}
[2024-12-17T20:49:02.760+0900] {logging_mixin.py:151} INFO - Process killed: {'name': 'chrome', 'pid': 464}
[2024-12-17T20:49:02.761+0900] {logging_mixin.py:151} INFO - Process killed: {'name': 'chrome_crashpad', 'pid': 637}
[2024-12-17T20:49:02.761+0900] {logging_mixin.py:151} INFO - Process killed: {'name': 'chrome_crashpad', 'pid': 640}
[2024-12-17T20:49:02.761+0900] {logging_mixin.py:151} INFO - Process killed: {'name': 'chrome', 'pid': 643}
[2024-12-17T20:49:02.761+0900] {logging_mixin.py:151} INFO - Process killed: {'name': 'chrome', 'pid': 645}
[2024-12-17T20:49:02.761+0900] {logging_mixin.py:151} INFO - Process killed: {'name': 'chrome', 'pid': 665}
[2024-12-17T20:49:02.761+0900] {logging_mixin.py:151} INFO - Process killed: {'name': 'chrome', 'pid': 666}
[2024-12-17T20:49:02.762+0900] {logging_mixin.py:151} INFO - Process killed: {'name': 'chrome', 'pid': 667}
[2024-12-17T20:49:02.762+0900] {logging_mixin.py:151} INFO - Process killed: {'name': 'chrome', 'pid': 743}
[2024-12-17T20:49:02.762+0900] {logging_mixin.py:151} INFO - Process killed: {'name': 'chrome', 'pid': 848}
[2024-12-17T20:49:02.762+0900] {logging_mixin.py:151} INFO - Process killed: {'name': 'chrome', 'pid': 952}
[2024-12-17T20:49:02.762+0900] {logging_mixin.py:151} INFO - Process killed: {'name': 'chrome_crashpad', 'pid': 1163}
[2024-12-17T20:49:02.763+0900] {logging_mixin.py:151} INFO - Process killed: {'name': 'chrome_crashpad', 'pid': 1165}
[2024-12-17T20:49:02.763+0900] {logging_mixin.py:151} INFO - Process killed: {'name': 'chrome', 'pid': 1170}
[2024-12-17T20:49:02.763+0900] {logging_mixin.py:151} INFO - Process killed: {'name': 'chrome', 'pid': 1171}
[2024-12-17T20:49:02.763+0900] {logging_mixin.py:151} INFO - Process killed: {'name': 'chrome', 'pid': 1193}
[2024-12-17T20:49:02.763+0900] {logging_mixin.py:151} INFO - Process killed: {'name': 'chrome', 'pid': 1194}
[2024-12-17T20:49:02.763+0900] {logging_mixin.py:151} INFO - Process killed: {'name': 'chrome', 'pid': 1195}
[2024-12-17T20:49:02.763+0900] {logging_mixin.py:151} INFO - Process killed: {'name': 'chrome', 'pid': 1269}
[2024-12-17T20:49:02.763+0900] {logging_mixin.py:151} INFO - Process killed: {'name': 'chrome', 'pid': 1374}
[2024-12-17T20:49:02.764+0900] {logging_mixin.py:151} INFO - Process killed: {'name': 'chrome', 'pid': 1472}
[2024-12-17T20:49:02.764+0900] {logging_mixin.py:151} INFO - Process killed: {'name': 'chrome_crashpad', 'pid': 1774}
[2024-12-17T20:49:02.764+0900] {logging_mixin.py:151} INFO - Process killed: {'name': 'chrome_crashpad', 'pid': 1776}
[2024-12-17T20:49:02.764+0900] {logging_mixin.py:151} INFO - Process killed: {'name': 'chrome', 'pid': 1780}
[2024-12-17T20:49:02.764+0900] {logging_mixin.py:151} INFO - Process killed: {'name': 'chrome', 'pid': 1782}
[2024-12-17T20:49:02.764+0900] {logging_mixin.py:151} INFO - Process killed: {'name': 'chrome', 'pid': 1802}
[2024-12-17T20:49:02.765+0900] {logging_mixin.py:151} INFO - Process killed: {'name': 'chrome', 'pid': 1803}
[2024-12-17T20:49:02.765+0900] {logging_mixin.py:151} INFO - Process killed: {'name': 'chrome', 'pid': 1804}
[2024-12-17T20:49:02.765+0900] {logging_mixin.py:151} INFO - Process killed: {'name': 'chrome', 'pid': 1844}
[2024-12-17T20:49:02.765+0900] {logging_mixin.py:151} INFO - Process killed: {'name': 'chrome', 'pid': 1981}
[2024-12-17T20:49:02.766+0900] {logging_mixin.py:151} INFO - Process killed: {'name': 'chrome', 'pid': 2082}
[2024-12-17T20:49:02.766+0900] {logging_mixin.py:151} INFO - Process killed: {'name': 'chrome_crashpad', 'pid': 2514}
[2024-12-17T20:49:02.766+0900] {logging_mixin.py:151} INFO - Process killed: {'name': 'chrome', 'pid': 2516}
[2024-12-17T20:49:02.767+0900] {logging_mixin.py:151} INFO - Process killed: {'name': 'chrome_crashpad', 'pid': 2518}
[2024-12-17T20:49:02.767+0900] {logging_mixin.py:151} INFO - Process killed: {'name': 'chrome', 'pid': 2519}
[2024-12-17T20:49:02.767+0900] {logging_mixin.py:151} INFO - Process killed: {'name': 'chrome', 'pid': 2542}
[2024-12-17T20:49:02.767+0900] {logging_mixin.py:151} INFO - Process killed: {'name': 'chrome', 'pid': 2543}
[2024-12-17T20:49:02.767+0900] {logging_mixin.py:151} INFO - Process killed: {'name': 'chrome', 'pid': 2544}
[2024-12-17T20:49:02.767+0900] {logging_mixin.py:151} INFO - Process killed: {'name': 'chrome', 'pid': 2620}
[2024-12-17T20:49:02.768+0900] {logging_mixin.py:151} INFO - Process killed: {'name': 'chrome', 'pid': 2727}
[2024-12-17T20:49:02.768+0900] {logging_mixin.py:151} INFO - Process killed: {'name': 'chrome', 'pid': 2842}
[2024-12-17T20:49:02.770+0900] {logging_mixin.py:151} INFO - 사람인 종료 시간: 2024-12-17 20:49:02
[2024-12-17T20:49:07.776+0900] {logging_mixin.py:151} INFO - 원티드 시작 시간: 2024-12-17 20:49:07
[2024-12-17T20:49:07.777+0900] {logger.py:11} INFO - ====== WebDriver manager ======
[2024-12-17T20:49:07.844+0900] {logger.py:11} INFO - Get LATEST chromedriver version for google-chrome
[2024-12-17T20:49:07.916+0900] {logger.py:11} INFO - Get LATEST chromedriver version for google-chrome
[2024-12-17T20:49:07.989+0900] {logger.py:11} INFO - There is no [linux64] chromedriver "131.0.6778.108" for browser google-chrome "131.0.6778" in cache
[2024-12-17T20:49:07.989+0900] {logger.py:11} INFO - Get LATEST chromedriver version for google-chrome
[2024-12-17T20:49:12.146+0900] {logger.py:11} INFO - WebDriver version 131.0.6778.108 selected
[2024-12-17T20:49:12.151+0900] {logger.py:11} INFO - Modern chrome version https://storage.googleapis.com/chrome-for-testing-public/131.0.6778.108/linux64/chromedriver-linux64.zip
[2024-12-17T20:49:12.152+0900] {logger.py:11} INFO - About to download new driver from https://storage.googleapis.com/chrome-for-testing-public/131.0.6778.108/linux64/chromedriver-linux64.zip
[2024-12-17T20:49:12.268+0900] {logger.py:11} INFO - Driver downloading response is 200
[2024-12-17T20:49:12.470+0900] {logger.py:11} INFO - Get LATEST chromedriver version for google-chrome
[2024-12-17T20:49:12.664+0900] {logger.py:11} INFO - Driver has been saved in cache [/home/***/.wdm/drivers/chromedriver/linux64/131.0.6778.108]
[2024-12-17T20:49:12.956+0900] {logging_mixin.py:151} INFO - 원티드 종료 시간: 2024-12-17 20:49:12
[2024-12-17T20:49:12.956+0900] {python.py:194} INFO - Done. Returned value was: None
[2024-12-17T20:49:12.965+0900] {taskinstance.py:1398} INFO - Marking task as SUCCESS. dag_id=dag_crawling_to_db, task_id=link_crawl, execution_date=20241216T000000, start_date=20241217T103050, end_date=20241217T114912
[2024-12-17T20:49:12.998+0900] {local_task_job_runner.py:228} INFO - Task exited with return code 0
[2024-12-17T20:49:13.015+0900] {taskinstance.py:2776} INFO - 0 downstream tasks scheduled from follow-on schedule check
