[2024-12-19T11:51:05.799+0900] {taskinstance.py:1157} INFO - Dependencies all met for dep_context=non-requeueable deps ti=<TaskInstance: dag_crawling_to_db.link_crawl manual__2024-12-19T01:26:08+00:00 [queued]>
[2024-12-19T11:51:05.807+0900] {taskinstance.py:1157} INFO - Dependencies all met for dep_context=requeueable deps ti=<TaskInstance: dag_crawling_to_db.link_crawl manual__2024-12-19T01:26:08+00:00 [queued]>
[2024-12-19T11:51:05.807+0900] {taskinstance.py:1359} INFO - Starting attempt 2 of 3
[2024-12-19T11:51:05.820+0900] {taskinstance.py:1380} INFO - Executing <Task(PythonOperator): link_crawl> on 2024-12-19 01:26:08+00:00
[2024-12-19T11:51:05.824+0900] {standard_task_runner.py:57} INFO - Started process 4149 to run task
[2024-12-19T11:51:05.827+0900] {standard_task_runner.py:84} INFO - Running: ['***', 'tasks', 'run', 'dag_crawling_to_db', 'link_crawl', 'manual__2024-12-19T01:26:08+00:00', '--job-id', '4', '--raw', '--subdir', 'DAGS_FOLDER/dag_crawling_to_db.py', '--cfg-path', '/tmp/tmp7zbmcbis']
[2024-12-19T11:51:05.831+0900] {standard_task_runner.py:85} INFO - Job 4: Subtask link_crawl
[2024-12-19T11:51:05.873+0900] {task_command.py:415} INFO - Running <TaskInstance: dag_crawling_to_db.link_crawl manual__2024-12-19T01:26:08+00:00 [running]> on host cc3dd9b0c2e4
[2024-12-19T11:51:05.948+0900] {taskinstance.py:1660} INFO - Exporting env vars: AIRFLOW_CTX_DAG_OWNER='***' AIRFLOW_CTX_DAG_ID='dag_crawling_to_db' AIRFLOW_CTX_TASK_ID='link_crawl' AIRFLOW_CTX_EXECUTION_DATE='2024-12-19T01:26:08+00:00' AIRFLOW_CTX_TRY_NUMBER='2' AIRFLOW_CTX_DAG_RUN_ID='manual__2024-12-19T01:26:08+00:00'
[2024-12-19T11:51:05.949+0900] {logging_mixin.py:151} INFO - 인크루트 시작 시간: 2024-12-19 11:51:05
[2024-12-19T11:51:07.114+0900] {logger.py:11} INFO - ====== WebDriver manager ======
[2024-12-19T11:51:07.187+0900] {logger.py:11} INFO - Get LATEST chromedriver version for google-chrome
[2024-12-19T11:51:07.391+0900] {logger.py:11} INFO - Get LATEST chromedriver version for google-chrome
[2024-12-19T11:51:07.548+0900] {logger.py:11} INFO - Driver [/home/***/.wdm/drivers/chromedriver/linux64/131.0.6778.204/chromedriver-linux64/chromedriver] found in cache
[2024-12-19T11:51:07.793+0900] {taskinstance.py:1935} ERROR - Task failed with exception
Traceback (most recent call last):
  File "/home/airflow/.local/lib/python3.10/site-packages/airflow/operators/python.py", line 192, in execute
    return_value = self.execute_callable()
  File "/home/airflow/.local/lib/python3.10/site-packages/airflow/operators/python.py", line 209, in execute_callable
    return self.python_callable(*self.op_args, **self.op_kwargs)
  File "/code/plugins/post_crawling.py", line 1910, in main
    print(f"점핏 종료 시간: {datetime.now().strftime('%Y-%m-%d %H:%M:%S')}")
  File "/code/plugins/post_crawling.py", line 145, in incruit_crawling
    urls_to_crawl = list(links_with_ddays.keys())
  File "/home/airflow/.local/lib/python3.10/site-packages/selenium/webdriver/chrome/webdriver.py", line 45, in __init__
    super().__init__(
  File "/home/airflow/.local/lib/python3.10/site-packages/selenium/webdriver/chromium/webdriver.py", line 66, in __init__
    super().__init__(command_executor=executor, options=options)
  File "/home/airflow/.local/lib/python3.10/site-packages/selenium/webdriver/remote/webdriver.py", line 241, in __init__
    self.start_session(capabilities)
  File "/home/airflow/.local/lib/python3.10/site-packages/selenium/webdriver/remote/webdriver.py", line 329, in start_session
    response = self.execute(Command.NEW_SESSION, caps)["value"]
  File "/home/airflow/.local/lib/python3.10/site-packages/selenium/webdriver/remote/webdriver.py", line 384, in execute
    self.error_handler.check_response(response)
  File "/home/airflow/.local/lib/python3.10/site-packages/selenium/webdriver/remote/errorhandler.py", line 232, in check_response
    raise exception_class(message, screen, stacktrace)
selenium.common.exceptions.SessionNotCreatedException: Message: session not created: Chrome failed to start: exited normally.
  (session not created: DevToolsActivePort file doesn't exist)
  (The process started from chrome location /opt/google/chrome/chrome is no longer running, so ChromeDriver is assuming that Chrome has crashed.)
Stacktrace:
#0 0x55d45fabd8fa <unknown>
#1 0x55d45f5ced20 <unknown>
#2 0x55d45f606438 <unknown>
#3 0x55d45f601f96 <unknown>
#4 0x55d45f64dd86 <unknown>
#5 0x55d45f64d3d6 <unknown>
#6 0x55d45f641893 <unknown>
#7 0x55d45f61030d <unknown>
#8 0x55d45f61132e <unknown>
#9 0x55d45fa8a00b <unknown>
#10 0x55d45fa8df97 <unknown>
#11 0x55d45fa7671c <unknown>
#12 0x55d45fa8eb17 <unknown>
#13 0x55d45fa5b6cf <unknown>
#14 0x55d45faac6b8 <unknown>
#15 0x55d45faac880 <unknown>
#16 0x55d45fabc776 <unknown>
#17 0x7f6ac3409ea7 start_thread

[2024-12-19T11:51:07.806+0900] {taskinstance.py:1398} INFO - Marking task as UP_FOR_RETRY. dag_id=dag_crawling_to_db, task_id=link_crawl, execution_date=20241219T012608, start_date=20241219T025105, end_date=20241219T025107
[2024-12-19T11:51:07.822+0900] {standard_task_runner.py:104} ERROR - Failed to execute job 4 for task link_crawl (Message: session not created: Chrome failed to start: exited normally.
  (session not created: DevToolsActivePort file doesn't exist)
  (The process started from chrome location /opt/google/chrome/chrome is no longer running, so ChromeDriver is assuming that Chrome has crashed.)
Stacktrace:
#0 0x55d45fabd8fa <unknown>
#1 0x55d45f5ced20 <unknown>
#2 0x55d45f606438 <unknown>
#3 0x55d45f601f96 <unknown>
#4 0x55d45f64dd86 <unknown>
#5 0x55d45f64d3d6 <unknown>
#6 0x55d45f641893 <unknown>
#7 0x55d45f61030d <unknown>
#8 0x55d45f61132e <unknown>
#9 0x55d45fa8a00b <unknown>
#10 0x55d45fa8df97 <unknown>
#11 0x55d45fa7671c <unknown>
#12 0x55d45fa8eb17 <unknown>
#13 0x55d45fa5b6cf <unknown>
#14 0x55d45faac6b8 <unknown>
#15 0x55d45faac880 <unknown>
#16 0x55d45fabc776 <unknown>
#17 0x7f6ac3409ea7 start_thread
; 4149)
[2024-12-19T11:51:07.851+0900] {local_task_job_runner.py:228} INFO - Task exited with return code 1
[2024-12-19T11:51:07.873+0900] {taskinstance.py:2776} INFO - 0 downstream tasks scheduled from follow-on schedule check
