[2024-12-19T16:32:56.476+0900] {taskinstance.py:1157} INFO - Dependencies all met for dep_context=non-requeueable deps ti=<TaskInstance: dag_crawling_to_db.post_crawl manual__2024-12-19T07:31:22+00:00 [queued]>
[2024-12-19T16:32:56.488+0900] {taskinstance.py:1157} INFO - Dependencies all met for dep_context=requeueable deps ti=<TaskInstance: dag_crawling_to_db.post_crawl manual__2024-12-19T07:31:22+00:00 [queued]>
[2024-12-19T16:32:56.489+0900] {taskinstance.py:1359} INFO - Starting attempt 1 of 2
[2024-12-19T16:32:56.506+0900] {taskinstance.py:1380} INFO - Executing <Task(PythonOperator): post_crawl> on 2024-12-19 07:31:22+00:00
[2024-12-19T16:32:56.511+0900] {standard_task_runner.py:57} INFO - Started process 135 to run task
[2024-12-19T16:32:56.514+0900] {standard_task_runner.py:84} INFO - Running: ['***', 'tasks', 'run', 'dag_crawling_to_db', 'post_crawl', 'manual__2024-12-19T07:31:22+00:00', '--job-id', '4', '--raw', '--subdir', 'DAGS_FOLDER/dag_crawling_to_db.py', '--cfg-path', '/tmp/tmpqflnn4qj']
[2024-12-19T16:32:56.518+0900] {standard_task_runner.py:85} INFO - Job 4: Subtask post_crawl
[2024-12-19T16:32:56.562+0900] {task_command.py:415} INFO - Running <TaskInstance: dag_crawling_to_db.post_crawl manual__2024-12-19T07:31:22+00:00 [running]> on host a9ed85e14fa9
[2024-12-19T16:32:56.635+0900] {taskinstance.py:1660} INFO - Exporting env vars: AIRFLOW_CTX_DAG_OWNER='***' AIRFLOW_CTX_DAG_ID='dag_crawling_to_db' AIRFLOW_CTX_TASK_ID='post_crawl' AIRFLOW_CTX_EXECUTION_DATE='2024-12-19T07:31:22+00:00' AIRFLOW_CTX_TRY_NUMBER='1' AIRFLOW_CTX_DAG_RUN_ID='manual__2024-12-19T07:31:22+00:00'
[2024-12-19T16:32:56.636+0900] {logging_mixin.py:151} INFO - 점핏 시작 시간: 2024-12-19 16:32:56
[2024-12-19T16:32:56.636+0900] {logging_mixin.py:151} INFO - 점핏 종료 시간: 2024-12-19 16:32:56
[2024-12-19T16:33:06.644+0900] {logging_mixin.py:151} INFO - 원티드 시작 시간: 2024-12-19 16:33:06
[2024-12-19T16:33:06.660+0900] {credentials.py:1254} INFO - Found credentials in shared credentials file: /code/.aws/credentials
[2024-12-19T16:33:07.007+0900] {logger.py:11} INFO - ====== WebDriver manager ======
[2024-12-19T16:33:07.203+0900] {logger.py:11} INFO - Get LATEST chromedriver version for google-chrome
[2024-12-19T16:33:07.303+0900] {logger.py:11} INFO - Get LATEST chromedriver version for google-chrome
[2024-12-19T16:33:07.370+0900] {logger.py:11} INFO - There is no [linux64] chromedriver "131.0.6778.204" for browser google-chrome "131.0.6778" in cache
[2024-12-19T16:33:07.370+0900] {logger.py:11} INFO - Get LATEST chromedriver version for google-chrome
[2024-12-19T16:33:07.530+0900] {logger.py:11} INFO - WebDriver version 131.0.6778.204 selected
[2024-12-19T16:33:07.536+0900] {logger.py:11} INFO - Modern chrome version https://storage.googleapis.com/chrome-for-testing-public/131.0.6778.204/linux64/chromedriver-linux64.zip
[2024-12-19T16:33:07.538+0900] {logger.py:11} INFO - About to download new driver from https://storage.googleapis.com/chrome-for-testing-public/131.0.6778.204/linux64/chromedriver-linux64.zip
[2024-12-19T16:33:07.711+0900] {logger.py:11} INFO - Driver downloading response is 200
[2024-12-19T16:33:08.112+0900] {logger.py:11} INFO - Get LATEST chromedriver version for google-chrome
[2024-12-19T16:33:08.323+0900] {logger.py:11} INFO - Driver has been saved in cache [/home/***/.wdm/drivers/chromedriver/linux64/131.0.6778.204]
[2024-12-19T16:33:09.191+0900] {logging_mixin.py:151} INFO - 원티드 종료 시간: 2024-12-19 16:33:09
[2024-12-19T16:33:09.191+0900] {logging_mixin.py:151} INFO - 인크루트 시작 시간: 2024-12-19 16:33:09
[2024-12-19T16:33:09.867+0900] {logger.py:11} INFO - ====== WebDriver manager ======
[2024-12-19T16:33:09.977+0900] {logger.py:11} INFO - Get LATEST chromedriver version for google-chrome
[2024-12-19T16:33:10.062+0900] {logger.py:11} INFO - Get LATEST chromedriver version for google-chrome
[2024-12-19T16:33:10.133+0900] {logger.py:11} INFO - Driver [/home/***/.wdm/drivers/chromedriver/linux64/131.0.6778.204/chromedriver-linux64/chromedriver] found in cache
[2024-12-19T16:33:10.629+0900] {logging_mixin.py:151} INFO - 인크루트 종료 시간: 2024-12-19 16:33:10
[2024-12-19T16:33:20.639+0900] {logging_mixin.py:151} INFO - 로켓펀치 시작 시간: 2024-12-19 16:33:20
[2024-12-19T16:33:20.734+0900] {logger.py:11} INFO - ====== WebDriver manager ======
[2024-12-19T16:33:20.819+0900] {logger.py:11} INFO - Get LATEST chromedriver version for google-chrome
[2024-12-19T16:33:20.891+0900] {logger.py:11} INFO - Get LATEST chromedriver version for google-chrome
[2024-12-19T16:33:20.962+0900] {logger.py:11} INFO - Driver [/home/***/.wdm/drivers/chromedriver/linux64/131.0.6778.204/chromedriver-linux64/chromedriver] found in cache
[2024-12-19T16:33:21.369+0900] {logging_mixin.py:151} INFO - 로켓펀치 종료 시간: 2024-12-19 16:33:21
[2024-12-19T16:33:31.378+0900] {logging_mixin.py:151} INFO - 잡코리아 시작 시간: 2024-12-19 16:33:31
[2024-12-19T16:33:31.487+0900] {taskinstance.py:1935} ERROR - Task failed with exception
Traceback (most recent call last):
  File "/home/airflow/.local/lib/python3.10/site-packages/airflow/operators/python.py", line 192, in execute
    return_value = self.execute_callable()
  File "/home/airflow/.local/lib/python3.10/site-packages/airflow/operators/python.py", line 209, in execute_callable
    return self.python_callable(*self.op_args, **self.op_kwargs)
  File "/code/plugins/post_crawling.py", line 1942, in post_main
    jobkorea_crawling()
  File "/code/plugins/post_crawling.py", line 1148, in jobkorea_crawling
    db = pymysql.connect(
TypeError: Connection.__init__() got an unexpected keyword argument 'post'
[2024-12-19T16:33:31.496+0900] {taskinstance.py:1398} INFO - Marking task as UP_FOR_RETRY. dag_id=dag_crawling_to_db, task_id=post_crawl, execution_date=20241219T073122, start_date=20241219T073256, end_date=20241219T073331
[2024-12-19T16:33:31.526+0900] {standard_task_runner.py:104} ERROR - Failed to execute job 4 for task post_crawl (Connection.__init__() got an unexpected keyword argument 'post'; 135)
[2024-12-19T16:33:31.564+0900] {local_task_job_runner.py:228} INFO - Task exited with return code 1
[2024-12-19T16:33:31.590+0900] {taskinstance.py:2776} INFO - 0 downstream tasks scheduled from follow-on schedule check
