2024-12-28 02:16:46,420 - INFO - 인크루트 링크 크롤링 실행: 2024-12-28 02:16:46
2024-12-28 02:16:46,420 - INFO - 인크루트 링크 크롤링 종료: 2024-12-28 02:16:46
2024-12-28 02:16:51,423 - INFO - 잡코리아 링크 크롤링 실행: 2024-12-28 02:16:51
2024-12-28 02:16:51,423 - INFO - 잡코리아 링크 크롤링 종료: 2024-12-28 02:16:51
2024-12-28 02:16:56,428 - INFO - 점핏 링크 크롤링 실행: 2024-12-28 02:16:56
2024-12-28 02:16:56,429 - INFO - 점핏 링크 크롤링 종료: 2024-12-28 02:16:56
2024-12-28 02:17:01,435 - INFO - 로켓펀치 링크 크롤링 실행: 2024-12-28 02:17:01
2024-12-28 02:17:01,435 - INFO - 로켓펀치 링크 크롤링 종료: 2024-12-28 02:17:01
2024-12-28 02:17:06,442 - INFO - 사람인 링크 크롤링 실행: 2024-12-28 02:17:06
2024-12-28 02:17:06,443 - INFO - 사람인 링크 크롤링 시작
2024-12-28 02:17:06,469 - INFO - Found credentials in shared credentials file: /code/.aws/credentials
2024-12-28 02:33:49,740 - INFO - 인크루트 링크 크롤링 실행: 2024-12-28 02:33:49
2024-12-28 02:33:49,740 - INFO - 인크루트 링크 크롤링 시작
2024-12-28 02:39:03,950 - INFO - 인크루트 링크 크롤링 완료
2024-12-28 02:39:03,953 - INFO - 인크루트 링크 크롤링 종료: 2024-12-28 02:39:03
2024-12-28 02:39:08,959 - INFO - 잡코리아 링크 크롤링 실행: 2024-12-28 02:39:08
2024-12-28 02:39:08,959 - INFO - 잡코리아 링크 크롤링 시작
2024-12-28 02:39:08,984 - INFO - Found credentials in shared credentials file: /code/.aws/credentials
2024-12-28 02:39:09,354 - INFO - ====== WebDriver manager ======
2024-12-28 02:39:09,922 - INFO - Get LATEST chromedriver version for google-chrome
2024-12-28 02:39:09,947 - INFO - Get LATEST chromedriver version for google-chrome
2024-12-28 02:39:09,974 - INFO - There is no [linux64] chromedriver "131.0.6778.204" for browser google-chrome "131.0.6778" in cache
2024-12-28 02:39:09,974 - INFO - Get LATEST chromedriver version for google-chrome
2024-12-28 02:39:10,038 - INFO - WebDriver version 131.0.6778.204 selected
2024-12-28 02:39:10,041 - INFO - Modern chrome version https://storage.googleapis.com/chrome-for-testing-public/131.0.6778.204/linux64/chromedriver-linux64.zip
2024-12-28 02:39:10,042 - INFO - About to download new driver from https://storage.googleapis.com/chrome-for-testing-public/131.0.6778.204/linux64/chromedriver-linux64.zip
2024-12-28 02:39:10,098 - INFO - Driver downloading response is 200
2024-12-28 02:39:10,155 - INFO - Get LATEST chromedriver version for google-chrome
2024-12-28 02:39:10,331 - INFO - Driver has been saved in cache [/root/.wdm/drivers/chromedriver/linux64/131.0.6778.204]
2024-12-28 03:25:21,362 - INFO - 잡코리아 링크 크롤링 완료
2024-12-28 03:25:21,365 - INFO - 잡코리아 링크 크롤링 종료: 2024-12-28 03:25:21
2024-12-28 03:25:26,371 - INFO - 점핏 링크 크롤링 실행: 2024-12-28 03:25:26
2024-12-28 03:25:26,371 - INFO - 점핏 링크 크롤링 시작
2024-12-28 03:25:26,371 - INFO - ====== WebDriver manager ======
2024-12-28 03:25:26,489 - INFO - Get LATEST chromedriver version for google-chrome
2024-12-28 03:25:26,510 - INFO - Get LATEST chromedriver version for google-chrome
2024-12-28 03:25:26,539 - INFO - Driver [/root/.wdm/drivers/chromedriver/linux64/131.0.6778.204/chromedriver-linux64/chromedriver] found in cache
2024-12-28 03:28:16,594 - INFO - 점핏 링크 크롤링 완료
2024-12-28 03:28:16,594 - INFO - 점핏 링크 크롤링 종료: 2024-12-28 03:28:16
2024-12-28 03:28:21,599 - INFO - 로켓펀치 링크 크롤링 실행: 2024-12-28 03:28:21
2024-12-28 03:28:21,599 - INFO - 로켓펀치 링크 크롤링 시작
2024-12-28 03:28:21,600 - INFO - ====== WebDriver manager ======
2024-12-28 03:28:21,713 - INFO - Get LATEST chromedriver version for google-chrome
2024-12-28 03:28:21,734 - INFO - Get LATEST chromedriver version for google-chrome
2024-12-28 03:28:21,752 - INFO - Driver [/root/.wdm/drivers/chromedriver/linux64/131.0.6778.204/chromedriver-linux64/chromedriver] found in cache
2024-12-28 03:28:49,979 - INFO - ====== WebDriver manager ======
2024-12-28 03:28:50,102 - INFO - Get LATEST chromedriver version for google-chrome
2024-12-28 03:28:50,122 - INFO - Get LATEST chromedriver version for google-chrome
2024-12-28 03:28:50,140 - INFO - Driver [/root/.wdm/drivers/chromedriver/linux64/131.0.6778.204/chromedriver-linux64/chromedriver] found in cache
2024-12-28 03:28:59,341 - INFO - ====== WebDriver manager ======
2024-12-28 03:28:59,493 - INFO - Get LATEST chromedriver version for google-chrome
2024-12-28 03:28:59,517 - INFO - Get LATEST chromedriver version for google-chrome
2024-12-28 03:28:59,537 - INFO - Driver [/root/.wdm/drivers/chromedriver/linux64/131.0.6778.204/chromedriver-linux64/chromedriver] found in cache
2024-12-28 03:29:09,740 - INFO - ====== WebDriver manager ======
2024-12-28 03:29:09,857 - INFO - Get LATEST chromedriver version for google-chrome
2024-12-28 03:29:09,878 - INFO - Get LATEST chromedriver version for google-chrome
2024-12-28 03:29:09,896 - INFO - Driver [/root/.wdm/drivers/chromedriver/linux64/131.0.6778.204/chromedriver-linux64/chromedriver] found in cache
2024-12-28 03:29:17,263 - INFO - ====== WebDriver manager ======
2024-12-28 03:29:17,368 - INFO - Get LATEST chromedriver version for google-chrome
2024-12-28 03:29:17,392 - INFO - Get LATEST chromedriver version for google-chrome
2024-12-28 03:29:17,415 - INFO - Driver [/root/.wdm/drivers/chromedriver/linux64/131.0.6778.204/chromedriver-linux64/chromedriver] found in cache
2024-12-28 03:29:25,210 - INFO - ====== WebDriver manager ======
2024-12-28 03:29:25,325 - INFO - Get LATEST chromedriver version for google-chrome
2024-12-28 03:29:25,343 - INFO - Get LATEST chromedriver version for google-chrome
2024-12-28 03:29:25,361 - INFO - Driver [/root/.wdm/drivers/chromedriver/linux64/131.0.6778.204/chromedriver-linux64/chromedriver] found in cache
2024-12-28 03:29:32,652 - INFO - ====== WebDriver manager ======
2024-12-28 03:29:32,769 - INFO - Get LATEST chromedriver version for google-chrome
2024-12-28 03:29:32,788 - INFO - Get LATEST chromedriver version for google-chrome
2024-12-28 03:29:32,813 - INFO - Driver [/root/.wdm/drivers/chromedriver/linux64/131.0.6778.204/chromedriver-linux64/chromedriver] found in cache
2024-12-28 03:29:40,032 - INFO - ====== WebDriver manager ======
2024-12-28 03:29:40,158 - INFO - Get LATEST chromedriver version for google-chrome
2024-12-28 03:29:40,183 - INFO - Get LATEST chromedriver version for google-chrome
2024-12-28 03:29:40,204 - INFO - Driver [/root/.wdm/drivers/chromedriver/linux64/131.0.6778.204/chromedriver-linux64/chromedriver] found in cache
2024-12-28 03:29:47,134 - INFO - ====== WebDriver manager ======
2024-12-28 03:29:47,256 - INFO - Get LATEST chromedriver version for google-chrome
2024-12-28 03:29:47,284 - INFO - Get LATEST chromedriver version for google-chrome
2024-12-28 03:29:47,304 - INFO - Driver [/root/.wdm/drivers/chromedriver/linux64/131.0.6778.204/chromedriver-linux64/chromedriver] found in cache
2024-12-28 03:30:14,487 - INFO - ====== WebDriver manager ======
2024-12-28 03:30:14,598 - INFO - Get LATEST chromedriver version for google-chrome
2024-12-28 03:30:14,618 - INFO - Get LATEST chromedriver version for google-chrome
2024-12-28 03:30:14,637 - INFO - Driver [/root/.wdm/drivers/chromedriver/linux64/131.0.6778.204/chromedriver-linux64/chromedriver] found in cache
2024-12-28 03:30:24,500 - INFO - ====== WebDriver manager ======
2024-12-28 03:30:24,614 - INFO - Get LATEST chromedriver version for google-chrome
2024-12-28 03:30:24,638 - INFO - Get LATEST chromedriver version for google-chrome
2024-12-28 03:30:24,660 - INFO - Driver [/root/.wdm/drivers/chromedriver/linux64/131.0.6778.204/chromedriver-linux64/chromedriver] found in cache
2024-12-28 03:30:32,183 - INFO - ====== WebDriver manager ======
2024-12-28 03:30:32,315 - INFO - Get LATEST chromedriver version for google-chrome
2024-12-28 03:30:32,337 - INFO - Get LATEST chromedriver version for google-chrome
2024-12-28 03:30:32,356 - INFO - Driver [/root/.wdm/drivers/chromedriver/linux64/131.0.6778.204/chromedriver-linux64/chromedriver] found in cache
2024-12-28 03:30:40,981 - INFO - ====== WebDriver manager ======
2024-12-28 03:30:41,078 - INFO - Get LATEST chromedriver version for google-chrome
2024-12-28 03:30:41,097 - INFO - Get LATEST chromedriver version for google-chrome
2024-12-28 03:30:41,116 - INFO - Driver [/root/.wdm/drivers/chromedriver/linux64/131.0.6778.204/chromedriver-linux64/chromedriver] found in cache
2024-12-28 03:30:48,313 - INFO - ====== WebDriver manager ======
2024-12-28 03:30:48,421 - INFO - Get LATEST chromedriver version for google-chrome
2024-12-28 03:30:48,442 - INFO - Get LATEST chromedriver version for google-chrome
2024-12-28 03:30:48,465 - INFO - Driver [/root/.wdm/drivers/chromedriver/linux64/131.0.6778.204/chromedriver-linux64/chromedriver] found in cache
2024-12-28 03:30:56,997 - INFO - ====== WebDriver manager ======
2024-12-28 03:30:57,111 - INFO - Get LATEST chromedriver version for google-chrome
2024-12-28 03:30:57,128 - INFO - Get LATEST chromedriver version for google-chrome
2024-12-28 03:30:57,146 - INFO - Driver [/root/.wdm/drivers/chromedriver/linux64/131.0.6778.204/chromedriver-linux64/chromedriver] found in cache
2024-12-28 03:31:04,485 - INFO - ====== WebDriver manager ======
2024-12-28 03:31:04,616 - INFO - Get LATEST chromedriver version for google-chrome
2024-12-28 03:31:04,638 - INFO - Get LATEST chromedriver version for google-chrome
2024-12-28 03:31:04,656 - INFO - Driver [/root/.wdm/drivers/chromedriver/linux64/131.0.6778.204/chromedriver-linux64/chromedriver] found in cache
2024-12-28 03:31:10,668 - INFO - ====== WebDriver manager ======
2024-12-28 03:31:10,783 - INFO - Get LATEST chromedriver version for google-chrome
2024-12-28 03:31:10,807 - INFO - Get LATEST chromedriver version for google-chrome
2024-12-28 03:31:10,830 - INFO - Driver [/root/.wdm/drivers/chromedriver/linux64/131.0.6778.204/chromedriver-linux64/chromedriver] found in cache
2024-12-28 03:31:30,585 - INFO - ====== WebDriver manager ======
2024-12-28 03:31:30,703 - INFO - Get LATEST chromedriver version for google-chrome
2024-12-28 03:31:30,724 - INFO - Get LATEST chromedriver version for google-chrome
2024-12-28 03:31:30,746 - INFO - Driver [/root/.wdm/drivers/chromedriver/linux64/131.0.6778.204/chromedriver-linux64/chromedriver] found in cache
2024-12-28 03:31:38,595 - INFO - ====== WebDriver manager ======
2024-12-28 03:31:38,696 - INFO - Get LATEST chromedriver version for google-chrome
2024-12-28 03:31:38,714 - INFO - Get LATEST chromedriver version for google-chrome
2024-12-28 03:31:38,733 - INFO - Driver [/root/.wdm/drivers/chromedriver/linux64/131.0.6778.204/chromedriver-linux64/chromedriver] found in cache
2024-12-28 03:31:45,591 - INFO - ====== WebDriver manager ======
2024-12-28 03:31:45,716 - INFO - Get LATEST chromedriver version for google-chrome
2024-12-28 03:31:45,738 - INFO - Get LATEST chromedriver version for google-chrome
2024-12-28 03:31:45,761 - INFO - Driver [/root/.wdm/drivers/chromedriver/linux64/131.0.6778.204/chromedriver-linux64/chromedriver] found in cache
2024-12-28 03:31:52,536 - INFO - ====== WebDriver manager ======
2024-12-28 03:31:52,659 - INFO - Get LATEST chromedriver version for google-chrome
2024-12-28 03:31:52,685 - INFO - Get LATEST chromedriver version for google-chrome
2024-12-28 03:31:52,717 - INFO - Driver [/root/.wdm/drivers/chromedriver/linux64/131.0.6778.204/chromedriver-linux64/chromedriver] found in cache
2024-12-28 03:31:59,806 - INFO - ====== WebDriver manager ======
2024-12-28 03:31:59,928 - INFO - Get LATEST chromedriver version for google-chrome
2024-12-28 03:31:59,991 - INFO - Get LATEST chromedriver version for google-chrome
2024-12-28 03:32:00,010 - INFO - Driver [/root/.wdm/drivers/chromedriver/linux64/131.0.6778.204/chromedriver-linux64/chromedriver] found in cache
2024-12-28 03:32:24,036 - INFO - ====== WebDriver manager ======
2024-12-28 03:32:24,150 - INFO - Get LATEST chromedriver version for google-chrome
2024-12-28 03:32:24,172 - INFO - Get LATEST chromedriver version for google-chrome
2024-12-28 03:32:24,191 - INFO - Driver [/root/.wdm/drivers/chromedriver/linux64/131.0.6778.204/chromedriver-linux64/chromedriver] found in cache
2024-12-28 03:32:31,961 - INFO - ====== WebDriver manager ======
2024-12-28 03:32:32,069 - INFO - Get LATEST chromedriver version for google-chrome
2024-12-28 03:32:32,087 - INFO - Get LATEST chromedriver version for google-chrome
2024-12-28 03:32:32,105 - INFO - Driver [/root/.wdm/drivers/chromedriver/linux64/131.0.6778.204/chromedriver-linux64/chromedriver] found in cache
2024-12-28 03:32:38,179 - INFO - ====== WebDriver manager ======
2024-12-28 03:32:38,290 - INFO - Get LATEST chromedriver version for google-chrome
2024-12-28 03:32:38,309 - INFO - Get LATEST chromedriver version for google-chrome
2024-12-28 03:32:38,328 - INFO - Driver [/root/.wdm/drivers/chromedriver/linux64/131.0.6778.204/chromedriver-linux64/chromedriver] found in cache
2024-12-28 03:32:45,429 - INFO - ====== WebDriver manager ======
2024-12-28 03:32:45,529 - INFO - Get LATEST chromedriver version for google-chrome
2024-12-28 03:32:45,549 - INFO - Get LATEST chromedriver version for google-chrome
2024-12-28 03:32:45,568 - INFO - Driver [/root/.wdm/drivers/chromedriver/linux64/131.0.6778.204/chromedriver-linux64/chromedriver] found in cache
2024-12-28 03:32:51,742 - INFO - ====== WebDriver manager ======
2024-12-28 03:32:51,861 - INFO - Get LATEST chromedriver version for google-chrome
2024-12-28 03:32:51,882 - INFO - Get LATEST chromedriver version for google-chrome
2024-12-28 03:32:51,900 - INFO - Driver [/root/.wdm/drivers/chromedriver/linux64/131.0.6778.204/chromedriver-linux64/chromedriver] found in cache
2024-12-28 03:32:57,977 - INFO - ====== WebDriver manager ======
2024-12-28 03:32:58,131 - INFO - Get LATEST chromedriver version for google-chrome
2024-12-28 03:32:58,150 - INFO - Get LATEST chromedriver version for google-chrome
2024-12-28 03:32:58,168 - INFO - Driver [/root/.wdm/drivers/chromedriver/linux64/131.0.6778.204/chromedriver-linux64/chromedriver] found in cache
2024-12-28 03:33:17,389 - INFO - ====== WebDriver manager ======
2024-12-28 03:33:17,535 - INFO - Get LATEST chromedriver version for google-chrome
2024-12-28 03:33:17,556 - INFO - Get LATEST chromedriver version for google-chrome
2024-12-28 03:33:17,576 - INFO - Driver [/root/.wdm/drivers/chromedriver/linux64/131.0.6778.204/chromedriver-linux64/chromedriver] found in cache
2024-12-28 03:33:25,115 - INFO - ====== WebDriver manager ======
2024-12-28 03:33:25,253 - INFO - Get LATEST chromedriver version for google-chrome
2024-12-28 03:33:25,272 - INFO - Get LATEST chromedriver version for google-chrome
2024-12-28 03:33:25,295 - INFO - Driver [/root/.wdm/drivers/chromedriver/linux64/131.0.6778.204/chromedriver-linux64/chromedriver] found in cache
2024-12-28 03:33:33,010 - INFO - ====== WebDriver manager ======
2024-12-28 03:33:33,145 - INFO - Get LATEST chromedriver version for google-chrome
2024-12-28 03:33:33,173 - INFO - Get LATEST chromedriver version for google-chrome
2024-12-28 03:33:33,193 - INFO - Driver [/root/.wdm/drivers/chromedriver/linux64/131.0.6778.204/chromedriver-linux64/chromedriver] found in cache
2024-12-28 03:33:39,350 - INFO - 로켓펀치 링크 크롤링 완료
2024-12-28 03:33:39,351 - INFO - 로켓펀치 링크 크롤링 종료: 2024-12-28 03:33:39
2024-12-28 03:33:44,356 - INFO - 사람인 링크 크롤링 실행: 2024-12-28 03:33:44
2024-12-28 03:33:44,356 - INFO - 사람인 링크 크롤링 시작
2024-12-28 05:04:34,134 - INFO - 사람인 링크 크롤링 완료
2024-12-28 05:04:34,137 - INFO - 사람인 링크 크롤링 종료: 2024-12-28 05:04:34
2024-12-28 05:04:39,143 - INFO - 원티드 링크 크롤링 실행: 2024-12-28 05:04:39
2024-12-28 05:04:39,143 - INFO - 원티드 링크 크롤링 시작
2024-12-28 05:04:39,143 - INFO - ====== WebDriver manager ======
2024-12-28 05:04:39,248 - INFO - Get LATEST chromedriver version for google-chrome
2024-12-28 05:04:39,272 - INFO - Get LATEST chromedriver version for google-chrome
2024-12-28 05:04:39,295 - INFO - Driver [/root/.wdm/drivers/chromedriver/linux64/131.0.6778.204/chromedriver-linux64/chromedriver] found in cache
2024-12-28 05:05:12,613 - INFO - 원티드 링크 크롤링 완료
2024-12-28 05:05:12,613 - INFO - 원티드 링크 크롤링 종료: 2024-12-28 05:05:12
