[2024-12-19T16:31:28.651+0900] {taskinstance.py:1157} INFO - Dependencies all met for dep_context=non-requeueable deps ti=<TaskInstance: dag_crawling_to_db.link_crawl manual__2024-12-19T07:31:22+00:00 [queued]>
[2024-12-19T16:31:28.660+0900] {taskinstance.py:1157} INFO - Dependencies all met for dep_context=requeueable deps ti=<TaskInstance: dag_crawling_to_db.link_crawl manual__2024-12-19T07:31:22+00:00 [queued]>
[2024-12-19T16:31:28.660+0900] {taskinstance.py:1359} INFO - Starting attempt 1 of 2
[2024-12-19T16:31:28.673+0900] {taskinstance.py:1380} INFO - Executing <Task(PythonOperator): link_crawl> on 2024-12-19 07:31:22+00:00
[2024-12-19T16:31:28.677+0900] {standard_task_runner.py:57} INFO - Started process 119 to run task
[2024-12-19T16:31:28.680+0900] {standard_task_runner.py:84} INFO - Running: ['***', 'tasks', 'run', 'dag_crawling_to_db', 'link_crawl', 'manual__2024-12-19T07:31:22+00:00', '--job-id', '2', '--raw', '--subdir', 'DAGS_FOLDER/dag_crawling_to_db.py', '--cfg-path', '/tmp/tmp146r6gg0']
[2024-12-19T16:31:28.683+0900] {standard_task_runner.py:85} INFO - Job 2: Subtask link_crawl
[2024-12-19T16:31:28.740+0900] {task_command.py:415} INFO - Running <TaskInstance: dag_crawling_to_db.link_crawl manual__2024-12-19T07:31:22+00:00 [running]> on host a9ed85e14fa9
[2024-12-19T16:31:28.824+0900] {taskinstance.py:1660} INFO - Exporting env vars: AIRFLOW_CTX_DAG_OWNER='***' AIRFLOW_CTX_DAG_ID='dag_crawling_to_db' AIRFLOW_CTX_TASK_ID='link_crawl' AIRFLOW_CTX_EXECUTION_DATE='2024-12-19T07:31:22+00:00' AIRFLOW_CTX_TRY_NUMBER='1' AIRFLOW_CTX_DAG_RUN_ID='manual__2024-12-19T07:31:22+00:00'
[2024-12-19T16:31:28.825+0900] {logging_mixin.py:151} INFO - 인크루트url 시작 시간: 2024-12-19 16:31:28
[2024-12-19T16:31:28.825+0900] {logging_mixin.py:151} INFO - 인크루트url 종료 시간: 2024-12-19 16:31:28
[2024-12-19T16:31:33.829+0900] {logging_mixin.py:151} INFO - 잡코리아url 시작 시간: 2024-12-19 16:31:33
[2024-12-19T16:31:33.830+0900] {logging_mixin.py:151} INFO - 잡코리아url 종료 시간: 2024-12-19 16:31:33
[2024-12-19T16:31:38.835+0900] {logging_mixin.py:151} INFO - 점핏url 시작 시간: 2024-12-19 16:31:38
[2024-12-19T16:31:38.836+0900] {logging_mixin.py:151} INFO - 점핏url 종료 시간: 2024-12-19 16:31:38
[2024-12-19T16:31:43.840+0900] {logging_mixin.py:151} INFO - 로켓펀치url 시작 시간: 2024-12-19 16:31:43
[2024-12-19T16:31:43.840+0900] {logging_mixin.py:151} INFO - 로켓펀치url 종료 시간: 2024-12-19 16:31:43
[2024-12-19T16:31:48.846+0900] {logging_mixin.py:151} INFO - 사람인url 시작 시간: 2024-12-19 16:31:48
[2024-12-19T16:31:48.846+0900] {logging_mixin.py:151} INFO - 사람인url 종료 시간: 2024-12-19 16:31:48
[2024-12-19T16:31:53.858+0900] {logging_mixin.py:151} INFO - 원티드url 시작 시간: 2024-12-19 16:31:53
[2024-12-19T16:31:53.859+0900] {logging_mixin.py:151} INFO - 원티드url 종료 시간: 2024-12-19 16:31:53
[2024-12-19T16:31:53.862+0900] {python.py:194} INFO - Done. Returned value was: None
[2024-12-19T16:31:53.873+0900] {taskinstance.py:1398} INFO - Marking task as SUCCESS. dag_id=dag_crawling_to_db, task_id=link_crawl, execution_date=20241219T073122, start_date=20241219T073128, end_date=20241219T073153
[2024-12-19T16:31:53.895+0900] {local_task_job_runner.py:228} INFO - Task exited with return code 0
[2024-12-19T16:31:53.921+0900] {taskinstance.py:2776} INFO - 1 downstream tasks scheduled from follow-on schedule check
