[2024-12-20T17:00:08.919+0900] {taskinstance.py:1157} INFO - Dependencies all met for dep_context=non-requeueable deps ti=<TaskInstance: dag_crawling_to_db.post_crawl manual__2024-12-20T07:58:36+00:00 [queued]>
[2024-12-20T17:00:08.927+0900] {taskinstance.py:1157} INFO - Dependencies all met for dep_context=requeueable deps ti=<TaskInstance: dag_crawling_to_db.post_crawl manual__2024-12-20T07:58:36+00:00 [queued]>
[2024-12-20T17:00:08.927+0900] {taskinstance.py:1359} INFO - Starting attempt 1 of 2
[2024-12-20T17:00:08.939+0900] {taskinstance.py:1380} INFO - Executing <Task(PythonOperator): post_crawl> on 2024-12-20 07:58:36+00:00
[2024-12-20T17:00:08.943+0900] {standard_task_runner.py:57} INFO - Started process 136 to run task
[2024-12-20T17:00:08.946+0900] {standard_task_runner.py:84} INFO - Running: ['***', 'tasks', 'run', 'dag_crawling_to_db', 'post_crawl', 'manual__2024-12-20T07:58:36+00:00', '--job-id', '4', '--raw', '--subdir', 'DAGS_FOLDER/dag_crawling_to_db.py', '--cfg-path', '/tmp/tmpzxv5i9ba']
[2024-12-20T17:00:08.948+0900] {standard_task_runner.py:85} INFO - Job 4: Subtask post_crawl
[2024-12-20T17:00:08.986+0900] {task_command.py:415} INFO - Running <TaskInstance: dag_crawling_to_db.post_crawl manual__2024-12-20T07:58:36+00:00 [running]> on host 8b6312293dda
[2024-12-20T17:00:09.048+0900] {taskinstance.py:1660} INFO - Exporting env vars: AIRFLOW_CTX_DAG_OWNER='***' AIRFLOW_CTX_DAG_ID='dag_crawling_to_db' AIRFLOW_CTX_TASK_ID='post_crawl' AIRFLOW_CTX_EXECUTION_DATE='2024-12-20T07:58:36+00:00' AIRFLOW_CTX_TRY_NUMBER='1' AIRFLOW_CTX_DAG_RUN_ID='manual__2024-12-20T07:58:36+00:00'
[2024-12-20T17:00:09.049+0900] {logging_mixin.py:151} INFO - 점핏 시작 시간: 2024-12-20 17:00:09
[2024-12-20T17:00:09.165+0900] {logger.py:11} INFO - ====== WebDriver manager ======
[2024-12-20T17:00:09.230+0900] {logger.py:11} INFO - Get LATEST chromedriver version for google-chrome
[2024-12-20T17:00:09.319+0900] {logger.py:11} INFO - Get LATEST chromedriver version for google-chrome
[2024-12-20T17:00:09.390+0900] {logger.py:11} INFO - There is no [linux64] chromedriver "131.0.6778.204" for browser google-chrome "131.0.6778" in cache
[2024-12-20T17:00:09.390+0900] {logger.py:11} INFO - Get LATEST chromedriver version for google-chrome
[2024-12-20T17:00:09.708+0900] {logger.py:11} INFO - WebDriver version 131.0.6778.204 selected
[2024-12-20T17:00:09.712+0900] {logger.py:11} INFO - Modern chrome version https://storage.googleapis.com/chrome-for-testing-public/131.0.6778.204/linux64/chromedriver-linux64.zip
[2024-12-20T17:00:09.712+0900] {logger.py:11} INFO - About to download new driver from https://storage.googleapis.com/chrome-for-testing-public/131.0.6778.204/linux64/chromedriver-linux64.zip
[2024-12-20T17:00:09.867+0900] {logger.py:11} INFO - Driver downloading response is 200
[2024-12-20T17:00:10.815+0900] {logger.py:11} INFO - Get LATEST chromedriver version for google-chrome
[2024-12-20T17:00:11.043+0900] {logger.py:11} INFO - Driver has been saved in cache [/home/***/.wdm/drivers/chromedriver/linux64/131.0.6778.204]
[2024-12-20T17:00:11.401+0900] {logging_mixin.py:151} INFO - 점핏 종료 시간: 2024-12-20 17:00:11
[2024-12-20T17:00:21.411+0900] {logging_mixin.py:151} INFO - 원티드 시작 시간: 2024-12-20 17:00:21
[2024-12-20T17:00:21.426+0900] {credentials.py:1254} INFO - Found credentials in shared credentials file: /code/.aws/credentials
[2024-12-20T17:00:21.706+0900] {logger.py:11} INFO - ====== WebDriver manager ======
[2024-12-20T17:00:21.760+0900] {logger.py:11} INFO - Get LATEST chromedriver version for google-chrome
[2024-12-20T17:00:21.876+0900] {logger.py:11} INFO - Get LATEST chromedriver version for google-chrome
[2024-12-20T17:00:22.002+0900] {logger.py:11} INFO - Driver [/home/***/.wdm/drivers/chromedriver/linux64/131.0.6778.204/chromedriver-linux64/chromedriver] found in cache
[2024-12-20T17:00:22.269+0900] {logging_mixin.py:151} INFO - 원티드 종료 시간: 2024-12-20 17:00:22
[2024-12-20T17:00:22.269+0900] {logging_mixin.py:151} INFO - 인크루트 시작 시간: 2024-12-20 17:00:22
[2024-12-20T17:00:23.723+0900] {logger.py:11} INFO - ====== WebDriver manager ======
[2024-12-20T17:00:23.777+0900] {logger.py:11} INFO - Get LATEST chromedriver version for google-chrome
[2024-12-20T17:00:23.885+0900] {logger.py:11} INFO - Get LATEST chromedriver version for google-chrome
[2024-12-20T17:00:24.047+0900] {logger.py:11} INFO - Driver [/home/***/.wdm/drivers/chromedriver/linux64/131.0.6778.204/chromedriver-linux64/chromedriver] found in cache
[2024-12-20T17:00:24.820+0900] {logging_mixin.py:151} INFO - 인크루트 종료 시간: 2024-12-20 17:00:24
[2024-12-20T17:00:34.829+0900] {logging_mixin.py:151} INFO - 로켓펀치 시작 시간: 2024-12-20 17:00:34
[2024-12-20T17:00:34.955+0900] {logger.py:11} INFO - ====== WebDriver manager ======
[2024-12-20T17:00:35.017+0900] {logger.py:11} INFO - Get LATEST chromedriver version for google-chrome
[2024-12-20T17:00:39.095+0900] {logger.py:11} INFO - Get LATEST chromedriver version for google-chrome
[2024-12-20T17:00:39.225+0900] {logger.py:11} INFO - Driver [/home/***/.wdm/drivers/chromedriver/linux64/131.0.6778.204/chromedriver-linux64/chromedriver] found in cache
[2024-12-20T17:00:39.474+0900] {logging_mixin.py:151} INFO - 로켓펀치 종료 시간: 2024-12-20 17:00:39
[2024-12-20T17:00:49.480+0900] {logging_mixin.py:151} INFO - 잡코리아 시작 시간: 2024-12-20 17:00:49
[2024-12-20T17:00:50.497+0900] {local_task_job_runner.py:228} INFO - Task exited with return code 1
[2024-12-20T17:00:50.528+0900] {taskinstance.py:2776} INFO - 0 downstream tasks scheduled from follow-on schedule check
