[2024-12-20T17:00:54.427+0900] {taskinstance.py:1157} INFO - Dependencies all met for dep_context=non-requeueable deps ti=<TaskInstance: dag_crawling_to_db.post_crawl manual__2024-12-20T07:58:36+00:00 [queued]>
[2024-12-20T17:00:54.435+0900] {taskinstance.py:1157} INFO - Dependencies all met for dep_context=requeueable deps ti=<TaskInstance: dag_crawling_to_db.post_crawl manual__2024-12-20T07:58:36+00:00 [queued]>
[2024-12-20T17:00:54.435+0900] {taskinstance.py:1359} INFO - Starting attempt 2 of 2
[2024-12-20T17:00:54.449+0900] {taskinstance.py:1380} INFO - Executing <Task(PythonOperator): post_crawl> on 2024-12-20 07:58:36+00:00
[2024-12-20T17:00:54.452+0900] {standard_task_runner.py:57} INFO - Started process 732 to run task
[2024-12-20T17:00:54.455+0900] {standard_task_runner.py:84} INFO - Running: ['***', 'tasks', 'run', 'dag_crawling_to_db', 'post_crawl', 'manual__2024-12-20T07:58:36+00:00', '--job-id', '5', '--raw', '--subdir', 'DAGS_FOLDER/dag_crawling_to_db.py', '--cfg-path', '/tmp/tmps2j4rl04']
[2024-12-20T17:00:54.457+0900] {standard_task_runner.py:85} INFO - Job 5: Subtask post_crawl
[2024-12-20T17:00:54.494+0900] {task_command.py:415} INFO - Running <TaskInstance: dag_crawling_to_db.post_crawl manual__2024-12-20T07:58:36+00:00 [running]> on host 8b6312293dda
[2024-12-20T17:00:54.556+0900] {taskinstance.py:1660} INFO - Exporting env vars: AIRFLOW_CTX_DAG_OWNER='***' AIRFLOW_CTX_DAG_ID='dag_crawling_to_db' AIRFLOW_CTX_TASK_ID='post_crawl' AIRFLOW_CTX_EXECUTION_DATE='2024-12-20T07:58:36+00:00' AIRFLOW_CTX_TRY_NUMBER='2' AIRFLOW_CTX_DAG_RUN_ID='manual__2024-12-20T07:58:36+00:00'
[2024-12-20T17:00:54.557+0900] {logging_mixin.py:151} INFO - 점핏 시작 시간: 2024-12-20 17:00:54
[2024-12-20T17:00:54.759+0900] {logger.py:11} INFO - ====== WebDriver manager ======
[2024-12-20T17:00:54.818+0900] {logger.py:11} INFO - Get LATEST chromedriver version for google-chrome
[2024-12-20T17:00:54.984+0900] {logger.py:11} INFO - Get LATEST chromedriver version for google-chrome
[2024-12-20T17:00:55.083+0900] {logger.py:11} INFO - Driver [/home/***/.wdm/drivers/chromedriver/linux64/131.0.6778.204/chromedriver-linux64/chromedriver] found in cache
[2024-12-20T17:00:55.173+0900] {logging_mixin.py:151} INFO - 점핏 종료 시간: 2024-12-20 17:00:55
[2024-12-20T17:01:05.182+0900] {logging_mixin.py:151} INFO - 원티드 시작 시간: 2024-12-20 17:01:05
[2024-12-20T17:01:05.194+0900] {credentials.py:1254} INFO - Found credentials in shared credentials file: /code/.aws/credentials
[2024-12-20T17:01:09.624+0900] {logger.py:11} INFO - ====== WebDriver manager ======
[2024-12-20T17:01:09.678+0900] {logger.py:11} INFO - Get LATEST chromedriver version for google-chrome
[2024-12-20T17:01:09.832+0900] {logger.py:11} INFO - Get LATEST chromedriver version for google-chrome
[2024-12-20T17:01:09.969+0900] {logger.py:11} INFO - Driver [/home/***/.wdm/drivers/chromedriver/linux64/131.0.6778.204/chromedriver-linux64/chromedriver] found in cache
[2024-12-20T17:01:09.997+0900] {logging_mixin.py:151} INFO - 원티드 종료 시간: 2024-12-20 17:01:09
[2024-12-20T17:01:09.997+0900] {logging_mixin.py:151} INFO - 인크루트 시작 시간: 2024-12-20 17:01:09
[2024-12-20T17:01:12.379+0900] {logger.py:11} INFO - ====== WebDriver manager ======
[2024-12-20T17:01:12.442+0900] {logger.py:11} INFO - Get LATEST chromedriver version for google-chrome
[2024-12-20T17:01:12.579+0900] {logger.py:11} INFO - Get LATEST chromedriver version for google-chrome
[2024-12-20T17:01:12.753+0900] {logger.py:11} INFO - Driver [/home/***/.wdm/drivers/chromedriver/linux64/131.0.6778.204/chromedriver-linux64/chromedriver] found in cache
[2024-12-20T17:01:13.170+0900] {logging_mixin.py:151} INFO - 인크루트 종료 시간: 2024-12-20 17:01:13
[2024-12-20T17:01:23.180+0900] {logging_mixin.py:151} INFO - 로켓펀치 시작 시간: 2024-12-20 17:01:23
[2024-12-20T17:01:23.415+0900] {logger.py:11} INFO - ====== WebDriver manager ======
[2024-12-20T17:01:23.479+0900] {logger.py:11} INFO - Get LATEST chromedriver version for google-chrome
[2024-12-20T17:01:23.666+0900] {logger.py:11} INFO - Get LATEST chromedriver version for google-chrome
[2024-12-20T17:01:23.866+0900] {logger.py:11} INFO - Driver [/home/***/.wdm/drivers/chromedriver/linux64/131.0.6778.204/chromedriver-linux64/chromedriver] found in cache
[2024-12-20T17:01:23.896+0900] {logging_mixin.py:151} INFO - 로켓펀치 종료 시간: 2024-12-20 17:01:23
[2024-12-20T17:01:33.900+0900] {logging_mixin.py:151} INFO - 잡코리아 시작 시간: 2024-12-20 17:01:33
[2024-12-20T17:01:38.702+0900] {local_task_job_runner.py:228} INFO - Task exited with return code 1
[2024-12-20T17:01:38.733+0900] {taskinstance.py:2776} INFO - 0 downstream tasks scheduled from follow-on schedule check
