[2024-12-20T17:51:57.884+0900] {taskinstance.py:1157} INFO - Dependencies all met for dep_context=non-requeueable deps ti=<TaskInstance: dag_crawling_to_db.link_crawl manual__2024-12-20T08:51:52+00:00 [queued]>
[2024-12-20T17:51:57.892+0900] {taskinstance.py:1157} INFO - Dependencies all met for dep_context=requeueable deps ti=<TaskInstance: dag_crawling_to_db.link_crawl manual__2024-12-20T08:51:52+00:00 [queued]>
[2024-12-20T17:51:57.892+0900] {taskinstance.py:1359} INFO - Starting attempt 1 of 2
[2024-12-20T17:51:57.906+0900] {taskinstance.py:1380} INFO - Executing <Task(PythonOperator): link_crawl> on 2024-12-20 08:51:52+00:00
[2024-12-20T17:51:57.912+0900] {standard_task_runner.py:57} INFO - Started process 120 to run task
[2024-12-20T17:51:57.914+0900] {standard_task_runner.py:84} INFO - Running: ['***', 'tasks', 'run', 'dag_crawling_to_db', 'link_crawl', 'manual__2024-12-20T08:51:52+00:00', '--job-id', '2', '--raw', '--subdir', 'DAGS_FOLDER/dag_crawling_to_db.py', '--cfg-path', '/tmp/tmpjlwo5pu1']
[2024-12-20T17:51:57.917+0900] {standard_task_runner.py:85} INFO - Job 2: Subtask link_crawl
[2024-12-20T17:51:57.958+0900] {task_command.py:415} INFO - Running <TaskInstance: dag_crawling_to_db.link_crawl manual__2024-12-20T08:51:52+00:00 [running]> on host 31820c0d97fb
[2024-12-20T17:51:58.028+0900] {taskinstance.py:1660} INFO - Exporting env vars: AIRFLOW_CTX_DAG_OWNER='***' AIRFLOW_CTX_DAG_ID='dag_crawling_to_db' AIRFLOW_CTX_TASK_ID='link_crawl' AIRFLOW_CTX_EXECUTION_DATE='2024-12-20T08:51:52+00:00' AIRFLOW_CTX_TRY_NUMBER='1' AIRFLOW_CTX_DAG_RUN_ID='manual__2024-12-20T08:51:52+00:00'
[2024-12-20T17:51:58.028+0900] {logging_mixin.py:151} INFO - 인크루트url 시작 시간: 2024-12-20 17:51:58
[2024-12-20T17:51:58.029+0900] {logging_mixin.py:151} INFO - 인크루트url 종료 시간: 2024-12-20 17:51:58
[2024-12-20T17:52:03.033+0900] {logging_mixin.py:151} INFO - 잡코리아url 시작 시간: 2024-12-20 17:52:03
[2024-12-20T17:52:03.033+0900] {logging_mixin.py:151} INFO - 잡코리아url 종료 시간: 2024-12-20 17:52:03
[2024-12-20T17:52:08.039+0900] {logging_mixin.py:151} INFO - 점핏url 시작 시간: 2024-12-20 17:52:08
[2024-12-20T17:52:08.039+0900] {logging_mixin.py:151} INFO - 점핏url 종료 시간: 2024-12-20 17:52:08
[2024-12-20T17:52:13.045+0900] {logging_mixin.py:151} INFO - 로켓펀치url 시작 시간: 2024-12-20 17:52:13
[2024-12-20T17:52:13.045+0900] {logging_mixin.py:151} INFO - 로켓펀치url 종료 시간: 2024-12-20 17:52:13
[2024-12-20T17:52:18.050+0900] {logging_mixin.py:151} INFO - 사람인url 시작 시간: 2024-12-20 17:52:18
[2024-12-20T17:52:18.051+0900] {logging_mixin.py:151} INFO - 사람인url 종료 시간: 2024-12-20 17:52:18
[2024-12-20T17:52:23.053+0900] {logging_mixin.py:151} INFO - 원티드url 시작 시간: 2024-12-20 17:52:23
[2024-12-20T17:52:23.053+0900] {logging_mixin.py:151} INFO - 원티드url 종료 시간: 2024-12-20 17:52:23
[2024-12-20T17:52:23.055+0900] {python.py:194} INFO - Done. Returned value was: None
[2024-12-20T17:52:23.066+0900] {taskinstance.py:1398} INFO - Marking task as SUCCESS. dag_id=dag_crawling_to_db, task_id=link_crawl, execution_date=20241220T085152, start_date=20241220T085157, end_date=20241220T085223
[2024-12-20T17:52:23.085+0900] {local_task_job_runner.py:228} INFO - Task exited with return code 0
[2024-12-20T17:52:23.108+0900] {taskinstance.py:2776} INFO - 1 downstream tasks scheduled from follow-on schedule check
