[2024-12-19T17:20:28.304+0900] {taskinstance.py:1157} INFO - Dependencies all met for dep_context=non-requeueable deps ti=<TaskInstance: dag_crawling_to_db.post_crawl manual__2024-12-19T08:18:16+00:00 [queued]>
[2024-12-19T17:20:28.315+0900] {taskinstance.py:1157} INFO - Dependencies all met for dep_context=requeueable deps ti=<TaskInstance: dag_crawling_to_db.post_crawl manual__2024-12-19T08:18:16+00:00 [queued]>
[2024-12-19T17:20:28.315+0900] {taskinstance.py:1359} INFO - Starting attempt 2 of 2
[2024-12-19T17:20:28.328+0900] {taskinstance.py:1380} INFO - Executing <Task(PythonOperator): post_crawl> on 2024-12-19 08:18:16+00:00
[2024-12-19T17:20:28.336+0900] {standard_task_runner.py:57} INFO - Started process 619 to run task
[2024-12-19T17:20:28.339+0900] {standard_task_runner.py:84} INFO - Running: ['***', 'tasks', 'run', 'dag_crawling_to_db', 'post_crawl', 'manual__2024-12-19T08:18:16+00:00', '--job-id', '5', '--raw', '--subdir', 'DAGS_FOLDER/dag_crawling_to_db.py', '--cfg-path', '/tmp/tmpinchdsne']
[2024-12-19T17:20:28.341+0900] {standard_task_runner.py:85} INFO - Job 5: Subtask post_crawl
[2024-12-19T17:20:28.398+0900] {task_command.py:415} INFO - Running <TaskInstance: dag_crawling_to_db.post_crawl manual__2024-12-19T08:18:16+00:00 [running]> on host cb067ef2a4a4
[2024-12-19T17:20:28.468+0900] {taskinstance.py:1660} INFO - Exporting env vars: AIRFLOW_CTX_DAG_OWNER='***' AIRFLOW_CTX_DAG_ID='dag_crawling_to_db' AIRFLOW_CTX_TASK_ID='post_crawl' AIRFLOW_CTX_EXECUTION_DATE='2024-12-19T08:18:16+00:00' AIRFLOW_CTX_TRY_NUMBER='2' AIRFLOW_CTX_DAG_RUN_ID='manual__2024-12-19T08:18:16+00:00'
[2024-12-19T17:20:28.469+0900] {logging_mixin.py:151} INFO - 점핏 시작 시간: 2024-12-19 17:20:28
[2024-12-19T17:20:28.575+0900] {logger.py:11} INFO - ====== WebDriver manager ======
[2024-12-19T17:20:28.697+0900] {logger.py:11} INFO - Get LATEST chromedriver version for google-chrome
[2024-12-19T17:20:28.786+0900] {logger.py:11} INFO - Get LATEST chromedriver version for google-chrome
[2024-12-19T17:20:28.864+0900] {logger.py:11} INFO - Driver [/home/***/.wdm/drivers/chromedriver/linux64/131.0.6778.204/chromedriver-linux64/chromedriver] found in cache
[2024-12-19T17:20:29.279+0900] {logging_mixin.py:151} INFO - 점핏 종료 시간: 2024-12-19 17:20:29
[2024-12-19T17:20:39.282+0900] {logging_mixin.py:151} INFO - 원티드 시작 시간: 2024-12-19 17:20:39
[2024-12-19T17:20:39.293+0900] {credentials.py:1254} INFO - Found credentials in shared credentials file: /code/.aws/credentials
[2024-12-19T17:20:39.603+0900] {logger.py:11} INFO - ====== WebDriver manager ======
[2024-12-19T17:20:39.659+0900] {logger.py:11} INFO - Get LATEST chromedriver version for google-chrome
[2024-12-19T17:20:39.734+0900] {logger.py:11} INFO - Get LATEST chromedriver version for google-chrome
[2024-12-19T17:20:39.810+0900] {logger.py:11} INFO - Driver [/home/***/.wdm/drivers/chromedriver/linux64/131.0.6778.204/chromedriver-linux64/chromedriver] found in cache
[2024-12-19T17:20:40.077+0900] {logging_mixin.py:151} INFO - 원티드 종료 시간: 2024-12-19 17:20:40
[2024-12-19T17:20:40.077+0900] {logging_mixin.py:151} INFO - 인크루트 시작 시간: 2024-12-19 17:20:40
[2024-12-19T17:20:40.745+0900] {logger.py:11} INFO - ====== WebDriver manager ======
[2024-12-19T17:20:40.839+0900] {logger.py:11} INFO - Get LATEST chromedriver version for google-chrome
[2024-12-19T17:20:40.907+0900] {logger.py:11} INFO - Get LATEST chromedriver version for google-chrome
[2024-12-19T17:20:40.976+0900] {logger.py:11} INFO - Driver [/home/***/.wdm/drivers/chromedriver/linux64/131.0.6778.204/chromedriver-linux64/chromedriver] found in cache
[2024-12-19T17:20:41.439+0900] {logging_mixin.py:151} INFO - 인크루트 종료 시간: 2024-12-19 17:20:41
[2024-12-19T17:20:51.450+0900] {logging_mixin.py:151} INFO - 로켓펀치 시작 시간: 2024-12-19 17:20:51
[2024-12-19T17:20:51.547+0900] {logger.py:11} INFO - ====== WebDriver manager ======
[2024-12-19T17:20:51.608+0900] {logger.py:11} INFO - Get LATEST chromedriver version for google-chrome
[2024-12-19T17:20:51.694+0900] {logger.py:11} INFO - Get LATEST chromedriver version for google-chrome
[2024-12-19T17:20:51.800+0900] {logger.py:11} INFO - Driver [/home/***/.wdm/drivers/chromedriver/linux64/131.0.6778.204/chromedriver-linux64/chromedriver] found in cache
[2024-12-19T17:20:52.110+0900] {logging_mixin.py:151} INFO - 로켓펀치 종료 시간: 2024-12-19 17:20:52
[2024-12-19T17:21:02.120+0900] {logging_mixin.py:151} INFO - 잡코리아 시작 시간: 2024-12-19 17:21:02
[2024-12-19T17:21:02.180+0900] {taskinstance.py:1935} ERROR - Task failed with exception
Traceback (most recent call last):
  File "/home/airflow/.local/lib/python3.10/site-packages/airflow/operators/python.py", line 192, in execute
    return_value = self.execute_callable()
  File "/home/airflow/.local/lib/python3.10/site-packages/airflow/operators/python.py", line 209, in execute_callable
    return self.python_callable(*self.op_args, **self.op_kwargs)
  File "/code/plugins/post_crawling.py", line 1988, in post_main
    jobkorea_crawling()
  File "/code/plugins/post_crawling.py", line 1185, in jobkorea_crawling
    db = pymysql.connect(
TypeError: Connection.__init__() got an unexpected keyword argument 'post'
[2024-12-19T17:21:02.188+0900] {taskinstance.py:1398} INFO - Marking task as FAILED. dag_id=dag_crawling_to_db, task_id=post_crawl, execution_date=20241219T081816, start_date=20241219T082028, end_date=20241219T082102
[2024-12-19T17:21:02.215+0900] {standard_task_runner.py:104} ERROR - Failed to execute job 5 for task post_crawl (Connection.__init__() got an unexpected keyword argument 'post'; 619)
[2024-12-19T17:21:02.256+0900] {local_task_job_runner.py:228} INFO - Task exited with return code 1
[2024-12-19T17:21:02.271+0900] {taskinstance.py:2776} INFO - 0 downstream tasks scheduled from follow-on schedule check
