[2024-12-19T17:19:49.765+0900] {taskinstance.py:1157} INFO - Dependencies all met for dep_context=non-requeueable deps ti=<TaskInstance: dag_crawling_to_db.post_crawl manual__2024-12-19T08:18:16+00:00 [queued]>
[2024-12-19T17:19:49.773+0900] {taskinstance.py:1157} INFO - Dependencies all met for dep_context=requeueable deps ti=<TaskInstance: dag_crawling_to_db.post_crawl manual__2024-12-19T08:18:16+00:00 [queued]>
[2024-12-19T17:19:49.773+0900] {taskinstance.py:1359} INFO - Starting attempt 1 of 2
[2024-12-19T17:19:49.786+0900] {taskinstance.py:1380} INFO - Executing <Task(PythonOperator): post_crawl> on 2024-12-19 08:18:16+00:00
[2024-12-19T17:19:49.791+0900] {standard_task_runner.py:57} INFO - Started process 137 to run task
[2024-12-19T17:19:49.793+0900] {standard_task_runner.py:84} INFO - Running: ['***', 'tasks', 'run', 'dag_crawling_to_db', 'post_crawl', 'manual__2024-12-19T08:18:16+00:00', '--job-id', '4', '--raw', '--subdir', 'DAGS_FOLDER/dag_crawling_to_db.py', '--cfg-path', '/tmp/tmpina7773v']
[2024-12-19T17:19:49.796+0900] {standard_task_runner.py:85} INFO - Job 4: Subtask post_crawl
[2024-12-19T17:19:49.838+0900] {task_command.py:415} INFO - Running <TaskInstance: dag_crawling_to_db.post_crawl manual__2024-12-19T08:18:16+00:00 [running]> on host cb067ef2a4a4
[2024-12-19T17:19:49.902+0900] {taskinstance.py:1660} INFO - Exporting env vars: AIRFLOW_CTX_DAG_OWNER='***' AIRFLOW_CTX_DAG_ID='dag_crawling_to_db' AIRFLOW_CTX_TASK_ID='post_crawl' AIRFLOW_CTX_EXECUTION_DATE='2024-12-19T08:18:16+00:00' AIRFLOW_CTX_TRY_NUMBER='1' AIRFLOW_CTX_DAG_RUN_ID='manual__2024-12-19T08:18:16+00:00'
[2024-12-19T17:19:49.903+0900] {logging_mixin.py:151} INFO - 점핏 시작 시간: 2024-12-19 17:19:49
[2024-12-19T17:19:50.029+0900] {logger.py:11} INFO - ====== WebDriver manager ======
[2024-12-19T17:19:50.095+0900] {logger.py:11} INFO - Get LATEST chromedriver version for google-chrome
[2024-12-19T17:19:50.193+0900] {logger.py:11} INFO - Get LATEST chromedriver version for google-chrome
[2024-12-19T17:19:50.270+0900] {logger.py:11} INFO - There is no [linux64] chromedriver "131.0.6778.204" for browser google-chrome "131.0.6778" in cache
[2024-12-19T17:19:50.270+0900] {logger.py:11} INFO - Get LATEST chromedriver version for google-chrome
[2024-12-19T17:19:50.597+0900] {logger.py:11} INFO - WebDriver version 131.0.6778.204 selected
[2024-12-19T17:19:50.600+0900] {logger.py:11} INFO - Modern chrome version https://storage.googleapis.com/chrome-for-testing-public/131.0.6778.204/linux64/chromedriver-linux64.zip
[2024-12-19T17:19:50.600+0900] {logger.py:11} INFO - About to download new driver from https://storage.googleapis.com/chrome-for-testing-public/131.0.6778.204/linux64/chromedriver-linux64.zip
[2024-12-19T17:19:50.743+0900] {logger.py:11} INFO - Driver downloading response is 200
[2024-12-19T17:19:51.332+0900] {logger.py:11} INFO - Get LATEST chromedriver version for google-chrome
[2024-12-19T17:19:51.522+0900] {logger.py:11} INFO - Driver has been saved in cache [/home/***/.wdm/drivers/chromedriver/linux64/131.0.6778.204]
[2024-12-19T17:19:52.046+0900] {logging_mixin.py:151} INFO - 점핏 종료 시간: 2024-12-19 17:19:52
[2024-12-19T17:20:02.056+0900] {logging_mixin.py:151} INFO - 원티드 시작 시간: 2024-12-19 17:20:02
[2024-12-19T17:20:02.067+0900] {credentials.py:1254} INFO - Found credentials in shared credentials file: /code/.aws/credentials
[2024-12-19T17:20:02.273+0900] {logger.py:11} INFO - ====== WebDriver manager ======
[2024-12-19T17:20:02.339+0900] {logger.py:11} INFO - Get LATEST chromedriver version for google-chrome
[2024-12-19T17:20:02.422+0900] {logger.py:11} INFO - Get LATEST chromedriver version for google-chrome
[2024-12-19T17:20:02.525+0900] {logger.py:11} INFO - Driver [/home/***/.wdm/drivers/chromedriver/linux64/131.0.6778.204/chromedriver-linux64/chromedriver] found in cache
[2024-12-19T17:20:02.869+0900] {logging_mixin.py:151} INFO - 원티드 종료 시간: 2024-12-19 17:20:02
[2024-12-19T17:20:02.869+0900] {logging_mixin.py:151} INFO - 인크루트 시작 시간: 2024-12-19 17:20:02
[2024-12-19T17:20:03.516+0900] {logger.py:11} INFO - ====== WebDriver manager ======
[2024-12-19T17:20:03.572+0900] {logger.py:11} INFO - Get LATEST chromedriver version for google-chrome
[2024-12-19T17:20:03.652+0900] {logger.py:11} INFO - Get LATEST chromedriver version for google-chrome
[2024-12-19T17:20:03.717+0900] {logger.py:11} INFO - Driver [/home/***/.wdm/drivers/chromedriver/linux64/131.0.6778.204/chromedriver-linux64/chromedriver] found in cache
[2024-12-19T17:20:04.085+0900] {logging_mixin.py:151} INFO - 인크루트 종료 시간: 2024-12-19 17:20:04
[2024-12-19T17:20:14.091+0900] {logging_mixin.py:151} INFO - 로켓펀치 시작 시간: 2024-12-19 17:20:14
[2024-12-19T17:20:14.183+0900] {logger.py:11} INFO - ====== WebDriver manager ======
[2024-12-19T17:20:14.249+0900] {logger.py:11} INFO - Get LATEST chromedriver version for google-chrome
[2024-12-19T17:20:14.321+0900] {logger.py:11} INFO - Get LATEST chromedriver version for google-chrome
[2024-12-19T17:20:14.402+0900] {logger.py:11} INFO - Driver [/home/***/.wdm/drivers/chromedriver/linux64/131.0.6778.204/chromedriver-linux64/chromedriver] found in cache
[2024-12-19T17:20:14.725+0900] {logging_mixin.py:151} INFO - 로켓펀치 종료 시간: 2024-12-19 17:20:14
[2024-12-19T17:20:24.731+0900] {logging_mixin.py:151} INFO - 잡코리아 시작 시간: 2024-12-19 17:20:24
[2024-12-19T17:20:24.841+0900] {taskinstance.py:1935} ERROR - Task failed with exception
Traceback (most recent call last):
  File "/home/airflow/.local/lib/python3.10/site-packages/airflow/operators/python.py", line 192, in execute
    return_value = self.execute_callable()
  File "/home/airflow/.local/lib/python3.10/site-packages/airflow/operators/python.py", line 209, in execute_callable
    return self.python_callable(*self.op_args, **self.op_kwargs)
  File "/code/plugins/post_crawling.py", line 1988, in post_main
    jobkorea_crawling()
  File "/code/plugins/post_crawling.py", line 1185, in jobkorea_crawling
    db = pymysql.connect(
TypeError: Connection.__init__() got an unexpected keyword argument 'post'
[2024-12-19T17:20:24.850+0900] {taskinstance.py:1398} INFO - Marking task as UP_FOR_RETRY. dag_id=dag_crawling_to_db, task_id=post_crawl, execution_date=20241219T081816, start_date=20241219T081949, end_date=20241219T082024
[2024-12-19T17:20:24.864+0900] {standard_task_runner.py:104} ERROR - Failed to execute job 4 for task post_crawl (Connection.__init__() got an unexpected keyword argument 'post'; 137)
[2024-12-19T17:20:24.881+0900] {local_task_job_runner.py:228} INFO - Task exited with return code 1
[2024-12-19T17:20:24.902+0900] {taskinstance.py:2776} INFO - 0 downstream tasks scheduled from follow-on schedule check
