[2024-12-19T17:18:22.980+0900] {taskinstance.py:1157} INFO - Dependencies all met for dep_context=non-requeueable deps ti=<TaskInstance: dag_crawling_to_db.link_crawl manual__2024-12-19T08:18:16+00:00 [queued]>
[2024-12-19T17:18:22.988+0900] {taskinstance.py:1157} INFO - Dependencies all met for dep_context=requeueable deps ti=<TaskInstance: dag_crawling_to_db.link_crawl manual__2024-12-19T08:18:16+00:00 [queued]>
[2024-12-19T17:18:22.989+0900] {taskinstance.py:1359} INFO - Starting attempt 1 of 2
[2024-12-19T17:18:23.003+0900] {taskinstance.py:1380} INFO - Executing <Task(PythonOperator): link_crawl> on 2024-12-19 08:18:16+00:00
[2024-12-19T17:18:23.007+0900] {standard_task_runner.py:57} INFO - Started process 121 to run task
[2024-12-19T17:18:23.010+0900] {standard_task_runner.py:84} INFO - Running: ['***', 'tasks', 'run', 'dag_crawling_to_db', 'link_crawl', 'manual__2024-12-19T08:18:16+00:00', '--job-id', '2', '--raw', '--subdir', 'DAGS_FOLDER/dag_crawling_to_db.py', '--cfg-path', '/tmp/tmp_bmib144']
[2024-12-19T17:18:23.014+0900] {standard_task_runner.py:85} INFO - Job 2: Subtask link_crawl
[2024-12-19T17:18:23.057+0900] {task_command.py:415} INFO - Running <TaskInstance: dag_crawling_to_db.link_crawl manual__2024-12-19T08:18:16+00:00 [running]> on host cb067ef2a4a4
[2024-12-19T17:18:23.144+0900] {taskinstance.py:1660} INFO - Exporting env vars: AIRFLOW_CTX_DAG_OWNER='***' AIRFLOW_CTX_DAG_ID='dag_crawling_to_db' AIRFLOW_CTX_TASK_ID='link_crawl' AIRFLOW_CTX_EXECUTION_DATE='2024-12-19T08:18:16+00:00' AIRFLOW_CTX_TRY_NUMBER='1' AIRFLOW_CTX_DAG_RUN_ID='manual__2024-12-19T08:18:16+00:00'
[2024-12-19T17:18:23.146+0900] {logging_mixin.py:151} INFO - 인크루트url 시작 시간: 2024-12-19 17:18:23
[2024-12-19T17:18:23.146+0900] {logging_mixin.py:151} INFO - 인크루트url 종료 시간: 2024-12-19 17:18:23
[2024-12-19T17:18:28.152+0900] {logging_mixin.py:151} INFO - 잡코리아url 시작 시간: 2024-12-19 17:18:28
[2024-12-19T17:18:28.152+0900] {logging_mixin.py:151} INFO - 잡코리아url 종료 시간: 2024-12-19 17:18:28
[2024-12-19T17:18:33.157+0900] {logging_mixin.py:151} INFO - 점핏url 시작 시간: 2024-12-19 17:18:33
[2024-12-19T17:18:33.158+0900] {logging_mixin.py:151} INFO - 점핏url 종료 시간: 2024-12-19 17:18:33
[2024-12-19T17:18:38.159+0900] {logging_mixin.py:151} INFO - 로켓펀치url 시작 시간: 2024-12-19 17:18:38
[2024-12-19T17:18:38.160+0900] {logging_mixin.py:151} INFO - 로켓펀치url 종료 시간: 2024-12-19 17:18:38
[2024-12-19T17:18:43.165+0900] {logging_mixin.py:151} INFO - 사람인url 시작 시간: 2024-12-19 17:18:43
[2024-12-19T17:18:43.165+0900] {logging_mixin.py:151} INFO - 사람인url 종료 시간: 2024-12-19 17:18:43
[2024-12-19T17:18:48.170+0900] {logging_mixin.py:151} INFO - 원티드url 시작 시간: 2024-12-19 17:18:48
[2024-12-19T17:18:48.170+0900] {logging_mixin.py:151} INFO - 원티드url 종료 시간: 2024-12-19 17:18:48
[2024-12-19T17:18:48.173+0900] {python.py:194} INFO - Done. Returned value was: None
[2024-12-19T17:18:48.183+0900] {taskinstance.py:1398} INFO - Marking task as SUCCESS. dag_id=dag_crawling_to_db, task_id=link_crawl, execution_date=20241219T081816, start_date=20241219T081822, end_date=20241219T081848
[2024-12-19T17:18:48.204+0900] {local_task_job_runner.py:228} INFO - Task exited with return code 0
[2024-12-19T17:18:48.229+0900] {taskinstance.py:2776} INFO - 1 downstream tasks scheduled from follow-on schedule check
