job,url,notice_status,work_status,done_time
FE,https://www.wanted.co.kr/wd/233556,update,null,null
FE,https://www.wanted.co.kr/wd/256242,update,null,null
DE,https://www.wanted.co.kr/wd/239179,update,null,null
MLE,https://www.wanted.co.kr/wd/225016,update,null,null
BE,https://www.wanted.co.kr/wd/245599,update,null,null
DA,https://www.wanted.co.kr/wd/236632,update,null,null
BE,https://www.wanted.co.kr/wd/256460,update,null,null
DA,https://www.wanted.co.kr/wd/254693,update,null,null
FE,https://www.wanted.co.kr/wd/255985,update,null,null
DA,https://www.wanted.co.kr/wd/255880,update,null,null
BE,https://www.wanted.co.kr/wd/255380,update,null,null
MLE,https://www.wanted.co.kr/wd/236695,update,null,null
BE,https://www.wanted.co.kr/wd/255785,update,null,null
MLE,https://www.wanted.co.kr/wd/245705,update,null,null
FE,https://www.wanted.co.kr/wd/255128,update,null,null
FE,https://www.wanted.co.kr/wd/255755,update,null,null
MLE,https://www.wanted.co.kr/wd/208822,update,null,null
BE,https://www.wanted.co.kr/wd/255129,update,null,null
DE,https://www.wanted.co.kr/wd/159038,update,null,null
MLE,https://www.wanted.co.kr/wd/256471,update,null,null
DE,https://www.wanted.co.kr/wd/236189,update,null,null
MLE,https://www.wanted.co.kr/wd/253968,update,null,null
MLE,https://www.wanted.co.kr/wd/253794,update,null,null
DA,https://www.wanted.co.kr/wd/240082,update,null,null
DA,https://www.wanted.co.kr/wd/251500,update,null,null
DA,https://www.wanted.co.kr/wd/254847,update,null,null
DA,https://www.wanted.co.kr/wd/255830,update,null,null
FE,https://www.wanted.co.kr/wd/256406,update,null,null
BE,https://www.wanted.co.kr/wd/255620,update,null,null
DE,https://www.wanted.co.kr/wd/253322,update,null,null
FE,https://www.wanted.co.kr/wd/255787,update,null,null
DE,https://www.wanted.co.kr/wd/247011,update,null,null
DA,https://www.wanted.co.kr/wd/254584,update,null,null
MLE,https://www.wanted.co.kr/wd/251846,update,null,null
MLE,https://www.wanted.co.kr/wd/256182,update,null,null
BE,https://www.wanted.co.kr/wd/256240,update,null,null
BE,https://www.wanted.co.kr/wd/256511,update,null,null
DE,https://www.wanted.co.kr/wd/255720,update,null,null
DE,https://www.wanted.co.kr/wd/256660,update,null,null
FE,https://www.wanted.co.kr/wd/255377,update,null,null
FE,https://www.wanted.co.kr/wd/254513,update,null,null
DA,https://www.wanted.co.kr/wd/253145,update,null,null
DA,https://www.wanted.co.kr/wd/85810,update,null,null
DA,https://www.wanted.co.kr/wd/247709,update,null,null
DA,https://www.wanted.co.kr/wd/255814,update,null,null
BE,https://www.wanted.co.kr/wd/254418,update,null,null
BE,https://www.wanted.co.kr/wd/255914,update,null,null
DE,https://www.wanted.co.kr/wd/160880,update,null,null
FE,https://www.wanted.co.kr/wd/255800,update,null,null
BE,https://www.wanted.co.kr/wd/255848,update,null,null
MLE,https://www.wanted.co.kr/wd/253132,update,null,null
MLE,https://www.wanted.co.kr/wd/249541,update,null,null
MLE,https://www.wanted.co.kr/wd/94542,update,null,null
DE,https://www.wanted.co.kr/wd/244681,update,null,null
FE,https://www.wanted.co.kr/wd/256499,update,null,null
BE,https://www.wanted.co.kr/wd/255905,update,null,null
DE,https://www.wanted.co.kr/wd/247509,update,null,null
FE,https://www.wanted.co.kr/wd/256498,update,null,null
DE,https://www.wanted.co.kr/wd/256414,update,null,null
DE,https://www.wanted.co.kr/wd/247828,update,null,null
