2024-12-22 10:46:20,Found the most recent log file: 20241221.log
2024-12-22 10:46:20,Reading existing log file: 20241221.log
2024-12-22 10:46:20,Fetching URL: https://search.incruit.com/list/search.asp?col=job&kw=%B5%A5%C0%CC%C5%CD+%BF%A3%C1%F6%B4%CF%BE%EE&startno=0 (page 0)
2024-12-22 10:46:21,Fetching URL: https://search.incruit.com/list/search.asp?col=job&kw=%B5%A5%C0%CC%C5%CD+%BF%A3%C1%F6%B4%CF%BE%EE&startno=30 (page 1)
2024-12-22 10:46:21,Fetching URL: https://search.incruit.com/list/search.asp?col=job&kw=%B5%A5%C0%CC%C5%CD+%BF%A3%C1%F6%B4%CF%BE%EE&startno=60 (page 2)
2024-12-22 10:46:22,Fetching URL: https://search.incruit.com/list/search.asp?col=job&kw=%B5%A5%C0%CC%C5%CD+%BF%A3%C1%F6%B4%CF%BE%EE&startno=90 (page 3)
2024-12-22 10:46:23,Fetching URL: https://search.incruit.com/list/search.asp?col=job&kw=%B5%A5%C0%CC%C5%CD+%BF%A3%C1%F6%B4%CF%BE%EE&startno=120 (page 4)
2024-12-22 10:46:23,Fetching URL: https://search.incruit.com/list/search.asp?col=job&kw=%B5%A5%C0%CC%C5%CD+%BF%A3%C1%F6%B4%CF%BE%EE&startno=150 (page 5)
2024-12-22 10:46:24,Fetching URL: https://search.incruit.com/list/search.asp?col=job&kw=%B5%A5%C0%CC%C5%CD+%BF%A3%C1%F6%B4%CF%BE%EE&startno=180 (page 6)
2024-12-22 10:46:25,Fetching URL: https://search.incruit.com/list/search.asp?col=job&kw=%B5%A5%C0%CC%C5%CD+%BF%A3%C1%F6%B4%CF%BE%EE&startno=210 (page 7)
2024-12-22 10:46:26,Fetching URL: https://search.incruit.com/list/search.asp?col=job&kw=%B5%A5%C0%CC%C5%CD+%BF%A3%C1%F6%B4%CF%BE%EE&startno=240 (page 8)
2024-12-22 10:46:26,Fetching URL: https://search.incruit.com/list/search.asp?col=job&kw=%B5%A5%C0%CC%C5%CD+%BF%A3%C1%F6%B4%CF%BE%EE&startno=270 (page 9)
2024-12-22 10:46:27,Fetching URL: https://search.incruit.com/list/search.asp?col=job&kw=%B5%A5%C0%CC%C5%CD+%BF%A3%C1%F6%B4%CF%BE%EE&startno=300 (page 10)
2024-12-22 10:46:27,Fetching URL: https://search.incruit.com/list/search.asp?col=job&kw=%B5%A5%C0%CC%C5%CD+%BF%A3%C1%F6%B4%CF%BE%EE&startno=330 (page 11)
2024-12-22 10:46:28,Fetching URL: https://search.incruit.com/list/search.asp?col=job&kw=%B5%A5%C0%CC%C5%CD+%BF%A3%C1%F6%B4%CF%BE%EE&startno=360 (page 12)
2024-12-22 10:46:29,Fetching URL: https://search.incruit.com/list/search.asp?col=job&kw=%B5%A5%C0%CC%C5%CD+%BF%A3%C1%F6%B4%CF%BE%EE&startno=390 (page 13)
2024-12-22 10:46:29,Fetching URL: https://search.incruit.com/list/search.asp?col=job&kw=%B5%A5%C0%CC%C5%CD+%BF%A3%C1%F6%B4%CF%BE%EE&startno=420 (page 14)
2024-12-22 10:46:30,Fetching URL: https://search.incruit.com/list/search.asp?col=job&kw=%B5%A5%C0%CC%C5%CD+%BF%A3%C1%F6%B4%CF%BE%EE&startno=450 (page 15)
2024-12-22 10:46:31,Fetching URL: https://search.incruit.com/list/search.asp?col=job&kw=%B5%A5%C0%CC%C5%CD+%BF%A3%C1%F6%B4%CF%BE%EE&startno=480 (page 16)
2024-12-22 10:46:32,Fetching URL: https://search.incruit.com/list/search.asp?col=job&kw=%B5%A5%C0%CC%C5%CD+%BF%A3%C1%F6%B4%CF%BE%EE&startno=510 (page 17)
2024-12-22 10:46:32,Fetching URL: https://search.incruit.com/list/search.asp?col=job&kw=%B5%A5%C0%CC%C5%CD+%BF%A3%C1%F6%B4%CF%BE%EE&startno=540 (page 18)
2024-12-22 10:46:33,Fetching URL: https://search.incruit.com/list/search.asp?col=job&kw=%B5%A5%C0%CC%C5%CD+%BF%A3%C1%F6%B4%CF%BE%EE&startno=570 (page 19)
2024-12-22 10:46:33,Fetching URL: https://search.incruit.com/list/search.asp?col=job&kw=%B5%A5%C0%CC%C5%CD+%BF%A3%C1%F6%B4%CF%BE%EE&startno=600 (page 20)
2024-12-22 10:46:34,Fetching URL: https://search.incruit.com/list/search.asp?col=job&kw=%B5%A5%C0%CC%C5%CD+%BF%A3%C1%F6%B4%CF%BE%EE&startno=630 (page 21)
2024-12-22 10:46:35,Fetching URL: https://search.incruit.com/list/search.asp?col=job&kw=%B5%A5%C0%CC%C5%CD+%BF%A3%C1%F6%B4%CF%BE%EE&startno=660 (page 22)
2024-12-22 10:46:35,Fetching URL: https://search.incruit.com/list/search.asp?col=job&kw=%B5%A5%C0%CC%C5%CD+%BF%A3%C1%F6%B4%CF%BE%EE&startno=690 (page 23)
2024-12-22 10:46:36,Fetching URL: https://search.incruit.com/list/search.asp?col=job&kw=%B5%A5%C0%CC%C5%CD+%BF%A3%C1%F6%B4%CF%BE%EE&startno=720 (page 24)
2024-12-22 10:46:37,Fetching URL: https://search.incruit.com/list/search.asp?col=job&kw=%B5%A5%C0%CC%C5%CD+%BF%A3%C1%F6%B4%CF%BE%EE&startno=750 (page 25)
2024-12-22 10:46:37,Fetching URL: https://search.incruit.com/list/search.asp?col=job&kw=%B5%A5%C0%CC%C5%CD+%BF%A3%C1%F6%B4%CF%BE%EE&startno=780 (page 26)
2024-12-22 10:46:38,Fetching URL: https://search.incruit.com/list/search.asp?col=job&kw=%B5%A5%C0%CC%C5%CD+%BF%A3%C1%F6%B4%CF%BE%EE&startno=810 (page 27)
2024-12-22 10:46:39,Fetching URL: https://search.incruit.com/list/search.asp?col=job&kw=%B5%A5%C0%CC%C5%CD+%BF%A3%C1%F6%B4%CF%BE%EE&startno=840 (page 28)
2024-12-22 10:46:40,Fetching URL: https://search.incruit.com/list/search.asp?col=job&kw=%B5%A5%C0%CC%C5%CD+%BF%A3%C1%F6%B4%CF%BE%EE&startno=870 (page 29)
2024-12-22 10:46:40,Fetching URL: https://search.incruit.com/list/search.asp?col=job&kw=%B5%A5%C0%CC%C5%CD+%BF%A3%C1%F6%B4%CF%BE%EE&startno=900 (page 30)
2024-12-22 10:46:41,Fetching URL: https://search.incruit.com/list/search.asp?col=job&kw=%B5%A5%C0%CC%C5%CD+%BF%A3%C1%F6%B4%CF%BE%EE&startno=930 (page 31)
2024-12-22 10:46:41,Fetching URL: https://search.incruit.com/list/search.asp?col=job&kw=%B5%A5%C0%CC%C5%CD+%BF%A3%C1%F6%B4%CF%BE%EE&startno=960 (page 32)
2024-12-22 10:46:42,Fetching URL: https://search.incruit.com/list/search.asp?col=job&kw=%B5%A5%C0%CC%C5%CD+%BF%A3%C1%F6%B4%CF%BE%EE&startno=990 (page 33)
2024-12-22 10:46:42,Fetching URL: https://search.incruit.com/list/search.asp?col=job&kw=%B5%A5%C0%CC%C5%CD+%BF%A3%C1%F6%B4%CF%BE%EE&startno=1020 (page 34)
2024-12-22 10:46:42,Fetching URL: https://search.incruit.com/list/search.asp?col=job&kw=%B5%A5%C0%CC%C5%CD+%BF%A3%C1%F6%B4%CF%BE%EE&startno=1050 (page 35)
2024-12-22 10:46:42,Fetching URL: https://search.incruit.com/list/search.asp?col=job&kw=%B5%A5%C0%CC%C5%CD+%BF%A3%C1%F6%B4%CF%BE%EE&startno=1080 (page 36)
2024-12-22 10:46:42,Fetching URL: https://search.incruit.com/list/search.asp?col=job&kw=%B5%A5%C0%CC%C5%CD+%BF%A3%C1%F6%B4%CF%BE%EE&startno=1110 (page 37)
2024-12-22 10:46:42,Fetching URL: https://search.incruit.com/list/search.asp?col=job&kw=%C7%C1%B7%D0%C6%AE&startno=0 (page 0)
2024-12-22 10:46:43,Fetching URL: https://search.incruit.com/list/search.asp?col=job&kw=%C7%C1%B7%D0%C6%AE&startno=30 (page 1)
2024-12-22 10:46:44,Fetching URL: https://search.incruit.com/list/search.asp?col=job&kw=%C7%C1%B7%D0%C6%AE&startno=60 (page 2)
2024-12-22 10:46:44,Fetching URL: https://search.incruit.com/list/search.asp?col=job&kw=%C7%C1%B7%D0%C6%AE&startno=90 (page 3)
2024-12-22 10:46:45,Fetching URL: https://search.incruit.com/list/search.asp?col=job&kw=%C7%C1%B7%D0%C6%AE&startno=120 (page 4)
2024-12-22 10:46:45,Fetching URL: https://search.incruit.com/list/search.asp?col=job&kw=%C7%C1%B7%D0%C6%AE&startno=150 (page 5)
2024-12-22 10:46:46,Fetching URL: https://search.incruit.com/list/search.asp?col=job&kw=%C7%C1%B7%D0%C6%AE&startno=180 (page 6)
2024-12-22 10:46:47,Fetching URL: https://search.incruit.com/list/search.asp?col=job&kw=%C7%C1%B7%D0%C6%AE&startno=210 (page 7)
2024-12-22 10:46:47,Fetching URL: https://search.incruit.com/list/search.asp?col=job&kw=%C7%C1%B7%D0%C6%AE&startno=240 (page 8)
2024-12-22 10:46:48,Fetching URL: https://search.incruit.com/list/search.asp?col=job&kw=%C7%C1%B7%D0%C6%AE&startno=270 (page 9)
2024-12-22 10:46:49,Fetching URL: https://search.incruit.com/list/search.asp?col=job&kw=%C7%C1%B7%D0%C6%AE&startno=300 (page 10)
2024-12-22 10:46:49,Fetching URL: https://search.incruit.com/list/search.asp?col=job&kw=%C7%C1%B7%D0%C6%AE&startno=330 (page 11)
2024-12-22 10:46:50,Fetching URL: https://search.incruit.com/list/search.asp?col=job&kw=%C7%C1%B7%D0%C6%AE&startno=360 (page 12)
2024-12-22 10:46:50,Fetching URL: https://search.incruit.com/list/search.asp?col=job&kw=%C7%C1%B7%D0%C6%AE&startno=390 (page 13)
2024-12-22 10:46:50,Fetching URL: https://search.incruit.com/list/search.asp?col=job&kw=%C7%C1%B7%D0%C6%AE&startno=420 (page 14)
2024-12-22 10:46:50,Fetching URL: https://search.incruit.com/list/search.asp?col=job&kw=%C7%C1%B7%D0%C6%AE&startno=450 (page 15)
2024-12-22 10:46:50,Fetching URL: https://search.incruit.com/list/search.asp?col=job&kw=%C7%C1%B7%D0%C6%AE&startno=480 (page 16)
2024-12-22 10:46:50,Fetching URL: https://search.incruit.com/list/search.asp?col=job&kw=%C7%C1%B7%D0%C6%AE&startno=510 (page 17)
2024-12-22 10:46:50,Fetching URL: https://search.incruit.com/list/search.asp?col=job&kw=%C7%C1%B7%D0%C6%AE&startno=540 (page 18)
2024-12-22 10:46:51,Fetching URL: https://search.incruit.com/list/search.asp?col=job&kw=%C7%C1%B7%D0%C6%AE&startno=570 (page 19)
2024-12-22 10:46:51,Fetching URL: https://search.incruit.com/list/search.asp?col=job&kw=%C7%C1%B7%D0%C6%AE&startno=600 (page 20)
2024-12-22 10:46:51,Fetching URL: https://search.incruit.com/list/search.asp?col=job&kw=%C7%C1%B7%D0%C6%AE&startno=630 (page 21)
2024-12-22 10:46:51,Fetching URL: https://search.incruit.com/list/search.asp?col=job&kw=%C7%C1%B7%D0%C6%AE&startno=660 (page 22)
2024-12-22 10:46:51,Fetching URL: https://search.incruit.com/list/search.asp?col=job&kw=%C7%C1%B7%D0%C6%AE&startno=690 (page 23)
2024-12-22 10:46:51,Fetching URL: https://search.incruit.com/list/search.asp?col=job&kw=%C7%C1%B7%D0%C6%AE&startno=720 (page 24)
2024-12-22 10:46:51,Fetching URL: https://search.incruit.com/list/search.asp?col=job&kw=%C7%C1%B7%D0%C6%AE&startno=750 (page 25)
2024-12-22 10:46:52,Fetching URL: https://search.incruit.com/list/search.asp?col=job&kw=%C7%C1%B7%D0%C6%AE&startno=780 (page 26)
2024-12-22 10:46:52,Fetching URL: https://search.incruit.com/list/search.asp?col=job&kw=%C7%C1%B7%D0%C6%AE&startno=810 (page 27)
2024-12-22 10:46:52,Fetching URL: https://search.incruit.com/list/search.asp?col=job&kw=%C7%C1%B7%D0%C6%AE&startno=840 (page 28)
2024-12-22 10:46:52,Fetching URL: https://search.incruit.com/list/search.asp?col=job&kw=%C7%C1%B7%D0%C6%AE&startno=870 (page 29)
2024-12-22 10:46:52,Fetching URL: https://search.incruit.com/list/search.asp?col=job&kw=%C7%C1%B7%D0%C6%AE&startno=900 (page 30)
2024-12-22 10:46:52,Fetching URL: https://search.incruit.com/list/search.asp?col=job&kw=%C7%C1%B7%D0%C6%AE&startno=930 (page 31)
2024-12-22 10:46:52,Fetching URL: https://search.incruit.com/list/search.asp?col=job&kw=%C7%C1%B7%D0%C6%AE&startno=960 (page 32)
2024-12-22 10:46:53,Fetching URL: https://search.incruit.com/list/search.asp?col=job&kw=%C7%C1%B7%D0%C6%AE&startno=990 (page 33)
2024-12-22 10:46:53,Fetching URL: https://search.incruit.com/list/search.asp?col=job&kw=%C7%C1%B7%D0%C6%AE&startno=1020 (page 34)
2024-12-22 10:46:53,Fetching URL: https://search.incruit.com/list/search.asp?col=job&kw=%C7%C1%B7%D0%C6%AE&startno=1050 (page 35)
2024-12-22 10:46:53,Fetching URL: https://search.incruit.com/list/search.asp?col=job&kw=%C7%C1%B7%D0%C6%AE&startno=1080 (page 36)
2024-12-22 10:46:53,Fetching URL: https://search.incruit.com/list/search.asp?col=job&kw=%C7%C1%B7%D0%C6%AE&startno=1110 (page 37)
2024-12-22 10:46:53,Fetching URL: https://search.incruit.com/list/search.asp?col=job&kw=%B9%E9%BF%A3%B5%E5&startno=0 (page 0)
2024-12-22 10:46:54,Fetching URL: https://search.incruit.com/list/search.asp?col=job&kw=%B9%E9%BF%A3%B5%E5&startno=30 (page 1)
2024-12-22 10:46:55,Fetching URL: https://search.incruit.com/list/search.asp?col=job&kw=%B9%E9%BF%A3%B5%E5&startno=60 (page 2)
2024-12-22 10:46:56,Fetching URL: https://search.incruit.com/list/search.asp?col=job&kw=%B9%E9%BF%A3%B5%E5&startno=90 (page 3)
2024-12-22 10:46:56,Fetching URL: https://search.incruit.com/list/search.asp?col=job&kw=%B9%E9%BF%A3%B5%E5&startno=120 (page 4)
2024-12-22 10:46:57,Fetching URL: https://search.incruit.com/list/search.asp?col=job&kw=%B9%E9%BF%A3%B5%E5&startno=150 (page 5)
2024-12-22 10:46:58,Fetching URL: https://search.incruit.com/list/search.asp?col=job&kw=%B9%E9%BF%A3%B5%E5&startno=180 (page 6)
2024-12-22 10:46:58,Fetching URL: https://search.incruit.com/list/search.asp?col=job&kw=%B9%E9%BF%A3%B5%E5&startno=210 (page 7)
2024-12-22 10:46:59,Fetching URL: https://search.incruit.com/list/search.asp?col=job&kw=%B9%E9%BF%A3%B5%E5&startno=240 (page 8)
2024-12-22 10:47:00,Fetching URL: https://search.incruit.com/list/search.asp?col=job&kw=%B9%E9%BF%A3%B5%E5&startno=270 (page 9)
2024-12-22 10:47:01,Fetching URL: https://search.incruit.com/list/search.asp?col=job&kw=%B9%E9%BF%A3%B5%E5&startno=300 (page 10)
2024-12-22 10:47:01,Fetching URL: https://search.incruit.com/list/search.asp?col=job&kw=%B9%E9%BF%A3%B5%E5&startno=330 (page 11)
2024-12-22 10:47:01,Fetching URL: https://search.incruit.com/list/search.asp?col=job&kw=%B9%E9%BF%A3%B5%E5&startno=360 (page 12)
2024-12-22 10:47:01,Fetching URL: https://search.incruit.com/list/search.asp?col=job&kw=%B9%E9%BF%A3%B5%E5&startno=390 (page 13)
2024-12-22 10:47:01,Fetching URL: https://search.incruit.com/list/search.asp?col=job&kw=%B9%E9%BF%A3%B5%E5&startno=420 (page 14)
2024-12-22 10:47:02,Fetching URL: https://search.incruit.com/list/search.asp?col=job&kw=%B9%E9%BF%A3%B5%E5&startno=450 (page 15)
2024-12-22 10:47:02,Fetching URL: https://search.incruit.com/list/search.asp?col=job&kw=%B9%E9%BF%A3%B5%E5&startno=480 (page 16)
2024-12-22 10:47:02,Fetching URL: https://search.incruit.com/list/search.asp?col=job&kw=%B9%E9%BF%A3%B5%E5&startno=510 (page 17)
2024-12-22 10:47:02,Fetching URL: https://search.incruit.com/list/search.asp?col=job&kw=%B9%E9%BF%A3%B5%E5&startno=540 (page 18)
2024-12-22 10:47:02,Fetching URL: https://search.incruit.com/list/search.asp?col=job&kw=%B9%E9%BF%A3%B5%E5&startno=570 (page 19)
2024-12-22 10:47:02,Fetching URL: https://search.incruit.com/list/search.asp?col=job&kw=%B9%E9%BF%A3%B5%E5&startno=600 (page 20)
2024-12-22 10:47:04,Fetching URL: https://search.incruit.com/list/search.asp?col=job&kw=%B9%E9%BF%A3%B5%E5&startno=630 (page 21)
2024-12-22 10:47:04,Fetching URL: https://search.incruit.com/list/search.asp?col=job&kw=%B9%E9%BF%A3%B5%E5&startno=660 (page 22)
2024-12-22 10:47:04,Fetching URL: https://search.incruit.com/list/search.asp?col=job&kw=%B9%E9%BF%A3%B5%E5&startno=690 (page 23)
2024-12-22 10:47:04,Fetching URL: https://search.incruit.com/list/search.asp?col=job&kw=%B9%E9%BF%A3%B5%E5&startno=720 (page 24)
2024-12-22 10:47:04,Fetching URL: https://search.incruit.com/list/search.asp?col=job&kw=%B9%E9%BF%A3%B5%E5&startno=750 (page 25)
2024-12-22 10:47:04,Fetching URL: https://search.incruit.com/list/search.asp?col=job&kw=%B9%E9%BF%A3%B5%E5&startno=780 (page 26)
2024-12-22 10:47:04,Fetching URL: https://search.incruit.com/list/search.asp?col=job&kw=%B9%E9%BF%A3%B5%E5&startno=810 (page 27)
2024-12-22 10:47:05,Fetching URL: https://search.incruit.com/list/search.asp?col=job&kw=%B9%E9%BF%A3%B5%E5&startno=840 (page 28)
2024-12-22 10:47:05,Fetching URL: https://search.incruit.com/list/search.asp?col=job&kw=%B9%E9%BF%A3%B5%E5&startno=870 (page 29)
2024-12-22 10:47:05,Fetching URL: https://search.incruit.com/list/search.asp?col=job&kw=%B9%E9%BF%A3%B5%E5&startno=900 (page 30)
2024-12-22 10:47:05,Fetching URL: https://search.incruit.com/list/search.asp?col=job&kw=%B9%E9%BF%A3%B5%E5&startno=930 (page 31)
2024-12-22 10:47:05,Fetching URL: https://search.incruit.com/list/search.asp?col=job&kw=%B9%E9%BF%A3%B5%E5&startno=960 (page 32)
2024-12-22 10:47:05,Fetching URL: https://search.incruit.com/list/search.asp?col=job&kw=%B9%E9%BF%A3%B5%E5&startno=990 (page 33)
2024-12-22 10:47:06,Fetching URL: https://search.incruit.com/list/search.asp?col=job&kw=%B9%E9%BF%A3%B5%E5&startno=1020 (page 34)
2024-12-22 10:47:06,Fetching URL: https://search.incruit.com/list/search.asp?col=job&kw=%B9%E9%BF%A3%B5%E5&startno=1050 (page 35)
2024-12-22 10:47:06,Fetching URL: https://search.incruit.com/list/search.asp?col=job&kw=%B9%E9%BF%A3%B5%E5&startno=1080 (page 36)
2024-12-22 10:47:06,Fetching URL: https://search.incruit.com/list/search.asp?col=job&kw=%B9%E9%BF%A3%B5%E5&startno=1110 (page 37)
2024-12-22 10:47:06,Fetching URL: https://search.incruit.com/list/search.asp?col=job&kw=%B5%A5%C0%CC%C5%CD+%BA%D0%BC%AE%B0%A1&startno=0 (page 0)
2024-12-22 10:47:07,Fetching URL: https://search.incruit.com/list/search.asp?col=job&kw=%B5%A5%C0%CC%C5%CD+%BA%D0%BC%AE%B0%A1&startno=30 (page 1)
2024-12-22 10:47:08,Fetching URL: https://search.incruit.com/list/search.asp?col=job&kw=%B5%A5%C0%CC%C5%CD+%BA%D0%BC%AE%B0%A1&startno=60 (page 2)
2024-12-22 10:47:08,Fetching URL: https://search.incruit.com/list/search.asp?col=job&kw=%B5%A5%C0%CC%C5%CD+%BA%D0%BC%AE%B0%A1&startno=90 (page 3)
2024-12-22 10:47:09,Fetching URL: https://search.incruit.com/list/search.asp?col=job&kw=%B5%A5%C0%CC%C5%CD+%BA%D0%BC%AE%B0%A1&startno=120 (page 4)
2024-12-22 10:47:10,Fetching URL: https://search.incruit.com/list/search.asp?col=job&kw=%B5%A5%C0%CC%C5%CD+%BA%D0%BC%AE%B0%A1&startno=150 (page 5)
2024-12-22 10:47:11,Fetching URL: https://search.incruit.com/list/search.asp?col=job&kw=%B5%A5%C0%CC%C5%CD+%BA%D0%BC%AE%B0%A1&startno=180 (page 6)
2024-12-22 10:47:11,Fetching URL: https://search.incruit.com/list/search.asp?col=job&kw=%B5%A5%C0%CC%C5%CD+%BA%D0%BC%AE%B0%A1&startno=210 (page 7)
2024-12-22 10:47:12,Fetching URL: https://search.incruit.com/list/search.asp?col=job&kw=%B5%A5%C0%CC%C5%CD+%BA%D0%BC%AE%B0%A1&startno=240 (page 8)
2024-12-22 10:47:13,Fetching URL: https://search.incruit.com/list/search.asp?col=job&kw=%B5%A5%C0%CC%C5%CD+%BA%D0%BC%AE%B0%A1&startno=270 (page 9)
2024-12-22 10:47:13,Fetching URL: https://search.incruit.com/list/search.asp?col=job&kw=%B5%A5%C0%CC%C5%CD+%BA%D0%BC%AE%B0%A1&startno=300 (page 10)
2024-12-22 10:47:13,Fetching URL: https://search.incruit.com/list/search.asp?col=job&kw=%B5%A5%C0%CC%C5%CD+%BA%D0%BC%AE%B0%A1&startno=330 (page 11)
2024-12-22 10:47:13,Fetching URL: https://search.incruit.com/list/search.asp?col=job&kw=%B5%A5%C0%CC%C5%CD+%BA%D0%BC%AE%B0%A1&startno=360 (page 12)
2024-12-22 10:47:13,Fetching URL: https://search.incruit.com/list/search.asp?col=job&kw=%B5%A5%C0%CC%C5%CD+%BA%D0%BC%AE%B0%A1&startno=390 (page 13)
2024-12-22 10:47:14,Fetching URL: https://search.incruit.com/list/search.asp?col=job&kw=%B5%A5%C0%CC%C5%CD+%BA%D0%BC%AE%B0%A1&startno=420 (page 14)
2024-12-22 10:47:14,Fetching URL: https://search.incruit.com/list/search.asp?col=job&kw=%B5%A5%C0%CC%C5%CD+%BA%D0%BC%AE%B0%A1&startno=450 (page 15)
2024-12-22 10:47:14,Fetching URL: https://search.incruit.com/list/search.asp?col=job&kw=%B5%A5%C0%CC%C5%CD+%BA%D0%BC%AE%B0%A1&startno=480 (page 16)
2024-12-22 10:47:14,Fetching URL: https://search.incruit.com/list/search.asp?col=job&kw=%B5%A5%C0%CC%C5%CD+%BA%D0%BC%AE%B0%A1&startno=510 (page 17)
2024-12-22 10:47:14,Fetching URL: https://search.incruit.com/list/search.asp?col=job&kw=%B5%A5%C0%CC%C5%CD+%BA%D0%BC%AE%B0%A1&startno=540 (page 18)
2024-12-22 10:47:14,Fetching URL: https://search.incruit.com/list/search.asp?col=job&kw=%B5%A5%C0%CC%C5%CD+%BA%D0%BC%AE%B0%A1&startno=570 (page 19)
2024-12-22 10:47:14,Fetching URL: https://search.incruit.com/list/search.asp?col=job&kw=%B5%A5%C0%CC%C5%CD+%BA%D0%BC%AE%B0%A1&startno=600 (page 20)
2024-12-22 10:47:15,Fetching URL: https://search.incruit.com/list/search.asp?col=job&kw=%B5%A5%C0%CC%C5%CD+%BA%D0%BC%AE%B0%A1&startno=630 (page 21)
2024-12-22 10:47:15,Fetching URL: https://search.incruit.com/list/search.asp?col=job&kw=%B5%A5%C0%CC%C5%CD+%BA%D0%BC%AE%B0%A1&startno=660 (page 22)
2024-12-22 10:47:15,Fetching URL: https://search.incruit.com/list/search.asp?col=job&kw=%B5%A5%C0%CC%C5%CD+%BA%D0%BC%AE%B0%A1&startno=690 (page 23)
2024-12-22 10:47:15,Fetching URL: https://search.incruit.com/list/search.asp?col=job&kw=%B5%A5%C0%CC%C5%CD+%BA%D0%BC%AE%B0%A1&startno=720 (page 24)
2024-12-22 10:47:15,Fetching URL: https://search.incruit.com/list/search.asp?col=job&kw=%B5%A5%C0%CC%C5%CD+%BA%D0%BC%AE%B0%A1&startno=750 (page 25)
2024-12-22 10:47:15,Fetching URL: https://search.incruit.com/list/search.asp?col=job&kw=%B5%A5%C0%CC%C5%CD+%BA%D0%BC%AE%B0%A1&startno=780 (page 26)
2024-12-22 10:47:15,Fetching URL: https://search.incruit.com/list/search.asp?col=job&kw=%B5%A5%C0%CC%C5%CD+%BA%D0%BC%AE%B0%A1&startno=810 (page 27)
2024-12-22 10:47:16,Fetching URL: https://search.incruit.com/list/search.asp?col=job&kw=%B5%A5%C0%CC%C5%CD+%BA%D0%BC%AE%B0%A1&startno=840 (page 28)
2024-12-22 10:47:16,Fetching URL: https://search.incruit.com/list/search.asp?col=job&kw=%B5%A5%C0%CC%C5%CD+%BA%D0%BC%AE%B0%A1&startno=870 (page 29)
2024-12-22 10:47:16,Fetching URL: https://search.incruit.com/list/search.asp?col=job&kw=%B5%A5%C0%CC%C5%CD+%BA%D0%BC%AE%B0%A1&startno=900 (page 30)
2024-12-22 10:47:16,Fetching URL: https://search.incruit.com/list/search.asp?col=job&kw=%B5%A5%C0%CC%C5%CD+%BA%D0%BC%AE%B0%A1&startno=930 (page 31)
2024-12-22 10:47:16,Fetching URL: https://search.incruit.com/list/search.asp?col=job&kw=%B5%A5%C0%CC%C5%CD+%BA%D0%BC%AE%B0%A1&startno=960 (page 32)
2024-12-22 10:47:16,Fetching URL: https://search.incruit.com/list/search.asp?col=job&kw=%B5%A5%C0%CC%C5%CD+%BA%D0%BC%AE%B0%A1&startno=990 (page 33)
2024-12-22 10:47:16,Fetching URL: https://search.incruit.com/list/search.asp?col=job&kw=%B5%A5%C0%CC%C5%CD+%BA%D0%BC%AE%B0%A1&startno=1020 (page 34)
2024-12-22 10:47:17,Fetching URL: https://search.incruit.com/list/search.asp?col=job&kw=%B5%A5%C0%CC%C5%CD+%BA%D0%BC%AE%B0%A1&startno=1050 (page 35)
2024-12-22 10:47:17,Fetching URL: https://search.incruit.com/list/search.asp?col=job&kw=%B5%A5%C0%CC%C5%CD+%BA%D0%BC%AE%B0%A1&startno=1080 (page 36)
2024-12-22 10:47:17,Fetching URL: https://search.incruit.com/list/search.asp?col=job&kw=%B5%A5%C0%CC%C5%CD+%BA%D0%BC%AE%B0%A1&startno=1110 (page 37)
2024-12-22 10:47:17,Fetching URL: https://search.incruit.com/list/search.asp?col=job&kw=%B8%D3%BD%C5%B7%AF%B4%D7+%BF%A3%C1%F6%B4%CF%BE%EE&startno=0 (page 0)
2024-12-22 10:47:18,Fetching URL: https://search.incruit.com/list/search.asp?col=job&kw=%B8%D3%BD%C5%B7%AF%B4%D7+%BF%A3%C1%F6%B4%CF%BE%EE&startno=30 (page 1)
2024-12-22 10:47:18,Fetching URL: https://search.incruit.com/list/search.asp?col=job&kw=%B8%D3%BD%C5%B7%AF%B4%D7+%BF%A3%C1%F6%B4%CF%BE%EE&startno=60 (page 2)
2024-12-22 10:47:19,Fetching URL: https://search.incruit.com/list/search.asp?col=job&kw=%B8%D3%BD%C5%B7%AF%B4%D7+%BF%A3%C1%F6%B4%CF%BE%EE&startno=90 (page 3)
2024-12-22 10:47:20,Fetching URL: https://search.incruit.com/list/search.asp?col=job&kw=%B8%D3%BD%C5%B7%AF%B4%D7+%BF%A3%C1%F6%B4%CF%BE%EE&startno=120 (page 4)
2024-12-22 10:47:21,Fetching URL: https://search.incruit.com/list/search.asp?col=job&kw=%B8%D3%BD%C5%B7%AF%B4%D7+%BF%A3%C1%F6%B4%CF%BE%EE&startno=150 (page 5)
2024-12-22 10:47:21,Fetching URL: https://search.incruit.com/list/search.asp?col=job&kw=%B8%D3%BD%C5%B7%AF%B4%D7+%BF%A3%C1%F6%B4%CF%BE%EE&startno=180 (page 6)
2024-12-22 10:47:22,Fetching URL: https://search.incruit.com/list/search.asp?col=job&kw=%B8%D3%BD%C5%B7%AF%B4%D7+%BF%A3%C1%F6%B4%CF%BE%EE&startno=210 (page 7)
2024-12-22 10:47:23,Fetching URL: https://search.incruit.com/list/search.asp?col=job&kw=%B8%D3%BD%C5%B7%AF%B4%D7+%BF%A3%C1%F6%B4%CF%BE%EE&startno=240 (page 8)
2024-12-22 10:47:23,Fetching URL: https://search.incruit.com/list/search.asp?col=job&kw=%B8%D3%BD%C5%B7%AF%B4%D7+%BF%A3%C1%F6%B4%CF%BE%EE&startno=270 (page 9)
2024-12-22 10:47:24,Fetching URL: https://search.incruit.com/list/search.asp?col=job&kw=%B8%D3%BD%C5%B7%AF%B4%D7+%BF%A3%C1%F6%B4%CF%BE%EE&startno=300 (page 10)
2024-12-22 10:47:25,Fetching URL: https://search.incruit.com/list/search.asp?col=job&kw=%B8%D3%BD%C5%B7%AF%B4%D7+%BF%A3%C1%F6%B4%CF%BE%EE&startno=330 (page 11)
2024-12-22 10:47:25,Fetching URL: https://search.incruit.com/list/search.asp?col=job&kw=%B8%D3%BD%C5%B7%AF%B4%D7+%BF%A3%C1%F6%B4%CF%BE%EE&startno=360 (page 12)
2024-12-22 10:47:26,Fetching URL: https://search.incruit.com/list/search.asp?col=job&kw=%B8%D3%BD%C5%B7%AF%B4%D7+%BF%A3%C1%F6%B4%CF%BE%EE&startno=390 (page 13)
2024-12-22 10:47:27,Fetching URL: https://search.incruit.com/list/search.asp?col=job&kw=%B8%D3%BD%C5%B7%AF%B4%D7+%BF%A3%C1%F6%B4%CF%BE%EE&startno=420 (page 14)
2024-12-22 10:47:27,Fetching URL: https://search.incruit.com/list/search.asp?col=job&kw=%B8%D3%BD%C5%B7%AF%B4%D7+%BF%A3%C1%F6%B4%CF%BE%EE&startno=450 (page 15)
2024-12-22 10:47:28,Fetching URL: https://search.incruit.com/list/search.asp?col=job&kw=%B8%D3%BD%C5%B7%AF%B4%D7+%BF%A3%C1%F6%B4%CF%BE%EE&startno=480 (page 16)
2024-12-22 10:47:29,Fetching URL: https://search.incruit.com/list/search.asp?col=job&kw=%B8%D3%BD%C5%B7%AF%B4%D7+%BF%A3%C1%F6%B4%CF%BE%EE&startno=510 (page 17)
2024-12-22 10:47:29,Fetching URL: https://search.incruit.com/list/search.asp?col=job&kw=%B8%D3%BD%C5%B7%AF%B4%D7+%BF%A3%C1%F6%B4%CF%BE%EE&startno=540 (page 18)
2024-12-22 10:47:30,Fetching URL: https://search.incruit.com/list/search.asp?col=job&kw=%B8%D3%BD%C5%B7%AF%B4%D7+%BF%A3%C1%F6%B4%CF%BE%EE&startno=570 (page 19)
2024-12-22 10:47:31,Fetching URL: https://search.incruit.com/list/search.asp?col=job&kw=%B8%D3%BD%C5%B7%AF%B4%D7+%BF%A3%C1%F6%B4%CF%BE%EE&startno=600 (page 20)
2024-12-22 10:47:31,Fetching URL: https://search.incruit.com/list/search.asp?col=job&kw=%B8%D3%BD%C5%B7%AF%B4%D7+%BF%A3%C1%F6%B4%CF%BE%EE&startno=630 (page 21)
2024-12-22 10:47:32,Fetching URL: https://search.incruit.com/list/search.asp?col=job&kw=%B8%D3%BD%C5%B7%AF%B4%D7+%BF%A3%C1%F6%B4%CF%BE%EE&startno=660 (page 22)
2024-12-22 10:47:33,Fetching URL: https://search.incruit.com/list/search.asp?col=job&kw=%B8%D3%BD%C5%B7%AF%B4%D7+%BF%A3%C1%F6%B4%CF%BE%EE&startno=690 (page 23)
2024-12-22 10:47:33,Fetching URL: https://search.incruit.com/list/search.asp?col=job&kw=%B8%D3%BD%C5%B7%AF%B4%D7+%BF%A3%C1%F6%B4%CF%BE%EE&startno=720 (page 24)
2024-12-22 10:47:34,Fetching URL: https://search.incruit.com/list/search.asp?col=job&kw=%B8%D3%BD%C5%B7%AF%B4%D7+%BF%A3%C1%F6%B4%CF%BE%EE&startno=750 (page 25)
2024-12-22 10:47:35,Fetching URL: https://search.incruit.com/list/search.asp?col=job&kw=%B8%D3%BD%C5%B7%AF%B4%D7+%BF%A3%C1%F6%B4%CF%BE%EE&startno=780 (page 26)
2024-12-22 10:47:35,Fetching URL: https://search.incruit.com/list/search.asp?col=job&kw=%B8%D3%BD%C5%B7%AF%B4%D7+%BF%A3%C1%F6%B4%CF%BE%EE&startno=810 (page 27)
2024-12-22 10:47:35,Fetching URL: https://search.incruit.com/list/search.asp?col=job&kw=%B8%D3%BD%C5%B7%AF%B4%D7+%BF%A3%C1%F6%B4%CF%BE%EE&startno=840 (page 28)
2024-12-22 10:47:36,Fetching URL: https://search.incruit.com/list/search.asp?col=job&kw=%B8%D3%BD%C5%B7%AF%B4%D7+%BF%A3%C1%F6%B4%CF%BE%EE&startno=870 (page 29)
2024-12-22 10:47:36,Fetching URL: https://search.incruit.com/list/search.asp?col=job&kw=%B8%D3%BD%C5%B7%AF%B4%D7+%BF%A3%C1%F6%B4%CF%BE%EE&startno=900 (page 30)
2024-12-22 10:47:36,Fetching URL: https://search.incruit.com/list/search.asp?col=job&kw=%B8%D3%BD%C5%B7%AF%B4%D7+%BF%A3%C1%F6%B4%CF%BE%EE&startno=930 (page 31)
2024-12-22 10:47:36,Fetching URL: https://search.incruit.com/list/search.asp?col=job&kw=%B8%D3%BD%C5%B7%AF%B4%D7+%BF%A3%C1%F6%B4%CF%BE%EE&startno=960 (page 32)
2024-12-22 10:47:36,Fetching URL: https://search.incruit.com/list/search.asp?col=job&kw=%B8%D3%BD%C5%B7%AF%B4%D7+%BF%A3%C1%F6%B4%CF%BE%EE&startno=990 (page 33)
2024-12-22 10:47:36,Fetching URL: https://search.incruit.com/list/search.asp?col=job&kw=%B8%D3%BD%C5%B7%AF%B4%D7+%BF%A3%C1%F6%B4%CF%BE%EE&startno=1020 (page 34)
2024-12-22 10:47:36,Fetching URL: https://search.incruit.com/list/search.asp?col=job&kw=%B8%D3%BD%C5%B7%AF%B4%D7+%BF%A3%C1%F6%B4%CF%BE%EE&startno=1050 (page 35)
2024-12-22 10:47:37,Fetching URL: https://search.incruit.com/list/search.asp?col=job&kw=%B8%D3%BD%C5%B7%AF%B4%D7+%BF%A3%C1%F6%B4%CF%BE%EE&startno=1080 (page 36)
2024-12-22 10:47:37,Fetching URL: https://search.incruit.com/list/search.asp?col=job&kw=%B8%D3%BD%C5%B7%AF%B4%D7+%BF%A3%C1%F6%B4%CF%BE%EE&startno=1110 (page 37)
2024-12-22 10:47:37,Crawling completed. Now processing URLs.
2024-12-22 10:47:37,Processed 1487 existing URLs.
2024-12-22 10:47:37,Processed 14 new URLs.
2024-12-22 10:47:37,Processed 16 deleted URLs.
2024-12-22 10:47:37,Log file './incruit/20241222.log' has been written successfully.
