[2024-12-19T12:23:02.371+0900] {taskinstance.py:1157} INFO - Dependencies all met for dep_context=non-requeueable deps ti=<TaskInstance: dag_crawling_to_db.link_crawl manual__2024-12-19T03:22:56+00:00 [queued]>
[2024-12-19T12:23:02.381+0900] {taskinstance.py:1157} INFO - Dependencies all met for dep_context=requeueable deps ti=<TaskInstance: dag_crawling_to_db.link_crawl manual__2024-12-19T03:22:56+00:00 [queued]>
[2024-12-19T12:23:02.381+0900] {taskinstance.py:1359} INFO - Starting attempt 1 of 2
[2024-12-19T12:23:02.395+0900] {taskinstance.py:1380} INFO - Executing <Task(PythonOperator): link_crawl> on 2024-12-19 03:22:56+00:00
[2024-12-19T12:23:02.399+0900] {standard_task_runner.py:57} INFO - Started process 110 to run task
[2024-12-19T12:23:02.402+0900] {standard_task_runner.py:84} INFO - Running: ['***', 'tasks', 'run', 'dag_crawling_to_db', 'link_crawl', 'manual__2024-12-19T03:22:56+00:00', '--job-id', '2', '--raw', '--subdir', 'DAGS_FOLDER/dag_crawling_to_db.py', '--cfg-path', '/tmp/tmpcenmrugd']
[2024-12-19T12:23:02.405+0900] {standard_task_runner.py:85} INFO - Job 2: Subtask link_crawl
[2024-12-19T12:23:02.446+0900] {task_command.py:415} INFO - Running <TaskInstance: dag_crawling_to_db.link_crawl manual__2024-12-19T03:22:56+00:00 [running]> on host 9e2fe3889768
[2024-12-19T12:23:02.650+0900] {taskinstance.py:1660} INFO - Exporting env vars: AIRFLOW_CTX_DAG_OWNER='***' AIRFLOW_CTX_DAG_ID='dag_crawling_to_db' AIRFLOW_CTX_TASK_ID='link_crawl' AIRFLOW_CTX_EXECUTION_DATE='2024-12-19T03:22:56+00:00' AIRFLOW_CTX_TRY_NUMBER='1' AIRFLOW_CTX_DAG_RUN_ID='manual__2024-12-19T03:22:56+00:00'
[2024-12-19T12:23:02.651+0900] {logging_mixin.py:151} INFO - 인크루트url 시작 시간: 2024-12-19 12:23:02
[2024-12-19T12:23:02.651+0900] {logging_mixin.py:151} INFO - 인크루트url 종료 시간: 2024-12-19 12:23:02
[2024-12-19T12:23:07.656+0900] {logging_mixin.py:151} INFO - 잡코리아url 시작 시간: 2024-12-19 12:23:07
[2024-12-19T12:23:07.656+0900] {logging_mixin.py:151} INFO - 잡코리아url 종료 시간: 2024-12-19 12:23:07
[2024-12-19T12:23:12.660+0900] {logging_mixin.py:151} INFO - 점핏url 시작 시간: 2024-12-19 12:23:12
[2024-12-19T12:23:12.660+0900] {logging_mixin.py:151} INFO - 점핏url 종료 시간: 2024-12-19 12:23:12
[2024-12-19T12:23:17.666+0900] {logging_mixin.py:151} INFO - 로켓펀치url 시작 시간: 2024-12-19 12:23:17
[2024-12-19T12:23:17.667+0900] {logging_mixin.py:151} INFO - 로켓펀치url 종료 시간: 2024-12-19 12:23:17
[2024-12-19T12:23:22.670+0900] {logging_mixin.py:151} INFO - 사람인url 시작 시간: 2024-12-19 12:23:22
[2024-12-19T12:23:22.670+0900] {logging_mixin.py:151} INFO - 사람인url 종료 시간: 2024-12-19 12:23:22
[2024-12-19T12:23:27.676+0900] {logging_mixin.py:151} INFO - 원티드url 시작 시간: 2024-12-19 12:23:27
[2024-12-19T12:23:27.676+0900] {logging_mixin.py:151} INFO - 원티드url 종료 시간: 2024-12-19 12:23:27
[2024-12-19T12:23:27.677+0900] {python.py:194} INFO - Done. Returned value was: None
[2024-12-19T12:23:27.690+0900] {taskinstance.py:1398} INFO - Marking task as SUCCESS. dag_id=dag_crawling_to_db, task_id=link_crawl, execution_date=20241219T032256, start_date=20241219T032302, end_date=20241219T032327
[2024-12-19T12:23:27.728+0900] {local_task_job_runner.py:228} INFO - Task exited with return code 0
[2024-12-19T12:23:27.752+0900] {taskinstance.py:2776} INFO - 1 downstream tasks scheduled from follow-on schedule check
