[2024-12-19T17:51:56.730+0900] {taskinstance.py:1157} INFO - Dependencies all met for dep_context=non-requeueable deps ti=<TaskInstance: dag_crawling_to_db.post_crawl manual__2024-12-19T08:49:43+00:00 [queued]>
[2024-12-19T17:51:56.741+0900] {taskinstance.py:1157} INFO - Dependencies all met for dep_context=requeueable deps ti=<TaskInstance: dag_crawling_to_db.post_crawl manual__2024-12-19T08:49:43+00:00 [queued]>
[2024-12-19T17:51:56.741+0900] {taskinstance.py:1359} INFO - Starting attempt 2 of 2
[2024-12-19T17:51:56.755+0900] {taskinstance.py:1380} INFO - Executing <Task(PythonOperator): post_crawl> on 2024-12-19 08:49:43+00:00
[2024-12-19T17:51:56.762+0900] {standard_task_runner.py:57} INFO - Started process 736 to run task
[2024-12-19T17:51:56.764+0900] {standard_task_runner.py:84} INFO - Running: ['***', 'tasks', 'run', 'dag_crawling_to_db', 'post_crawl', 'manual__2024-12-19T08:49:43+00:00', '--job-id', '5', '--raw', '--subdir', 'DAGS_FOLDER/dag_crawling_to_db.py', '--cfg-path', '/tmp/tmpcaom38ld']
[2024-12-19T17:51:56.767+0900] {standard_task_runner.py:85} INFO - Job 5: Subtask post_crawl
[2024-12-19T17:51:56.807+0900] {task_command.py:415} INFO - Running <TaskInstance: dag_crawling_to_db.post_crawl manual__2024-12-19T08:49:43+00:00 [running]> on host 885d0f0d454c
[2024-12-19T17:51:56.876+0900] {taskinstance.py:1660} INFO - Exporting env vars: AIRFLOW_CTX_DAG_OWNER='***' AIRFLOW_CTX_DAG_ID='dag_crawling_to_db' AIRFLOW_CTX_TASK_ID='post_crawl' AIRFLOW_CTX_EXECUTION_DATE='2024-12-19T08:49:43+00:00' AIRFLOW_CTX_TRY_NUMBER='2' AIRFLOW_CTX_DAG_RUN_ID='manual__2024-12-19T08:49:43+00:00'
[2024-12-19T17:51:56.878+0900] {logging_mixin.py:151} INFO - 점핏 시작 시간: 2024-12-19 17:51:56
[2024-12-19T17:51:56.966+0900] {logger.py:11} INFO - ====== WebDriver manager ======
[2024-12-19T17:51:57.024+0900] {logger.py:11} INFO - Get LATEST chromedriver version for google-chrome
[2024-12-19T17:51:57.108+0900] {logger.py:11} INFO - Get LATEST chromedriver version for google-chrome
[2024-12-19T17:51:57.181+0900] {logger.py:11} INFO - Driver [/home/***/.wdm/drivers/chromedriver/linux64/131.0.6778.204/chromedriver-linux64/chromedriver] found in cache
[2024-12-19T17:51:57.272+0900] {logging_mixin.py:151} INFO - 점핏 종료 시간: 2024-12-19 17:51:57
[2024-12-19T17:52:07.282+0900] {logging_mixin.py:151} INFO - 원티드 시작 시간: 2024-12-19 17:52:07
[2024-12-19T17:52:07.296+0900] {credentials.py:1254} INFO - Found credentials in shared credentials file: /code/.aws/credentials
[2024-12-19T17:52:07.595+0900] {logger.py:11} INFO - ====== WebDriver manager ======
[2024-12-19T17:52:07.666+0900] {logger.py:11} INFO - Get LATEST chromedriver version for google-chrome
[2024-12-19T17:52:07.757+0900] {logger.py:11} INFO - Get LATEST chromedriver version for google-chrome
[2024-12-19T17:52:07.841+0900] {logger.py:11} INFO - Driver [/home/***/.wdm/drivers/chromedriver/linux64/131.0.6778.204/chromedriver-linux64/chromedriver] found in cache
[2024-12-19T17:52:07.871+0900] {logging_mixin.py:151} INFO - 원티드 종료 시간: 2024-12-19 17:52:07
[2024-12-19T17:52:07.871+0900] {logging_mixin.py:151} INFO - 인크루트 시작 시간: 2024-12-19 17:52:07
[2024-12-19T17:52:08.596+0900] {logger.py:11} INFO - ====== WebDriver manager ======
[2024-12-19T17:52:08.679+0900] {logger.py:11} INFO - Get LATEST chromedriver version for google-chrome
[2024-12-19T17:52:08.745+0900] {logger.py:11} INFO - Get LATEST chromedriver version for google-chrome
[2024-12-19T17:52:08.805+0900] {logger.py:11} INFO - Driver [/home/***/.wdm/drivers/chromedriver/linux64/131.0.6778.204/chromedriver-linux64/chromedriver] found in cache
[2024-12-19T17:52:08.936+0900] {logging_mixin.py:151} INFO - 인크루트 종료 시간: 2024-12-19 17:52:08
[2024-12-19T17:52:18.946+0900] {logging_mixin.py:151} INFO - 로켓펀치 시작 시간: 2024-12-19 17:52:18
[2024-12-19T17:52:19.087+0900] {logger.py:11} INFO - ====== WebDriver manager ======
[2024-12-19T17:52:19.146+0900] {logger.py:11} INFO - Get LATEST chromedriver version for google-chrome
[2024-12-19T17:52:19.217+0900] {logger.py:11} INFO - Get LATEST chromedriver version for google-chrome
[2024-12-19T17:52:19.281+0900] {logger.py:11} INFO - Driver [/home/***/.wdm/drivers/chromedriver/linux64/131.0.6778.204/chromedriver-linux64/chromedriver] found in cache
[2024-12-19T17:52:19.320+0900] {logging_mixin.py:151} INFO - 로켓펀치 종료 시간: 2024-12-19 17:52:19
[2024-12-19T17:52:29.330+0900] {logging_mixin.py:151} INFO - 잡코리아 시작 시간: 2024-12-19 17:52:29
[2024-12-19T17:52:29.473+0900] {logger.py:11} INFO - ====== WebDriver manager ======
[2024-12-19T17:52:29.536+0900] {logger.py:11} INFO - Get LATEST chromedriver version for google-chrome
[2024-12-19T17:52:29.602+0900] {logger.py:11} INFO - Get LATEST chromedriver version for google-chrome
[2024-12-19T17:52:29.666+0900] {logger.py:11} INFO - Driver [/home/***/.wdm/drivers/chromedriver/linux64/131.0.6778.204/chromedriver-linux64/chromedriver] found in cache
[2024-12-19T17:52:29.692+0900] {taskinstance.py:1935} ERROR - Task failed with exception
Traceback (most recent call last):
  File "/home/airflow/.local/lib/python3.10/site-packages/airflow/operators/python.py", line 192, in execute
    return_value = self.execute_callable()
  File "/home/airflow/.local/lib/python3.10/site-packages/airflow/operators/python.py", line 209, in execute_callable
    return self.python_callable(*self.op_args, **self.op_kwargs)
  File "/code/plugins/post_crawling.py", line 1988, in post_main
    jobkorea_crawling()
  File "/code/plugins/post_crawling.py", line 1311, in jobkorea_crawling
    with open('log.txt', 'r') as log_file:
FileNotFoundError: [Errno 2] No such file or directory: 'log.txt'
[2024-12-19T17:52:29.700+0900] {taskinstance.py:1398} INFO - Marking task as FAILED. dag_id=dag_crawling_to_db, task_id=post_crawl, execution_date=20241219T084943, start_date=20241219T085156, end_date=20241219T085229
[2024-12-19T17:52:29.718+0900] {standard_task_runner.py:104} ERROR - Failed to execute job 5 for task post_crawl ([Errno 2] No such file or directory: 'log.txt'; 736)
[2024-12-19T17:52:29.769+0900] {local_task_job_runner.py:228} INFO - Task exited with return code 1
[2024-12-19T17:52:29.792+0900] {taskinstance.py:2776} INFO - 0 downstream tasks scheduled from follow-on schedule check
