job,url,notice_status,work_status,done_time
BE,https://www.wanted.co.kr/wd/256925,deleted,done,2024-12-28 05:05:11
DE,https://www.wanted.co.kr/wd/159038,deleted,done,2024-12-28 05:05:11
DE,https://www.wanted.co.kr/wd/236189,deleted,done,2024-12-28 05:05:11
BE,https://www.wanted.co.kr/wd/257016,deleted,done,2024-12-28 05:05:11
FE,https://www.wanted.co.kr/wd/250000,deleted,done,2024-12-28 05:05:11
FE,https://www.wanted.co.kr/wd/233424,deleted,done,2024-12-28 05:05:11
FE,https://www.wanted.co.kr/wd/257132,deleted,done,2024-12-28 05:05:11
BE,https://www.wanted.co.kr/wd/255129,deleted,done,2024-12-28 05:05:11
BE,https://www.wanted.co.kr/wd/254418,deleted,done,2024-12-28 05:05:11
DA,https://www.wanted.co.kr/wd/257374,deleted,done,2024-12-28 05:05:11
FE,https://www.wanted.co.kr/wd/255787,deleted,done,2024-12-28 05:05:11
DA,https://www.wanted.co.kr/wd/244533,deleted,done,2024-12-28 05:05:11
FE,https://www.wanted.co.kr/wd/248883,deleted,done,2024-12-28 05:05:11
DA,https://www.wanted.co.kr/wd/255880,deleted,done,2024-12-28 05:05:11
DA,https://www.wanted.co.kr/wd/257360,deleted,done,2024-12-28 05:05:11
DE,https://www.wanted.co.kr/wd/256660,deleted,done,2024-12-28 05:05:11
BE,https://www.wanted.co.kr/wd/256680,deleted,done,2024-12-28 05:05:11
BE,https://www.wanted.co.kr/wd/245599,deleted,done,2024-12-28 05:05:11
DA,https://www.wanted.co.kr/wd/255452,deleted,done,2024-12-28 05:05:11
FE,https://www.wanted.co.kr/wd/247244,deleted,done,2024-12-28 05:05:11
FE,https://www.wanted.co.kr/wd/255128,deleted,done,2024-12-28 05:05:11
FE,https://www.wanted.co.kr/wd/251255,deleted,done,2024-12-28 05:05:11
BE,https://www.wanted.co.kr/wd/224704,deleted,done,2024-12-28 05:05:11
MLE,https://www.wanted.co.kr/wd/253132,deleted,done,2024-12-28 05:05:11
DE,https://www.wanted.co.kr/wd/247509,deleted,done,2024-12-28 05:05:11
BE,https://www.wanted.co.kr/wd/246920,deleted,done,2024-12-28 05:05:11
FE,https://www.wanted.co.kr/wd/255800,deleted,done,2024-12-28 05:05:11
DA,https://www.wanted.co.kr/wd/249740,deleted,done,2024-12-28 05:05:11
DE,https://www.wanted.co.kr/wd/160880,deleted,done,2024-12-28 05:05:11
BE,https://www.wanted.co.kr/wd/255905,deleted,done,2024-12-28 05:05:11
DA,https://www.wanted.co.kr/wd/236632,exist,done,2024-12-28 05:05:11
MLE,https://www.wanted.co.kr/wd/253968,exist,done,2024-12-28 05:05:11
DA,https://www.wanted.co.kr/wd/257088,exist,done,2024-12-28 05:05:11
DE,https://www.wanted.co.kr/wd/245713,exist,done,2024-12-28 05:05:11
DA,https://www.wanted.co.kr/wd/257201,exist,done,2024-12-28 05:05:11
MLE,https://www.wanted.co.kr/wd/249541,exist,done,2024-12-28 05:05:11
MLE,https://www.wanted.co.kr/wd/256471,exist,done,2024-12-28 05:05:11
MLE,https://www.wanted.co.kr/wd/225016,exist,done,2024-12-28 05:05:11
FE,https://www.wanted.co.kr/wd/256242,exist,done,2024-12-28 05:05:11
DA,https://www.wanted.co.kr/wd/254584,exist,done,2024-12-28 05:05:11
DE,https://www.wanted.co.kr/wd/256745,exist,done,2024-12-28 05:05:11
BE,https://www.wanted.co.kr/wd/257202,exist,done,2024-12-28 05:05:11
DE,https://www.wanted.co.kr/wd/251484,exist,done,2024-12-28 05:05:11
DA,https://www.wanted.co.kr/wd/257156,exist,done,2024-12-28 05:05:11
MLE,https://www.wanted.co.kr/wd/208822,exist,done,2024-12-28 05:05:11
DE,https://www.wanted.co.kr/wd/247828,exist,done,2024-12-28 05:05:11
MLE,https://www.wanted.co.kr/wd/236695,exist,done,2024-12-28 05:05:11
MLE,https://www.wanted.co.kr/wd/245705,exist,done,2024-12-28 05:05:11
FE,https://www.wanted.co.kr/wd/255985,exist,done,2024-12-28 05:05:11
DE,https://www.wanted.co.kr/wd/256743,exist,done,2024-12-28 05:05:11
DA,https://www.wanted.co.kr/wd/256543,exist,done,2024-12-28 05:05:11
DE,https://www.wanted.co.kr/wd/239179,exist,done,2024-12-28 05:05:11
MLE,https://www.wanted.co.kr/wd/244779,exist,done,2024-12-28 05:05:11
MLE,https://www.wanted.co.kr/wd/94542,exist,done,2024-12-28 05:05:11
MLE,https://www.wanted.co.kr/wd/253794,exist,done,2024-12-28 05:05:11
MLE,https://www.wanted.co.kr/wd/251846,exist,done,2024-12-28 05:05:11
DE,https://www.wanted.co.kr/wd/257352,exist,done,2024-12-28 05:05:11
BE,https://www.wanted.co.kr/wd/251024,exist,done,2024-12-28 05:05:11
FE,https://www.wanted.co.kr/wd/254691,exist,done,2024-12-28 05:05:11
FE,https://www.wanted.co.kr/wd/258073,update,null,null
BE,https://www.wanted.co.kr/wd/245122,update,null,null
FE,https://www.wanted.co.kr/wd/79146,update,null,null
DE,https://www.wanted.co.kr/wd/257584,update,null,null
DA,https://www.wanted.co.kr/wd/256748,update,null,null
BE,https://www.wanted.co.kr/wd/227956,update,null,null
FE,https://www.wanted.co.kr/wd/229084,update,null,null
DE,https://www.wanted.co.kr/wd/258000,update,null,null
FE,https://www.wanted.co.kr/wd/257300,update,null,null
DA,https://www.wanted.co.kr/wd/257217,update,null,null
BE,https://www.wanted.co.kr/wd/257687,update,null,null
BE,https://www.wanted.co.kr/wd/256780,update,null,null
BE,https://www.wanted.co.kr/wd/245692,update,null,null
FE,https://www.wanted.co.kr/wd/247617,update,null,null
BE,https://www.wanted.co.kr/wd/246075,update,null,null
DA,https://www.wanted.co.kr/wd/258066,update,null,null
BE,https://www.wanted.co.kr/wd/256217,update,null,null
FE,https://www.wanted.co.kr/wd/78227,update,null,null
FE,https://www.wanted.co.kr/wd/257799,update,null,null
DA,https://www.wanted.co.kr/wd/256992,update,null,null
FE,https://www.wanted.co.kr/wd/252494,update,null,null
FE,https://www.wanted.co.kr/wd/258024,update,null,null
DE,https://www.wanted.co.kr/wd/256934,update,null,null
BE,https://www.wanted.co.kr/wd/212669,update,null,null
BE,https://www.wanted.co.kr/wd/252491,update,null,null
MLE,https://www.wanted.co.kr/wd/247540,update,null,null
DA,https://www.wanted.co.kr/wd/251917,update,null,null
DE,https://www.wanted.co.kr/wd/244681,update,null,null
DA,https://www.wanted.co.kr/wd/247709,update,null,null
BE,https://www.wanted.co.kr/wd/257812,update,null,null
MLE,https://www.wanted.co.kr/wd/257815,update,null,null
DE,https://www.wanted.co.kr/wd/256414,update,null,null
