[2024-12-20T23:22:09.231+0900] {taskinstance.py:1157} INFO - Dependencies all met for dep_context=non-requeueable deps ti=<TaskInstance: dag_crawling_to_db.link_crawl manual__2024-12-20T14:21:58+00:00 [queued]>
[2024-12-20T23:22:09.240+0900] {taskinstance.py:1157} INFO - Dependencies all met for dep_context=requeueable deps ti=<TaskInstance: dag_crawling_to_db.link_crawl manual__2024-12-20T14:21:58+00:00 [queued]>
[2024-12-20T23:22:09.240+0900] {taskinstance.py:1359} INFO - Starting attempt 1 of 2
[2024-12-20T23:22:09.253+0900] {taskinstance.py:1380} INFO - Executing <Task(PythonOperator): link_crawl> on 2024-12-20 14:21:58+00:00
[2024-12-20T23:22:09.256+0900] {standard_task_runner.py:57} INFO - Started process 117 to run task
[2024-12-20T23:22:09.259+0900] {standard_task_runner.py:84} INFO - Running: ['***', 'tasks', 'run', 'dag_crawling_to_db', 'link_crawl', 'manual__2024-12-20T14:21:58+00:00', '--job-id', '7', '--raw', '--subdir', 'DAGS_FOLDER/dag_crawling_to_db.py', '--cfg-path', '/tmp/tmpkepshway']
[2024-12-20T23:22:09.262+0900] {standard_task_runner.py:85} INFO - Job 7: Subtask link_crawl
[2024-12-20T23:22:09.302+0900] {task_command.py:415} INFO - Running <TaskInstance: dag_crawling_to_db.link_crawl manual__2024-12-20T14:21:58+00:00 [running]> on host 6cc4d0fc5740
[2024-12-20T23:22:09.380+0900] {taskinstance.py:1660} INFO - Exporting env vars: AIRFLOW_CTX_DAG_OWNER='***' AIRFLOW_CTX_DAG_ID='dag_crawling_to_db' AIRFLOW_CTX_TASK_ID='link_crawl' AIRFLOW_CTX_EXECUTION_DATE='2024-12-20T14:21:58+00:00' AIRFLOW_CTX_TRY_NUMBER='1' AIRFLOW_CTX_DAG_RUN_ID='manual__2024-12-20T14:21:58+00:00'
[2024-12-20T23:22:09.381+0900] {logging_mixin.py:151} INFO - 인크루트url 시작 시간: 2024-12-20 23:22:09
[2024-12-20T23:22:09.381+0900] {logging_mixin.py:151} INFO - 인크루트url 종료 시간: 2024-12-20 23:22:09
[2024-12-20T23:22:14.387+0900] {logging_mixin.py:151} INFO - 잡코리아url 시작 시간: 2024-12-20 23:22:14
[2024-12-20T23:22:14.387+0900] {logging_mixin.py:151} INFO - 잡코리아url 종료 시간: 2024-12-20 23:22:14
[2024-12-20T23:22:19.392+0900] {logging_mixin.py:151} INFO - 점핏url 시작 시간: 2024-12-20 23:22:19
[2024-12-20T23:22:19.392+0900] {logging_mixin.py:151} INFO - 점핏url 종료 시간: 2024-12-20 23:22:19
[2024-12-20T23:22:24.398+0900] {logging_mixin.py:151} INFO - 로켓펀치url 시작 시간: 2024-12-20 23:22:24
[2024-12-20T23:22:24.398+0900] {logging_mixin.py:151} INFO - 로켓펀치url 종료 시간: 2024-12-20 23:22:24
[2024-12-20T23:22:29.400+0900] {logging_mixin.py:151} INFO - 사람인url 시작 시간: 2024-12-20 23:22:29
[2024-12-20T23:22:29.400+0900] {logging_mixin.py:151} INFO - 사람인url 종료 시간: 2024-12-20 23:22:29
[2024-12-20T23:22:34.406+0900] {logging_mixin.py:151} INFO - 원티드url 시작 시간: 2024-12-20 23:22:34
[2024-12-20T23:22:34.406+0900] {logging_mixin.py:151} INFO - 원티드url 종료 시간: 2024-12-20 23:22:34
[2024-12-20T23:22:34.409+0900] {python.py:194} INFO - Done. Returned value was: None
[2024-12-20T23:22:34.417+0900] {taskinstance.py:1398} INFO - Marking task as SUCCESS. dag_id=dag_crawling_to_db, task_id=link_crawl, execution_date=20241220T142158, start_date=20241220T142209, end_date=20241220T142234
[2024-12-20T23:22:34.436+0900] {local_task_job_runner.py:228} INFO - Task exited with return code 0
[2024-12-20T23:22:34.460+0900] {taskinstance.py:2776} INFO - 1 downstream tasks scheduled from follow-on schedule check
