[2024-12-19T09:19:22.525+0900] {taskinstance.py:1157} INFO - Dependencies all met for dep_context=non-requeueable deps ti=<TaskInstance: dag_crawling_to_db.link_crawl manual__2024-12-19T00:08:32+00:00 [queued]>
[2024-12-19T09:19:22.534+0900] {taskinstance.py:1157} INFO - Dependencies all met for dep_context=requeueable deps ti=<TaskInstance: dag_crawling_to_db.link_crawl manual__2024-12-19T00:08:32+00:00 [queued]>
[2024-12-19T09:19:22.535+0900] {taskinstance.py:1359} INFO - Starting attempt 1 of 2
[2024-12-19T09:19:22.549+0900] {taskinstance.py:1380} INFO - Executing <Task(PythonOperator): link_crawl> on 2024-12-19 00:08:32+00:00
[2024-12-19T09:19:22.553+0900] {standard_task_runner.py:57} INFO - Started process 1717 to run task
[2024-12-19T09:19:22.555+0900] {standard_task_runner.py:84} INFO - Running: ['***', 'tasks', 'run', 'dag_crawling_to_db', 'link_crawl', 'manual__2024-12-19T00:08:32+00:00', '--job-id', '10', '--raw', '--subdir', 'DAGS_FOLDER/dag_crawling_to_db.py', '--cfg-path', '/tmp/tmpju2vih0w']
[2024-12-19T09:19:22.558+0900] {standard_task_runner.py:85} INFO - Job 10: Subtask link_crawl
[2024-12-19T09:19:22.600+0900] {task_command.py:415} INFO - Running <TaskInstance: dag_crawling_to_db.link_crawl manual__2024-12-19T00:08:32+00:00 [running]> on host 2da4244d8972
[2024-12-19T09:19:22.670+0900] {taskinstance.py:1660} INFO - Exporting env vars: AIRFLOW_CTX_DAG_OWNER='***' AIRFLOW_CTX_DAG_ID='dag_crawling_to_db' AIRFLOW_CTX_TASK_ID='link_crawl' AIRFLOW_CTX_EXECUTION_DATE='2024-12-19T00:08:32+00:00' AIRFLOW_CTX_TRY_NUMBER='1' AIRFLOW_CTX_DAG_RUN_ID='manual__2024-12-19T00:08:32+00:00'
[2024-12-19T09:19:22.671+0900] {logging_mixin.py:151} INFO - 인크루트 시작 시간: 2024-12-19 09:19:22
[2024-12-19T09:19:22.671+0900] {logging_mixin.py:151} INFO - /code/plugins/incruit
[2024-12-19T09:21:16.821+0900] {logging_mixin.py:151} INFO - 인크루트 종료 시간: 2024-12-19 09:21:16
[2024-12-19T09:21:21.822+0900] {logging_mixin.py:151} INFO - 잡코리아 시작 시간: 2024-12-19 09:21:21
[2024-12-19T09:21:21.833+0900] {credentials.py:1254} INFO - Found credentials in shared credentials file: /code/.aws/credentials
[2024-12-19T09:21:21.880+0900] {logger.py:11} INFO - ====== WebDriver manager ======
[2024-12-19T09:21:21.930+0900] {logger.py:11} INFO - Get LATEST chromedriver version for google-chrome
[2024-12-19T09:21:21.994+0900] {logger.py:11} INFO - Get LATEST chromedriver version for google-chrome
[2024-12-19T09:21:22.071+0900] {logger.py:11} INFO - Driver [/home/***/.wdm/drivers/chromedriver/linux64/131.0.6778.204/chromedriver-linux64/chromedriver] found in cache
[2024-12-19T09:21:22.537+0900] {logging_mixin.py:151} INFO - S3에서 기존 링크를 로드했습니다. 총 52개의 링크.
[2024-12-19T09:21:22.537+0900] {logging_mixin.py:151} INFO - 검색 키워드: 데이터 엔지니어 (DE)
