[2024-12-19T17:27:07.441+0900] {taskinstance.py:1157} INFO - Dependencies all met for dep_context=non-requeueable deps ti=<TaskInstance: dag_crawling_to_db.post_crawl manual__2024-12-19T08:24:56+00:00 [queued]>
[2024-12-19T17:27:07.449+0900] {taskinstance.py:1157} INFO - Dependencies all met for dep_context=requeueable deps ti=<TaskInstance: dag_crawling_to_db.post_crawl manual__2024-12-19T08:24:56+00:00 [queued]>
[2024-12-19T17:27:07.449+0900] {taskinstance.py:1359} INFO - Starting attempt 2 of 2
[2024-12-19T17:27:07.464+0900] {taskinstance.py:1380} INFO - Executing <Task(PythonOperator): post_crawl> on 2024-12-19 08:24:56+00:00
[2024-12-19T17:27:07.469+0900] {standard_task_runner.py:57} INFO - Started process 621 to run task
[2024-12-19T17:27:07.472+0900] {standard_task_runner.py:84} INFO - Running: ['***', 'tasks', 'run', 'dag_crawling_to_db', 'post_crawl', 'manual__2024-12-19T08:24:56+00:00', '--job-id', '5', '--raw', '--subdir', 'DAGS_FOLDER/dag_crawling_to_db.py', '--cfg-path', '/tmp/tmpqncre74l']
[2024-12-19T17:27:07.474+0900] {standard_task_runner.py:85} INFO - Job 5: Subtask post_crawl
[2024-12-19T17:27:07.513+0900] {task_command.py:415} INFO - Running <TaskInstance: dag_crawling_to_db.post_crawl manual__2024-12-19T08:24:56+00:00 [running]> on host 6430ede81e67
[2024-12-19T17:27:07.577+0900] {taskinstance.py:1660} INFO - Exporting env vars: AIRFLOW_CTX_DAG_OWNER='***' AIRFLOW_CTX_DAG_ID='dag_crawling_to_db' AIRFLOW_CTX_TASK_ID='post_crawl' AIRFLOW_CTX_EXECUTION_DATE='2024-12-19T08:24:56+00:00' AIRFLOW_CTX_TRY_NUMBER='2' AIRFLOW_CTX_DAG_RUN_ID='manual__2024-12-19T08:24:56+00:00'
[2024-12-19T17:27:07.578+0900] {logging_mixin.py:151} INFO - 점핏 시작 시간: 2024-12-19 17:27:07
[2024-12-19T17:27:07.666+0900] {logger.py:11} INFO - ====== WebDriver manager ======
[2024-12-19T17:27:07.723+0900] {logger.py:11} INFO - Get LATEST chromedriver version for google-chrome
[2024-12-19T17:27:07.801+0900] {logger.py:11} INFO - Get LATEST chromedriver version for google-chrome
[2024-12-19T17:27:07.878+0900] {logger.py:11} INFO - Driver [/home/***/.wdm/drivers/chromedriver/linux64/131.0.6778.204/chromedriver-linux64/chromedriver] found in cache
[2024-12-19T17:27:08.292+0900] {logging_mixin.py:151} INFO - 점핏 종료 시간: 2024-12-19 17:27:08
[2024-12-19T17:27:18.300+0900] {logging_mixin.py:151} INFO - 원티드 시작 시간: 2024-12-19 17:27:18
[2024-12-19T17:27:18.311+0900] {credentials.py:1254} INFO - Found credentials in shared credentials file: /code/.aws/credentials
[2024-12-19T17:27:18.578+0900] {logger.py:11} INFO - ====== WebDriver manager ======
[2024-12-19T17:27:18.636+0900] {logger.py:11} INFO - Get LATEST chromedriver version for google-chrome
[2024-12-19T17:27:18.715+0900] {logger.py:11} INFO - Get LATEST chromedriver version for google-chrome
[2024-12-19T17:27:18.806+0900] {logger.py:11} INFO - Driver [/home/***/.wdm/drivers/chromedriver/linux64/131.0.6778.204/chromedriver-linux64/chromedriver] found in cache
[2024-12-19T17:27:19.097+0900] {logging_mixin.py:151} INFO - 원티드 종료 시간: 2024-12-19 17:27:19
[2024-12-19T17:27:19.097+0900] {logging_mixin.py:151} INFO - 인크루트 시작 시간: 2024-12-19 17:27:19
[2024-12-19T17:27:19.816+0900] {logger.py:11} INFO - ====== WebDriver manager ======
[2024-12-19T17:27:19.878+0900] {logger.py:11} INFO - Get LATEST chromedriver version for google-chrome
[2024-12-19T17:27:19.941+0900] {logger.py:11} INFO - Get LATEST chromedriver version for google-chrome
[2024-12-19T17:27:20.030+0900] {logger.py:11} INFO - Driver [/home/***/.wdm/drivers/chromedriver/linux64/131.0.6778.204/chromedriver-linux64/chromedriver] found in cache
[2024-12-19T17:27:20.434+0900] {logging_mixin.py:151} INFO - 인크루트 종료 시간: 2024-12-19 17:27:20
[2024-12-19T17:27:30.439+0900] {logging_mixin.py:151} INFO - 로켓펀치 시작 시간: 2024-12-19 17:27:30
[2024-12-19T17:27:30.532+0900] {logger.py:11} INFO - ====== WebDriver manager ======
[2024-12-19T17:27:30.587+0900] {logger.py:11} INFO - Get LATEST chromedriver version for google-chrome
[2024-12-19T17:27:30.654+0900] {logger.py:11} INFO - Get LATEST chromedriver version for google-chrome
[2024-12-19T17:27:30.738+0900] {logger.py:11} INFO - Driver [/home/***/.wdm/drivers/chromedriver/linux64/131.0.6778.204/chromedriver-linux64/chromedriver] found in cache
[2024-12-19T17:27:30.992+0900] {logging_mixin.py:151} INFO - 로켓펀치 종료 시간: 2024-12-19 17:27:30
[2024-12-19T17:27:40.999+0900] {logging_mixin.py:151} INFO - 잡코리아 시작 시간: 2024-12-19 17:27:40
[2024-12-19T17:27:41.062+0900] {taskinstance.py:1935} ERROR - Task failed with exception
Traceback (most recent call last):
  File "/home/airflow/.local/lib/python3.10/site-packages/airflow/operators/python.py", line 192, in execute
    return_value = self.execute_callable()
  File "/home/airflow/.local/lib/python3.10/site-packages/airflow/operators/python.py", line 209, in execute_callable
    return self.python_callable(*self.op_args, **self.op_kwargs)
  File "/code/plugins/post_crawling.py", line 1988, in post_main
    jobkorea_crawling()
  File "/code/plugins/post_crawling.py", line 1185, in jobkorea_crawling
    db = pymysql.connect(
  File "/home/airflow/.local/lib/python3.10/site-packages/pymysql/connections.py", line 297, in __init__
    raise ValueError("port should be of type int")
ValueError: port should be of type int
[2024-12-19T17:27:41.071+0900] {taskinstance.py:1398} INFO - Marking task as FAILED. dag_id=dag_crawling_to_db, task_id=post_crawl, execution_date=20241219T082456, start_date=20241219T082707, end_date=20241219T082741
[2024-12-19T17:27:41.084+0900] {standard_task_runner.py:104} ERROR - Failed to execute job 5 for task post_crawl (port should be of type int; 621)
[2024-12-19T17:27:41.119+0900] {local_task_job_runner.py:228} INFO - Task exited with return code 1
[2024-12-19T17:27:41.140+0900] {taskinstance.py:2776} INFO - 0 downstream tasks scheduled from follow-on schedule check
