job,url,notice_status,work_status,done_time
BE,https://www.wanted.co.kr/wd/231593,update,null,null
BE,https://www.wanted.co.kr/wd/252414,update,null,null
FE,https://www.wanted.co.kr/wd/237342,update,null,null
BE,https://www.wanted.co.kr/wd/250075,update,null,null
FE,https://www.wanted.co.kr/wd/254162,update,null,null
BE,https://www.wanted.co.kr/wd/242312,update,null,null
BE,https://www.wanted.co.kr/wd/253067,update,null,null
DA,https://www.wanted.co.kr/wd/247860,update,null,null
DE,https://www.wanted.co.kr/wd/251118,update,null,null
BE,https://www.wanted.co.kr/wd/169095,update,null,null
BE,https://www.wanted.co.kr/wd/238631,update,null,null
BE,https://www.wanted.co.kr/wd/254405,update,null,null
BE,https://www.wanted.co.kr/wd/238975,update,null,null
BE,https://www.wanted.co.kr/wd/251540,update,null,null
BE,https://www.wanted.co.kr/wd/255279,update,null,null
FE,https://www.wanted.co.kr/wd/229086,update,null,null
BE,https://www.wanted.co.kr/wd/254431,update,null,null
FE,https://www.wanted.co.kr/wd/243992,update,null,null
BE,https://www.wanted.co.kr/wd/253607,update,null,null
FE,https://www.wanted.co.kr/wd/237526,update,null,null
BE,https://www.wanted.co.kr/wd/216068,update,null,null
BE,https://www.wanted.co.kr/wd/216290,update,null,null
DE,https://www.wanted.co.kr/wd/247629,update,null,null
FE,https://www.wanted.co.kr/wd/243315,update,null,null
BE,https://www.wanted.co.kr/wd/254844,update,null,null
FE,https://www.wanted.co.kr/wd/255186,update,null,null
BE,https://www.wanted.co.kr/wd/225840,update,null,null
FE,https://www.wanted.co.kr/wd/255126,update,null,null
BE,https://www.wanted.co.kr/wd/251045,update,null,null
FE,https://www.wanted.co.kr/wd/245450,update,null,null
BE,https://www.wanted.co.kr/wd/253039,update,null,null
BE,https://www.wanted.co.kr/wd/248906,update,null,null
BE,https://www.wanted.co.kr/wd/252406,update,null,null
DA,https://www.wanted.co.kr/wd/240082,update,null,null
BE,https://www.wanted.co.kr/wd/108196,update,null,null
BE,https://www.wanted.co.kr/wd/250929,update,null,null
DA,https://www.wanted.co.kr/wd/246126,update,null,null
BE,https://www.wanted.co.kr/wd/227499,update,null,null
BE,https://www.wanted.co.kr/wd/254245,update,null,null
BE,https://www.wanted.co.kr/wd/253528,update,null,null
DA,https://www.wanted.co.kr/wd/214061,update,null,null
BE,https://www.wanted.co.kr/wd/195643,update,null,null
DE,https://www.wanted.co.kr/wd/84863,update,null,null
BE,https://www.wanted.co.kr/wd/248222,update,null,null
MLE,https://www.wanted.co.kr/wd/253968,update,null,null
BE,https://www.wanted.co.kr/wd/236489,update,null,null
BE,https://www.wanted.co.kr/wd/241189,update,null,null
FE,https://www.wanted.co.kr/wd/254640,update,null,null
BE,https://www.wanted.co.kr/wd/233701,update,null,null
BE,https://www.wanted.co.kr/wd/236452,update,null,null
FE,https://www.wanted.co.kr/wd/238119,update,null,null
DA,https://www.wanted.co.kr/wd/236632,update,null,null
BE,https://www.wanted.co.kr/wd/250297,update,null,null
BE,https://www.wanted.co.kr/wd/179754,update,null,null
BE,https://www.wanted.co.kr/wd/249522,update,null,null
FE,https://www.wanted.co.kr/wd/251199,update,null,null
BE,https://www.wanted.co.kr/wd/241368,update,null,null
BE,https://www.wanted.co.kr/wd/209122,update,null,null
BE,https://www.wanted.co.kr/wd/255182,update,null,null
BE,https://www.wanted.co.kr/wd/254231,update,null,null
FE,https://www.wanted.co.kr/wd/208770,update,null,null
BE,https://www.wanted.co.kr/wd/37535,update,null,null
FE,https://www.wanted.co.kr/wd/58984,update,null,null
FE,https://www.wanted.co.kr/wd/225946,update,null,null
BE,https://www.wanted.co.kr/wd/177989,update,null,null
FE,https://www.wanted.co.kr/wd/249837,update,null,null
BE,https://www.wanted.co.kr/wd/231479,update,null,null
BE,https://www.wanted.co.kr/wd/242642,update,null,null
DA,https://www.wanted.co.kr/wd/250767,update,null,null
BE,https://www.wanted.co.kr/wd/229664,update,null,null
BE,https://www.wanted.co.kr/wd/253284,update,null,null
DA,https://www.wanted.co.kr/wd/245817,update,null,null
BE,https://www.wanted.co.kr/wd/118971,update,null,null
BE,https://www.wanted.co.kr/wd/230448,update,null,null
BE,https://www.wanted.co.kr/wd/228129,update,null,null
BE,https://www.wanted.co.kr/wd/243234,update,null,null
FE,https://www.wanted.co.kr/wd/220136,update,null,null
DE,https://www.wanted.co.kr/wd/159038,update,null,null
BE,https://www.wanted.co.kr/wd/254292,update,null,null
BE,https://www.wanted.co.kr/wd/231273,update,null,null
DE,https://www.wanted.co.kr/wd/244681,update,null,null
BE,https://www.wanted.co.kr/wd/251328,update,null,null
DA,https://www.wanted.co.kr/wd/252399,update,null,null
DE,https://www.wanted.co.kr/wd/233422,update,null,null
BE,https://www.wanted.co.kr/wd/223136,update,null,null
BE,https://www.wanted.co.kr/wd/247966,update,null,null
BE,https://www.wanted.co.kr/wd/247291,update,null,null
BE,https://www.wanted.co.kr/wd/232667,update,null,null
BE,https://www.wanted.co.kr/wd/139191,update,null,null
FE,https://www.wanted.co.kr/wd/239278,update,null,null
BE,https://www.wanted.co.kr/wd/245174,update,null,null
BE,https://www.wanted.co.kr/wd/240752,update,null,null
FE,https://www.wanted.co.kr/wd/251774,update,null,null
DE,https://www.wanted.co.kr/wd/254804,update,null,null
FE,https://www.wanted.co.kr/wd/254174,update,null,null
MLE,https://www.wanted.co.kr/wd/245705,update,null,null
BE,https://www.wanted.co.kr/wd/255209,update,null,null
BE,https://www.wanted.co.kr/wd/241369,update,null,null
BE,https://www.wanted.co.kr/wd/254946,update,null,null
FE,https://www.wanted.co.kr/wd/239915,update,null,null
BE,https://www.wanted.co.kr/wd/240739,update,null,null
DE,https://www.wanted.co.kr/wd/245839,update,null,null
FE,https://www.wanted.co.kr/wd/253598,update,null,null
BE,https://www.wanted.co.kr/wd/201946,update,null,null
BE,https://www.wanted.co.kr/wd/247264,update,null,null
BE,https://www.wanted.co.kr/wd/246472,update,null,null
BE,https://www.wanted.co.kr/wd/253583,update,null,null
FE,https://www.wanted.co.kr/wd/212764,update,null,null
FE,https://www.wanted.co.kr/wd/254370,update,null,null
BE,https://www.wanted.co.kr/wd/231478,update,null,null
BE,https://www.wanted.co.kr/wd/236245,update,null,null
BE,https://www.wanted.co.kr/wd/236481,update,null,null
FE,https://www.wanted.co.kr/wd/223192,update,null,null
FE,https://www.wanted.co.kr/wd/255128,update,null,null
BE,https://www.wanted.co.kr/wd/105491,update,null,null
BE,https://www.wanted.co.kr/wd/143424,update,null,null
BE,https://www.wanted.co.kr/wd/225983,update,null,null
FE,https://www.wanted.co.kr/wd/245717,update,null,null
BE,https://www.wanted.co.kr/wd/255270,update,null,null
BE,https://www.wanted.co.kr/wd/237445,update,null,null
BE,https://www.wanted.co.kr/wd/197730,update,null,null
FE,https://www.wanted.co.kr/wd/252760,update,null,null
BE,https://www.wanted.co.kr/wd/231633,update,null,null
FE,https://www.wanted.co.kr/wd/211925,update,null,null
FE,https://www.wanted.co.kr/wd/238007,update,null,null
FE,https://www.wanted.co.kr/wd/252494,update,null,null
BE,https://www.wanted.co.kr/wd/246839,update,null,null
BE,https://www.wanted.co.kr/wd/242531,update,null,null
FE,https://www.wanted.co.kr/wd/243023,update,null,null
BE,https://www.wanted.co.kr/wd/154312,update,null,null
FE,https://www.wanted.co.kr/wd/254546,update,null,null
FE,https://www.wanted.co.kr/wd/251215,update,null,null
MLE,https://www.wanted.co.kr/wd/253794,update,null,null
BE,https://www.wanted.co.kr/wd/215051,update,null,null
BE,https://www.wanted.co.kr/wd/250487,update,null,null
BE,https://www.wanted.co.kr/wd/251670,update,null,null
BE,https://www.wanted.co.kr/wd/138136,update,null,null
BE,https://www.wanted.co.kr/wd/92592,update,null,null
FE,https://www.wanted.co.kr/wd/218165,update,null,null
BE,https://www.wanted.co.kr/wd/230483,update,null,null
DA,https://www.wanted.co.kr/wd/237519,update,null,null
FE,https://www.wanted.co.kr/wd/219022,update,null,null
FE,https://www.wanted.co.kr/wd/249441,update,null,null
BE,https://www.wanted.co.kr/wd/239076,update,null,null
BE,https://www.wanted.co.kr/wd/188525,update,null,null
FE,https://www.wanted.co.kr/wd/252805,update,null,null
BE,https://www.wanted.co.kr/wd/252890,update,null,null
FE,https://www.wanted.co.kr/wd/205039,update,null,null
FE,https://www.wanted.co.kr/wd/149958,update,null,null
MLE,https://www.wanted.co.kr/wd/249541,update,null,null
FE,https://www.wanted.co.kr/wd/248030,update,null,null
FE,https://www.wanted.co.kr/wd/250336,update,null,null
FE,https://www.wanted.co.kr/wd/248384,update,null,null
BE,https://www.wanted.co.kr/wd/240216,update,null,null
FE,https://www.wanted.co.kr/wd/43273,update,null,null
DA,https://www.wanted.co.kr/wd/254156,update,null,null
FE,https://www.wanted.co.kr/wd/109974,update,null,null
BE,https://www.wanted.co.kr/wd/93620,update,null,null
DA,https://www.wanted.co.kr/wd/249290,update,null,null
DE,https://www.wanted.co.kr/wd/236189,update,null,null
DA,https://www.wanted.co.kr/wd/247111,update,null,null
BE,https://www.wanted.co.kr/wd/205316,update,null,null
BE,https://www.wanted.co.kr/wd/246470,update,null,null
BE,https://www.wanted.co.kr/wd/237078,update,null,null
FE,https://www.wanted.co.kr/wd/245566,update,null,null
BE,https://www.wanted.co.kr/wd/248695,update,null,null
BE,https://www.wanted.co.kr/wd/254098,update,null,null
FE,https://www.wanted.co.kr/wd/165182,update,null,null
BE,https://www.wanted.co.kr/wd/230401,update,null,null
BE,https://www.wanted.co.kr/wd/208073,update,null,null
BE,https://www.wanted.co.kr/wd/216360,update,null,null
BE,https://www.wanted.co.kr/wd/224836,update,null,null
BE,https://www.wanted.co.kr/wd/252946,update,null,null
DA,https://www.wanted.co.kr/wd/119414,update,null,null
FE,https://www.wanted.co.kr/wd/253824,update,null,null
BE,https://www.wanted.co.kr/wd/201137,update,null,null
BE,https://www.wanted.co.kr/wd/241372,update,null,null
BE,https://www.wanted.co.kr/wd/242139,update,null,null
DA,https://www.wanted.co.kr/wd/236633,update,null,null
BE,https://www.wanted.co.kr/wd/254684,update,null,null
BE,https://www.wanted.co.kr/wd/255129,update,null,null
BE,https://www.wanted.co.kr/wd/144972,update,null,null
BE,https://www.wanted.co.kr/wd/253808,update,null,null
BE,https://www.wanted.co.kr/wd/202517,update,null,null
BE,https://www.wanted.co.kr/wd/214516,update,null,null
BE,https://www.wanted.co.kr/wd/223208,update,null,null
DE,https://www.wanted.co.kr/wd/159253,update,null,null
BE,https://www.wanted.co.kr/wd/252629,update,null,null
BE,https://www.wanted.co.kr/wd/91665,update,null,null
FE,https://www.wanted.co.kr/wd/229368,update,null,null
FE,https://www.wanted.co.kr/wd/251952,update,null,null
DA,https://www.wanted.co.kr/wd/235830,update,null,null
DA,https://www.wanted.co.kr/wd/191938,update,null,null
BE,https://www.wanted.co.kr/wd/75323,update,null,null
FE,https://www.wanted.co.kr/wd/232735,update,null,null
DE,https://www.wanted.co.kr/wd/252820,update,null,null
BE,https://www.wanted.co.kr/wd/232077,update,null,null
BE,https://www.wanted.co.kr/wd/59335,update,null,null
BE,https://www.wanted.co.kr/wd/167259,update,null,null
FE,https://www.wanted.co.kr/wd/231619,update,null,null
DA,https://www.wanted.co.kr/wd/244040,update,null,null
FE,https://www.wanted.co.kr/wd/247244,update,null,null
BE,https://www.wanted.co.kr/wd/250224,update,null,null
DA,https://www.wanted.co.kr/wd/250990,update,null,null
BE,https://www.wanted.co.kr/wd/114157,update,null,null
DA,https://www.wanted.co.kr/wd/252337,update,null,null
BE,https://www.wanted.co.kr/wd/252482,update,null,null
FE,https://www.wanted.co.kr/wd/229079,update,null,null
BE,https://www.wanted.co.kr/wd/253610,update,null,null
BE,https://www.wanted.co.kr/wd/18295,update,null,null
BE,https://www.wanted.co.kr/wd/255282,update,null,null
DE,https://www.wanted.co.kr/wd/251109,update,null,null
FE,https://www.wanted.co.kr/wd/241765,update,null,null
DA,https://www.wanted.co.kr/wd/241286,update,null,null
FE,https://www.wanted.co.kr/wd/228017,update,null,null
BE,https://www.wanted.co.kr/wd/251911,update,null,null
FE,https://www.wanted.co.kr/wd/245734,update,null,null
BE,https://www.wanted.co.kr/wd/238073,update,null,null
BE,https://www.wanted.co.kr/wd/236379,update,null,null
BE,https://www.wanted.co.kr/wd/193794,update,null,null
BE,https://www.wanted.co.kr/wd/247010,update,null,null
BE,https://www.wanted.co.kr/wd/254211,update,null,null
BE,https://www.wanted.co.kr/wd/240250,update,null,null
FE,https://www.wanted.co.kr/wd/251255,update,null,null
DA,https://www.wanted.co.kr/wd/233520,update,null,null
DE,https://www.wanted.co.kr/wd/217308,update,null,null
FE,https://www.wanted.co.kr/wd/77145,update,null,null
BE,https://www.wanted.co.kr/wd/228743,update,null,null
BE,https://www.wanted.co.kr/wd/222334,update,null,null
BE,https://www.wanted.co.kr/wd/212530,update,null,null
FE,https://www.wanted.co.kr/wd/136112,update,null,null
DE,https://www.wanted.co.kr/wd/245713,update,null,null
DE,https://www.wanted.co.kr/wd/247230,update,null,null
BE,https://www.wanted.co.kr/wd/231904,update,null,null
DE,https://www.wanted.co.kr/wd/246566,update,null,null
BE,https://www.wanted.co.kr/wd/248930,update,null,null
FE,https://www.wanted.co.kr/wd/129558,update,null,null
BE,https://www.wanted.co.kr/wd/244140,update,null,null
BE,https://www.wanted.co.kr/wd/245411,update,null,null
FE,https://www.wanted.co.kr/wd/231044,update,null,null
BE,https://www.wanted.co.kr/wd/250722,update,null,null
FE,https://www.wanted.co.kr/wd/45003,update,null,null
FE,https://www.wanted.co.kr/wd/253796,update,null,null
FE,https://www.wanted.co.kr/wd/200970,update,null,null
DA,https://www.wanted.co.kr/wd/255386,update,null,null
FE,https://www.wanted.co.kr/wd/138935,update,null,null
DE,https://www.wanted.co.kr/wd/241731,update,null,null
FE,https://www.wanted.co.kr/wd/251092,update,null,null
BE,https://www.wanted.co.kr/wd/249941,update,null,null
BE,https://www.wanted.co.kr/wd/205461,update,null,null
FE,https://www.wanted.co.kr/wd/238718,update,null,null
FE,https://www.wanted.co.kr/wd/251610,update,null,null
FE,https://www.wanted.co.kr/wd/250364,update,null,null
BE,https://www.wanted.co.kr/wd/139067,update,null,null
FE,https://www.wanted.co.kr/wd/249948,update,null,null
BE,https://www.wanted.co.kr/wd/250268,update,null,null
FE,https://www.wanted.co.kr/wd/228964,update,null,null
FE,https://www.wanted.co.kr/wd/223117,update,null,null
BE,https://www.wanted.co.kr/wd/242341,update,null,null
FE,https://www.wanted.co.kr/wd/243770,update,null,null
BE,https://www.wanted.co.kr/wd/148547,update,null,null
BE,https://www.wanted.co.kr/wd/81841,update,null,null
FE,https://www.wanted.co.kr/wd/207714,update,null,null
BE,https://www.wanted.co.kr/wd/225615,update,null,null
FE,https://www.wanted.co.kr/wd/239475,update,null,null
FE,https://www.wanted.co.kr/wd/251190,update,null,null
BE,https://www.wanted.co.kr/wd/246051,update,null,null
BE,https://www.wanted.co.kr/wd/245220,update,null,null
FE,https://www.wanted.co.kr/wd/254015,update,null,null
BE,https://www.wanted.co.kr/wd/222408,update,null,null
FE,https://www.wanted.co.kr/wd/251607,update,null,null
BE,https://www.wanted.co.kr/wd/243249,update,null,null
BE,https://www.wanted.co.kr/wd/247064,update,null,null
MLE,https://www.wanted.co.kr/wd/253132,update,null,null
FE,https://www.wanted.co.kr/wd/218116,update,null,null
DA,https://www.wanted.co.kr/wd/244235,update,null,null
BE,https://www.wanted.co.kr/wd/252929,update,null,null
BE,https://www.wanted.co.kr/wd/249531,update,null,null
FE,https://www.wanted.co.kr/wd/248637,update,null,null
FE,https://www.wanted.co.kr/wd/184902,update,null,null
FE,https://www.wanted.co.kr/wd/224939,update,null,null
BE,https://www.wanted.co.kr/wd/222550,update,null,null
FE,https://www.wanted.co.kr/wd/160283,update,null,null
BE,https://www.wanted.co.kr/wd/244753,update,null,null
BE,https://www.wanted.co.kr/wd/248982,update,null,null
BE,https://www.wanted.co.kr/wd/107200,update,null,null
BE,https://www.wanted.co.kr/wd/253827,update,null,null
FE,https://www.wanted.co.kr/wd/254770,update,null,null
BE,https://www.wanted.co.kr/wd/209640,update,null,null
BE,https://www.wanted.co.kr/wd/240743,update,null,null
FE,https://www.wanted.co.kr/wd/239463,update,null,null
BE,https://www.wanted.co.kr/wd/231846,update,null,null
BE,https://www.wanted.co.kr/wd/240353,update,null,null
BE,https://www.wanted.co.kr/wd/245177,update,null,null
BE,https://www.wanted.co.kr/wd/247783,update,null,null
BE,https://www.wanted.co.kr/wd/249705,update,null,null
FE,https://www.wanted.co.kr/wd/249455,update,null,null
BE,https://www.wanted.co.kr/wd/248675,update,null,null
BE,https://www.wanted.co.kr/wd/145204,update,null,null
BE,https://www.wanted.co.kr/wd/254647,update,null,null
BE,https://www.wanted.co.kr/wd/167146,update,null,null
DA,https://www.wanted.co.kr/wd/245677,update,null,null
BE,https://www.wanted.co.kr/wd/253753,update,null,null
BE,https://www.wanted.co.kr/wd/236055,update,null,null
BE,https://www.wanted.co.kr/wd/225379,update,null,null
FE,https://www.wanted.co.kr/wd/233910,update,null,null
BE,https://www.wanted.co.kr/wd/242023,update,null,null
BE,https://www.wanted.co.kr/wd/220384,update,null,null
FE,https://www.wanted.co.kr/wd/213419,update,null,null
BE,https://www.wanted.co.kr/wd/244162,update,null,null
FE,https://www.wanted.co.kr/wd/247748,update,null,null
BE,https://www.wanted.co.kr/wd/222891,update,null,null
BE,https://www.wanted.co.kr/wd/192256,update,null,null
DA,https://www.wanted.co.kr/wd/252967,update,null,null
BE,https://www.wanted.co.kr/wd/218166,update,null,null
BE,https://www.wanted.co.kr/wd/169285,update,null,null
BE,https://www.wanted.co.kr/wd/254660,update,null,null
FE,https://www.wanted.co.kr/wd/246375,update,null,null
FE,https://www.wanted.co.kr/wd/245758,update,null,null
BE,https://www.wanted.co.kr/wd/249464,update,null,null
FE,https://www.wanted.co.kr/wd/186302,update,null,null
BE,https://www.wanted.co.kr/wd/249465,update,null,null
BE,https://www.wanted.co.kr/wd/241371,update,null,null
BE,https://www.wanted.co.kr/wd/251900,update,null,null
DA,https://www.wanted.co.kr/wd/161632,update,null,null
FE,https://www.wanted.co.kr/wd/242674,update,null,null
BE,https://www.wanted.co.kr/wd/102917,update,null,null
BE,https://www.wanted.co.kr/wd/182859,update,null,null
DA,https://www.wanted.co.kr/wd/220545,update,null,null
BE,https://www.wanted.co.kr/wd/252171,update,null,null
FE,https://www.wanted.co.kr/wd/215580,update,null,null
FE,https://www.wanted.co.kr/wd/212709,update,null,null
BE,https://www.wanted.co.kr/wd/244851,update,null,null
BE,https://www.wanted.co.kr/wd/204403,update,null,null
FE,https://www.wanted.co.kr/wd/247987,update,null,null
BE,https://www.wanted.co.kr/wd/254309,update,null,null
BE,https://www.wanted.co.kr/wd/232075,update,null,null
FE,https://www.wanted.co.kr/wd/200354,update,null,null
FE,https://www.wanted.co.kr/wd/225274,update,null,null
FE,https://www.wanted.co.kr/wd/238502,update,null,null
FE,https://www.wanted.co.kr/wd/254678,update,null,null
BE,https://www.wanted.co.kr/wd/236478,update,null,null
BE,https://www.wanted.co.kr/wd/251888,update,null,null
DE,https://www.wanted.co.kr/wd/219655,update,null,null
BE,https://www.wanted.co.kr/wd/253493,update,null,null
FE,https://www.wanted.co.kr/wd/250640,update,null,null
BE,https://www.wanted.co.kr/wd/220416,update,null,null
FE,https://www.wanted.co.kr/wd/236811,update,null,null
FE,https://www.wanted.co.kr/wd/254669,update,null,null
BE,https://www.wanted.co.kr/wd/253318,update,null,null
BE,https://www.wanted.co.kr/wd/252986,update,null,null
BE,https://www.wanted.co.kr/wd/255047,update,null,null
FE,https://www.wanted.co.kr/wd/207121,update,null,null
BE,https://www.wanted.co.kr/wd/255007,update,null,null
DE,https://www.wanted.co.kr/wd/251535,update,null,null
BE,https://www.wanted.co.kr/wd/248957,update,null,null
BE,https://www.wanted.co.kr/wd/249142,update,null,null
FE,https://www.wanted.co.kr/wd/253627,update,null,null
BE,https://www.wanted.co.kr/wd/241717,update,null,null
DA,https://www.wanted.co.kr/wd/249740,update,null,null
BE,https://www.wanted.co.kr/wd/254837,update,null,null
BE,https://www.wanted.co.kr/wd/251383,update,null,null
BE,https://www.wanted.co.kr/wd/213387,update,null,null
DA,https://www.wanted.co.kr/wd/249033,update,null,null
FE,https://www.wanted.co.kr/wd/233556,update,null,null
DA,https://www.wanted.co.kr/wd/253664,update,null,null
FE,https://www.wanted.co.kr/wd/252383,update,null,null
BE,https://www.wanted.co.kr/wd/228933,update,null,null
DA,https://www.wanted.co.kr/wd/250816,update,null,null
BE,https://www.wanted.co.kr/wd/245979,update,null,null
BE,https://www.wanted.co.kr/wd/209912,update,null,null
FE,https://www.wanted.co.kr/wd/202700,update,null,null
DE,https://www.wanted.co.kr/wd/245843,update,null,null
DE,https://www.wanted.co.kr/wd/227296,update,null,null
BE,https://www.wanted.co.kr/wd/248907,update,null,null
FE,https://www.wanted.co.kr/wd/245167,update,null,null
FE,https://www.wanted.co.kr/wd/253070,update,null,null
BE,https://www.wanted.co.kr/wd/242666,update,null,null
BE,https://www.wanted.co.kr/wd/248148,update,null,null
BE,https://www.wanted.co.kr/wd/253103,update,null,null
MLE,https://www.wanted.co.kr/wd/244779,update,null,null
FE,https://www.wanted.co.kr/wd/152032,update,null,null
BE,https://www.wanted.co.kr/wd/255004,update,null,null
BE,https://www.wanted.co.kr/wd/243239,update,null,null
BE,https://www.wanted.co.kr/wd/250683,update,null,null
BE,https://www.wanted.co.kr/wd/250609,update,null,null
DA,https://www.wanted.co.kr/wd/249546,update,null,null
BE,https://www.wanted.co.kr/wd/123952,update,null,null
FE,https://www.wanted.co.kr/wd/120477,update,null,null
FE,https://www.wanted.co.kr/wd/246462,update,null,null
FE,https://www.wanted.co.kr/wd/254691,update,null,null
BE,https://www.wanted.co.kr/wd/255380,update,null,null
BE,https://www.wanted.co.kr/wd/239276,update,null,null
BE,https://www.wanted.co.kr/wd/212213,update,null,null
FE,https://www.wanted.co.kr/wd/247925,update,null,null
BE,https://www.wanted.co.kr/wd/254114,update,null,null
FE,https://www.wanted.co.kr/wd/254293,update,null,null
FE,https://www.wanted.co.kr/wd/254456,update,null,null
BE,https://www.wanted.co.kr/wd/215462,update,null,null
BE,https://www.wanted.co.kr/wd/253531,update,null,null
BE,https://www.wanted.co.kr/wd/250923,update,null,null
BE,https://www.wanted.co.kr/wd/165836,update,null,null
FE,https://www.wanted.co.kr/wd/245604,update,null,null
BE,https://www.wanted.co.kr/wd/229418,update,null,null
DA,https://www.wanted.co.kr/wd/251566,update,null,null
BE,https://www.wanted.co.kr/wd/252955,update,null,null
FE,https://www.wanted.co.kr/wd/252941,update,null,null
FE,https://www.wanted.co.kr/wd/248170,update,null,null
DE,https://www.wanted.co.kr/wd/251484,update,null,null
BE,https://www.wanted.co.kr/wd/243030,update,null,null
FE,https://www.wanted.co.kr/wd/253175,update,null,null
BE,https://www.wanted.co.kr/wd/144685,update,null,null
BE,https://www.wanted.co.kr/wd/247712,update,null,null
BE,https://www.wanted.co.kr/wd/250882,update,null,null
BE,https://www.wanted.co.kr/wd/196059,update,null,null
DE,https://www.wanted.co.kr/wd/195243,update,null,null
DA,https://www.wanted.co.kr/wd/107009,update,null,null
BE,https://www.wanted.co.kr/wd/254150,update,null,null
DA,https://www.wanted.co.kr/wd/246688,update,null,null
FE,https://www.wanted.co.kr/wd/233107,update,null,null
DA,https://www.wanted.co.kr/wd/194219,update,null,null
FE,https://www.wanted.co.kr/wd/227618,update,null,null
BE,https://www.wanted.co.kr/wd/239594,update,null,null
FE,https://www.wanted.co.kr/wd/159691,update,null,null
FE,https://www.wanted.co.kr/wd/230881,update,null,null
BE,https://www.wanted.co.kr/wd/245124,update,null,null
BE,https://www.wanted.co.kr/wd/246829,update,null,null
BE,https://www.wanted.co.kr/wd/243012,update,null,null
BE,https://www.wanted.co.kr/wd/237481,update,null,null
DA,https://www.wanted.co.kr/wd/210157,update,null,null
FE,https://www.wanted.co.kr/wd/229818,update,null,null
DA,https://www.wanted.co.kr/wd/137254,update,null,null
BE,https://www.wanted.co.kr/wd/106065,update,null,null
BE,https://www.wanted.co.kr/wd/251340,update,null,null
FE,https://www.wanted.co.kr/wd/228620,update,null,null
BE,https://www.wanted.co.kr/wd/233233,update,null,null
FE,https://www.wanted.co.kr/wd/30767,update,null,null
FE,https://www.wanted.co.kr/wd/249633,update,null,null
BE,https://www.wanted.co.kr/wd/255376,update,null,null
BE,https://www.wanted.co.kr/wd/195592,update,null,null
BE,https://www.wanted.co.kr/wd/229077,update,null,null
FE,https://www.wanted.co.kr/wd/251776,update,null,null
FE,https://www.wanted.co.kr/wd/211123,update,null,null
FE,https://www.wanted.co.kr/wd/250875,update,null,null
BE,https://www.wanted.co.kr/wd/219877,update,null,null
BE,https://www.wanted.co.kr/wd/51700,update,null,null
BE,https://www.wanted.co.kr/wd/232850,update,null,null
BE,https://www.wanted.co.kr/wd/205542,update,null,null
BE,https://www.wanted.co.kr/wd/221252,update,null,null
DE,https://www.wanted.co.kr/wd/253322,update,null,null
DE,https://www.wanted.co.kr/wd/254483,update,null,null
FE,https://www.wanted.co.kr/wd/165183,update,null,null
BE,https://www.wanted.co.kr/wd/251616,update,null,null
BE,https://www.wanted.co.kr/wd/242969,update,null,null
FE,https://www.wanted.co.kr/wd/244310,update,null,null
BE,https://www.wanted.co.kr/wd/245396,update,null,null
FE,https://www.wanted.co.kr/wd/92596,update,null,null
FE,https://www.wanted.co.kr/wd/69606,update,null,null
BE,https://www.wanted.co.kr/wd/224486,update,null,null
BE,https://www.wanted.co.kr/wd/218542,update,null,null
BE,https://www.wanted.co.kr/wd/225171,update,null,null
FE,https://www.wanted.co.kr/wd/250887,update,null,null
FE,https://www.wanted.co.kr/wd/193931,update,null,null
FE,https://www.wanted.co.kr/wd/220956,update,null,null
FE,https://www.wanted.co.kr/wd/253378,update,null,null
BE,https://www.wanted.co.kr/wd/245674,update,null,null
FE,https://www.wanted.co.kr/wd/251582,update,null,null
DA,https://www.wanted.co.kr/wd/247524,update,null,null
FE,https://www.wanted.co.kr/wd/251621,update,null,null
FE,https://www.wanted.co.kr/wd/249587,update,null,null
FE,https://www.wanted.co.kr/wd/98514,update,null,null
BE,https://www.wanted.co.kr/wd/254435,update,null,null
BE,https://www.wanted.co.kr/wd/203740,update,null,null
FE,https://www.wanted.co.kr/wd/254144,update,null,null
BE,https://www.wanted.co.kr/wd/240509,update,null,null
DA,https://www.wanted.co.kr/wd/157552,update,null,null
BE,https://www.wanted.co.kr/wd/109188,update,null,null
BE,https://www.wanted.co.kr/wd/209916,update,null,null
FE,https://www.wanted.co.kr/wd/252404,update,null,null
FE,https://www.wanted.co.kr/wd/241350,update,null,null
FE,https://www.wanted.co.kr/wd/243603,update,null,null
FE,https://www.wanted.co.kr/wd/195494,update,null,null
BE,https://www.wanted.co.kr/wd/243843,update,null,null
BE,https://www.wanted.co.kr/wd/17243,update,null,null
DA,https://www.wanted.co.kr/wd/250190,update,null,null
FE,https://www.wanted.co.kr/wd/245428,update,null,null
DA,https://www.wanted.co.kr/wd/241921,update,null,null
BE,https://www.wanted.co.kr/wd/202870,update,null,null
FE,https://www.wanted.co.kr/wd/254433,update,null,null
FE,https://www.wanted.co.kr/wd/214482,update,null,null
FE,https://www.wanted.co.kr/wd/220132,update,null,null
FE,https://www.wanted.co.kr/wd/251008,update,null,null
BE,https://www.wanted.co.kr/wd/29390,update,null,null
BE,https://www.wanted.co.kr/wd/254702,update,null,null
BE,https://www.wanted.co.kr/wd/254418,update,null,null
BE,https://www.wanted.co.kr/wd/244317,update,null,null
BE,https://www.wanted.co.kr/wd/252223,update,null,null
BE,https://www.wanted.co.kr/wd/233146,update,null,null
BE,https://www.wanted.co.kr/wd/233119,update,null,null
FE,https://www.wanted.co.kr/wd/162431,update,null,null
BE,https://www.wanted.co.kr/wd/253137,update,null,null
BE,https://www.wanted.co.kr/wd/218163,update,null,null
BE,https://www.wanted.co.kr/wd/159949,update,null,null
FE,https://www.wanted.co.kr/wd/253716,update,null,null
BE,https://www.wanted.co.kr/wd/247551,update,null,null
BE,https://www.wanted.co.kr/wd/210953,update,null,null
BE,https://www.wanted.co.kr/wd/246519,update,null,null
BE,https://www.wanted.co.kr/wd/247313,update,null,null
FE,https://www.wanted.co.kr/wd/249574,update,null,null
FE,https://www.wanted.co.kr/wd/243275,update,null,null
DA,https://www.wanted.co.kr/wd/252207,update,null,null
BE,https://www.wanted.co.kr/wd/254653,update,null,null
BE,https://www.wanted.co.kr/wd/221433,update,null,null
BE,https://www.wanted.co.kr/wd/171459,update,null,null
FE,https://www.wanted.co.kr/wd/250423,update,null,null
DA,https://www.wanted.co.kr/wd/228935,update,null,null
FE,https://www.wanted.co.kr/wd/229817,update,null,null
FE,https://www.wanted.co.kr/wd/233837,update,null,null
FE,https://www.wanted.co.kr/wd/251436,update,null,null
BE,https://www.wanted.co.kr/wd/250612,update,null,null
FE,https://www.wanted.co.kr/wd/230255,update,null,null
FE,https://www.wanted.co.kr/wd/237670,update,null,null
FE,https://www.wanted.co.kr/wd/230222,update,null,null
BE,https://www.wanted.co.kr/wd/249333,update,null,null
FE,https://www.wanted.co.kr/wd/255379,update,null,null
DE,https://www.wanted.co.kr/wd/247828,update,null,null
BE,https://www.wanted.co.kr/wd/247305,update,null,null
DA,https://www.wanted.co.kr/wd/251564,update,null,null
BE,https://www.wanted.co.kr/wd/247417,update,null,null
BE,https://www.wanted.co.kr/wd/206447,update,null,null
BE,https://www.wanted.co.kr/wd/218617,update,null,null
BE,https://www.wanted.co.kr/wd/251657,update,null,null
FE,https://www.wanted.co.kr/wd/246909,update,null,null
FE,https://www.wanted.co.kr/wd/244458,update,null,null
FE,https://www.wanted.co.kr/wd/253935,update,null,null
MLE,https://www.wanted.co.kr/wd/94542,update,null,null
DA,https://www.wanted.co.kr/wd/249214,update,null,null
BE,https://www.wanted.co.kr/wd/249523,update,null,null
BE,https://www.wanted.co.kr/wd/253738,update,null,null
FE,https://www.wanted.co.kr/wd/255468,update,null,null
MLE,https://www.wanted.co.kr/wd/251846,update,null,null
FE,https://www.wanted.co.kr/wd/220823,update,null,null
BE,https://www.wanted.co.kr/wd/255314,update,null,null
BE,https://www.wanted.co.kr/wd/255185,update,null,null
FE,https://www.wanted.co.kr/wd/59566,update,null,null
BE,https://www.wanted.co.kr/wd/157917,update,null,null
FE,https://www.wanted.co.kr/wd/253723,update,null,null
BE,https://www.wanted.co.kr/wd/253233,update,null,null
DE,https://www.wanted.co.kr/wd/243708,update,null,null
FE,https://www.wanted.co.kr/wd/251327,update,null,null
BE,https://www.wanted.co.kr/wd/253667,update,null,null
FE,https://www.wanted.co.kr/wd/254513,update,null,null
BE,https://www.wanted.co.kr/wd/237823,update,null,null
BE,https://www.wanted.co.kr/wd/243549,update,null,null
MLE,https://www.wanted.co.kr/wd/225016,update,null,null
FE,https://www.wanted.co.kr/wd/224237,update,null,null
BE,https://www.wanted.co.kr/wd/250476,update,null,null
FE,https://www.wanted.co.kr/wd/246025,update,null,null
DE,https://www.wanted.co.kr/wd/226308,update,null,null
FE,https://www.wanted.co.kr/wd/242725,update,null,null
FE,https://www.wanted.co.kr/wd/253813,update,null,null
DE,https://www.wanted.co.kr/wd/247391,update,null,null
BE,https://www.wanted.co.kr/wd/251979,update,null,null
BE,https://www.wanted.co.kr/wd/238524,update,null,null
BE,https://www.wanted.co.kr/wd/246176,update,null,null
FE,https://www.wanted.co.kr/wd/224840,update,null,null
DA,https://www.wanted.co.kr/wd/252722,update,null,null
DA,https://www.wanted.co.kr/wd/224170,update,null,null
DA,https://www.wanted.co.kr/wd/254584,update,null,null
BE,https://www.wanted.co.kr/wd/242470,update,null,null
BE,https://www.wanted.co.kr/wd/245545,update,null,null
BE,https://www.wanted.co.kr/wd/237142,update,null,null
FE,https://www.wanted.co.kr/wd/216770,update,null,null
BE,https://www.wanted.co.kr/wd/245161,update,null,null
BE,https://www.wanted.co.kr/wd/253643,update,null,null
BE,https://www.wanted.co.kr/wd/235887,update,null,null
BE,https://www.wanted.co.kr/wd/240930,update,null,null
DE,https://www.wanted.co.kr/wd/247877,update,null,null
DA,https://www.wanted.co.kr/wd/242110,update,null,null
DA,https://www.wanted.co.kr/wd/221127,update,null,null
FE,https://www.wanted.co.kr/wd/167055,update,null,null
FE,https://www.wanted.co.kr/wd/166293,update,null,null
DE,https://www.wanted.co.kr/wd/65802,update,null,null
BE,https://www.wanted.co.kr/wd/254911,update,null,null
MLE,https://www.wanted.co.kr/wd/236695,update,null,null
FE,https://www.wanted.co.kr/wd/236045,update,null,null
BE,https://www.wanted.co.kr/wd/220377,update,null,null
DA,https://www.wanted.co.kr/wd/253145,update,null,null
MLE,https://www.wanted.co.kr/wd/208822,update,null,null
BE,https://www.wanted.co.kr/wd/106979,update,null,null
FE,https://www.wanted.co.kr/wd/203961,update,null,null
BE,https://www.wanted.co.kr/wd/228357,update,null,null
BE,https://www.wanted.co.kr/wd/250560,update,null,null
FE,https://www.wanted.co.kr/wd/252413,update,null,null
FE,https://www.wanted.co.kr/wd/244971,update,null,null
FE,https://www.wanted.co.kr/wd/194626,update,null,null
BE,https://www.wanted.co.kr/wd/253676,update,null,null
FE,https://www.wanted.co.kr/wd/158199,update,null,null
FE,https://www.wanted.co.kr/wd/253223,update,null,null
FE,https://www.wanted.co.kr/wd/248210,update,null,null
FE,https://www.wanted.co.kr/wd/231707,update,null,null
FE,https://www.wanted.co.kr/wd/254320,update,null,null
DA,https://www.wanted.co.kr/wd/209268,update,null,null
BE,https://www.wanted.co.kr/wd/192989,update,null,null
FE,https://www.wanted.co.kr/wd/186596,update,null,null
BE,https://www.wanted.co.kr/wd/253671,update,null,null
FE,https://www.wanted.co.kr/wd/255017,update,null,null
FE,https://www.wanted.co.kr/wd/90322,update,null,null
DA,https://www.wanted.co.kr/wd/246127,update,null,null
FE,https://www.wanted.co.kr/wd/213763,update,null,null
BE,https://www.wanted.co.kr/wd/196506,update,null,null
FE,https://www.wanted.co.kr/wd/221374,update,null,null
BE,https://www.wanted.co.kr/wd/227956,update,null,null
FE,https://www.wanted.co.kr/wd/249517,update,null,null
BE,https://www.wanted.co.kr/wd/230141,update,null,null
BE,https://www.wanted.co.kr/wd/213427,update,null,null
BE,https://www.wanted.co.kr/wd/244962,update,null,null
DA,https://www.wanted.co.kr/wd/251458,update,null,null
FE,https://www.wanted.co.kr/wd/180609,update,null,null
FE,https://www.wanted.co.kr/wd/168257,update,null,null
BE,https://www.wanted.co.kr/wd/233000,update,null,null
BE,https://www.wanted.co.kr/wd/251654,update,null,null
FE,https://www.wanted.co.kr/wd/194430,update,null,null
BE,https://www.wanted.co.kr/wd/253582,update,null,null
BE,https://www.wanted.co.kr/wd/254732,update,null,null
BE,https://www.wanted.co.kr/wd/215576,update,null,null
BE,https://www.wanted.co.kr/wd/253463,update,null,null
DA,https://www.wanted.co.kr/wd/247709,update,null,null
BE,https://www.wanted.co.kr/wd/254014,update,null,null
BE,https://www.wanted.co.kr/wd/139895,update,null,null
DE,https://www.wanted.co.kr/wd/168560,update,null,null
BE,https://www.wanted.co.kr/wd/57878,update,null,null
BE,https://www.wanted.co.kr/wd/203326,update,null,null
FE,https://www.wanted.co.kr/wd/91556,update,null,null
FE,https://www.wanted.co.kr/wd/252956,update,null,null
FE,https://www.wanted.co.kr/wd/229084,update,null,null
BE,https://www.wanted.co.kr/wd/252292,update,null,null
DA,https://www.wanted.co.kr/wd/252515,update,null,null
FE,https://www.wanted.co.kr/wd/251011,update,null,null
BE,https://www.wanted.co.kr/wd/248197,update,null,null
BE,https://www.wanted.co.kr/wd/243618,update,null,null
FE,https://www.wanted.co.kr/wd/255052,update,null,null
BE,https://www.wanted.co.kr/wd/199235,update,null,null
BE,https://www.wanted.co.kr/wd/250606,update,null,null
FE,https://www.wanted.co.kr/wd/249123,update,null,null
BE,https://www.wanted.co.kr/wd/253834,update,null,null
FE,https://www.wanted.co.kr/wd/254099,update,null,null
DA,https://www.wanted.co.kr/wd/250915,update,null,null
BE,https://www.wanted.co.kr/wd/240318,update,null,null
BE,https://www.wanted.co.kr/wd/246446,update,null,null
BE,https://www.wanted.co.kr/wd/234830,update,null,null
FE,https://www.wanted.co.kr/wd/246218,update,null,null
FE,https://www.wanted.co.kr/wd/233424,update,null,null
FE,https://www.wanted.co.kr/wd/204659,update,null,null
BE,https://www.wanted.co.kr/wd/251963,update,null,null
BE,https://www.wanted.co.kr/wd/254654,update,null,null
FE,https://www.wanted.co.kr/wd/212583,update,null,null
FE,https://www.wanted.co.kr/wd/222449,update,null,null
BE,https://www.wanted.co.kr/wd/253819,update,null,null
BE,https://www.wanted.co.kr/wd/255045,update,null,null
FE,https://www.wanted.co.kr/wd/237316,update,null,null
FE,https://www.wanted.co.kr/wd/255234,update,null,null
BE,https://www.wanted.co.kr/wd/237344,update,null,null
BE,https://www.wanted.co.kr/wd/224241,update,null,null
DA,https://www.wanted.co.kr/wd/240754,update,null,null
BE,https://www.wanted.co.kr/wd/187397,update,null,null
FE,https://www.wanted.co.kr/wd/198172,update,null,null
BE,https://www.wanted.co.kr/wd/254855,update,null,null
BE,https://www.wanted.co.kr/wd/202636,update,null,null
FE,https://www.wanted.co.kr/wd/254271,update,null,null
FE,https://www.wanted.co.kr/wd/253745,update,null,null
BE,https://www.wanted.co.kr/wd/250599,update,null,null
FE,https://www.wanted.co.kr/wd/228957,update,null,null
BE,https://www.wanted.co.kr/wd/236450,update,null,null
BE,https://www.wanted.co.kr/wd/251007,update,null,null
FE,https://www.wanted.co.kr/wd/218462,update,null,null
BE,https://www.wanted.co.kr/wd/253578,update,null,null
BE,https://www.wanted.co.kr/wd/233546,update,null,null
FE,https://www.wanted.co.kr/wd/163866,update,null,null
BE,https://www.wanted.co.kr/wd/212669,update,null,null
FE,https://www.wanted.co.kr/wd/255367,update,null,null
BE,https://www.wanted.co.kr/wd/243761,update,null,null
BE,https://www.wanted.co.kr/wd/49164,update,null,null
BE,https://www.wanted.co.kr/wd/245439,update,null,null
BE,https://www.wanted.co.kr/wd/116149,update,null,null
FE,https://www.wanted.co.kr/wd/244388,update,null,null
MLE,https://www.wanted.co.kr/wd/250617,update,null,null
DA,https://www.wanted.co.kr/wd/180914,update,null,null
BE,https://www.wanted.co.kr/wd/251939,update,null,null
BE,https://www.wanted.co.kr/wd/220568,update,null,null
FE,https://www.wanted.co.kr/wd/231537,update,null,null
FE,https://www.wanted.co.kr/wd/225687,update,null,null
FE,https://www.wanted.co.kr/wd/155464,update,null,null
FE,https://www.wanted.co.kr/wd/254177,update,null,null
DA,https://www.wanted.co.kr/wd/234884,update,null,null
BE,https://www.wanted.co.kr/wd/245323,update,null,null
FE,https://www.wanted.co.kr/wd/219415,update,null,null
FE,https://www.wanted.co.kr/wd/238093,update,null,null
FE,https://www.wanted.co.kr/wd/207573,update,null,null
FE,https://www.wanted.co.kr/wd/253537,update,null,null
FE,https://www.wanted.co.kr/wd/237775,update,null,null
BE,https://www.wanted.co.kr/wd/230306,update,null,null
FE,https://www.wanted.co.kr/wd/239461,update,null,null
FE,https://www.wanted.co.kr/wd/45651,update,null,null
BE,https://www.wanted.co.kr/wd/251250,update,null,null
FE,https://www.wanted.co.kr/wd/252509,update,null,null
BE,https://www.wanted.co.kr/wd/195493,update,null,null
BE,https://www.wanted.co.kr/wd/175818,update,null,null
BE,https://www.wanted.co.kr/wd/198858,update,null,null
BE,https://www.wanted.co.kr/wd/246217,update,null,null
FE,https://www.wanted.co.kr/wd/143749,update,null,null
BE,https://www.wanted.co.kr/wd/85836,update,null,null
BE,https://www.wanted.co.kr/wd/224782,update,null,null
BE,https://www.wanted.co.kr/wd/254643,update,null,null
BE,https://www.wanted.co.kr/wd/240305,update,null,null
BE,https://www.wanted.co.kr/wd/252725,update,null,null
BE,https://www.wanted.co.kr/wd/253052,update,null,null
FE,https://www.wanted.co.kr/wd/197139,update,null,null
BE,https://www.wanted.co.kr/wd/149981,update,null,null
BE,https://www.wanted.co.kr/wd/238006,update,null,null
FE,https://www.wanted.co.kr/wd/236825,update,null,null
FE,https://www.wanted.co.kr/wd/251223,update,null,null
BE,https://www.wanted.co.kr/wd/251721,update,null,null
BE,https://www.wanted.co.kr/wd/248562,update,null,null
BE,https://www.wanted.co.kr/wd/107038,update,null,null
BE,https://www.wanted.co.kr/wd/251222,update,null,null
BE,https://www.wanted.co.kr/wd/238973,update,null,null
BE,https://www.wanted.co.kr/wd/178580,update,null,null
DA,https://www.wanted.co.kr/wd/208291,update,null,null
BE,https://www.wanted.co.kr/wd/126609,update,null,null
BE,https://www.wanted.co.kr/wd/218770,update,null,null
FE,https://www.wanted.co.kr/wd/218461,update,null,null
BE,https://www.wanted.co.kr/wd/224005,update,null,null
FE,https://www.wanted.co.kr/wd/227689,update,null,null
BE,https://www.wanted.co.kr/wd/253622,update,null,null
FE,https://www.wanted.co.kr/wd/130448,update,null,null
DA,https://www.wanted.co.kr/wd/252969,update,null,null
BE,https://www.wanted.co.kr/wd/250280,update,null,null
FE,https://www.wanted.co.kr/wd/245983,update,null,null
DA,https://www.wanted.co.kr/wd/251026,update,null,null
BE,https://www.wanted.co.kr/wd/124999,update,null,null
BE,https://www.wanted.co.kr/wd/255364,update,null,null
BE,https://www.wanted.co.kr/wd/151721,update,null,null
FE,https://www.wanted.co.kr/wd/254481,update,null,null
BE,https://www.wanted.co.kr/wd/252333,update,null,null
DA,https://www.wanted.co.kr/wd/250206,update,null,null
BE,https://www.wanted.co.kr/wd/184268,update,null,null
FE,https://www.wanted.co.kr/wd/255271,update,null,null
DE,https://www.wanted.co.kr/wd/252262,update,null,null
FE,https://www.wanted.co.kr/wd/253136,update,null,null
BE,https://www.wanted.co.kr/wd/242152,update,null,null
BE,https://www.wanted.co.kr/wd/240895,update,null,null
DA,https://www.wanted.co.kr/wd/254356,update,null,null
FE,https://www.wanted.co.kr/wd/250878,update,null,null
BE,https://www.wanted.co.kr/wd/147952,update,null,null
FE,https://www.wanted.co.kr/wd/255418,update,null,null
FE,https://www.wanted.co.kr/wd/238483,update,null,null
BE,https://www.wanted.co.kr/wd/247903,update,null,null
BE,https://www.wanted.co.kr/wd/254451,update,null,null
FE,https://www.wanted.co.kr/wd/229004,update,null,null
BE,https://www.wanted.co.kr/wd/211877,update,null,null
FE,https://www.wanted.co.kr/wd/250548,update,null,null
FE,https://www.wanted.co.kr/wd/207291,update,null,null
FE,https://www.wanted.co.kr/wd/248147,update,null,null
FE,https://www.wanted.co.kr/wd/246077,update,null,null
FE,https://www.wanted.co.kr/wd/238021,update,null,null
FE,https://www.wanted.co.kr/wd/205372,update,null,null
BE,https://www.wanted.co.kr/wd/254698,update,null,null
FE,https://www.wanted.co.kr/wd/104015,update,null,null
BE,https://www.wanted.co.kr/wd/249497,update,null,null
BE,https://www.wanted.co.kr/wd/216710,update,null,null
DA,https://www.wanted.co.kr/wd/220540,update,null,null
BE,https://www.wanted.co.kr/wd/252800,update,null,null
FE,https://www.wanted.co.kr/wd/147050,update,null,null
BE,https://www.wanted.co.kr/wd/231232,update,null,null
BE,https://www.wanted.co.kr/wd/251024,update,null,null
BE,https://www.wanted.co.kr/wd/244996,update,null,null
FE,https://www.wanted.co.kr/wd/217825,update,null,null
BE,https://www.wanted.co.kr/wd/212559,update,null,null
DA,https://www.wanted.co.kr/wd/242037,update,null,null
BE,https://www.wanted.co.kr/wd/246455,update,null,null
FE,https://www.wanted.co.kr/wd/252735,update,null,null
DE,https://www.wanted.co.kr/wd/248491,update,null,null
BE,https://www.wanted.co.kr/wd/206903,update,null,null
BE,https://www.wanted.co.kr/wd/252695,update,null,null
FE,https://www.wanted.co.kr/wd/254815,update,null,null
BE,https://www.wanted.co.kr/wd/243469,update,null,null
BE,https://www.wanted.co.kr/wd/250933,update,null,null
DA,https://www.wanted.co.kr/wd/247433,update,null,null
FE,https://www.wanted.co.kr/wd/204513,update,null,null
BE,https://www.wanted.co.kr/wd/88904,update,null,null
BE,https://www.wanted.co.kr/wd/233935,update,null,null
BE,https://www.wanted.co.kr/wd/241458,update,null,null
BE,https://www.wanted.co.kr/wd/162411,update,null,null
FE,https://www.wanted.co.kr/wd/255053,update,null,null
BE,https://www.wanted.co.kr/wd/250397,update,null,null
BE,https://www.wanted.co.kr/wd/254673,update,null,null
FE,https://www.wanted.co.kr/wd/241897,update,null,null
FE,https://www.wanted.co.kr/wd/252312,update,null,null
FE,https://www.wanted.co.kr/wd/212945,update,null,null
FE,https://www.wanted.co.kr/wd/254739,update,null,null
BE,https://www.wanted.co.kr/wd/248867,update,null,null
FE,https://www.wanted.co.kr/wd/161238,update,null,null
FE,https://www.wanted.co.kr/wd/229575,update,null,null
BE,https://www.wanted.co.kr/wd/216755,update,null,null
BE,https://www.wanted.co.kr/wd/246075,update,null,null
FE,https://www.wanted.co.kr/wd/237046,update,null,null
BE,https://www.wanted.co.kr/wd/188795,update,null,null
BE,https://www.wanted.co.kr/wd/239920,update,null,null
FE,https://www.wanted.co.kr/wd/243490,update,null,null
FE,https://www.wanted.co.kr/wd/250927,update,null,null
DE,https://www.wanted.co.kr/wd/161537,update,null,null
FE,https://www.wanted.co.kr/wd/184119,update,null,null
BE,https://www.wanted.co.kr/wd/6322,update,null,null
BE,https://www.wanted.co.kr/wd/247249,update,null,null
BE,https://www.wanted.co.kr/wd/245692,update,null,null
FE,https://www.wanted.co.kr/wd/255377,update,null,null
FE,https://www.wanted.co.kr/wd/243685,update,null,null
BE,https://www.wanted.co.kr/wd/213384,update,null,null
BE,https://www.wanted.co.kr/wd/254012,update,null,null
DE,https://www.wanted.co.kr/wd/246693,update,null,null
BE,https://www.wanted.co.kr/wd/247888,update,null,null
FE,https://www.wanted.co.kr/wd/230929,update,null,null
FE,https://www.wanted.co.kr/wd/232035,update,null,null
BE,https://www.wanted.co.kr/wd/239543,update,null,null
BE,https://www.wanted.co.kr/wd/255168,update,null,null
BE,https://www.wanted.co.kr/wd/240744,update,null,null
FE,https://www.wanted.co.kr/wd/209293,update,null,null
BE,https://www.wanted.co.kr/wd/253350,update,null,null
DA,https://www.wanted.co.kr/wd/167495,update,null,null
FE,https://www.wanted.co.kr/wd/248883,update,null,null
BE,https://www.wanted.co.kr/wd/246286,update,null,null
FE,https://www.wanted.co.kr/wd/206124,update,null,null
BE,https://www.wanted.co.kr/wd/245122,update,null,null
BE,https://www.wanted.co.kr/wd/129559,update,null,null
DE,https://www.wanted.co.kr/wd/251642,update,null,null
FE,https://www.wanted.co.kr/wd/44655,update,null,null
FE,https://www.wanted.co.kr/wd/230484,update,null,null
FE,https://www.wanted.co.kr/wd/235498,update,null,null
FE,https://www.wanted.co.kr/wd/78227,update,null,null
BE,https://www.wanted.co.kr/wd/227411,update,null,null
BE,https://www.wanted.co.kr/wd/228190,update,null,null
BE,https://www.wanted.co.kr/wd/198091,update,null,null
BE,https://www.wanted.co.kr/wd/230029,update,null,null
BE,https://www.wanted.co.kr/wd/222939,update,null,null
BE,https://www.wanted.co.kr/wd/46154,update,null,null
FE,https://www.wanted.co.kr/wd/120365,update,null,null
FE,https://www.wanted.co.kr/wd/79146,update,null,null
BE,https://www.wanted.co.kr/wd/226296,update,null,null
DA,https://www.wanted.co.kr/wd/234598,update,null,null
BE,https://www.wanted.co.kr/wd/233087,update,null,null
FE,https://www.wanted.co.kr/wd/230194,update,null,null
BE,https://www.wanted.co.kr/wd/212887,update,null,null
BE,https://www.wanted.co.kr/wd/253933,update,null,null
BE,https://www.wanted.co.kr/wd/255064,update,null,null
FE,https://www.wanted.co.kr/wd/246311,update,null,null
FE,https://www.wanted.co.kr/wd/243840,update,null,null
FE,https://www.wanted.co.kr/wd/245764,update,null,null
DA,https://www.wanted.co.kr/wd/244533,update,null,null
BE,https://www.wanted.co.kr/wd/230919,update,null,null
BE,https://www.wanted.co.kr/wd/230925,update,null,null
BE,https://www.wanted.co.kr/wd/223202,update,null,null
FE,https://www.wanted.co.kr/wd/254875,update,null,null
FE,https://www.wanted.co.kr/wd/253095,update,null,null
BE,https://www.wanted.co.kr/wd/247980,update,null,null
FE,https://www.wanted.co.kr/wd/240352,update,null,null
BE,https://www.wanted.co.kr/wd/250593,update,null,null
FE,https://www.wanted.co.kr/wd/251674,update,null,null
DE,https://www.wanted.co.kr/wd/252012,update,null,null
BE,https://www.wanted.co.kr/wd/251529,update,null,null
FE,https://www.wanted.co.kr/wd/134887,update,null,null
BE,https://www.wanted.co.kr/wd/252072,update,null,null
FE,https://www.wanted.co.kr/wd/247891,update,null,null
BE,https://www.wanted.co.kr/wd/254299,update,null,null
BE,https://www.wanted.co.kr/wd/231553,update,null,null
FE,https://www.wanted.co.kr/wd/157174,update,null,null
FE,https://www.wanted.co.kr/wd/229838,update,null,null
FE,https://www.wanted.co.kr/wd/247152,update,null,null
FE,https://www.wanted.co.kr/wd/249134,update,null,null
FE,https://www.wanted.co.kr/wd/228170,update,null,null
DE,https://www.wanted.co.kr/wd/227528,update,null,null
BE,https://www.wanted.co.kr/wd/199386,update,null,null
FE,https://www.wanted.co.kr/wd/240510,update,null,null
BE,https://www.wanted.co.kr/wd/248077,update,null,null
BE,https://www.wanted.co.kr/wd/251200,update,null,null
FE,https://www.wanted.co.kr/wd/143409,update,null,null
FE,https://www.wanted.co.kr/wd/205591,update,null,null
DA,https://www.wanted.co.kr/wd/254514,update,null,null
DA,https://www.wanted.co.kr/wd/251500,update,null,null
FE,https://www.wanted.co.kr/wd/248910,update,null,null
BE,https://www.wanted.co.kr/wd/236578,update,null,null
DA,https://www.wanted.co.kr/wd/238088,update,null,null
DE,https://www.wanted.co.kr/wd/244850,update,null,null
BE,https://www.wanted.co.kr/wd/244932,update,null,null
FE,https://www.wanted.co.kr/wd/227817,update,null,null
BE,https://www.wanted.co.kr/wd/210855,update,null,null
FE,https://www.wanted.co.kr/wd/233938,update,null,null
BE,https://www.wanted.co.kr/wd/77147,update,null,null
BE,https://www.wanted.co.kr/wd/253904,update,null,null
BE,https://www.wanted.co.kr/wd/203282,update,null,null
FE,https://www.wanted.co.kr/wd/250538,update,null,null
BE,https://www.wanted.co.kr/wd/245152,update,null,null
BE,https://www.wanted.co.kr/wd/203036,update,null,null
BE,https://www.wanted.co.kr/wd/179838,update,null,null
BE,https://www.wanted.co.kr/wd/176782,update,null,null
FE,https://www.wanted.co.kr/wd/85670,update,null,null
BE,https://www.wanted.co.kr/wd/252873,update,null,null
BE,https://www.wanted.co.kr/wd/245716,update,null,null
FE,https://www.wanted.co.kr/wd/167148,update,null,null
DA,https://www.wanted.co.kr/wd/247294,update,null,null
FE,https://www.wanted.co.kr/wd/209695,update,null,null
BE,https://www.wanted.co.kr/wd/232188,update,null,null
BE,https://www.wanted.co.kr/wd/252489,update,null,null
FE,https://www.wanted.co.kr/wd/251136,update,null,null
BE,https://www.wanted.co.kr/wd/246123,update,null,null
BE,https://www.wanted.co.kr/wd/192033,update,null,null
BE,https://www.wanted.co.kr/wd/248820,update,null,null
FE,https://www.wanted.co.kr/wd/253686,update,null,null
FE,https://www.wanted.co.kr/wd/249299,update,null,null
BE,https://www.wanted.co.kr/wd/216862,update,null,null
BE,https://www.wanted.co.kr/wd/248439,update,null,null
FE,https://www.wanted.co.kr/wd/251051,update,null,null
FE,https://www.wanted.co.kr/wd/254769,update,null,null
BE,https://www.wanted.co.kr/wd/251265,update,null,null
FE,https://www.wanted.co.kr/wd/243354,update,null,null
BE,https://www.wanted.co.kr/wd/243163,update,null,null
BE,https://www.wanted.co.kr/wd/225169,update,null,null
BE,https://www.wanted.co.kr/wd/252452,update,null,null
BE,https://www.wanted.co.kr/wd/154140,update,null,null
BE,https://www.wanted.co.kr/wd/239334,update,null,null
BE,https://www.wanted.co.kr/wd/234680,update,null,null
FE,https://www.wanted.co.kr/wd/229804,update,null,null
FE,https://www.wanted.co.kr/wd/254649,update,null,null
BE,https://www.wanted.co.kr/wd/229639,update,null,null
BE,https://www.wanted.co.kr/wd/211570,update,null,null
FE,https://www.wanted.co.kr/wd/189685,update,null,null
BE,https://www.wanted.co.kr/wd/236448,update,null,null
DA,https://www.wanted.co.kr/wd/248663,update,null,null
BE,https://www.wanted.co.kr/wd/207248,update,null,null
DA,https://www.wanted.co.kr/wd/254847,update,null,null
FE,https://www.wanted.co.kr/wd/235934,update,null,null
FE,https://www.wanted.co.kr/wd/234462,update,null,null
DA,https://www.wanted.co.kr/wd/195143,update,null,null
DE,https://www.wanted.co.kr/wd/252007,update,null,null
FE,https://www.wanted.co.kr/wd/250400,update,null,null
FE,https://www.wanted.co.kr/wd/202698,update,null,null
FE,https://www.wanted.co.kr/wd/255255,update,null,null
BE,https://www.wanted.co.kr/wd/231440,update,null,null
BE,https://www.wanted.co.kr/wd/148896,update,null,null
BE,https://www.wanted.co.kr/wd/255235,update,null,null
BE,https://www.wanted.co.kr/wd/233101,update,null,null
DA,https://www.wanted.co.kr/wd/252497,update,null,null
FE,https://www.wanted.co.kr/wd/251193,update,null,null
BE,https://www.wanted.co.kr/wd/209286,update,null,null
FE,https://www.wanted.co.kr/wd/198413,update,null,null
BE,https://www.wanted.co.kr/wd/244761,update,null,null
FE,https://www.wanted.co.kr/wd/254665,update,null,null
DA,https://www.wanted.co.kr/wd/244307,update,null,null
BE,https://www.wanted.co.kr/wd/236678,update,null,null
BE,https://www.wanted.co.kr/wd/182714,update,null,null
BE,https://www.wanted.co.kr/wd/252620,update,null,null
FE,https://www.wanted.co.kr/wd/152528,update,null,null
BE,https://www.wanted.co.kr/wd/242340,update,null,null
FE,https://www.wanted.co.kr/wd/252117,update,null,null
BE,https://www.wanted.co.kr/wd/244873,update,null,null
BE,https://www.wanted.co.kr/wd/189781,update,null,null
FE,https://www.wanted.co.kr/wd/216514,update,null,null
BE,https://www.wanted.co.kr/wd/248387,update,null,null
FE,https://www.wanted.co.kr/wd/233013,update,null,null
FE,https://www.wanted.co.kr/wd/246473,update,null,null
BE,https://www.wanted.co.kr/wd/250043,update,null,null
BE,https://www.wanted.co.kr/wd/250879,update,null,null
BE,https://www.wanted.co.kr/wd/221640,update,null,null
BE,https://www.wanted.co.kr/wd/212674,update,null,null
BE,https://www.wanted.co.kr/wd/223206,update,null,null
BE,https://www.wanted.co.kr/wd/255403,update,null,null
BE,https://www.wanted.co.kr/wd/248036,update,null,null
DA,https://www.wanted.co.kr/wd/249708,update,null,null
BE,https://www.wanted.co.kr/wd/255010,update,null,null
FE,https://www.wanted.co.kr/wd/238217,update,null,null
BE,https://www.wanted.co.kr/wd/250137,update,null,null
FE,https://www.wanted.co.kr/wd/235356,update,null,null
BE,https://www.wanted.co.kr/wd/175739,update,null,null
BE,https://www.wanted.co.kr/wd/241367,update,null,null
BE,https://www.wanted.co.kr/wd/179927,update,null,null
FE,https://www.wanted.co.kr/wd/251799,update,null,null
DA,https://www.wanted.co.kr/wd/253515,update,null,null
DA,https://www.wanted.co.kr/wd/249997,update,null,null
BE,https://www.wanted.co.kr/wd/241370,update,null,null
BE,https://www.wanted.co.kr/wd/178529,update,null,null
BE,https://www.wanted.co.kr/wd/247125,update,null,null
BE,https://www.wanted.co.kr/wd/254474,update,null,null
FE,https://www.wanted.co.kr/wd/240996,update,null,null
BE,https://www.wanted.co.kr/wd/253731,update,null,null
BE,https://www.wanted.co.kr/wd/222974,update,null,null
BE,https://www.wanted.co.kr/wd/251806,update,null,null
BE,https://www.wanted.co.kr/wd/162869,update,null,null
FE,https://www.wanted.co.kr/wd/246250,update,null,null
BE,https://www.wanted.co.kr/wd/243690,update,null,null
BE,https://www.wanted.co.kr/wd/245176,update,null,null
BE,https://www.wanted.co.kr/wd/244885,update,null,null
BE,https://www.wanted.co.kr/wd/240617,update,null,null
BE,https://www.wanted.co.kr/wd/237878,update,null,null
BE,https://www.wanted.co.kr/wd/254428,update,null,null
FE,https://www.wanted.co.kr/wd/118906,update,null,null
BE,https://www.wanted.co.kr/wd/246735,update,null,null
FE,https://www.wanted.co.kr/wd/252366,update,null,null
DA,https://www.wanted.co.kr/wd/214874,update,null,null
FE,https://www.wanted.co.kr/wd/227959,update,null,null
BE,https://www.wanted.co.kr/wd/126949,update,null,null
MLE,https://www.wanted.co.kr/wd/253102,update,null,null
DA,https://www.wanted.co.kr/wd/226873,update,null,null
FE,https://www.wanted.co.kr/wd/210921,update,null,null
BE,https://www.wanted.co.kr/wd/236266,update,null,null
FE,https://www.wanted.co.kr/wd/230788,update,null,null
FE,https://www.wanted.co.kr/wd/202867,update,null,null
BE,https://www.wanted.co.kr/wd/211562,update,null,null
FE,https://www.wanted.co.kr/wd/250000,update,null,null
BE,https://www.wanted.co.kr/wd/213467,update,null,null
FE,https://www.wanted.co.kr/wd/242469,update,null,null
BE,https://www.wanted.co.kr/wd/249844,update,null,null
BE,https://www.wanted.co.kr/wd/247253,update,null,null
BE,https://www.wanted.co.kr/wd/213336,update,null,null
BE,https://www.wanted.co.kr/wd/203937,update,null,null
DE,https://www.wanted.co.kr/wd/247509,update,null,null
BE,https://www.wanted.co.kr/wd/249035,update,null,null
FE,https://www.wanted.co.kr/wd/199372,update,null,null
BE,https://www.wanted.co.kr/wd/165762,update,null,null
BE,https://www.wanted.co.kr/wd/124859,update,null,null
BE,https://www.wanted.co.kr/wd/252603,update,null,null
BE,https://www.wanted.co.kr/wd/162405,update,null,null
BE,https://www.wanted.co.kr/wd/154537,update,null,null
FE,https://www.wanted.co.kr/wd/150575,update,null,null
BE,https://www.wanted.co.kr/wd/240788,update,null,null
FE,https://www.wanted.co.kr/wd/243624,update,null,null
BE,https://www.wanted.co.kr/wd/239124,update,null,null
BE,https://www.wanted.co.kr/wd/248884,update,null,null
BE,https://www.wanted.co.kr/wd/253073,update,null,null
DE,https://www.wanted.co.kr/wd/249872,update,null,null
FE,https://www.wanted.co.kr/wd/252528,update,null,null
BE,https://www.wanted.co.kr/wd/244360,update,null,null
FE,https://www.wanted.co.kr/wd/237343,update,null,null
BE,https://www.wanted.co.kr/wd/235673,update,null,null
BE,https://www.wanted.co.kr/wd/251643,update,null,null
DE,https://www.wanted.co.kr/wd/233436,update,null,null
FE,https://www.wanted.co.kr/wd/255361,update,null,null
BE,https://www.wanted.co.kr/wd/218153,update,null,null
BE,https://www.wanted.co.kr/wd/99189,update,null,null
FE,https://www.wanted.co.kr/wd/212660,update,null,null
FE,https://www.wanted.co.kr/wd/243126,update,null,null
BE,https://www.wanted.co.kr/wd/207873,update,null,null
MLE,https://www.wanted.co.kr/wd/247540,update,null,null
DE,https://www.wanted.co.kr/wd/254413,update,null,null
BE,https://www.wanted.co.kr/wd/244404,update,null,null
FE,https://www.wanted.co.kr/wd/212676,update,null,null
BE,https://www.wanted.co.kr/wd/244770,update,null,null
FE,https://www.wanted.co.kr/wd/246122,update,null,null
FE,https://www.wanted.co.kr/wd/254645,update,null,null
FE,https://www.wanted.co.kr/wd/241649,update,null,null
BE,https://www.wanted.co.kr/wd/244461,update,null,null
BE,https://www.wanted.co.kr/wd/179315,update,null,null
DA,https://www.wanted.co.kr/wd/245860,update,null,null
FE,https://www.wanted.co.kr/wd/242157,update,null,null
BE,https://www.wanted.co.kr/wd/245694,update,null,null
FE,https://www.wanted.co.kr/wd/221193,update,null,null
BE,https://www.wanted.co.kr/wd/241760,update,null,null
BE,https://www.wanted.co.kr/wd/61557,update,null,null
FE,https://www.wanted.co.kr/wd/248088,update,null,null
BE,https://www.wanted.co.kr/wd/254609,update,null,null
DA,https://www.wanted.co.kr/wd/189666,update,null,null
DE,https://www.wanted.co.kr/wd/252891,update,null,null
BE,https://www.wanted.co.kr/wd/250362,update,null,null
FE,https://www.wanted.co.kr/wd/250146,update,null,null
FE,https://www.wanted.co.kr/wd/185024,update,null,null
BE,https://www.wanted.co.kr/wd/185538,update,null,null
BE,https://www.wanted.co.kr/wd/236664,update,null,null
FE,https://www.wanted.co.kr/wd/245410,update,null,null
FE,https://www.wanted.co.kr/wd/198720,update,null,null
FE,https://www.wanted.co.kr/wd/236863,update,null,null
BE,https://www.wanted.co.kr/wd/138933,update,null,null
FE,https://www.wanted.co.kr/wd/232117,update,null,null
FE,https://www.wanted.co.kr/wd/248360,update,null,null
BE,https://www.wanted.co.kr/wd/236871,update,null,null
DA,https://www.wanted.co.kr/wd/149962,update,null,null
FE,https://www.wanted.co.kr/wd/246046,update,null,null
FE,https://www.wanted.co.kr/wd/242708,update,null,null
DE,https://www.wanted.co.kr/wd/156626,update,null,null
DA,https://www.wanted.co.kr/wd/247869,update,null,null
FE,https://www.wanted.co.kr/wd/93806,update,null,null
BE,https://www.wanted.co.kr/wd/226264,update,null,null
BE,https://www.wanted.co.kr/wd/220931,update,null,null
BE,https://www.wanted.co.kr/wd/254455,update,null,null
DA,https://www.wanted.co.kr/wd/250669,update,null,null
BE,https://www.wanted.co.kr/wd/80761,update,null,null
FE,https://www.wanted.co.kr/wd/228927,update,null,null
BE,https://www.wanted.co.kr/wd/237693,update,null,null
BE,https://www.wanted.co.kr/wd/235813,update,null,null
BE,https://www.wanted.co.kr/wd/207842,update,null,null
FE,https://www.wanted.co.kr/wd/213340,update,null,null
DA,https://www.wanted.co.kr/wd/199836,update,null,null
BE,https://www.wanted.co.kr/wd/219268,update,null,null
BE,https://www.wanted.co.kr/wd/250066,update,null,null
DA,https://www.wanted.co.kr/wd/251917,update,null,null
BE,https://www.wanted.co.kr/wd/252394,update,null,null
DE,https://www.wanted.co.kr/wd/247011,update,null,null
BE,https://www.wanted.co.kr/wd/254273,update,null,null
DA,https://www.wanted.co.kr/wd/238086,update,null,null
BE,https://www.wanted.co.kr/wd/226397,update,null,null
BE,https://www.wanted.co.kr/wd/246079,update,null,null
FE,https://www.wanted.co.kr/wd/235954,update,null,null
DA,https://www.wanted.co.kr/wd/239678,update,null,null
DE,https://www.wanted.co.kr/wd/247657,update,null,null
FE,https://www.wanted.co.kr/wd/231331,update,null,null
FE,https://www.wanted.co.kr/wd/252273,update,null,null
BE,https://www.wanted.co.kr/wd/202699,update,null,null
FE,https://www.wanted.co.kr/wd/42933,update,null,null
FE,https://www.wanted.co.kr/wd/255350,update,null,null
BE,https://www.wanted.co.kr/wd/248140,update,null,null
BE,https://www.wanted.co.kr/wd/253726,update,null,null
DA,https://www.wanted.co.kr/wd/247599,update,null,null
FE,https://www.wanted.co.kr/wd/247441,update,null,null
FE,https://www.wanted.co.kr/wd/251108,update,null,null
FE,https://www.wanted.co.kr/wd/70772,update,null,null
FE,https://www.wanted.co.kr/wd/250756,update,null,null
BE,https://www.wanted.co.kr/wd/248149,update,null,null
BE,https://www.wanted.co.kr/wd/208566,update,null,null
BE,https://www.wanted.co.kr/wd/223215,update,null,null
BE,https://www.wanted.co.kr/wd/238317,update,null,null
BE,https://www.wanted.co.kr/wd/206658,update,null,null
FE,https://www.wanted.co.kr/wd/240123,update,null,null
BE,https://www.wanted.co.kr/wd/247813,update,null,null
DE,https://www.wanted.co.kr/wd/247935,update,null,null
FE,https://www.wanted.co.kr/wd/249943,update,null,null
BE,https://www.wanted.co.kr/wd/252604,update,null,null
FE,https://www.wanted.co.kr/wd/253612,update,null,null
BE,https://www.wanted.co.kr/wd/210918,update,null,null
BE,https://www.wanted.co.kr/wd/214338,update,null,null
FE,https://www.wanted.co.kr/wd/239116,update,null,null
FE,https://www.wanted.co.kr/wd/253777,update,null,null
BE,https://www.wanted.co.kr/wd/242882,update,null,null
FE,https://www.wanted.co.kr/wd/220482,update,null,null
FE,https://www.wanted.co.kr/wd/247996,update,null,null
FE,https://www.wanted.co.kr/wd/254718,update,null,null
FE,https://www.wanted.co.kr/wd/244440,update,null,null
FE,https://www.wanted.co.kr/wd/231870,update,null,null
FE,https://www.wanted.co.kr/wd/223783,update,null,null
BE,https://www.wanted.co.kr/wd/231627,update,null,null
BE,https://www.wanted.co.kr/wd/253435,update,null,null
FE,https://www.wanted.co.kr/wd/247916,update,null,null
FE,https://www.wanted.co.kr/wd/251894,update,null,null
BE,https://www.wanted.co.kr/wd/244927,update,null,null
BE,https://www.wanted.co.kr/wd/249972,update,null,null
BE,https://www.wanted.co.kr/wd/246618,update,null,null
FE,https://www.wanted.co.kr/wd/173444,update,null,null
BE,https://www.wanted.co.kr/wd/242425,update,null,null
BE,https://www.wanted.co.kr/wd/232308,update,null,null
FE,https://www.wanted.co.kr/wd/252212,update,null,null
FE,https://www.wanted.co.kr/wd/236622,update,null,null
DA,https://www.wanted.co.kr/wd/254385,update,null,null
FE,https://www.wanted.co.kr/wd/236006,update,null,null
FE,https://www.wanted.co.kr/wd/219536,update,null,null
BE,https://www.wanted.co.kr/wd/243499,update,null,null
BE,https://www.wanted.co.kr/wd/23303,update,null,null
BE,https://www.wanted.co.kr/wd/254285,update,null,null
BE,https://www.wanted.co.kr/wd/248552,update,null,null
BE,https://www.wanted.co.kr/wd/252477,update,null,null
FE,https://www.wanted.co.kr/wd/250769,update,null,null
BE,https://www.wanted.co.kr/wd/253608,update,null,null
BE,https://www.wanted.co.kr/wd/231453,update,null,null
DA,https://www.wanted.co.kr/wd/237897,update,null,null
BE,https://www.wanted.co.kr/wd/241761,update,null,null
BE,https://www.wanted.co.kr/wd/255024,update,null,null
FE,https://www.wanted.co.kr/wd/249590,update,null,null
BE,https://www.wanted.co.kr/wd/217320,update,null,null
BE,https://www.wanted.co.kr/wd/218151,update,null,null
FE,https://www.wanted.co.kr/wd/250732,update,null,null
BE,https://www.wanted.co.kr/wd/183424,update,null,null
BE,https://www.wanted.co.kr/wd/251377,update,null,null
FE,https://www.wanted.co.kr/wd/238796,update,null,null
FE,https://www.wanted.co.kr/wd/244191,update,null,null
FE,https://www.wanted.co.kr/wd/248398,update,null,null
FE,https://www.wanted.co.kr/wd/248404,update,null,null
FE,https://www.wanted.co.kr/wd/250022,update,null,null
BE,https://www.wanted.co.kr/wd/244296,update,null,null
BE,https://www.wanted.co.kr/wd/193602,update,null,null
DA,https://www.wanted.co.kr/wd/247595,update,null,null
BE,https://www.wanted.co.kr/wd/206165,update,null,null
BE,https://www.wanted.co.kr/wd/107044,update,null,null
BE,https://www.wanted.co.kr/wd/248211,update,null,null
BE,https://www.wanted.co.kr/wd/46260,update,null,null
DE,https://www.wanted.co.kr/wd/251538,update,null,null
DE,https://www.wanted.co.kr/wd/253476,update,null,null
BE,https://www.wanted.co.kr/wd/222639,update,null,null
BE,https://www.wanted.co.kr/wd/254972,update,null,null
DE,https://www.wanted.co.kr/wd/239179,update,null,null
FE,https://www.wanted.co.kr/wd/240957,update,null,null
BE,https://www.wanted.co.kr/wd/215160,update,null,null
DA,https://www.wanted.co.kr/wd/249959,update,null,null
BE,https://www.wanted.co.kr/wd/246194,update,null,null
FE,https://www.wanted.co.kr/wd/214849,update,null,null
BE,https://www.wanted.co.kr/wd/181960,update,null,null
FE,https://www.wanted.co.kr/wd/251689,update,null,null
BE,https://www.wanted.co.kr/wd/228215,update,null,null
FE,https://www.wanted.co.kr/wd/254106,update,null,null
BE,https://www.wanted.co.kr/wd/254244,update,null,null
BE,https://www.wanted.co.kr/wd/75585,update,null,null
FE,https://www.wanted.co.kr/wd/159269,update,null,null
BE,https://www.wanted.co.kr/wd/227822,update,null,null
FE,https://www.wanted.co.kr/wd/253438,update,null,null
BE,https://www.wanted.co.kr/wd/238761,update,null,null
DA,https://www.wanted.co.kr/wd/215345,update,null,null
FE,https://www.wanted.co.kr/wd/250894,update,null,null
DA,https://www.wanted.co.kr/wd/245794,update,null,null
FE,https://www.wanted.co.kr/wd/250016,update,null,null
BE,https://www.wanted.co.kr/wd/249951,update,null,null
FE,https://www.wanted.co.kr/wd/229224,update,null,null
BE,https://www.wanted.co.kr/wd/216009,update,null,null
BE,https://www.wanted.co.kr/wd/212656,update,null,null
FE,https://www.wanted.co.kr/wd/249453,update,null,null
BE,https://www.wanted.co.kr/wd/246991,update,null,null
DE,https://www.wanted.co.kr/wd/248435,update,null,null
DE,https://www.wanted.co.kr/wd/245636,update,null,null
FE,https://www.wanted.co.kr/wd/242590,update,null,null
BE,https://www.wanted.co.kr/wd/253817,update,null,null
BE,https://www.wanted.co.kr/wd/254832,update,null,null
BE,https://www.wanted.co.kr/wd/203653,update,null,null
FE,https://www.wanted.co.kr/wd/250674,update,null,null
BE,https://www.wanted.co.kr/wd/146263,update,null,null
DA,https://www.wanted.co.kr/wd/253693,update,null,null
FE,https://www.wanted.co.kr/wd/248343,update,null,null
FE,https://www.wanted.co.kr/wd/248573,update,null,null
FE,https://www.wanted.co.kr/wd/193102,update,null,null
BE,https://www.wanted.co.kr/wd/230160,update,null,null
BE,https://www.wanted.co.kr/wd/246427,update,null,null
BE,https://www.wanted.co.kr/wd/160912,update,null,null
BE,https://www.wanted.co.kr/wd/200463,update,null,null
DA,https://www.wanted.co.kr/wd/85810,update,null,null
FE,https://www.wanted.co.kr/wd/230508,update,null,null
BE,https://www.wanted.co.kr/wd/233045,update,null,null
BE,https://www.wanted.co.kr/wd/247680,update,null,null
BE,https://www.wanted.co.kr/wd/69637,update,null,null
BE,https://www.wanted.co.kr/wd/222814,update,null,null
FE,https://www.wanted.co.kr/wd/253604,update,null,null
BE,https://www.wanted.co.kr/wd/228740,update,null,null
BE,https://www.wanted.co.kr/wd/222552,update,null,null
BE,https://www.wanted.co.kr/wd/96202,update,null,null
FE,https://www.wanted.co.kr/wd/252793,update,null,null
FE,https://www.wanted.co.kr/wd/213440,update,null,null
BE,https://www.wanted.co.kr/wd/252990,update,null,null
FE,https://www.wanted.co.kr/wd/244909,update,null,null
BE,https://www.wanted.co.kr/wd/252491,update,null,null
FE,https://www.wanted.co.kr/wd/244121,update,null,null
FE,https://www.wanted.co.kr/wd/229842,update,null,null
FE,https://www.wanted.co.kr/wd/254178,update,null,null
FE,https://www.wanted.co.kr/wd/252361,update,null,null
BE,https://www.wanted.co.kr/wd/237780,update,null,null
FE,https://www.wanted.co.kr/wd/250425,update,null,null
FE,https://www.wanted.co.kr/wd/255187,update,null,null
BE,https://www.wanted.co.kr/wd/215761,update,null,null
BE,https://www.wanted.co.kr/wd/248007,update,null,null
BE,https://www.wanted.co.kr/wd/149934,update,null,null
