[2024-12-19T16:21:00.025+0900] {taskinstance.py:1157} INFO - Dependencies all met for dep_context=non-requeueable deps ti=<TaskInstance: dag_crawling_to_db.link_crawl manual__2024-12-19T07:20:48+00:00 [queued]>
[2024-12-19T16:21:00.034+0900] {taskinstance.py:1157} INFO - Dependencies all met for dep_context=requeueable deps ti=<TaskInstance: dag_crawling_to_db.link_crawl manual__2024-12-19T07:20:48+00:00 [queued]>
[2024-12-19T16:21:00.034+0900] {taskinstance.py:1359} INFO - Starting attempt 1 of 2
[2024-12-19T16:21:00.048+0900] {taskinstance.py:1380} INFO - Executing <Task(PythonOperator): link_crawl> on 2024-12-19 07:20:48+00:00
[2024-12-19T16:21:00.064+0900] {standard_task_runner.py:57} INFO - Started process 244 to run task
[2024-12-19T16:21:00.067+0900] {standard_task_runner.py:84} INFO - Running: ['***', 'tasks', 'run', 'dag_crawling_to_db', 'link_crawl', 'manual__2024-12-19T07:20:48+00:00', '--job-id', '2', '--raw', '--subdir', 'DAGS_FOLDER/dag_crawling_to_db.py', '--cfg-path', '/tmp/tmptiaks82v']
[2024-12-19T16:21:00.071+0900] {standard_task_runner.py:85} INFO - Job 2: Subtask link_crawl
[2024-12-19T16:21:00.116+0900] {task_command.py:415} INFO - Running <TaskInstance: dag_crawling_to_db.link_crawl manual__2024-12-19T07:20:48+00:00 [running]> on host 5bab160105e7
[2024-12-19T16:21:00.185+0900] {taskinstance.py:1660} INFO - Exporting env vars: AIRFLOW_CTX_DAG_OWNER='***' AIRFLOW_CTX_DAG_ID='dag_crawling_to_db' AIRFLOW_CTX_TASK_ID='link_crawl' AIRFLOW_CTX_EXECUTION_DATE='2024-12-19T07:20:48+00:00' AIRFLOW_CTX_TRY_NUMBER='1' AIRFLOW_CTX_DAG_RUN_ID='manual__2024-12-19T07:20:48+00:00'
[2024-12-19T16:21:00.186+0900] {logging_mixin.py:151} INFO - 인크루트url 시작 시간: 2024-12-19 16:21:00
[2024-12-19T16:21:00.186+0900] {logging_mixin.py:151} INFO - 인크루트url 종료 시간: 2024-12-19 16:21:00
[2024-12-19T16:21:05.190+0900] {logging_mixin.py:151} INFO - 잡코리아url 시작 시간: 2024-12-19 16:21:05
[2024-12-19T16:21:05.190+0900] {logging_mixin.py:151} INFO - 잡코리아url 종료 시간: 2024-12-19 16:21:05
[2024-12-19T16:21:10.195+0900] {logging_mixin.py:151} INFO - 점핏url 시작 시간: 2024-12-19 16:21:10
[2024-12-19T16:21:10.195+0900] {logging_mixin.py:151} INFO - 점핏url 종료 시간: 2024-12-19 16:21:10
[2024-12-19T16:21:15.200+0900] {logging_mixin.py:151} INFO - 로켓펀치url 시작 시간: 2024-12-19 16:21:15
[2024-12-19T16:21:15.200+0900] {logging_mixin.py:151} INFO - 로켓펀치url 종료 시간: 2024-12-19 16:21:15
[2024-12-19T16:21:20.206+0900] {logging_mixin.py:151} INFO - 사람인url 시작 시간: 2024-12-19 16:21:20
[2024-12-19T16:21:20.206+0900] {logging_mixin.py:151} INFO - 사람인url 종료 시간: 2024-12-19 16:21:20
[2024-12-19T16:21:25.211+0900] {logging_mixin.py:151} INFO - 원티드url 시작 시간: 2024-12-19 16:21:25
[2024-12-19T16:21:25.212+0900] {logging_mixin.py:151} INFO - 원티드url 종료 시간: 2024-12-19 16:21:25
[2024-12-19T16:21:25.216+0900] {python.py:194} INFO - Done. Returned value was: None
[2024-12-19T16:21:25.227+0900] {taskinstance.py:1398} INFO - Marking task as SUCCESS. dag_id=dag_crawling_to_db, task_id=link_crawl, execution_date=20241219T072048, start_date=20241219T072100, end_date=20241219T072125
[2024-12-19T16:21:25.247+0900] {local_task_job_runner.py:228} INFO - Task exited with return code 0
[2024-12-19T16:21:25.269+0900] {taskinstance.py:2776} INFO - 1 downstream tasks scheduled from follow-on schedule check
