[2024-12-19T12:24:29.598+0900] {taskinstance.py:1157} INFO - Dependencies all met for dep_context=non-requeueable deps ti=<TaskInstance: dag_crawling_to_db.post_crawl manual__2024-12-19T03:22:56+00:00 [queued]>
[2024-12-19T12:24:29.606+0900] {taskinstance.py:1157} INFO - Dependencies all met for dep_context=requeueable deps ti=<TaskInstance: dag_crawling_to_db.post_crawl manual__2024-12-19T03:22:56+00:00 [queued]>
[2024-12-19T12:24:29.606+0900] {taskinstance.py:1359} INFO - Starting attempt 1 of 2
[2024-12-19T12:24:29.621+0900] {taskinstance.py:1380} INFO - Executing <Task(PythonOperator): post_crawl> on 2024-12-19 03:22:56+00:00
[2024-12-19T12:24:29.625+0900] {standard_task_runner.py:57} INFO - Started process 124 to run task
[2024-12-19T12:24:29.627+0900] {standard_task_runner.py:84} INFO - Running: ['***', 'tasks', 'run', 'dag_crawling_to_db', 'post_crawl', 'manual__2024-12-19T03:22:56+00:00', '--job-id', '4', '--raw', '--subdir', 'DAGS_FOLDER/dag_crawling_to_db.py', '--cfg-path', '/tmp/tmpcnlzwcz4']
[2024-12-19T12:24:29.631+0900] {standard_task_runner.py:85} INFO - Job 4: Subtask post_crawl
[2024-12-19T12:24:29.674+0900] {task_command.py:415} INFO - Running <TaskInstance: dag_crawling_to_db.post_crawl manual__2024-12-19T03:22:56+00:00 [running]> on host 9e2fe3889768
[2024-12-19T12:24:29.742+0900] {taskinstance.py:1660} INFO - Exporting env vars: AIRFLOW_CTX_DAG_OWNER='***' AIRFLOW_CTX_DAG_ID='dag_crawling_to_db' AIRFLOW_CTX_TASK_ID='post_crawl' AIRFLOW_CTX_EXECUTION_DATE='2024-12-19T03:22:56+00:00' AIRFLOW_CTX_TRY_NUMBER='1' AIRFLOW_CTX_DAG_RUN_ID='manual__2024-12-19T03:22:56+00:00'
[2024-12-19T12:24:29.743+0900] {logging_mixin.py:151} INFO - 인크루트url 시작 시간: 2024-12-19 12:24:29
[2024-12-19T12:24:29.743+0900] {logging_mixin.py:151} INFO - 인크루트url 종료 시간: 2024-12-19 12:24:29
[2024-12-19T12:24:34.748+0900] {logging_mixin.py:151} INFO - 잡코리아url 시작 시간: 2024-12-19 12:24:34
[2024-12-19T12:24:34.749+0900] {logging_mixin.py:151} INFO - 잡코리아url 종료 시간: 2024-12-19 12:24:34
[2024-12-19T12:24:39.755+0900] {logging_mixin.py:151} INFO - 점핏url 시작 시간: 2024-12-19 12:24:39
[2024-12-19T12:24:39.755+0900] {logging_mixin.py:151} INFO - 점핏url 종료 시간: 2024-12-19 12:24:39
[2024-12-19T12:24:44.760+0900] {logging_mixin.py:151} INFO - 로켓펀치url 시작 시간: 2024-12-19 12:24:44
[2024-12-19T12:24:44.760+0900] {logging_mixin.py:151} INFO - 로켓펀치url 종료 시간: 2024-12-19 12:24:44
[2024-12-19T12:24:49.765+0900] {logging_mixin.py:151} INFO - 사람인url 시작 시간: 2024-12-19 12:24:49
[2024-12-19T12:24:49.766+0900] {logging_mixin.py:151} INFO - 사람인url 종료 시간: 2024-12-19 12:24:49
[2024-12-19T12:24:54.767+0900] {logging_mixin.py:151} INFO - 원티드url 시작 시간: 2024-12-19 12:24:54
[2024-12-19T12:24:54.767+0900] {logging_mixin.py:151} INFO - 원티드url 종료 시간: 2024-12-19 12:24:54
[2024-12-19T12:24:54.768+0900] {python.py:194} INFO - Done. Returned value was: None
[2024-12-19T12:24:54.784+0900] {taskinstance.py:1398} INFO - Marking task as SUCCESS. dag_id=dag_crawling_to_db, task_id=post_crawl, execution_date=20241219T032256, start_date=20241219T032429, end_date=20241219T032454
[2024-12-19T12:24:54.816+0900] {local_task_job_runner.py:228} INFO - Task exited with return code 0
[2024-12-19T12:24:54.829+0900] {taskinstance.py:2776} INFO - 0 downstream tasks scheduled from follow-on schedule check
