2024-12-29 14:34:01,874 - INFO - 점핏 크롤링 실행: 2024-12-29 14:34:01
2024-12-29 14:34:01,874 - INFO - 점핏 크롤링 종료: 2024-12-29 14:34:01
2024-12-29 14:34:11,884 - INFO - 원티드 크롤링 실행: 2024-12-29 14:34:11
2024-12-29 14:34:11,884 - INFO - 원티드 크롤링 시작
2024-12-29 14:34:11,905 - INFO - Found credentials in shared credentials file: /code/.aws/credentials
2024-12-29 14:34:12,176 - INFO - ====== WebDriver manager ======
2024-12-29 14:34:12,300 - INFO - Get LATEST chromedriver version for google-chrome
2024-12-29 14:34:12,328 - INFO - Get LATEST chromedriver version for google-chrome
2024-12-29 14:34:12,348 - INFO - There is no [linux64] chromedriver "131.0.6778.204" for browser google-chrome "131.0.6778" in cache
2024-12-29 14:34:12,348 - INFO - Get LATEST chromedriver version for google-chrome
2024-12-29 14:34:12,408 - INFO - WebDriver version 131.0.6778.204 selected
2024-12-29 14:34:12,412 - INFO - Modern chrome version https://storage.googleapis.com/chrome-for-testing-public/131.0.6778.204/linux64/chromedriver-linux64.zip
2024-12-29 14:34:12,412 - INFO - About to download new driver from https://storage.googleapis.com/chrome-for-testing-public/131.0.6778.204/linux64/chromedriver-linux64.zip
2024-12-29 14:34:12,463 - INFO - Driver downloading response is 200
2024-12-29 14:34:12,535 - INFO - Get LATEST chromedriver version for google-chrome
2024-12-29 14:34:12,702 - INFO - Driver has been saved in cache [/root/.wdm/drivers/chromedriver/linux64/131.0.6778.204]
2024-12-29 14:34:13,150 - INFO - 원티드 크롤링 종료: 2024-12-29 14:34:13
2024-12-29 14:34:23,161 - INFO - 인크루트 크롤링 실행: 2024-12-29 14:34:23
2024-12-29 14:34:23,161 - INFO - 인크루트 크롤링 종료: 2024-12-29 14:34:23
2024-12-29 14:34:33,171 - INFO - 로켓펀치 크롤링 실행: 2024-12-29 14:34:33
2024-12-29 14:34:33,171 - INFO - 로켓펀치 크롤링 종료: 2024-12-29 14:34:33
2024-12-29 14:34:43,182 - INFO - 잡코리아 크롤링 실행: 2024-12-29 14:34:43
2024-12-29 14:34:43,182 - INFO - 잡코리아 크롤링 시작
2024-12-29 14:34:43,296 - INFO - ====== WebDriver manager ======
2024-12-29 14:34:43,407 - INFO - Get LATEST chromedriver version for google-chrome
2024-12-29 14:34:43,427 - INFO - Get LATEST chromedriver version for google-chrome
2024-12-29 14:34:43,451 - INFO - Driver [/root/.wdm/drivers/chromedriver/linux64/131.0.6778.204/chromedriver-linux64/chromedriver] found in cache
2024-12-29 14:35:13,044 - INFO - https://www.jobkorea.co.kr/Recruit/GI_Read/46177193 - update - done - 2024-12-29 14:35:13
2024-12-29 14:35:33,305 - INFO - [INFO] iframe 전환 성공: https://www.jobkorea.co.kr/Recruit/GI_Read/46046392
2024-12-29 14:35:33,752 - INFO - https://www.jobkorea.co.kr/Recruit/GI_Read/46046392 - update - done - 2024-12-29 14:35:33
2024-12-29 14:35:53,411 - INFO - [INFO] iframe 전환 성공: https://www.jobkorea.co.kr/Recruit/GI_Read/46183298
2024-12-29 14:35:53,704 - INFO - https://www.jobkorea.co.kr/Recruit/GI_Read/46183298 - update - done - 2024-12-29 14:35:53
2024-12-29 14:36:12,180 - INFO - [INFO] iframe 전환 성공: https://www.jobkorea.co.kr/Recruit/GI_Read/46121137
2024-12-29 14:36:12,583 - INFO - https://www.jobkorea.co.kr/Recruit/GI_Read/46121137 - update - done - 2024-12-29 14:36:12
2024-12-29 14:55:47,414 - INFO - 점핏 크롤링 실행: 2024-12-29 14:55:47
2024-12-29 14:55:47,414 - INFO - 점핏 크롤링 종료: 2024-12-29 14:55:47
2024-12-29 14:55:57,424 - INFO - 원티드 크롤링 실행: 2024-12-29 14:55:57
2024-12-29 14:55:57,424 - INFO - 원티드 크롤링 종료: 2024-12-29 14:55:57
2024-12-29 14:56:07,435 - INFO - 인크루트 크롤링 실행: 2024-12-29 14:56:07
2024-12-29 14:56:07,435 - INFO - 인크루트 크롤링 종료: 2024-12-29 14:56:07
2024-12-29 14:56:17,445 - INFO - 로켓펀치 크롤링 실행: 2024-12-29 14:56:17
2024-12-29 14:56:17,445 - INFO - 로켓펀치 크롤링 종료: 2024-12-29 14:56:17
2024-12-29 14:56:27,455 - INFO - 잡코리아 크롤링 실행: 2024-12-29 14:56:27
2024-12-29 14:56:27,456 - INFO - 잡코리아 크롤링 종료: 2024-12-29 14:56:27
2024-12-29 14:56:37,461 - INFO - 사람인 크롤링 실행: 2024-12-29 14:56:37
2024-12-29 14:56:37,480 - INFO - Found credentials in shared credentials file: /code/.aws/credentials
2024-12-29 14:56:38,026 - INFO - === DE 작업 시작 ===
2024-12-29 14:56:38,026 - INFO - [INFO] S3 파일 읽기 시도: Bucket=t2jt, Path=job/DE/sources/saramin/links/20241229.txt
2024-12-29 14:56:38,245 - INFO - [INFO] S3 파일 읽기 시도: Bucket=t2jt, Path=job/DE/sources/saramin/links/20241228.txt
2024-12-29 14:56:38,522 - INFO - [DE] 오늘 날짜 파일에서 추출된 데이터: 1923개
2024-12-29 14:56:38,522 - INFO - [DE] 어제 날짜 파일에서 추출된 데이터: 4386개
2024-12-29 14:57:22,924 - INFO - [DE] DB 중복 확인 후 남은 데이터: 950개
2024-12-29 14:57:23,088 - INFO - 추가된 URL: 709개
2024-12-29 14:57:23,088 - INFO - 제거된 URL: 657개
2024-12-29 14:57:23,096 - INFO - URL로 이동 중 (시도 1/3): https://www.saramin.co.kr/zf_user/jobs/relay/view?rec_idx=49579346
2024-12-29 14:57:38,850 - INFO - 추출된 텍스트: 데이터 엔지니어
서비스 소개
이노케어플러스는 디지털 헬스케어 플랫폼 스타트업입니다.
국내 대표 의사 커뮤니티 플랫폼 "닥플"과 1,800여개 1차 의원들이 사용중인 청구사전심사 솔루션 "닥플 Rx"를 운영하고 있습니다. 
수십억 건의 의료 정보 데이터에서 발견한 인사이트를 기반으로 다양한 비즈니스 영역에서 새로운 도전을 계속해 나가고 있습니다.
이 포지션의 AI 예상 면접 질문이 궁금하다면 점핏에서 확인해보세요!
모집부문 / 상세내용
사용 기술
Tableau Python SQL Amazon Quicksight AWS Step Functions AWS Glue Amazon Athena Amazon S3 AWS
주요업무
• AWS 기반 데이터 파이프라인 설계 및 개발 운영 자동화
• 내/외부 데이터 수집 및 가공
• DW/DM 개발 및 운영
• 시각화 개발 및 운영
자격요건
• 해당 업무 경력 3년 이상인 분
• 클라우드(AWS) 환경 개발 및 운영 경험 보유
• ETL 혹은 Datapipeline 개발/운영 경험 보유 (Airflow, AWS Glue 등)
• SQL 쿼리 활용 능력 우수, Python 개발 능력 보유
• 시각화 솔루션 사용 경험 보유(Tableau, Spotfire, Quicksight 중 1개 이상)
• 원활한 커뮤니케이션 능력 보유
우대사항
• 헬스케어 도메인 지식 보유자 우대
마감일 및 근무지
• 마감일 : ~2025-01-12
• 근무지
- 서울 서초구 효령로 107, 4층
복지 및 혜택
• 연 1회 건강검진 지원
• 업무상 필요한 온/오프라인 강의 전액 지원
• 유연 출퇴근 시간제 (08시~10시 시차 자율 출퇴근)
• 1시간 단위부터 사용 가능한 연차 휴가 제도
• 영어 이름 호칭 수평적 문화
• 사내 간식 제공
채용절차 및 기타 지원 유의사항
[채용절차]
• 서류전형 → 면접 → 처우 협의 → 최종 합격

[지원 시 주의사항]
• 3개월의 수습 기간이 있습니다.(수습 기간 동일 급여 보장)
• 포트폴리오 제출 시, 10MB 초과할 경우에는 링크를 기재해주세요. 

[참고사항]
• 서류 합격자에 한해 연락드립니다.
• 본 채용은 수시 진행으로 우수 인재 채용 시 마감될 수 있습니다.
2024-12-29 14:57:38,950 - INFO - S3에 텍스트 저장 완료: s3://t2jt/job/DE/sources/saramin/txt/c1b2fb88-d576-4f98-93d8-0e9a1ad34958.txt
2024-12-29 14:57:38,991 - INFO - DB에 저장 성공 - URL: https://www.saramin.co.kr/zf_user/jobs/relay/view?rec_idx=49579346, Job Title: DE, Company: (주)이노케어플러스, Post_Title: 데이터 엔지니어, S3 Text URL: s3://t2jt/job/DE/sources/saramin/txt/c1b2fb88-d576-4f98-93d8-0e9a1ad34958.txt, S3 Images URL: None
2024-12-29 14:57:39,081 - INFO - URL로 이동 중 (시도 1/3): https://www.saramin.co.kr/zf_user/jobs/relay/view?rec_idx=49562283
2024-12-29 14:57:55,215 - INFO - 추출된 텍스트: 담당업무
빅데이터 시스템 설치/구축(Elastic Search, 자사솔루션, Linux 등)
시나리오 및 대시보드 구현 등
자격요건
경력 : IT경력5년 이상 (빅데이터 관련 경력 2년 이상)
리눅스(Linux) 설치 경험자
엘라스틱서치(Elastic Search) 또는 오픈서치(Open Search) 또는 Splunk 사용 경험자
수도권(서울,경기,수원) 내 파견근무 가능자
우대사항
컴퓨터/시스템공학 전공자
머신러닝(AI) 지식 보유자 우대
근무조건
근무형태 : 수습 3개월 후 정규직 전환 
근무일시 : 주 5일(월~금) 09:00~18:00 
근무지역 : 04043 서울시 마포구 양화로 61, 7~8F (합정역 1번 출구)
전형절차
제출서류
사람인 온라인 이력서 입사지원
2024-12-29 14:57:55,321 - INFO - S3에 텍스트 저장 완료: s3://t2jt/job/DE/sources/saramin/txt/67fb6e54-01a5-4bca-942b-e2e2c39f4d4a.txt
2024-12-29 14:57:55,363 - INFO - DB에 저장 성공 - URL: https://www.saramin.co.kr/zf_user/jobs/relay/view?rec_idx=49562283, Job Title: DE, Company: (주)제이슨, Post_Title: [안랩-제이슨] (경력)빅데이터 구축 엔지니어, S3 Text URL: s3://t2jt/job/DE/sources/saramin/txt/67fb6e54-01a5-4bca-942b-e2e2c39f4d4a.txt, S3 Images URL: None
2024-12-29 14:57:55,481 - INFO - URL로 이동 중 (시도 1/3): https://www.saramin.co.kr/zf_user/jobs/relay/view?rec_idx=49612450
2024-12-29 14:58:11,059 - INFO - 추출된 텍스트: da[중소/시리즈B투자/데이터/강남]ta 1. Data Analysis Engineer
모집부문 및 상세내용
공통 자격요건
ㆍ학력 : 대졸 이상 (4년)
Data Analysis Engineer 0명



[합류하면 함께 하게 될 업무예요.]

-1000개가 넘는 고객사의 모든 커머스 데이터와 일 5천만 건 이상의 고객 행동 로그를 바탕으로 비즈니스 요구사항을 데이터로 해석하여 알맞은 데이터를 만들어냅니다.


-수억 건 이상의 가공된 데이터들을 최종 고객에게 빠르게 전달할 수 있는 다양한 어플리케이션을 설계, 개발, 운영하고 이 과정에서 다양한

직군의 동료(데이터 직군, 백엔드 엔지니어, PM, 세일즈 등)와 함께 협업하여 데이터로 서비스에 가치를 부여합니다.

-데이터 사이언티스트, 분석가, 엔지니어와 함께 협업하여 데이터라이즈의 복잡하고 방대한 데이터를 서비스에서 활용할 수 있도록 파이프

라인을 구축합니다.

-글로벌 환경에 맞는 데이터 서비스를 만드는데 긴밀히 참여합니다.



필요요건[이런 역량을 가지신 분들과 같이 일하고 싶어요. ]

-데이터를 활용하여 비즈니스 문제를 해결해보신 경험이 2년 이상이거나, 이에 준하는 실력을 가지신 분

-SQL 활용 능력이 탁월하신 분

-다양한 직군의 동료들과 거침없이 커뮤니케이션하며 결과를 만들어내실 수 있는 분

-비즈니스 문제를 해결하기 위해 데이터 기반으로 문제를 정의하고 해결하실 수 있는 분

-새로운 도메인 지식을 빠르게 학습하시는 분

-스타트업의 A to Z를 경험하고 싶으신 분



우대사항[이런 경험이 있는 분이라면 더 좋아요!]

-정의되지 않은 과제를 정의하고 스스로 해결하는 것을 즐기시는 분

-Python 사용 경험이 있으신 분

-Spark, Hadoop 등의 대용량 분산 처리 기술 사용 경험이 있으신 분

-CS 전반 지식 및 프로그래밍 능력이 뛰어나신 분

-Airflow와 같은 job orchestration framework 사용 경험이 있으신 분

-CRM에 대한 이해가 있으신 분



상세조건

경력 연수2년 이상 ~ 10년 미만

인재직무 키워드

1순위 : Data Analytics Engineer

최종학력학사이상

근무지( 서울 강남구 도곡로 205, 6층 (역삼동,와이케이빌딩 )

출근 유연제있음

스톡옵션여부없음

전체 면접 횟수2회

인성검사없음

별도테스트있음

이력서 검토시기마감 후 2주 이내 검토



근무조건
ㆍ 근무형태 : 정규직
ㆍ 근무지역 : (06231) 서울 강남구 도곡로 205 YK빌딩(역삼동) - 서울 3호선 매봉 에서 1km 이내
전형절차
서류전형
1차면접
최종합격
접수기간 및 방법
ㆍ 접수기간 : 2024년 12월 18일 (수) 12시 ~ 2025년 1월 2일 (목) 24시
ㆍ 접수방법 : 사람인 입사지원
ㆍ 이력서양식 : 사람인 온라인 이력서
유의사항
ㆍ입사지원 서류에 허위사실이 발견될 경우, 채용확정 이후라도 채용이 취소될 수 있습니다.
2024-12-29 14:58:11,164 - INFO - S3에 텍스트 저장 완료: s3://t2jt/job/DE/sources/saramin/txt/e1a0b2be-adbd-4af9-b765-342af0c7723c.txt
2024-12-29 14:58:11,207 - INFO - DB에 저장 성공 - URL: https://www.saramin.co.kr/zf_user/jobs/relay/view?rec_idx=49612450, Job Title: DE, Company: (주)에이치알글로벌네트워크, Post_Title: da[중소/시리즈B투자/데이터/강남]ta 1. Data Analysis Engineer, S3 Text URL: s3://t2jt/job/DE/sources/saramin/txt/e1a0b2be-adbd-4af9-b765-342af0c7723c.txt, S3 Images URL: None
2024-12-29 14:58:11,292 - INFO - URL로 이동 중 (시도 1/3): https://www.saramin.co.kr/zf_user/jobs/relay/view?rec_idx=49592462
2024-12-29 14:58:25,190 - INFO - 추출된 텍스트: [유통대기업] 데이터엔지니어
Job Description
세상을 바꾸는 이직 플랫폼, 헤딩 HEDING
인사담당자님, 경력 인증된 지원자를 헤딩으로 한번에 관리해보세요!

✅기업 인사팀이 선호하는 서류합격 프리패스 헤딩이력서
✅4대보험 불러오기로 누구보다 빠르게 이력서 완성
✅헤드헌터와 인사팀이 역제안하는 고퀄리티 포지션

[주요업무] 
1. 데이터 인프라 구축 및 관리
  - 데이터베이스 및 데이터 웨어하우스 설계 및 구축
  - 클라우드 환경에서의 데이터 인프라 관리 (AWS, GCP, Azure 등)
 2. 데이터 파이프라인 설계 및 구현
  - 데이터 수집, 처리, 저장을 위한 파이프라인 설계 및 구현
  - 실시간 데이터 스트리밍 및 배치 처리 파이프라인 구축
3. 데이터 품질 관리
  - 데이터 정합성 및 품질 검증을 위한 모니터링
  - 데이터 클렌징 및 변환 작업 수행
4. 데이터 모델링 및 최적화
  - 데이터 모델 설계 및 최적화
  - 데이터베이스 성능 튜닝 및 쿼리 최적화
5. 협업 및 커뮤니케이션
  - 부서별 협업 및 커뮤니케이션
  - 외부 컨설팅 업체와의 협업
Job Requirements
[자격요건]
1. 학력 : 관련 분야 학사 이상의 학위
2. 경력 : 최소 3년 이상의 데이터/AI 관련 프로젝트 경험
  - 최소 3년 이상의 데이터 엔지니어링 경험
  - 대규모 데이터 처리 및 데이터 파이프라인 구축 경험
3. 기술 역량
  - SQL 및 데이터베이스 설계 능력
  - Python, Java 등 프로그래밍 언어 활용 능력
  - 온프레미스 및 클라우드 환경에서의 데이터 인프라 관리 경험 (AWS,
 GCP, Azure 등)
 4. 데이터 품질 관리
  - 데이터 정합성 및 품질 검증 경험
  - 데이터 클렌징 및 변환 작업 경험
5. 협업 및 커뮤니케이션
  - 데이터 분석가, 데이터 사이언티스트와의 협업 경험
  - 비즈니스 팀과의 원활한 커뮤니케이션 능력

[우대사항]
1. 빅데이터 처리 기술 경험
  - Hadoop, Spark, Kafka 등 빅데이터 처리 기술 활용 경험
  - MLOps 도구 및 프레임워크 등 경험
2. CI/CD 파이프라인 구축 및 관리 경험
  - GitLab 등 CI/CD 도구 활용 경험
3. 프로젝트 경험
  - 데이터 엔지니어링 프로젝트 경험 (프로젝트 기획부터 실행,
    결과 도출까지의 전 과정 경험)
  - 문제 해결 능력 및 분석적 사고
4. 데이터 거버넌스 관리
  - AI/빅데이터 프로젝트 관련 데이터 거버넌스 정책 수립 및 관리
5. 관련 전공 석사 이상 학위

[지원방법]
1. 사람인 온라인지원

[문의처 및 지원]
담당자 : 최경영 매니저
이메일 : kychoi@heding.co.kr
카카오톡 : https://open.kakao.com/me/kychoi
2024-12-29 14:58:25,303 - INFO - S3에 텍스트 저장 완료: s3://t2jt/job/DE/sources/saramin/txt/293cf982-2c5b-445c-960c-435686566521.txt
2024-12-29 14:58:25,336 - INFO - DB에 저장 성공 - URL: https://www.saramin.co.kr/zf_user/jobs/relay/view?rec_idx=49592462, Job Title: DE, Company: (주)더라이징스타헤딩, Post_Title: [유통대기업] 데이터엔지니어, S3 Text URL: s3://t2jt/job/DE/sources/saramin/txt/293cf982-2c5b-445c-960c-435686566521.txt, S3 Images URL: None
2024-12-29 14:58:25,416 - INFO - URL로 이동 중 (시도 1/3): https://www.saramin.co.kr/zf_user/jobs/relay/view?rec_idx=49598663
2024-12-29 14:58:38,508 - INFO - 추출된 텍스트: [ 데이터 엔지니어 ] 전자제품 1위 유통 대기업
모집부문 및 상세내용
공통 자격요건
ㆍ학력 : 대졸 이상 (4년)

데이터 엔지니어 0명

담당업무
1. 데이터 인프라 구축 및 관리
   - 데이터베이스 및 데이터 웨어하우스 설계 및 구축
   - 클라우드 환경에서의 데이터 인프라 관리 (AWS, GCP, Azure 등)

2. 데이터 파이프라인 설계 및 구현
   - 데이터 수집, 처리, 저장을 위한 파이프라인 설계 및 구현
   - 실시간 데이터 스트리밍 및 배치 처리 파이프라인 구축

3. 데이터 품질 관리
   - 데이터 정합성 및 품질 검증을 위한 모니터링
   - 데이터 클렌징 및 변환 작업 수행

4. 데이터 모델링 및 최적화
   - 데이터 모델 설계 및 최적화
   - 데이터베이스 성능 튜닝 및 쿼리 최적화

5. 협업 및 커뮤니케이션
   - 부서별 협업 및 커뮤니케이션
   - 외부 컨설팅 업체와의 협업

필수경력
1. 학력 : 관련 분야 학사 이상의 학위

2. 경력 : 최소 3년 이상의 데이터/AI 관련 프로젝트 경험
   - 최소 3년 이상의 데이터 엔지니어링 경험
   - 대규모 데이터 처리 및 데이터 파이프라인 구축 경험

3. 기술 역량
   - SQL 및 데이터베이스 설계 능력
   - Python, Java 등 프로그래밍 언어 활용 능력
   - 온프레미스 및 클라우드 환경에서의 데이터 인프라 관리 경험 (AWS,GCP, Azure 등)

4. 데이터 품질 관리
   - 데이터 정합성 및 품질 검증 경험
   - 데이터 클렌징 및 변환 작업 경험

5. 협업 및 커뮤니케이션
   - 데이터 분석가, 데이터 사이언티스트와의 협업

우대사항
1. 빅데이터 처리 기술 경험
   - Hadoop, Spark, Kafka 등 빅데이터 처리 기술 활용 경험
   - MLOps 도구 및 프레임워크 등 경험

2. CI/CD 파이프라인 구축 및 관리 경험
   - GitLab 등 CI/CD 도구 활용 경험

3. 프로젝트 경험
   - 데이터 엔지니어링 프로젝트 경험 (프로젝트 기획부터 실행, 결과 도출까지의 전 과정 경험)
   - 문제 해결 능력 및 분석적 사고

4. 데이터 거버넌스 관리
 - AI/빅데이터 프로젝트 관련 데이터 거버넌스 정책 수립 및 관리

5. 관련 전공 석사 이상 학위
 
근무장소
○ 서울 강남 본사 사옥




근무조건
ㆍ 근무형태 : 정규직
ㆍ 근무일시 : 주 5일(월~금)
ㆍ 근무지역 : (06288) 서울 강남구 삼성로 156 하이마트사옥(대치동) - 서울 3호선 대치 에서 100m 이내
전형절차
서류전형
1차면접
2차면접
최종합격
접수기간 및 방법
ㆍ 접수기간 : 2024년 12월 16일 (월) 16시 ~ 채용시
ㆍ 접수방법 : 사람인 입사지원
ㆍ 이력서양식 : 사람인 온라인 이력서
유의사항
ㆍ입사지원 서류에 허위사실이 발견될 경우, 채용확정 이후라도 채용이 취소될 수 있습니다.
2024-12-29 14:58:38,608 - INFO - S3에 텍스트 저장 완료: s3://t2jt/job/DE/sources/saramin/txt/a66b568c-2ce5-4ff5-8f14-c3bfaaf60d47.txt
2024-12-29 14:58:38,650 - INFO - DB에 저장 성공 - URL: https://www.saramin.co.kr/zf_user/jobs/relay/view?rec_idx=49598663, Job Title: DE, Company: 쓰리핸즈(3Handz), Post_Title: [ 데이터 엔지니어 ] 전자제품 1위 유통 대기업, S3 Text URL: s3://t2jt/job/DE/sources/saramin/txt/a66b568c-2ce5-4ff5-8f14-c3bfaaf60d47.txt, S3 Images URL: None
2024-12-29 14:58:38,730 - INFO - URL로 이동 중 (시도 1/3): https://www.saramin.co.kr/zf_user/jobs/relay/view?rec_idx=49600641
2024-12-29 14:58:52,662 - INFO - 추출된 텍스트: 세계적인 게임 개발사
 
게임 데이터엔지니어


담당업무
- *****의 불건전언어, 어뷰징(봇핵,계정도용,결제사기) 탐지를 위한 MLOps 플랫폼 구축
- 인게임 로그 분석, 피쳐/데이터 선정, 모델 학습/평가 프로세스를 통한 지속적인 모델 성능 고도화
- 운영자를 위한 데이터기반 웹 서비스 개발(Flask, Django)
- 실시간 데이터 가공 및 처리

자격요건
- 관련 업무 경력 1년 이상
- 학력/전공 무관

필요역량
- 대화의 핵심을 쉽게 파악하고 팀원/타 부서와 원활한 커뮤니케이션을 통해 주도적으로 문제 해결이 가능하신 분
- Java, Scala, Python(Numpy/Pandas) 등의 프로그래밍 언어 중 최소 1개의 언어를 능숙하게 사용
- Pytorch, AutoML, Tensorflow, Keras 등 딥 러닝 프레임워크 활용 능력을 보유하신 분
- Database System, Hadoop Ecosystem 개념 및 언어(SQL, NoSQL)에 대한 탄탄한 지식
- Spark, EMR 등의 빅데이터 프레임워크와 분산처리 기술로 대용량 데이터 처리 및 파이프라인 구축을 해 보신 분

우대사항
_ 실무에서의 AI/ML 프로젝트 수행 및 AI/ML 모델 구축 경험(상용서비스 기준)
- AI 모델 자동 최적화 기법 개발(AutoML, Neural Architecture Search 등)
- Airflow를 통한 파이프라인 구축 경험이 있으신 분
- Kafka, Spark-Streaming 등의 스트림 프로세싱 시스템에 대한 경험이 있으신 분
- AWS, Azure 등 클라우드 기반 서비스 환경에서 개발 경험이 있으신 분


판교근무



어린이집 및 주차장 추첨
셔틀버스 운행
비포괄임금제(분단위 측정, 일한 만큼 주는 분위기)
높은 성과기반 인센티브 

사원수 690명
기업형태 대기업
전 세계 80개국 서비스
매출 6619억원 영업이익 3748억원으로
국내 게임사 중 가장 높은 수준이라고 해요.


담당자
이 상민 이사

헤드헌터  12년 재직 중
recruit@hrbiz.co.kr / 010-2330-8214
2024-12-29 14:58:52,761 - INFO - S3에 텍스트 저장 완료: s3://t2jt/job/DE/sources/saramin/txt/c4e223e3-36d4-4d2e-8aee-c393c2cea420.txt
2024-12-29 14:58:52,804 - INFO - DB에 저장 성공 - URL: https://www.saramin.co.kr/zf_user/jobs/relay/view?rec_idx=49600641, Job Title: DE, Company: (주)에이치알비즈코리아, Post_Title: 게임 데이터엔지니어/세계적인 게임사/판교, S3 Text URL: s3://t2jt/job/DE/sources/saramin/txt/c4e223e3-36d4-4d2e-8aee-c393c2cea420.txt, S3 Images URL: None
2024-12-29 14:58:52,887 - INFO - URL로 이동 중 (시도 1/3): https://www.saramin.co.kr/zf_user/jobs/relay/view?rec_idx=49612831
