2024-12-24 11:22:07,349 - INFO - Found credentials in shared credentials file: /code/.aws/credentials
2024-12-24 11:22:07,671 - INFO - ====== WebDriver manager ======
2024-12-24 11:22:07,756 - INFO - Get LATEST chromedriver version for google-chrome
2024-12-24 11:22:07,776 - INFO - Get LATEST chromedriver version for google-chrome
2024-12-24 11:22:07,794 - INFO - There is no [linux64] chromedriver "131.0.6778.204" for browser google-chrome "131.0.6778" in cache
2024-12-24 11:22:07,794 - INFO - Get LATEST chromedriver version for google-chrome
2024-12-24 11:22:07,857 - INFO - WebDriver version 131.0.6778.204 selected
2024-12-24 11:22:07,860 - INFO - Modern chrome version https://storage.googleapis.com/chrome-for-testing-public/131.0.6778.204/linux64/chromedriver-linux64.zip
2024-12-24 11:22:07,860 - INFO - About to download new driver from https://storage.googleapis.com/chrome-for-testing-public/131.0.6778.204/linux64/chromedriver-linux64.zip
2024-12-24 11:22:07,975 - INFO - Driver downloading response is 200
2024-12-24 11:22:08,039 - INFO - Get LATEST chromedriver version for google-chrome
2024-12-24 11:22:08,193 - INFO - Driver has been saved in cache [/root/.wdm/drivers/chromedriver/linux64/131.0.6778.204]
2024-12-24 11:45:29,048 - INFO - Found credentials in shared credentials file: /code/.aws/credentials
2024-12-24 11:45:29,375 - INFO - ====== WebDriver manager ======
2024-12-24 11:45:29,487 - INFO - Get LATEST chromedriver version for google-chrome
2024-12-24 11:45:29,512 - INFO - Get LATEST chromedriver version for google-chrome
2024-12-24 11:45:29,531 - INFO - There is no [linux64] chromedriver "131.0.6778.204" for browser google-chrome "131.0.6778" in cache
2024-12-24 11:45:29,531 - INFO - Get LATEST chromedriver version for google-chrome
2024-12-24 11:45:29,593 - INFO - WebDriver version 131.0.6778.204 selected
2024-12-24 11:45:29,598 - INFO - Modern chrome version https://storage.googleapis.com/chrome-for-testing-public/131.0.6778.204/linux64/chromedriver-linux64.zip
2024-12-24 11:45:29,598 - INFO - About to download new driver from https://storage.googleapis.com/chrome-for-testing-public/131.0.6778.204/linux64/chromedriver-linux64.zip
2024-12-24 11:45:29,712 - INFO - Driver downloading response is 200
2024-12-24 11:45:29,788 - INFO - Get LATEST chromedriver version for google-chrome
2024-12-24 11:45:29,963 - INFO - Driver has been saved in cache [/root/.wdm/drivers/chromedriver/linux64/131.0.6778.204]
