2024-12-23 18:30:08,080 - INFO - Found credentials in shared credentials file: /code/.aws/credentials
2024-12-23 18:30:08,621 - INFO - === DE 작업 시작 ===
2024-12-23 18:30:08,621 - INFO - [INFO] S3 파일 읽기 시도: Bucket=t2jt, Path=job/DE/sources/saramin/links/20241223.txt
2024-12-23 18:30:08,896 - INFO - [INFO] S3 파일 읽기 시도: Bucket=t2jt, Path=job/DE/sources/saramin/links/20241222.txt
2024-12-23 18:30:09,149 - INFO - [DE] 오늘 날짜 파일에서 추출된 데이터: 4345개
2024-12-23 18:30:09,149 - INFO - [DE] 어제 날짜 파일에서 추출된 데이터: 1973개
2024-12-23 18:32:13,316 - INFO - [DE] DB 중복 확인 후 남은 데이터: 1965개
2024-12-23 18:32:13,508 - INFO - 추가된 URL: 1082개
2024-12-23 18:32:13,508 - INFO - 제거된 URL: 65개
2024-12-23 18:32:13,574 - ERROR - 실행 중 오류 발생: 1146 (42S02): Table 'testdb1.saramin' doesn't exist
2024-12-23 18:32:13,575 - INFO - === DE 작업 완료 ===
2024-12-23 18:32:13,576 - INFO - === FE 작업 시작 ===
2024-12-23 18:32:13,576 - INFO - [INFO] S3 파일 읽기 시도: Bucket=t2jt, Path=job/FE/sources/saramin/links/20241223.txt
2024-12-23 18:32:13,772 - INFO - [INFO] S3 파일 읽기 시도: Bucket=t2jt, Path=job/FE/sources/saramin/links/20241222.txt
2024-12-23 18:32:14,008 - INFO - [FE] 오늘 날짜 파일에서 추출된 데이터: 2260개
2024-12-23 18:32:14,009 - INFO - [FE] 어제 날짜 파일에서 추출된 데이터: 2339개
2024-12-23 18:38:10,243 - INFO - Found credentials in shared credentials file: /code/.aws/credentials
2024-12-23 18:38:10,766 - INFO - === DE 작업 시작 ===
2024-12-23 18:38:10,766 - INFO - [INFO] S3 파일 읽기 시도: Bucket=t2jt, Path=job/DE/sources/saramin/links/20241223.txt
2024-12-23 18:38:11,050 - INFO - [INFO] S3 파일 읽기 시도: Bucket=t2jt, Path=job/DE/sources/saramin/links/20241222.txt
2024-12-23 18:38:11,273 - INFO - [DE] 오늘 날짜 파일에서 추출된 데이터: 4345개
2024-12-23 18:38:11,273 - INFO - [DE] 어제 날짜 파일에서 추출된 데이터: 1973개
2024-12-23 18:40:17,374 - INFO - [DE] DB 중복 확인 후 남은 데이터: 1965개
2024-12-23 18:40:17,560 - INFO - 추가된 URL: 1082개
2024-12-23 18:40:17,560 - INFO - 제거된 URL: 65개
2024-12-23 18:40:17,621 - INFO - URL로 이동 중 (시도 1/3): https://www.saramin.co.kr/zf_user/jobs/relay/view?rec_idx=49619041
2024-12-23 18:40:32,107 - INFO - 추출된 텍스트: 채용공고

당신의 전문성을 뽐내보세요⚡
: Cloud Engineer
이런 분이라면 좋겠어요✋
: 학력 무관, 클라우드 인프라 구축 및 운영 경력 5년 이상인 분, 채용 중이에요!
근무 지역은 여기에요⭐
: 경기도 성남시
새로운 인원 모집 중이에요✅
: 0명
이렇게 지원하세요⌛
: 2024-12-31(화) 23:59까지, 채용 시 마감이에요★
※ 상세 모집 요강 및 접수 방법은 [홈페이지 지원] 참조 부탁드려요⭐
2024-12-23 18:40:32,226 - INFO - S3에 텍스트 저장 완료: s3://t2jt/job/DE/sources/saramin/txt/ba392390-1acd-47b4-b9cb-1d21c03edcd8.txt
2024-12-23 18:40:32,297 - INFO - DB에 저장 성공 - URL: https://www.saramin.co.kr/zf_user/jobs/relay/view?rec_idx=49619041, Job Title: DE, Company: (주)카카오엔터테인먼트, Post_Title: Cloud Engineer, S3 Text URL: s3://t2jt/job/DE/sources/saramin/txt/ba392390-1acd-47b4-b9cb-1d21c03edcd8.txt, S3 Images URL: None
2024-12-23 18:40:32,400 - INFO - URL로 이동 중 (시도 1/3): https://www.saramin.co.kr/zf_user/jobs/relay/view?rec_idx=49619684
2024-12-23 18:40:45,233 - INFO - 추출된 텍스트: [카카오자회사] 하이브리드/멀티 클라우드 시스템 엔지니어

- 업무내용
- 클라우드 인프라 구축 및 운영 (카카오클라우드)
- 클라우드 네트워크 구축 (VPC 생성, TGW 연결, LB 구성 등)
- 클라우드 컴퓨팅 리소스 생성 및 관리 (VM, Volume, Registry 등)
- 쿠버네티스 클러스터 구축 및 운영, 스케줄링 설계 (Pod 스케줄링, Ingress 설정, PV 관리)
- 모니터링 시스템 구축 및 운영 자동화, 장애 예방, 진단 및 해결
- MSA 환경의 컨테이너 어플리케이션 구성 및 운영, 배포 (GitHub, ArgoCD 등 CI/CD 도구를 통한 배포 파이프라인 구성)
- 서비스 개발 환경과 업무 생산성 향상을 위한 시스템 자동화 (Terraform, Ansible) 
- On-premise 및 퍼블릭클라우드 마이그레이션 (O/S 튜닝 및 어플리케이션 설치, 연동)
- IAM(계정 및 권한) 관리, 인프라 자산 관리
- 클라우드 기술 서포트 및 이슈 대응, 신규 기술 검토
- 자격요건 - 클라우드 인프라 구축 및 운영 경력 2년 이상 필수
- 인프라(네트워크, 서버, 스토리지 등) 및 오픈스택에 대한 전반적인 이해
- Docker, K8s 등 컨테이너 환경에 대한 이해
- Kubernetes cluster 구축 및 운영 경험이 있으신 분
- Prometheus 및 Grafana 운영 경험이 있으신 분
- 컨테이너 환경의 어플리케이션 운영 경험이 있으신 분
- Apache, Tomcat, DB 등 어플리케이션 운영 경험이 있으신 분
- Kafka, Redis, Elasticsearch 등 오프소스 기반 서비스 운영 경험이 있으신 분
- 하이브리드 클라우드(with On-premise) 구축 경험이 있으신 분
- 하이브리드/멀티 클라우드 인프라 설계에 관심이 있으신 분
- AWS/GCP/Azure 사용 경험이나 클라우드 서비스에 대한 관심이 있으신 분
- 다양한 분야의 업무를 적극적으로 즐겁게 하실 수 있는분
- 혼자 일하는 것보다 협업을 더 좋아하시는 분











- 접수방법 온라인 공고 입사지원
- 접수기간 채용 시 마감
2024-12-23 18:40:45,357 - INFO - S3에 텍스트 저장 완료: s3://t2jt/job/DE/sources/saramin/txt/86b371f1-8983-49da-b9ef-b7a8777e8c2a.txt
2024-12-23 18:40:45,426 - INFO - DB에 저장 성공 - URL: https://www.saramin.co.kr/zf_user/jobs/relay/view?rec_idx=49619684, Job Title: DE, Company: (주)디케이테크인, Post_Title: [카카오자회사] 하이브리드/멀티 클라우드 시스템 엔지니어, S3 Text URL: s3://t2jt/job/DE/sources/saramin/txt/86b371f1-8983-49da-b9ef-b7a8777e8c2a.txt, S3 Images URL: None
2024-12-23 18:40:45,528 - INFO - URL로 이동 중 (시도 1/3): https://www.saramin.co.kr/zf_user/jobs/relay/view?rec_idx=49584835
2024-12-23 18:40:58,208 - INFO - 추출된 텍스트: 블록체인 클라우드 엔지니어 (주니어)
서비스 소개
세상의 모든 가치가 거래되는 곳,
대한민국 대표 가상자산 거래소 빗썸에서 함께 성장할 동료를 찾고 있습니다.

빗썸은 매일 82만명이 방문하고 하루 평균 약 2조 2천억원에 달하는 가상자산이 거래되는, 그리고 월렛(Wallet)과 대체불가능토큰(Non-Fungible Token, NFT), 메타버스(Metaverse) 등의 기술을 바탕으로 블록체인 기반의 암호화폐 생태계를 선도하고 있는 대한민국 최고의 가상자산 거래소입니다.

암호화폐(Cryptocurrency)나 가상자산(Virtual Assets)의 개념조차 생소하던 2014년 1월 처음 거래소 서비스를 시작한 이후 현재까지 8년간 국내 최고 거래소의 위치를 꾸준히 유지하고 있는 빗썸은, 2021년 전세계적인 가상자산 투자 열기의 확산과 함께 총 회원 수 690만명, 1일 최대 거래량 9조 4,000억원, 원화와 가상자산을 포함한 고객 예치금이 13조원에 달하는 국내 최대 규모의 디지털 금융 플랫폼으로 자리매김하고 있습니다.

빗썸은 대용량 트래픽을 안정적으로 처리할 수 있는 고성능 거래 체결 엔진을 바탕으로 투명하고 공정한 검증을 거쳐 상장된 가상자산과, NFT를 포함한 다양한 블록체인 기반 콘텐츠 상품군을 통해 이용자에게 최적의 트레이딩 서비스를 제공하는 것을 목표로 오늘도 빠르게 성장하고 있습니다.

빗썸은 앞으로 다가올 미래의 디지털 금융 혁신을 위해 각 분야에서 최고 수준의 역량을 갖춘 인재들이 모여 일하고 있습니다.

블록체인과 핀테크 기술을 접목한 디지털 금융 플랫폼으로의 변화를 주도해 나가며 금융시장의 혁신을 선도하는 가슴 뛰는 경험을 함께하고 싶지 않으신가요?
빗썸의 미래와 함께 성장할 도전적인 인재, 멋진 우리의 동료를 기다립니다.

빗썸은 구성원과 회사가 함께 성장할 수 있도록 잠재된 역량과 아이디어를 최대한 발휘할 수 있는 기회를 부여하고, 성과에 상응하는 보상을 통해 의욕적으로 일할 수 있는 최적의 환경을 조성하는 데에 최선을 다하고 있습니다.
이 포지션의 AI 예상 면접 질문이 궁금하다면 점핏에서 확인해보세요!
모집부문 / 상세내용
사용 기술
Python Terraform Kubernetes Docker AWS Ansible AWS Lambda
주요업무
• IDC 및 AWS의 블록체인 관련 서비스 구축 및 운영
• CI/CD 구현 및 관리
• 형상 및 배포 관리 개발 및 운영 품질 향상 지원
• 각종 모니터링 솔루션 구성 및 관리/운영을 통한 빠른 장애 해결
자격요건
• 클라우드 환경(AWS 등) 시스템 구축 및 운영 경험이 1년 이상 있으신 분
• 리눅스 시스템 관리 운영이 가능하신 분
• CI/CD환경 구축 및 운용이 가능하신 분
• 배포 스크립트 언어 활용이 가능하신 분
• Git에 기반한 형상관리 및 브랜치 전략에 대한 이해가 있으신 분
• laC(Infrastructure as Code) 기반 운용 능력이 있으신 분
우대사항
• Docker, Kubernetes 경험 및 활용이 가능하신 분
• 24/7 서비스 운영 경험이 있으신 분
• 보안 관점의 클라우드 인프라에 대한 고민을 해보신분
• 개발자등 구성원들과 적극적인 커뮤니케이션을 통해 문제를 해결 한 경험이 있으신 분
• 블록체인 관련 노드 운영 경험이 있으신분
• 블록체인에 사용되는 암호화 기술 및 스마트 컨트렉트에 대한 이해가 있으신 분
• JIRA, Confluence, Git, Slack등을 사용한 협업 경험이 있으신 분
• 기술적 성장에 관심이 많으며 새로운 기술을 적용하는데 두려움이 없으신 분
마감일 및 근무지
• 마감일 : ~2025-01-12
• 근무지
- 서울시 강남구 테헤란로 124 15-17F (삼원타워) 16층
복지 및 혜택
[업무에 몰입할 수 있는 환경을 조성합니다.]
• 비포괄임금제 | 일한만큼 받습니다. 초과근무 시 1분단위 수당으로 보상합니다.
• 선택적 근로시간제 | 출퇴근시간을 본인이 선택하여 복잡한 출퇴근길을 피할 수 있습니다.
• 복지포인트 연간 840만원 지급 | 항목에 상관없이 자유롭게 사용 가능한 복지포인트를 연간 840만원 지원합니다.
• 출퇴근 교통비 지원 | 야간/휴일근무 시 카카오T 비즈니스를 이용하여 편하게 출퇴근합니다.

[구성원의 편리한 생활을 지원합니다.]
• 삼시세끼 제공 
- 조식 : 샌드위치, 샐러드 등 간단하고 건강한 메뉴들이 매일 다양하게 준비되어있습니다.
- 중식 : 비싼 강남 물가에 맞게! 연봉에 포함되지 않는 식대를 월 22만원 지급합니다.
- 석식 : 퇴근이 늦어질 경우, 저녁식사비로 식권대장 포인트 12,000원 지급합니다.
- 휴일 : 휴일 근무 시에는 점심/저녁식사비로 식권대장 포인트를 끼니당 18,000원씩 지급합니다.
• 간식·음료 무제한 스낵부스 운영 | 과자류, 간편식 뿐만 아니라 유산균이나 홍삼같은 건강식품까지 제공합니다.
• 장부식당 운영 | 빗썸 직원들과의 저녁모임 시, 고기·호프·치킨집 등 제휴된 식당을 자유롭게 이용할 수 있습니다.
• 주택자금대출 | 주택 매매/임차 시 최대 5년간 1억원까지 무이자로 지원합니다.
• 자녀학자금 | 유치원·어린이집 240만원, 초/중/고등학교 180만원, 대학교 1,000만원까지 연 단위로 지원합니다.
• 기념일 선물 | 명절·연말·생일·어버이날에는 한우, 카네이션, 기프트카드 등 다양한 선물을 나눕니다.

[구성원 개개인의 성장을 돕습니다.]
• 역량향상 교육 | 직무·역량개발을 위한 교육이라면 얼마든지 지원합니다.
• 외국어 교육 | 직원들의 외국어 능력 신장을 위해 외국어 교육을 지원합니다.
• 도서 구매 | 빗썸 직원이라면 업무에 필요한 도서를 무제한 구매할 수 있습니다.
• 사내 도서관 운영 | 매월 신간이 30권씩 입고되는 사내 도서관을 운영합니다. 

[본인과 가족들의 건강 걱정을 덜어드리고 퀄리티 높은 휴식을 보장합니다.]
• 건강검진 | 본인·배우자·자녀·부모님에게 프리미엄 건강검진을 제공합니다. 한방특화 검진도 가능합니다.
• 단체상해보험 | 임직원들의 병원비 부담을 덜어내는 단체상해보험 가입을 지원합니다.
• 사내 동호회 활동 지원 | 빗썸의 다양한 사내 동호회를 인당 2개까지 가입할 수 있습니다.
• 리조트·콘도 지원 | 아난티·소노인터내셔널 등 국내 유명 휴양콘도 숙박을 지원합니다.
채용절차 및 기타 지원 유의사항
[채용절차]
• 서류전형 ＞ 1차 기술 인터뷰 ＞ 2차 임원 인터뷰 ＞ 최종합격

• 본 공고는 수시채용으로 진행되며, 채용 완료 시 조기에 마감될 수 있습니다.
• 서류전형 결과에 따라 Pre-Test(전화 인터뷰 또는 온라인 테스트)가 진행될 수 있습니다.
• 채용절차는 일정과 상황에 따라 사전 안내 후 변경될 수 있으며, 각 전형의 결과는 개별적으로 안내하여 드립니다.
• 입사 후 3개월의 수습기간을 적용하며, 평가 결과에 따라 수습기간이 연장되거나 채용이 취소될 수 있습니다.
• 지원서에 기재된 내용 중 허위 사실이 발견될 경우 채용이 취소될 수 있습니다.
• 국가 유공자 · 장애인 등 취업보호대상자는 관계법령에 따라 우대합니다.
2024-12-23 18:40:58,330 - INFO - S3에 텍스트 저장 완료: s3://t2jt/job/DE/sources/saramin/txt/70871317-4d7e-487a-8a91-92223f9aa02d.txt
2024-12-23 18:40:58,402 - INFO - DB에 저장 성공 - URL: https://www.saramin.co.kr/zf_user/jobs/relay/view?rec_idx=49584835, Job Title: DE, Company: (주)빗썸코리아, Post_Title: 블록체인 클라우드 엔지니어 (주니어), S3 Text URL: s3://t2jt/job/DE/sources/saramin/txt/70871317-4d7e-487a-8a91-92223f9aa02d.txt, S3 Images URL: None
2024-12-23 18:40:58,502 - INFO - URL로 이동 중 (시도 1/3): https://www.saramin.co.kr/zf_user/jobs/relay/view?rec_idx=49583301
2024-12-23 18:41:11,231 - INFO - 추출된 텍스트: 채용공고

우리와 함께할 전문가를 모집합니다⚡
: System Engineer
이런 인재를 원해요✋
: 학력 무관, 경력 3년 이상인 분 원해요
근무하실 지역이에요⭐
: 경기도 성남시
함께 일할 동료를 찾습니다✅
: 0명
이렇게 지원해주세요⌛
: 2025-01-02(목) 17:00까지, 채용 시 마감이니 서둘러 지원하세요✨
※ 상세 모집 요강 및 접수 방법은 [홈페이지 지원] 참조 바랍니다⭐
2024-12-23 18:41:11,349 - INFO - S3에 텍스트 저장 완료: s3://t2jt/job/DE/sources/saramin/txt/827590fe-079b-4873-9c11-9d0626a618f7.txt
2024-12-23 18:41:11,410 - INFO - DB에 저장 성공 - URL: https://www.saramin.co.kr/zf_user/jobs/relay/view?rec_idx=49583301, Job Title: DE, Company: 네이버클라우드(주), Post_Title: [NAVER Cloud] System Engineer (경력), S3 Text URL: s3://t2jt/job/DE/sources/saramin/txt/827590fe-079b-4873-9c11-9d0626a618f7.txt, S3 Images URL: None
2024-12-23 18:41:11,511 - INFO - URL로 이동 중 (시도 1/3): https://www.saramin.co.kr/zf_user/jobs/relay/view?rec_idx=49584840
2024-12-23 18:41:24,353 - INFO - 추출된 텍스트: 블록체인 클라우드 엔지니어 (시니어)
서비스 소개
세상의 모든 가치가 거래되는 곳,
대한민국 대표 가상자산 거래소 빗썸에서 함께 성장할 동료를 찾고 있습니다.

빗썸은 매일 82만명이 방문하고 하루 평균 약 2조 2천억원에 달하는 가상자산이 거래되는, 그리고 월렛(Wallet)과 대체불가능토큰(Non-Fungible Token, NFT), 메타버스(Metaverse) 등의 기술을 바탕으로 블록체인 기반의 암호화폐 생태계를 선도하고 있는 대한민국 최고의 가상자산 거래소입니다.

암호화폐(Cryptocurrency)나 가상자산(Virtual Assets)의 개념조차 생소하던 2014년 1월 처음 거래소 서비스를 시작한 이후 현재까지 8년간 국내 최고 거래소의 위치를 꾸준히 유지하고 있는 빗썸은, 2021년 전세계적인 가상자산 투자 열기의 확산과 함께 총 회원 수 690만명, 1일 최대 거래량 9조 4,000억원, 원화와 가상자산을 포함한 고객 예치금이 13조원에 달하는 국내 최대 규모의 디지털 금융 플랫폼으로 자리매김하고 있습니다.

빗썸은 대용량 트래픽을 안정적으로 처리할 수 있는 고성능 거래 체결 엔진을 바탕으로 투명하고 공정한 검증을 거쳐 상장된 가상자산과, NFT를 포함한 다양한 블록체인 기반 콘텐츠 상품군을 통해 이용자에게 최적의 트레이딩 서비스를 제공하는 것을 목표로 오늘도 빠르게 성장하고 있습니다.

빗썸은 앞으로 다가올 미래의 디지털 금융 혁신을 위해 각 분야에서 최고 수준의 역량을 갖춘 인재들이 모여 일하고 있습니다.

블록체인과 핀테크 기술을 접목한 디지털 금융 플랫폼으로의 변화를 주도해 나가며 금융시장의 혁신을 선도하는 가슴 뛰는 경험을 함께하고 싶지 않으신가요?
빗썸의 미래와 함께 성장할 도전적인 인재, 멋진 우리의 동료를 기다립니다.

빗썸은 구성원과 회사가 함께 성장할 수 있도록 잠재된 역량과 아이디어를 최대한 발휘할 수 있는 기회를 부여하고, 성과에 상응하는 보상을 통해 의욕적으로 일할 수 있는 최적의 환경을 조성하는 데에 최선을 다하고 있습니다.
이 포지션의 AI 예상 면접 질문이 궁금하다면 점핏에서 확인해보세요!
모집부문 / 상세내용
사용 기술
Ansible AWS Lambda Python Terraform Kubernetes Docker AWS
주요업무
• IDC 및 AWS의 블록체인 관련 서비스 구축 및 운영
• CI/CD 구현 및 관리
• 형상 및 배포 관리 개발 및 운영 품질 향상 지원
• 각종 모니터링 솔루션 구성 및 관리/운영을 통한 빠른 장애 해결
• 인프라 비용 통제 및 최적화
자격요건
• 클라우드 환경(AWS 등) 시스템 구축 및 운영 경험이 8년 이상 보유하신 분
• 리눅스 시스템 관리 운영이 능숙하신 분
• CI/CD환경 구축 및 운용이 가능하신 분
• 배포 스크립트 언어 활용이 가능하신 분
• Git에 기반한 형상관리 및 브랜치 전략에 대한 이해가 있으신 분
• laC(Infrastructure as Code) 기반 운용 능력이 있으신 분
• 오픈소스 활용이 능숙하신 분
우대사항
• Docker, Kubernetes 경험 및 활용에 능숙하신 분
• 24/7 서비스 운영 경험이 있으신 분
• 보안 관점의 클라우드 인프라에 대한 고민을 해보신분
• 개발자등 구성원들과 적극적인 커뮤니케이션을 통해 문제를 해결 한 경험이 있으신 분
• 블록체인 관련 노드 운영 경험이 있으신분
• 블록체인에 사용되는 암호화 기술 및 스마트 컨트렉트에 대한 이해가 있으신 분
• JIRA, Confluence, Git, Slack등을 사용한 협업 경험이 있으신 분
• 기술적 성장에 관심이 많으며 새로운 기술을 적용하는데 두려움이 없으신 분
마감일 및 근무지
• 마감일 : ~2025-01-12
• 근무지
- 서울시 강남구 테헤란로 124 15-17F (삼원타워) 16층
복지 및 혜택
[업무에 몰입할 수 있는 환경을 조성합니다.]
• 비포괄임금제 | 일한만큼 받습니다. 초과근무 시 1분단위 수당으로 보상합니다.
• 선택적 근로시간제 | 출퇴근시간을 본인이 선택하여 복잡한 출퇴근길을 피할 수 있습니다.
• 복지포인트 연간 840만원 지급 | 항목에 상관없이 자유롭게 사용 가능한 복지포인트를 연간 840만원 지원합니다.
• 출퇴근 교통비 지원 | 야간/휴일근무 시 카카오T 비즈니스를 이용하여 편하게 출퇴근합니다.

[구성원의 편리한 생활을 지원합니다.]
• 삼시세끼 제공 
- 조식 : 샌드위치, 샐러드 등 간단하고 건강한 메뉴들이 매일 다양하게 준비되어있습니다.
- 중식 : 비싼 강남 물가에 맞게! 연봉에 포함되지 않는 식대를 월 22만원 지급합니다.
- 석식 : 퇴근이 늦어질 경우, 저녁식사비로 식권대장 포인트 12,000원 지급합니다.
- 휴일 : 휴일 근무 시에는 점심/저녁식사비로 식권대장 포인트를 끼니당 18,000원씩 지급합니다.
• 간식·음료 무제한 스낵부스 운영 | 과자류, 간편식 뿐만 아니라 유산균이나 홍삼같은 건강식품까지 제공합니다.
• 장부식당 운영 | 빗썸 직원들과의 저녁모임 시, 고기·호프·치킨집 등 제휴된 식당을 자유롭게 이용할 수 있습니다.
• 주택자금대출 | 주택 매매/임차 시 최대 5년간 1억원까지 무이자로 지원합니다.
• 자녀학자금 | 유치원·어린이집 240만원, 초/중/고등학교 180만원, 대학교 1,000만원까지 연 단위로 지원합니다.
• 기념일 선물 | 명절·연말·생일·어버이날에는 한우, 카네이션, 기프트카드 등 다양한 선물을 나눕니다.

[구성원 개개인의 성장을 돕습니다.]
• 역량향상 교육 | 직무·역량개발을 위한 교육이라면 얼마든지 지원합니다.
• 외국어 교육 | 직원들의 외국어 능력 신장을 위해 외국어 교육을 지원합니다.
• 도서 구매 | 빗썸 직원이라면 업무에 필요한 도서를 무제한 구매할 수 있습니다.
• 사내 도서관 운영 | 매월 신간이 30권씩 입고되는 사내 도서관을 운영합니다. 

[본인과 가족들의 건강 걱정을 덜어드리고 퀄리티 높은 휴식을 보장합니다.]
• 건강검진 | 본인·배우자·자녀·부모님에게 프리미엄 건강검진을 제공합니다. 한방특화 검진도 가능합니다.
• 단체상해보험 | 임직원들의 병원비 부담을 덜어내는 단체상해보험 가입을 지원합니다.
• 사내 동호회 활동 지원 | 빗썸의 다양한 사내 동호회를 인당 2개까지 가입할 수 있습니다.
• 리조트·콘도 지원 | 아난티·소노인터내셔널 등 국내 유명 휴양콘도 숙박을 지원합니다.
채용절차 및 기타 지원 유의사항
[채용절차]
• 서류전형 ＞ 1차 기술 인터뷰 ＞ 2차 임원 인터뷰 ＞ 최종합격

• 본 공고는 수시채용으로 진행되며, 채용 완료 시 조기에 마감될 수 있습니다.
• 서류전형 결과에 따라 Pre-Test(전화 인터뷰 또는 온라인 테스트)가 진행될 수 있습니다.
• 채용절차는 일정과 상황에 따라 사전 안내 후 변경될 수 있으며, 각 전형의 결과는 개별적으로 안내하여 드립니다.
• 입사 후 3개월의 수습기간을 적용하며, 평가 결과에 따라 수습기간이 연장되거나 채용이 취소될 수 있습니다.
• 지원서에 기재된 내용 중 허위 사실이 발견될 경우 채용이 취소될 수 있습니다.
• 국가 유공자 · 장애인 등 취업보호대상자는 관계법령에 따라 우대합니다.
2024-12-23 18:41:24,466 - INFO - S3에 텍스트 저장 완료: s3://t2jt/job/DE/sources/saramin/txt/625c06ca-1f9b-4c5d-9e0c-e17083372196.txt
2024-12-23 18:41:24,536 - INFO - DB에 저장 성공 - URL: https://www.saramin.co.kr/zf_user/jobs/relay/view?rec_idx=49584840, Job Title: DE, Company: (주)빗썸코리아, Post_Title: 블록체인 클라우드 엔지니어 (시니어), S3 Text URL: s3://t2jt/job/DE/sources/saramin/txt/625c06ca-1f9b-4c5d-9e0c-e17083372196.txt, S3 Images URL: None
2024-12-23 18:41:24,638 - INFO - URL로 이동 중 (시도 1/3): https://www.saramin.co.kr/zf_user/jobs/relay/view?rec_idx=49573516
2024-12-23 18:41:37,598 - INFO - 추출된 텍스트: NHN Enterprise
NHN Enterprise는 국내 대표 클라우드 서비스 NHN Cloud의 자회사로서,자체 호스팅 및 클라우드 기술로 고객의 요구에 맞는 인프라를 제공하는 디지털 트랜스포메이션 선도 기업입니다. 고객 맞춤형 IT 인프라 구축/운영을 통해 디지털 기반 혁신성장에 기여하기 위해 Hosting, Cloud, Managed 사업을 중점적으로 추진하고 있습니다.

이런 업무를 해요 (주요 업무)
· Technical Account Manager로써 클라우드 기반의 사내/외 민간,공공,금융에 관한 고객 기술 지원
· 고객 서비스 운영(Managed Service Provider)로써, 구축, 이전, 운영 전문 기술 영역 리딩
· 클라우드 네이티브 및 AI/ML 전문 고객 기술 지원

이런 분들을 찾고 있어요 (자격 요건)
· 관련 업무 7~12년 이내 경력자
· 아래 기술 분야 중 하나 이상의 풍부한 지식 및 운영 경험 보유자 (AI/ML, Cloud Native, DevOps, Network, Linux, MS server 등)
· 기술 문서 작성 및 가이드 경험이 풍부한 자
· 대외 고객 기술 지원 경험자

이런 분이면 더 좋아요 (우대 사항)
· 대규모 프로젝트 수행 경험 있으신 분
· Network, Linux, Windows Server 트러블 슈팅 관련 경험이 있으신 분
· 2년 이상의 개발 경험이 있으신 분(PHP, Python 등)
· 클라우드, 쿠버네티스 관련 자격증을 소지하신 분
· 아래 기술 분야 중 1개 이상의 풍부한 지식 및 운영 경험을 보유하신 분 (WAS, Open Source Software, K8S, TensorFlow, PyTorch 등)

지원서는 이렇게 작성하시면 좋아요
· 채용 공고에서 요구하는 경험과 역량을 중심으로 기재해주세요.
· 해오신 업무를 프로젝트 단위로 잘 정리해서 적어주세요.
· 포트폴리오, 노션, 깃허브 등 경험과 역량을 어필할 별도의 자료가 있다면 함께 제출해주세요.
· 일부 포지션에서는 포트폴리오 제출이 필수입니다. 확인하시고 꼭 제출해주세요.
· 자기소개는 직무 역량을 경험과 잘 연결지어 작성해주시면 좋아요.

NHN Enterprise로의 합류 여정
· 서류전형 > T인터뷰(Tech) > C인터뷰(Career) > 최종합격
 *서류 제출 시, 관련 업무 중심으로 수행한 포트폴리오 제출 필수

꼭 확인해주세요
· 남자의 경우, 병역의무를 필하였거나 면제된 분만 지원 가능합니다.
· 해외여행에 결격 사유가 없어야 지원 가능합니다.
· 국가보훈해당자 및 장애인은 관련 법률에 의거 우대합니다.(증빙서류 제출자에 한함)
· 제출서류에 허위기재 또는 기재착오, 구비서류 미제출 등으로 인한 불이익은 응시자 본인의 책임으로 합니다.
· 제출서류나 각종 증명서의 기재내용이 허위일 경우, 응시를 무효로 하며 합격을 취소합니다.
· 근무지는 판교 삼평동 플레이뮤지엄(Play Museum)입니다.
· 가지고 계신 경험을 충분히 보여주실 수 있도록 학력/경력은 빠짐없이 모두 작성 부탁드립니다.
 더 알아보기
· 공식 링크드인과 인스타그램, INSIDE NHN에서는 더 생생한 소식을 확인할 수 있습니다.
2024-12-23 18:41:37,711 - INFO - S3에 텍스트 저장 완료: s3://t2jt/job/DE/sources/saramin/txt/d5218520-5b39-4940-81f8-074a5e4cf292.txt
2024-12-23 18:41:37,782 - INFO - DB에 저장 성공 - URL: https://www.saramin.co.kr/zf_user/jobs/relay/view?rec_idx=49573516, Job Title: DE, Company: 엔에이치엔(주), Post_Title: [NHN Enterprise] MSP엔지니어 및 테크니컬 어카운트 매니저, S3 Text URL: s3://t2jt/job/DE/sources/saramin/txt/d5218520-5b39-4940-81f8-074a5e4cf292.txt, S3 Images URL: None
2024-12-23 18:41:37,888 - INFO - URL로 이동 중 (시도 1/3): https://www.saramin.co.kr/zf_user/jobs/relay/view?rec_idx=49611722
2024-12-23 18:41:51,170 - INFO - 추출된 텍스트: 
2024-12-23 18:41:52,583 - INFO - S3 업로드 성공 및 DB 경로 생성: s3://t2jt/job/DE/sources/saramin/images/https:||pds.saramin.co.kr|recruit|recruit|202412|06|so2f9d43_9ynf-gdxypm_recruit.png
2024-12-23 18:41:52,829 - INFO - S3 업로드 성공 및 DB 경로 생성: s3://t2jt/job/DE/sources/saramin/images/https:||pds.saramin.co.kr|recruit|recruit|202408|21|sik1gq_3tn2-gdxypm_recruit.png
2024-12-23 18:41:52,900 - INFO - DB에 저장 성공 - URL: https://www.saramin.co.kr/zf_user/jobs/relay/view?rec_idx=49611722, Job Title: DE, Company: (주)소만사, Post_Title: 판교에서 함께 근무할 가상화 SW 솔루션(VDI) 기술지원 엔지니어, S3 Text URL: None, S3 Images URL: s3://t2jt/job/DE/sources/saramin/images/https:||pds.saramin.co.kr|recruit|recruit|202412|06|so2f9d43_9ynf-gdxypm_recruit.png, s3://t2jt/job/DE/sources/saramin/images/https:||pds.saramin.co.kr|recruit|recruit|202408|21|sik1gq_3tn2-gdxypm_recruit.png
2024-12-23 18:41:52,998 - INFO - URL로 이동 중 (시도 1/3): https://www.saramin.co.kr/zf_user/jobs/relay/view?rec_idx=49619471
2024-12-23 18:42:05,896 - INFO - 추출된 텍스트: [카카오자회사] 하이브리드/멀티 클라우드 네트워크 엔지니어

- 업무내용
- 하이브리드/멀티 클라우드 네트워크 아키텍처 수립, 구축 및 운영
- 멀티 VPC 구성 및 TGW 연동, 라우팅 설정
- 공공, 금융 등 외부기관 전용회선 및 DX(Direct Connect) 구성
- 보안장비(FW, WAF, VPN, Switch) 구축 및 운영
- 대외계 Proxy, NAT, FW 구축 및 운영
- GSLB 및 LB(ALB, NLB) 구축 및 운영
- 네트워크 모니터링 및 장애 예방, 진단 및 해결 
- NMS 구축 및 운영 자동화, 신규 기술 검토
- 자격요건 - 클라우드 인프라 구축 및 운영 경력 2년 이상 필수
- 네트워크 관련 5년 미만의 경력
- 멀티 VPC 및 DX 구성, TGW 연동 경험이 있으신 분
- 클라우드 방화벽 및 WAF 등 보안장비 구축 경험이 있으신 분
- 하이브리드 클라우드(with On-premise) 구축 경험이 있으신 분
- 하이브리드/멀티 클라우드 네트워크 설계에 관심이 있으신 분
- AWS/GCP/Azure/NHN 사용 경험이나 클라우드 서비스에 대한 관심이 있으신 분
- 다양한 분야의 업무를 적극적으로 즐겁게 하실 수 있는분
- 혼자 일하는 것보다 협업을 더 좋아하시는 분











- 접수방법 온라인 공고 입사지원
- 접수기간 채용 시 마감
2024-12-23 18:42:07,054 - INFO - S3에 텍스트 저장 완료: s3://t2jt/job/DE/sources/saramin/txt/081b803d-0dab-4685-9e0a-c7b3c71fa0a7.txt
2024-12-23 18:42:07,122 - INFO - DB에 저장 성공 - URL: https://www.saramin.co.kr/zf_user/jobs/relay/view?rec_idx=49619471, Job Title: DE, Company: (주)디케이테크인, Post_Title: [카카오자회사] 하이브리드/멀티 클라우드 네트워크 엔지니어, S3 Text URL: s3://t2jt/job/DE/sources/saramin/txt/081b803d-0dab-4685-9e0a-c7b3c71fa0a7.txt, S3 Images URL: None
2024-12-23 18:42:07,281 - INFO - URL로 이동 중 (시도 1/3): https://www.saramin.co.kr/zf_user/jobs/relay/view?rec_idx=49580737
2024-12-23 18:42:19,648 - INFO - 추출된 텍스트: [빗썸] DevOps 엔지니어(신입)
서비스 소개
세상의 모든 가치가 거래되는 곳,
대한민국 대표 가상자산 거래소 빗썸에서 함께 성장할 동료를 찾고 있습니다.

빗썸은 매일 82만명이 방문하고 하루 평균 약 2조 2천억원에 달하는 가상자산이 거래되는, 그리고 월렛(Wallet)과 대체불가능토큰(Non-Fungible Token, NFT), 메타버스(Metaverse) 등의 기술을 바탕으로 블록체인 기반의 암호화폐 생태계를 선도하고 있는 대한민국 최고의 가상자산 거래소입니다.

암호화폐(Cryptocurrency)나 가상자산(Virtual Assets)의 개념조차 생소하던 2014년 1월 처음 거래소 서비스를 시작한 이후 현재까지 8년간 국내 최고 거래소의 위치를 꾸준히 유지하고 있는 빗썸은, 2021년 전세계적인 가상자산 투자 열기의 확산과 함께 총 회원 수 690만명, 1일 최대 거래량 9조 4,000억원, 원화와 가상자산을 포함한 고객 예치금이 13조원에 달하는 국내 최대 규모의 디지털 금융 플랫폼으로 자리매김하고 있습니다.

빗썸은 대용량 트래픽을 안정적으로 처리할 수 있는 고성능 거래 체결 엔진을 바탕으로 투명하고 공정한 검증을 거쳐 상장된 가상자산과, NFT를 포함한 다양한 블록체인 기반 콘텐츠 상품군을 통해 이용자에게 최적의 트레이딩 서비스를 제공하는 것을 목표로 오늘도 빠르게 성장하고 있습니다.

빗썸은 앞으로 다가올 미래의 디지털 금융 혁신을 위해 각 분야에서 최고 수준의 역량을 갖춘 인재들이 모여 일하고 있습니다.

블록체인과 핀테크 기술을 접목한 디지털 금융 플랫폼으로의 변화를 주도해 나가며 금융시장의 혁신을 선도하는 가슴 뛰는 경험을 함께하고 싶지 않으신가요?
빗썸의 미래와 함께 성장할 도전적인 인재, 멋진 우리의 동료를 기다립니다.

빗썸은 구성원과 회사가 함께 성장할 수 있도록 잠재된 역량과 아이디어를 최대한 발휘할 수 있는 기회를 부여하고, 성과에 상응하는 보상을 통해 의욕적으로 일할 수 있는 최적의 환경을 조성하는 데에 최선을 다하고 있습니다.
이 포지션의 AI 예상 면접 질문이 궁금하다면 점핏에서 확인해보세요!
모집부문 / 상세내용
사용 기술
Git Docker Jenkins Bamboo GitLab Bitbucket AWS
주요업무
• 형상 및 배포 관리 개발 및 운영 품질 향상 지원
• 서비스 애플리케이션 운영 환경 표준화
• 하이브리드 환경(IDC+Cloud)의 다양한 어플리케이션 배포 지원
• CI/CD 구현 및 관리
• Legacy 시스템을 Container 기반의 환경으로 이전
자격요건
• 컴퓨터공학 관련 전공이신 분 
• 컴퓨터공학 기초 지식(웹 개발 구조 등)에 대한 이해를 지니신 분
우대사항
• CI/CD 및 자동화 분야에 관심이 있으신 분
• 전공 분야에 대한 관심과 애착이 있으신 분 
• 기본기에 충실하신 분
• 어려운 문제를 다양한 시각으로 해결하고자 노력하시는 분
• 유연한 커뮤니케이션이 가능하신 분
• 다양한 기술 컨퍼런스 참석 등 끊임없이 학습하시는 분
마감일 및 근무지
• 마감일 : ~2025-01-14
• 근무지
- 서울시 강남구 테헤란로 124 15-17F (삼원타워)
복지 및 혜택
[업무에 몰입할 수 있는 환경을 조성합니다.]
• 비포괄임금제 | 일한만큼 받습니다. 초과근무 시 1분단위 수당으로 보상합니다.
• 선택적 근로시간제 | 출퇴근시간을 본인이 선택하여 복잡한 출퇴근길을 피할 수 있습니다.
• 복지포인트 연간 840만원 지급 | 항목에 상관없이 자유롭게 사용 가능한 복지포인트를 연간 840만원 지원합니다.
• 출퇴근 교통비 지원 | 야간/휴일근무 시 카카오T 비즈니스를 이용하여 편하게 출퇴근합니다.

[구성원의 편리한 생활을 지원합니다.]
• 삼시세끼 제공 
- 조식 : 샌드위치, 샐러드 등 간단하고 건강한 메뉴들이 매일 다양하게 준비되어있습니다.
- 중식 : 비싼 강남 물가에 맞게! 연봉에 포함되지 않는 식대를 월 22만원 지급합니다.
- 석식 : 퇴근이 늦어질 경우, 저녁식사비로 식권대장 포인트 12,000원 지급합니다.
- 휴일 : 휴일 근무 시에는 점심/저녁식사비로 식권대장 포인트를 끼니당 18,000원씩 지급합니다.
• 간식·음료 무제한 스낵부스 운영 | 과자류, 간편식 뿐만 아니라 유산균이나 홍삼같은 건강식품까지 제공합니다.
• 장부식당 운영 | 빗썸 직원들과의 저녁모임 시, 고기·호프·치킨집 등 제휴된 식당을 자유롭게 이용할 수 있습니다.
• 주택자금대출 | 주택 매매/임차 시 최대 5년간 1억원까지 무이자로 지원합니다.
• 자녀학자금 | 유치원·어린이집 240만원, 초/중/고등학교 180만원, 대학교 1,000만원까지 연 단위로 지원합니다.
• 기념일 선물 | 명절·연말·생일·어버이날에는 한우, 카네이션, 기프트카드 등 다양한 선물을 나눕니다.

[구성원 개개인의 성장을 돕습니다.]
• 역량향상 교육 | 직무·역량개발을 위한 교육이라면 얼마든지 지원합니다.
• 외국어 교육 | 직원들의 외국어 능력 신장을 위해 외국어 교육을 지원합니다.
• 도서 구매 | 빗썸 직원이라면 업무에 필요한 도서를 무제한 구매할 수 있습니다.
• 사내 도서관 운영 | 매월 신간이 30권씩 입고되는 사내 도서관을 운영합니다. 

[본인과 가족들의 건강 걱정을 덜어드리고 퀄리티 높은 휴식을 보장합니다.]
• 건강검진 | 본인·배우자·자녀·부모님에게 프리미엄 건강검진을 제공합니다. 한방특화 검진도 가능합니다.
• 단체상해보험 | 임직원들의 병원비 부담을 덜어내는 단체상해보험 가입을 지원합니다.
• 사내 동호회 활동 지원 | 빗썸의 다양한 사내 동호회를 인당 2개까지 가입할 수 있습니다.
• 리조트·콘도 지원 | 아난티·소노인터내셔널 등 국내 유명 휴양콘도 숙박을 지원합니다.
2024-12-23 18:42:19,751 - INFO - S3에 텍스트 저장 완료: s3://t2jt/job/DE/sources/saramin/txt/17c5954b-aeed-4483-b638-81cee1ea6d96.txt
2024-12-23 18:42:19,816 - INFO - DB에 저장 성공 - URL: https://www.saramin.co.kr/zf_user/jobs/relay/view?rec_idx=49580737, Job Title: DE, Company: (주)빗썸코리아, Post_Title: [빗썸] DevOps 엔지니어(신입), S3 Text URL: s3://t2jt/job/DE/sources/saramin/txt/17c5954b-aeed-4483-b638-81cee1ea6d96.txt, S3 Images URL: None
2024-12-23 18:42:19,914 - INFO - URL로 이동 중 (시도 1/3): https://www.saramin.co.kr/zf_user/jobs/relay/view?rec_idx=49571140
2024-12-23 18:42:32,734 - INFO - 추출된 텍스트: 취약점 진단 엔지니어 채용
서비스 소개
크래프톤은 특정 장르에서 경쟁력 있는 제작 능력을 갖춘 독립스튜디오들로 구성되어 있습니다. 
현재는 ‘펍지 스튜디오’, ‘블루홀스튜디오’, ‘라이징윙스', ‘스트라이킹 디스턴스 스튜디오’, ‘드림모션’과 여러 제작팀이 전 세계 게이머들에게 최고의 게임 경험을 제공하기 위해 개발에 임하고 있습니다. 
배틀로얄 장르의 ‘PUBG: 배틀그라운드(PUBG: BATTLEGROUNDS)’와 '배틀그라운드: NEW STATE(PUBG: NEW STATE)', MMORPG ‘테라(TERA)’, ‘엘리온(ELYON)’과 캐주얼 게임을 PC, 모바일, 콘솔 등 다양한 플랫폼에서 즐길 수 있게 제작하고 있습니다. 
게임 개발뿐만 아니라 딥러닝과 엔터테인먼트 등 새로운 분야의 사업을 발굴하며 기술 기업으로서 강점도 발휘하고 있습니다.
이 포지션의 AI 예상 면접 질문이 궁금하다면 점핏에서 확인해보세요!
모집부문 / 상세내용
사용 기술
JSP Linux Windows HTML5 JavaScript ISMS CSS 3
주요업무
Security Team은 크래프톤과 여러 관계사가 제작 및 배급하는 서비스들을 이용자가 안심하고 이용할 수 있도록 돕는 역할을 하고 있습니다. 이를 위해서 보안의 best practice를 기반으로 한 보안 아키텍쳐를 설계하고, 내부 자산에 대한 취약성 점검 및 보안시스템을 구축하고 운영 하기도 합니다. 더불어 내외부의 다양한 공격 시도를 분석하고 대응하는 등 침해사고예방 및 대응 업무도 수행하고 있습니다.

• 웹/앱/인프라/API 등 다양한 환경에서의 취약점 진단
• 취약점 개선방안 도출 및 가이드
• 버그바운티 운영
자격요건
• 3년 이상 취약점 진단 업무 경험
• 웹/앱/인프라 취약점 진단 경험
• 능동적인 태도와 원활한 커뮤니케이션을 통한 문제해결 능력 보유
• 해외 출장에 결격 사유가 없는 분
우대사항
• 게임 모바일 앱 진단 경험
• 버그바운티 운영 경험
• SAST/DAST 취약점 진단 경험
• 국내외 해킹 대회 수상 경력 보유
• 진단 자동화 경험
마감일 및 근무지
• 마감일 : ~2025-01-09
• 근무지
- 서울 강남구 테헤란로 231 센터필드 EAST동
복지 및 혜택
1. 일하기 즐거운 크래프톤
• 사내 카페 : 합리적인 가격의 구성원 전용 카페를 운영하고 있습니다.
• 사내 식당 : 조식, 중식, 석식을 모두 제공하는 최고급 사내 식당을 운영합니다.
• 리프레시 휴가 : 재충전의 시간을 가질 수 있도록 입사 후 매 3년 근속마다 리프레시 휴가를 부여하고 있습니다.
• 장기근속 : 헌신과 노고에 대한 감사의 의미를 담아 입사 후 매 5년 근속마다 장기근속 기념품과 포상휴가 부여하고 있습니다.
• 동호회 : 취미와 자기계발을 가능하게 하는 사내동호회를 운영하고 있습니다.
• 생일과 명절 : 행복한 생일과 가족과 함께 즐거운 명절을 보내시길 바라는 마음으로 생일날 상품권과 인정 반차, 그리고 명절 선물을 제공해 드리고 있습니다.

2. 함께 성장하는 크래프톤
• 사외 교육 : 구성원 역량 강화를 위한 직무교육과 다양한 인사이트를 확대할 수 있도록 자기계발 교육을 지원하고 있습니다.
• 외국어 교육 : 글로벌 어학 능력 향상을 위해 영어, 중국어, 일본어, 한국어 교육을 지원하고 있습니다.
• 워크샵 : 외부 활동을 통해 팀워크를 다지고 동료와 소통할 수 있도록 워크샵을 지원하고 있습니다.

3. 생활이 편리한 크래프톤
• 경조사 : 결혼, 출산, 장례, 자녀 입학 등 경조사를 지원하며 함께 기쁨을 더하고 슬픔을 나누고 있습니다.
• 어린이집 : 육아 부담을 줄이고, 자녀의 건강한 성장을 돕기 위해 직접 어린이집을 운영하고 있습니다.
• 휴양시설 : 가족 혹은 지인분들과 함께하는 편안한 휴식을 제공해 드리기 위한 리조트 지원을 하고 있습니다.
• 출근버스 : 대중교통 이용에 대한 불편을 줄여드리고자 출근 버스를 운행하고 있습니다.
• 주택자금대출 : 주거 안정을 돕기 위해 주택자금대출 및 주택자금대출 이자지원제도를 운영하고 있습니다.
• 주차 : 자차 통근이 불가피한 구성원을 위한 주차 공간을 지원하고 있습니다.

4. 건강을 책임지는 크래프톤
• 단체보험 : 구성원과 가족의 의료비 부담을 덜어드리는 단체보험제도를 운영하고 있습니다.
• 건강검진 : 구성원과 가족의 건강이 최우선이라고 생각하여 매년 건강검진을 지원하고 있습니다.
• 운동비 : 구성원의 건강 증진을 위해 매월 운동비를 지원하고 있습니다.
• 마인드 케어 : 스트레스나 부정적인 마음 상태를 긍정적으로 회복할 수 있도록 돕는전문 심리 상담을 지원하고 있습니다.
채용절차 및 기타 지원 유의사항
[유의사항]
입사지원서에는 하단 명시된 '민감한 개인정보' 및 '직무 수행과 관계없는 정보'가 포함되지 않도록 유의 부탁드립니다.
2024-12-23 18:42:32,841 - INFO - S3에 텍스트 저장 완료: s3://t2jt/job/DE/sources/saramin/txt/2a0b3d9f-0911-4bb1-a50e-a168ca6cf49c.txt
2024-12-23 18:42:32,944 - INFO - DB에 저장 성공 - URL: https://www.saramin.co.kr/zf_user/jobs/relay/view?rec_idx=49571140, Job Title: DE, Company: (주)크래프톤, Post_Title: 취약점 진단 엔지니어 채용, S3 Text URL: s3://t2jt/job/DE/sources/saramin/txt/2a0b3d9f-0911-4bb1-a50e-a168ca6cf49c.txt, S3 Images URL: None
2024-12-23 18:42:33,044 - INFO - URL로 이동 중 (시도 1/3): https://www.saramin.co.kr/zf_user/jobs/relay/view?rec_idx=49580740
2024-12-23 18:42:45,673 - INFO - 추출된 텍스트: DevOps 엔지니어
서비스 소개
세상의 모든 가치가 거래되는 곳,
대한민국 대표 가상자산 거래소 빗썸에서 함께 성장할 동료를 찾고 있습니다.

빗썸은 매일 82만명이 방문하고 하루 평균 약 2조 2천억원에 달하는 가상자산이 거래되는, 그리고 월렛(Wallet)과 대체불가능토큰(Non-Fungible Token, NFT), 메타버스(Metaverse) 등의 기술을 바탕으로 블록체인 기반의 암호화폐 생태계를 선도하고 있는 대한민국 최고의 가상자산 거래소입니다.

암호화폐(Cryptocurrency)나 가상자산(Virtual Assets)의 개념조차 생소하던 2014년 1월 처음 거래소 서비스를 시작한 이후 현재까지 8년간 국내 최고 거래소의 위치를 꾸준히 유지하고 있는 빗썸은, 2021년 전세계적인 가상자산 투자 열기의 확산과 함께 총 회원 수 690만명, 1일 최대 거래량 9조 4,000억원, 원화와 가상자산을 포함한 고객 예치금이 13조원에 달하는 국내 최대 규모의 디지털 금융 플랫폼으로 자리매김하고 있습니다.

빗썸은 대용량 트래픽을 안정적으로 처리할 수 있는 고성능 거래 체결 엔진을 바탕으로 투명하고 공정한 검증을 거쳐 상장된 가상자산과, NFT를 포함한 다양한 블록체인 기반 콘텐츠 상품군을 통해 이용자에게 최적의 트레이딩 서비스를 제공하는 것을 목표로 오늘도 빠르게 성장하고 있습니다.

빗썸은 앞으로 다가올 미래의 디지털 금융 혁신을 위해 각 분야에서 최고 수준의 역량을 갖춘 인재들이 모여 일하고 있습니다.

블록체인과 핀테크 기술을 접목한 디지털 금융 플랫폼으로의 변화를 주도해 나가며 금융시장의 혁신을 선도하는 가슴 뛰는 경험을 함께하고 싶지 않으신가요?
빗썸의 미래와 함께 성장할 도전적인 인재, 멋진 우리의 동료를 기다립니다.

빗썸은 구성원과 회사가 함께 성장할 수 있도록 잠재된 역량과 아이디어를 최대한 발휘할 수 있는 기회를 부여하고, 성과에 상응하는 보상을 통해 의욕적으로 일할 수 있는 최적의 환경을 조성하는 데에 최선을 다하고 있습니다.
이 포지션의 AI 예상 면접 질문이 궁금하다면 점핏에서 확인해보세요!
모집부문 / 상세내용
사용 기술
AWS Groovy Jenkins GitLab
주요업무
• 형상 및 배포 관리 개발 및 운영 품질 향상 지원
• 서비스 애플리케이션 운영 환경 표준화
• 하이브리드 환경(IDC+Cloud)의 다양한 어플리케이션 배포 지원
• CI/CD 구현 및 관리
• Legacy 시스템을 Container 기반의 환경으로 이전
자격요건
• DevOps 경력 7년 이상 또는 그에 준하는 개발 경험이 있는 분
• CI/CD환경 구축 및 운용이 가능하신 분 (Gitlab, Jenkins 등 활용)
• 배포 스크립트 언어 활용이 가능하신 분 (bash shell script, groovy script 등)
• Git에 기반한 형상관리 및 브랜치 전략에 대한 이해가 있으신 분
• 운영 자동화를 위한 프로그래밍 언어 활용 능력이 있으신 분
• Cloud(AWS) 기반 CI/CD 환경 구축 및 운용 경험이 있으신 분
• laC(Infrastructure as Code) 기반 운용 능력이 있으신 분
• Application Framework 설계 및 운용이 가능하신 분
• 웹 서버 셋팅 및 활용 능력(Nginx, Apache)이 있으신 분
우대사항
• IT 생산성 증대 및 효율화를 위해 지속적인 고민과 노력을 하시는 분
• 사내 타 부서와의 원활한 협업을 위한 커뮤니케이션 역량을 보유하신 분
• 자신의 결과물에 대한 검증 및 테스트를 수행하며 업무를 진행하시는 분
• IT Web 기반 기술 컨퍼런스 참석 및 최신 기술 트렌드에 대한 배움의 열망이 있으신 분
• 어려운 문제를 다양한 시각으로 해결하고자 노력하는 분
마감일 및 근무지
• 마감일 : ~2025-01-14
• 근무지
- 서울시 강남구 테헤란로 124 15-17F (삼원타워) 16층
복지 및 혜택
[업무에 몰입할 수 있는 환경을 조성합니다.]
• 비포괄임금제 | 일한만큼 받습니다. 초과근무 시 1분단위 수당으로 보상합니다.
• 선택적 근로시간제 | 출퇴근시간을 본인이 선택하여 복잡한 출퇴근길을 피할 수 있습니다.
• 복지포인트 연간 840만원 지급 | 항목에 상관없이 자유롭게 사용 가능한 복지포인트를 연간 840만원 지원합니다.
• 출퇴근 교통비 지원 | 야간/휴일근무 시 카카오T 비즈니스를 이용하여 편하게 출퇴근합니다.

[구성원의 편리한 생활을 지원합니다.]
• 삼시세끼 제공 
- 조식 : 샌드위치, 샐러드 등 간단하고 건강한 메뉴들이 매일 다양하게 준비되어있습니다.
- 중식 : 비싼 강남 물가에 맞게! 연봉에 포함되지 않는 식대를 월 22만원 지급합니다.
- 석식 : 퇴근이 늦어질 경우, 저녁식사비로 식권대장 포인트 12,000원 지급합니다.
- 휴일 : 휴일 근무 시에는 점심/저녁식사비로 식권대장 포인트를 끼니당 18,000원씩 지급합니다.
• 간식·음료 무제한 스낵부스 운영 | 과자류, 간편식 뿐만 아니라 유산균이나 홍삼같은 건강식품까지 제공합니다.
• 장부식당 운영 | 빗썸 직원들과의 저녁모임 시, 고기·호프·치킨집 등 제휴된 식당을 자유롭게 이용할 수 있습니다.
• 주택자금대출 | 주택 매매/임차 시 최대 5년간 1억원까지 무이자로 지원합니다.
• 자녀학자금 | 유치원·어린이집 240만원, 초/중/고등학교 180만원, 대학교 1,000만원까지 연 단위로 지원합니다.
• 기념일 선물 | 명절·연말·생일·어버이날에는 한우, 카네이션, 기프트카드 등 다양한 선물을 나눕니다.

[구성원 개개인의 성장을 돕습니다.]
• 역량향상 교육 | 직무·역량개발을 위한 교육이라면 얼마든지 지원합니다.
• 외국어 교육 | 직원들의 외국어 능력 신장을 위해 외국어 교육을 지원합니다.
• 도서 구매 | 빗썸 직원이라면 업무에 필요한 도서를 무제한 구매할 수 있습니다.
• 사내 도서관 운영 | 매월 신간이 30권씩 입고되는 사내 도서관을 운영합니다. 

[본인과 가족들의 건강 걱정을 덜어드리고 퀄리티 높은 휴식을 보장합니다.]
• 건강검진 | 본인·배우자·자녀·부모님에게 프리미엄 건강검진을 제공합니다. 한방특화 검진도 가능합니다.
• 단체상해보험 | 임직원들의 병원비 부담을 덜어내는 단체상해보험 가입을 지원합니다.
• 사내 동호회 활동 지원 | 빗썸의 다양한 사내 동호회를 인당 2개까지 가입할 수 있습니다.
• 리조트·콘도 지원 | 아난티·소노인터내셔널 등 국내 유명 휴양콘도 숙박을 지원합니다.
채용절차 및 기타 지원 유의사항
• 서류전형 > 1차 기술 인터뷰 > 2차 임원 인터뷰 > 최종합격

• 본 공고는 수시 채용으로 진행되며, 채용 완료 시 조기에 마감될 수 있습니다.
• 서류전형 결과에 따라 Pre-Test(전화 인터뷰 또는 온라인 테스트)가 진행될 수 있습니다.
• 채용절차는 일정과 상황에 따라 사전 안내 후 변경될 수 있으며, 각 전형의 결과는 개별적으로 안내하여 드립니다.
• 입사 후 3개월의 수습기간을 적용하며, 평가 결과에 따라 수습기간이 연장되거나 채용이 취소될 수 있습니다.
• 지원서에 기재된 내용 중 허위 사실이 발견될 경우 채용이 취소될 수 있습니다.
• 국가 유공자 · 장애인 등 취업보호대상자는 관계법령에 따라 우대합니다.
2024-12-23 18:42:45,786 - INFO - S3에 텍스트 저장 완료: s3://t2jt/job/DE/sources/saramin/txt/f66d4cf4-5c60-4082-90b4-d8c681cc0e7f.txt
2024-12-23 18:42:45,856 - INFO - DB에 저장 성공 - URL: https://www.saramin.co.kr/zf_user/jobs/relay/view?rec_idx=49580740, Job Title: DE, Company: (주)빗썸코리아, Post_Title: DevOps 엔지니어, S3 Text URL: s3://t2jt/job/DE/sources/saramin/txt/f66d4cf4-5c60-4082-90b4-d8c681cc0e7f.txt, S3 Images URL: None
2024-12-23 18:42:45,958 - INFO - URL로 이동 중 (시도 1/3): https://www.saramin.co.kr/zf_user/jobs/relay/view?rec_idx=49626014
2024-12-23 18:42:58,287 - INFO - 추출된 텍스트: (서울)DBA, Oracle DB, SQL TUNING, CDC 엔지니어 모집
모집부문 및 상세내용
모집분야
[ DBA, Oracle DB, SQL TUNING, CDC 엔지니어]  
 (1) SI 프로젝트 수행(SQL Tuning & Migration) : 1명
 (2) Oracle Golden Gate 수행 : 1명

자격요건 및 자격 (상세요건 및 우대사항)
공통요건
ㆍ경력 : 3년 이상 경력자 우대
ㆍ학력 :  대졸이상 (2,3년 포함) / IT 전공자 우대
ㆍ나이/성별 : 무관
ㆍDatabase 에 관심있고, 적극적이고 진취적인 마인드 소유자

세부요건  
(1) 프로젝트 DBA 1명
DBA 직군 3년 이상
정보처리산업기사 또는 정보처리기사 필수 및 OCP 자격증 필수
DB 성능진단 및 SQL Tuning 가능자
오라클 DB Upgrade 및 Migration 프로젝트 경험자(이기종 DB Migration 가능자 우대)

(2) DB 엔지니어 : 1명
DB엔지니어 3년 이상
정보처리산업기사 또는 정보처리기사 필수 및 OCP 자격증 필수
오라클 DB Upgrade 및 Migration 프로젝트 경험자(이기종 DB Migration 가능자 우대)
Oracle Golden Gate 유경험자
DB 설치, 패치, Trouble Shooting



근무조건
ㆍ 근무형태 : 정규직, 계약직(정규직 전환가능)-3개월
ㆍ 근무지역 : 서울특별시 영등포구 선유로 146, 414호(양평동3가,이앤씨드림타워)
- 영등포구청역[2호선],[5호선] 도보7분이내
전형절차
서류전형
면접
최종합격
접수기간 및 방법
ㆍ 접수방법 :  사람인 입사지원
ㆍ 이력서양식 : 사람인 온라인 이력서
ㆍ 채용면접 : 수시 면접 개별 통보
유의사항
ㆍ입사지원 서류에 허위사실이 발견될 경우, 채용확정 이후라도 채용이 취소될 수 있습니다.
2024-12-23 18:42:58,397 - INFO - S3에 텍스트 저장 완료: s3://t2jt/job/DE/sources/saramin/txt/b0ddc200-f57f-43d1-91a6-e1626df7406d.txt
2024-12-23 18:42:58,459 - INFO - DB에 저장 성공 - URL: https://www.saramin.co.kr/zf_user/jobs/relay/view?rec_idx=49626014, Job Title: DE, Company: (주)데이타뱅크, Post_Title: (서울)DBA, S3 Text URL: s3://t2jt/job/DE/sources/saramin/txt/b0ddc200-f57f-43d1-91a6-e1626df7406d.txt, S3 Images URL: None
2024-12-23 18:42:58,558 - INFO - URL로 이동 중 (시도 1/3): https://www.saramin.co.kr/zf_user/jobs/relay/view?rec_idx=49630686
2024-12-23 18:43:11,151 - INFO - 추출된 텍스트: 인프라 - 클라우드 엔지니어
모집부문 및 상세내용
인프라 - 클라우드 엔지니어 0명

◆ 카카오페이 크루들의 이야기도 확인해주세요.
- 카카오페이 서비스 자세히 보기
- 카카오페이 크루가 일하는 방법 자세히 보기
- 카카오페이 개발 문화 보러 가기


◆ 조직 소개 
인프라플랫폼실은 카카오페이의 안정적인 서비스를 위해 클라우드(AWS, GCP 등) 인프라 구축, 운영, 설계 업무를 하고 있어요.


◆ 직무 소개
업무내용
- Cloud Solution Architect (AWS,GCP)을 담당해요.
- Cloud 구축 및 마이그레이션 (AWS,GCP)을 담당해요.
- Cloud 운영  (AWS,GCP)을 담당해요.
- Cloud 비용 관리 (AWS,GCP)를 담당해요.
- 오픈소스(Kafka, Arcus) 운영을 담당해요.
- Terraform 코드를 이용한 자동화를 담당해요.

지원자격
- Linux 시스템 운영 및 관리 5년 이상 경험하신 분이면 좋아요.
- Cloud 설계/구축/운영 5년 이상 경험하신 분이면 좋아요.

우대사항
- 오픈소스(Redis, Memcached, kafka, ElasticSearch 등)구축 및 운영 경험 있으신분이면 좋아요.
- GCP/Azure 구축 및 설계 경험 있으신분이면 좋아요.
- Python 및 Shell 스크립트 사용 가능하신분이면 좋아요.


근무조건
ㆍ 근무형태 : 정규직(수습기간)-3개월
ㆍ 근무지역 : (13529) 경기 성남시 분당구 판교역로 166 카카오판교아지트 b동 15층 - 신분당선 판교 에서 100m 이내
전형절차
서류전형
1차 인터뷰
2차 인터뷰
최종합격
접수기간 및 방법
ㆍ 접수기간 : 2024년 12월 20일 (금) 18시 ~ 2025년 1월 19일 (일) 24시
ㆍ 접수방법 : 홈페이지 지원
ㆍ 이력서양식 : 자유양식
유의사항
※ 카카오페이 직원 중 추천인이 있을 경우, 추천인 성명을 기재해주세요.
※ 해당 공고는 상시 영입으로, 채용 완료 시 조기마감될 수 있어요.
※ 입사지원 서류에 허위기재 사실이 발견될 경우, 불합격 또는 입사가 취소될 수 있어요.
※ 경력사항은 지원서에 기재하여 주신 내용 기준으로 인정되므로, 누락없이 기재하여 주세요.
2024-12-23 18:43:11,261 - INFO - S3에 텍스트 저장 완료: s3://t2jt/job/DE/sources/saramin/txt/89ec2941-1558-4aae-983a-798a9d5cd6b7.txt
2024-12-23 18:43:11,330 - INFO - DB에 저장 성공 - URL: https://www.saramin.co.kr/zf_user/jobs/relay/view?rec_idx=49630686, Job Title: DE, Company: (주)카카오페이, Post_Title: 인프라 - 클라우드 엔지니어, S3 Text URL: s3://t2jt/job/DE/sources/saramin/txt/89ec2941-1558-4aae-983a-798a9d5cd6b7.txt, S3 Images URL: None
2024-12-23 18:43:11,434 - INFO - URL로 이동 중 (시도 1/3): https://www.saramin.co.kr/zf_user/jobs/relay/view?rec_idx=49568121
2024-12-23 18:43:23,945 - INFO - 추출된 텍스트: 서울] 미들웨어 운영 엔지니어 모집
(경력직)
모집부문 및 상세내용

담당업무

 1) apache server, apache tomcat 업그레이드

 2) openjdk 업그레이드 

 3) pm작업, Dr drill 등 서비스 점검 지원

 4) 프로젝트팀 요청 내용 처리

 5) 소스배포

 6) mw 관련 트러블 슈팅


자격요건
ㆍ학력 : 초대졸이상
ㆍ경력 : 유관 경력 4년 이상

근무조건
ㆍ 근무형태 : 정규직, 프리랜서(정규직 우대)
ㆍ 근무일시 : 주 5일 근무( 9시 출근 18시 퇴근)
ㆍ 근무지역 : 지하철 1,2호선 시청역 부근 배제빌딩
전형절차
서류전형
1차면접(HR)
2차면접(현장실무자)
최종합격
접수기간 및 방법
ㆍ 접수기간 :  2024년 12월 27일 금요일까지 (공고 기간 중 채용 시 조기마감)
ㆍ 접수방법 : 사람인 입사지원
ㆍ 이력서양식 : 사람인 온라인 이력서
유의사항
ㆍ입사지원 서류에 허위사실이 발견될 경우, 채용확정 이후라도 채용이 취소될 수 있습니다.
2024-12-23 18:43:24,055 - INFO - S3에 텍스트 저장 완료: s3://t2jt/job/DE/sources/saramin/txt/bc802ba9-1563-425f-bde1-70263c47729c.txt
2024-12-23 18:43:24,119 - INFO - DB에 저장 성공 - URL: https://www.saramin.co.kr/zf_user/jobs/relay/view?rec_idx=49568121, Job Title: DE, Company: 씨앤토트플러스(주), Post_Title: 서울] 미들웨어 운영 엔지니어 모집(경력), S3 Text URL: s3://t2jt/job/DE/sources/saramin/txt/bc802ba9-1563-425f-bde1-70263c47729c.txt, S3 Images URL: None
2024-12-23 18:43:24,218 - INFO - URL로 이동 중 (시도 1/3): https://www.saramin.co.kr/zf_user/jobs/relay/view?rec_idx=49605979
2024-12-23 18:43:36,519 - INFO - 추출된 텍스트: [빗썸] QA 엔지니어
서비스 소개
세상의 모든 가치가 거래되는 곳,
대한민국 대표 가상자산 거래소 빗썸에서 함께 성장할 동료를 찾고 있습니다.

빗썸은 매일 82만명이 방문하고 하루 평균 약 2조 2천억원에 달하는 가상자산이 거래되는, 그리고 월렛(Wallet)과 대체불가능토큰(Non-Fungible Token, NFT), 메타버스(Metaverse) 등의 기술을 바탕으로 블록체인 기반의 암호화폐 생태계를 선도하고 있는 대한민국 최고의 가상자산 거래소입니다.

암호화폐(Cryptocurrency)나 가상자산(Virtual Assets)의 개념조차 생소하던 2014년 1월 처음 거래소 서비스를 시작한 이후 현재까지 8년간 국내 최고 거래소의 위치를 꾸준히 유지하고 있는 빗썸은, 2021년 전세계적인 가상자산 투자 열기의 확산과 함께 총 회원 수 690만명, 1일 최대 거래량 9조 4,000억원, 원화와 가상자산을 포함한 고객 예치금이 13조원에 달하는 국내 최대 규모의 디지털 금융 플랫폼으로 자리매김하고 있습니다.

빗썸은 대용량 트래픽을 안정적으로 처리할 수 있는 고성능 거래 체결 엔진을 바탕으로 투명하고 공정한 검증을 거쳐 상장된 가상자산과, NFT를 포함한 다양한 블록체인 기반 콘텐츠 상품군을 통해 이용자에게 최적의 트레이딩 서비스를 제공하는 것을 목표로 오늘도 빠르게 성장하고 있습니다.

빗썸은 앞으로 다가올 미래의 디지털 금융 혁신을 위해 각 분야에서 최고 수준의 역량을 갖춘 인재들이 모여 일하고 있습니다.

블록체인과 핀테크 기술을 접목한 디지털 금융 플랫폼으로의 변화를 주도해 나가며 금융시장의 혁신을 선도하는 가슴 뛰는 경험을 함께하고 싶지 않으신가요?
빗썸의 미래와 함께 성장할 도전적인 인재, 멋진 우리의 동료를 기다립니다.

빗썸은 구성원과 회사가 함께 성장할 수 있도록 잠재된 역량과 아이디어를 최대한 발휘할 수 있는 기회를 부여하고, 성과에 상응하는 보상을 통해 의욕적으로 일할 수 있는 최적의 환경을 조성하는 데에 최선을 다하고 있습니다.
이 포지션의 AI 예상 면접 질문이 궁금하다면 점핏에서 확인해보세요!
모집부문 / 상세내용
사용 기술
QA Jira Notion Slack
주요업무
• QA 일정 및 전략 수립
• 테스트 설계 및 테스트 케이스 개발
• 이슈 발생에 따른 재현 및 원인 분석 활동
• 빗썸 서비스 정기배포/유지보수 검증
자격요건
• 6년 이상 ~ 10년 미만의 Web과 App QA 경력을 보유하신 분
• 명세 기반 테스트케이스 작성이 가능하신 분
• 개발, 기획, 디자인에 대한 리뷰 및 피드백 등 유연한 커뮤니케이션 역량을 보유하신 분
• QA/Tester 협업 및 프로젝트 리딩 경력을 보유하신 분
• 다양한 테스팅 방법 적용 경험이 있으신 분
• 리소스 산출 및 프로젝트 진행과정에 따른 유연한 일정 관리 역량을 보유하신 분
우대사항
• 다양한 Test Tool 및 BTS (Slack, Jira, Notion 등)에 대한 경험이 있으신 분
• 소프트웨어 테스팅 (ISTQB, CSTS 등) 자격증 소지하신 분
• 자동화 / API 테스트 경험이 있으신 분
• 가상자산에 대한 관심, 지식, 거래경험이 있거나, 유관 업종에 종사하셨던 분
• 금융업계 규제(AML 등) 시스템 QA 경험이 있으신 분
마감일 및 근무지
• 마감일 : ~2025-01-19
• 근무지
- 서울시 강남구 테헤란로 124 15-17F (삼원타워)
복지 및 혜택
[업무에 몰입할 수 있는 환경을 조성합니다.]
• 비포괄임금제 | 일한만큼 받습니다. 초과근무 시 1분단위 수당으로 보상합니다.
• 선택적 근로시간제 | 출퇴근시간을 본인이 선택하여 복잡한 출퇴근길을 피할 수 있습니다.
• 복지포인트 연간 840만원 지급 | 항목에 상관없이 자유롭게 사용 가능한 복지포인트를 연간 840만원 지원합니다.
• 출퇴근 교통비 지원 | 야간/휴일근무 시 카카오T 비즈니스를 이용하여 편하게 출퇴근합니다.

[구성원의 편리한 생활을 지원합니다.]
• 삼시세끼 제공 
- 조식 : 샌드위치, 샐러드 등 간단하고 건강한 메뉴들이 매일 다양하게 준비되어있습니다.
- 중식 : 비싼 강남 물가에 맞게! 연봉에 포함되지 않는 식대를 월 22만원 지급합니다.
- 석식 : 퇴근이 늦어질 경우, 저녁식사비로 식권대장 포인트 12,000원 지급합니다.
- 휴일 : 휴일 근무 시에는 점심/저녁식사비로 식권대장 포인트를 끼니당 18,000원씩 지급합니다.
• 간식·음료 무제한 스낵부스 운영 | 과자류, 간편식 뿐만 아니라 유산균이나 홍삼같은 건강식품까지 제공합니다.
• 장부식당 운영 | 빗썸 직원들과의 저녁모임 시, 고기·호프·치킨집 등 제휴된 식당을 자유롭게 이용할 수 있습니다.
• 주택자금대출 | 주택 매매/임차 시 최대 5년간 1억원까지 무이자로 지원합니다.
• 자녀학자금 | 유치원·어린이집 240만원, 초/중/고등학교 180만원, 대학교 1,000만원까지 연 단위로 지원합니다.
• 기념일 선물 | 명절·연말·생일·어버이날에는 한우, 카네이션, 기프트카드 등 다양한 선물을 나눕니다.

[구성원 개개인의 성장을 돕습니다.]
• 역량향상 교육 | 직무·역량개발을 위한 교육이라면 얼마든지 지원합니다.
• 외국어 교육 | 직원들의 외국어 능력 신장을 위해 외국어 교육을 지원합니다.
• 도서 구매 | 빗썸 직원이라면 업무에 필요한 도서를 무제한 구매할 수 있습니다.
• 사내 도서관 운영 | 매월 신간이 30권씩 입고되는 사내 도서관을 운영합니다. 

[본인과 가족들의 건강 걱정을 덜어드리고 퀄리티 높은 휴식을 보장합니다.]
• 건강검진 | 본인·배우자·자녀·부모님에게 프리미엄 건강검진을 제공합니다. 한방특화 검진도 가능합니다.
• 단체상해보험 | 임직원들의 병원비 부담을 덜어내는 단체상해보험 가입을 지원합니다.
• 사내 동호회 활동 지원 | 빗썸의 다양한 사내 동호회를 인당 2개까지 가입할 수 있습니다.
• 리조트·콘도 지원 | 아난티·소노인터내셔널 등 국내 유명 휴양콘도 숙박을 지원합니다.
채용절차 및 기타 지원 유의사항
[채용절차]
• 서류전형 > 1차 기술 인터뷰 > 2차 임원 인터뷰 > 최종합격
• 본 공고는 수시 채용으로 진행되며, 채용 완료 시 조기에 마감될 수 있습니다.
• 서류전형 결과에 따라 Pre-Test(전화 인터뷰 또는 온라인 테스트)가 진행될 수 있습니다.
• 채용절차는 일정과 상황에 따라 사전 안내 후 변경될 수 있으며, 각 전형의 결과는 개별적으로 안내하여 드립니다.
• 입사 후 3개월의 수습기간을 적용하며, 평가 결과에 따라 수습기간이 연장되거나 채용이 취소될 수 있습니다.
• 지원서에 기재된 내용 중 허위 사실이 발견될 경우 채용이 취소될 수 있습니다.
• 국가 유공자 · 장애인 등 취업보호대상자는 관계법령에 따라 우대합니다.
2024-12-23 18:43:36,642 - INFO - S3에 텍스트 저장 완료: s3://t2jt/job/DE/sources/saramin/txt/ca62adfe-5181-4f2d-9ea6-993b44038e0d.txt
2024-12-23 18:43:36,706 - INFO - DB에 저장 성공 - URL: https://www.saramin.co.kr/zf_user/jobs/relay/view?rec_idx=49605979, Job Title: DE, Company: (주)빗썸코리아, Post_Title: [빗썸] QA 엔지니어, S3 Text URL: s3://t2jt/job/DE/sources/saramin/txt/ca62adfe-5181-4f2d-9ea6-993b44038e0d.txt, S3 Images URL: None
2024-12-23 18:43:36,810 - INFO - URL로 이동 중 (시도 1/3): https://www.saramin.co.kr/zf_user/jobs/relay/view?rec_idx=49577759
2024-12-23 18:43:49,723 - INFO - 추출된 텍스트: 정보 보안
엔지니어
이스트게임즈를 소개합니다
이스트게임즈는 2005년 카발 온라인을 시작으로 카발 모바일, 고양이 다방 등
국내 외에 다양한 게임을 서비스해온 게임 제작 전문 기업입니다.
오랜 경험을 바탕으로 한 탄탄한 개발력과 서비스 노하우로 다양한 신작 개발과 서비스 연구를 계속해 나가고 있습니다.
"게임의 본질은 재미와 즐거움이다."
이스트게임즈는 게임을 통해 더 많은 사람들이 '즐거움'과 '재미'를 찾는 세상을 꿈꿉니다.
세상에 없는 새로운 게임으로 더 큰 즐거움을 나누기 위한 이스트게임즈의 도전은 계속되며,
이 도전에 함께할 인재를 모집합니다.

급여정보
이스트게임즈는 게임 업계 최고 대우를 지향합니다.
- 신입 급여: 학력/실력에 따라 3,780(초대졸 기준)~ 5,040만원 + 스톡옵션 1 ~ 5만주
- 경력 급여: 회사내규에 따름
- 복지포인트 연간 120만원 별도 지급
모집부문 및 상세내용
공통 자격요건
ㆍ학력 : 무관
정보 보안 엔지니어 0명
담당업무
ㆍ보안 관제 운영(각종 보안 이벤트 로그 분석 활동 및 대응)
ㆍ침해사고 대응 및 예방 활동(웹 취약점 진단, 각종 해킹 시도 분석)
ㆍ각종 보안 시스템 구축 및 운영 관리(IPS, 웹 방화벽)
ㆍ업무 자동화 툴 개발(Python , Bash, PHP, C# 등)

자격요건
ㆍ정보 시스템에 대한 기본적 이해도가 높은 분(Windows, Linux, DB, Network등)
ㆍ보안 관제 및 침해 사고 대응 및 분석이 가능한 분
ㆍ보안 시스템(IPS, 웹방화벽 등) 운영 경험이 있는 분
ㆍ침투 테스트 경험이 있는 분
ㆍ웹 취약점 진단이 가능한 분

우대사항
ㆍ정보보안기사 자격증을 보유한 분
ㆍCISSP 자격증을 보유한 분
ㆍ 오픈소스를 활용한 보안 시스템 구축 경험이 있는 분
ㆍ 통합보안로그 관리 시스템 운영 경험이 있는 분(ELK 등)

근무조건
ㆍ 근무형태 : 정규직(수습기간)-3개월
ㆍ 근무지역 : (137-070) 서울 서초구 서초동 1464-30 이스트빌딩 5층 - 서울 3호선 남부터미널 에서 800m 이내
전형절차
서류전형
필기시험&실무면접
최종면접
최종합격
접수기간 및 방법
ㆍ 접수기간 : 2024년 11월 5일 (화) 15시 ~ 2025년 1월 4일 (토) 24시
ㆍ 접수방법 : 홈페이지 지원
ㆍ 이력서양식 : 자유양식

* 각 전형 결과는 SMS/e-mail로 통보드립니다. (각 전형 종료 후 2주 이내)
* 면접은 화상면접으로 진행될 수 있으며, 인적성검사 생략 후 진행되는 점 참고바랍니다.
복지제도
이스트게임즈의 생활을 공개합니다
즐거운 사람이 재미있는 게임을 만들 수 있다는 생각으로 임직원의 Work & Life 밸런스를 위해 노력합니다.

[Fun, In and out]
즐거운 게임은 즐겁게 일하는 사람들 손에서 나옵니다.
이스트게임즈는 즐겁게 일할 수 있는 환경을 제공하기 위해 노력합니다

복지 포인트 (원하는 곳에 내 마음대로!)
- 여행/공연/자기계발/쇼핑 등 다양한 분야에서 자유롭게 사용 가능한 복지포인트 지급
사내 카페테리아 (편안한 휴식 시간을 위한 우리만의 전용 공간)
- 회사 근처 유명 카페 입점
- 제조 음료 할인 및 베이커리 판매
- 층별 스낵바 운영
축하 이벤트 (즐거운 날, 더 즐거울 수 있도록!)
- 졸업, 수습 종료 축하 이벤트
- 자녀 초등학교 입학 축하 이벤트
- 장기근속 축하 리프레시 휴가 지원

[Life, In and out]
우리는 회사의 구성원이기 전에 한 가족의 구성원입니다.
이스트게임즈는 보다 풍요롭고 행복한 회사 생활을 위해 가족과의 행복한 삶을 지원합니다.

가족 친화 제도 (행복한 가정, 행복한 회사)
- 출산 축하 선물, 육아 수당
- 소노, 한화 리조트 지원
- 제주캠퍼스 게스트룸 지원
- 경조사 휴가, 경조금 지원
건강 관리 지원 (그 누구도 아프지 않도록)
- 건강검진 및 휴가 지원
- 병가 및 단체상해보험, 실손의료보험
주택 자금 지원 제도 (안정된 주거환경에서 생활할 수 있도록)
- 월세 지원
- 전세대출이자 지원
- 주택담보대출이자 지원
- 이사비 지원

[Freedom, with Responsibility]
오늘도 열심히 일한 당신! 자유롭게 게임하고, 자유롭게 휴가쓰고, 자유롭게 퇴근하세요.

자기 주도적인 업무 환경 (업무에 몰입할 수 있도록!)
- 시차출퇴근제
- 원격근무 지원
- 시간 연차 제도(2시간 단위)
- 기여에 따른 차등 보상제
게임 캐시 지원 (게임 개발을 위한 플레이 경험은 필수!)
- 자사 게임 캐시 지원
자기계발 지원 (성장하고 싶은 당신에게)
- 어학교육비, 정규교육과정 학비 지원
- 외부 교육 및 세미나 지원
- 이스트책방 운영, 도서 지원
- 금융상품 가입 지원(과학기술인공제회 협약)

앞으로 이스트게임즈의 인사 및 복지제도는 계속해서 발전할 예정입니다.
유의사항
ㆍ자유양식의 이력서(필수), 포트폴리오를 첨부하여 제출해주세요.
ㆍ입사지원 서류에 허위기재 사실이 발견될 경우, 전형 진행과 입사가 취소될 수 있습니다.
ㆍ남성의 경우 병역필 혹은 면제로 해외여행에 결격 사유가 없어야 합니다.  
ㆍ모든 모집 부문에서 국가보훈대상자 및 장애인은 관련 법령에 의거하여 가산점을 부여하고 있습니다.
ㆍ 입사지원자께서는 전/현직 직장의 영업 비밀을 침해하는 일이 없도록 각별히 유의하시기 바랍니다.
2024-12-23 18:43:49,857 - INFO - S3에 텍스트 저장 완료: s3://t2jt/job/DE/sources/saramin/txt/da881f06-f1db-4de6-9071-147acd61cf45.txt
2024-12-23 18:43:49,937 - INFO - DB에 저장 성공 - URL: https://www.saramin.co.kr/zf_user/jobs/relay/view?rec_idx=49577759, Job Title: DE, Company: (주)이스트게임즈, Post_Title: 정보 보안 엔지니어, S3 Text URL: s3://t2jt/job/DE/sources/saramin/txt/da881f06-f1db-4de6-9071-147acd61cf45.txt, S3 Images URL: None
2024-12-23 18:43:50,044 - INFO - URL로 이동 중 (시도 1/3): https://www.saramin.co.kr/zf_user/jobs/relay/view?rec_idx=49611706
2024-12-23 18:44:02,709 - INFO - 추출된 텍스트: 
2024-12-23 18:44:03,112 - INFO - S3 업로드 성공 및 DB 경로 생성: s3://t2jt/job/DE/sources/saramin/images/https:||pds.saramin.co.kr|recruit|recruit|202412|04|sny75714_8280-gdxypm_recruit.png
2024-12-23 18:44:03,268 - INFO - S3 업로드 성공 및 DB 경로 생성: s3://t2jt/job/DE/sources/saramin/images/https:||pds.saramin.co.kr|recruit|recruit|202412|06|so2f837_kby2-gdxypm_recruit.png
2024-12-23 18:44:03,325 - INFO - DB에 저장 성공 - URL: https://www.saramin.co.kr/zf_user/jobs/relay/view?rec_idx=49611706, Job Title: DE, Company: (주)소만사, Post_Title: 판교에서 함께 근무할 시스템 인프라 기술지원 엔지니어 채용, S3 Text URL: None, S3 Images URL: s3://t2jt/job/DE/sources/saramin/images/https:||pds.saramin.co.kr|recruit|recruit|202412|04|sny75714_8280-gdxypm_recruit.png, s3://t2jt/job/DE/sources/saramin/images/https:||pds.saramin.co.kr|recruit|recruit|202412|06|so2f837_kby2-gdxypm_recruit.png
2024-12-23 18:44:03,423 - INFO - URL로 이동 중 (시도 1/3): https://www.saramin.co.kr/zf_user/jobs/relay/view?rec_idx=49604809
2024-12-23 18:44:16,155 - INFO - 추출된 텍스트: (주)한국인프라 공공기관 대상 솔루션 엔지니어 채용 공고
모집부문 및 상세내용
모집부문 상세내용
공통 자격요건
지원자격
ㆍ경력 : 신입/경력 (년수무관)(사원, 대리급)
   ㆍ학력 : 학력무관
소프트웨어 및 백신
솔루션 엔지니어 채용
공공전략사업팀 0명

주요업무
ㆍ한컴 AI솔루션 구축 및 API 연계 지원 업무
  - Apache-tomcat, docker 설치 및 API 연계 지원
ㆍ자사 솔루션 구축 및 유지보수 업무
  - 자사 솔루션 구축 및 유지보수 업무
  - 백신 및 자산관리 솔루션 신규 구축
  - Linux 구축 및 트러블 슈팅
  - DB(MariaDB, MYSQL, MSSQL) 쿼리 분석
ㆍ고객사 별 보안 컨설팅 업무

근무형태 및 근무 부서
ㆍ정규직
ㆍ영업부/공공전략사업팀(본사, 서울강남)

우대사항
ㆍ컴퓨터/시스템공학
ㆍ운전가능자, 해당직무 근무경험

급여
ㆍ면접 후 결정 + 성과급

근무조건
ㆍ 근무형태 : 정규직(수습기간)-3개월
ㆍ 근무일시 : 주 5일(월~금) 08:30~17:30
ㆍ 근무지역 : (135-775) 서울 강남구 대치동 511번지 극동교회빌딩 3층 - 서울 3호선 학여울 에서 500m 이내
전형절차
서류전형
1차면접
최종합격
접수기간 및 방법
ㆍ 접수기간 : 2024년 12월 17일 (화) 13시 ~ 채용시
ㆍ 접수방법 : 사람인 입사지원
ㆍ 이력서양식 : 사람인 온라인 이력서
유의사항
ㆍ입사지원 서류에 허위사실이 발견될 경우, 채용확정 이후라도 채용이 취소될 수 있습니다.
2024-12-23 18:44:16,273 - INFO - S3에 텍스트 저장 완료: s3://t2jt/job/DE/sources/saramin/txt/5b40f0cc-ee26-4a65-b2d5-b873b6de32f0.txt
2024-12-23 18:44:16,340 - INFO - DB에 저장 성공 - URL: https://www.saramin.co.kr/zf_user/jobs/relay/view?rec_idx=49604809, Job Title: DE, Company: (주)한국인프라, Post_Title: (주)한국인프라 공공기관 대상 솔루션 엔지니어 채용 공고, S3 Text URL: s3://t2jt/job/DE/sources/saramin/txt/5b40f0cc-ee26-4a65-b2d5-b873b6de32f0.txt, S3 Images URL: None
2024-12-23 18:44:16,507 - INFO - URL로 이동 중 (시도 1/3): https://www.saramin.co.kr/zf_user/jobs/relay/view?rec_idx=49625323
2024-12-23 18:44:29,447 - INFO - 추출된 텍스트: 채용공고

함께 일해봐요!⚡
: Game Platform SDK Client Engineer
이런 분을 찾고 있어요✋
: 학력 무관, 4년 이상의 Android 혹은 Unity나 C++게임 개발 경력이 있으신 분
근무하실 지역이에요⭐
: LINE Hybrid Work 2.0에 따라 근무 가능한 장소에서 근무 (※ 오프라인 협업을 위한 오피스는 분당 서현역 분당스퀘어에 있어요. )
새로운 인재를 기다리고 있어요✅
: 0명
오늘부터 지원 시작! 지금 바로 지원하세요⌛
: 2024-12-31(화) 23:59까지, 채용 시 마감이니 지금 바로 지원하세요✨
※ 상세 모집요강 및 접수방법은[홈페이지 지원] 참조 바랍니다⭐
2024-12-23 18:44:29,559 - INFO - S3에 텍스트 저장 완료: s3://t2jt/job/DE/sources/saramin/txt/71ba7962-e3a3-471b-9b93-876ba18cbdd0.txt
2024-12-23 18:44:29,622 - INFO - DB에 저장 성공 - URL: https://www.saramin.co.kr/zf_user/jobs/relay/view?rec_idx=49625323, Job Title: DE, Company: 라인플러스(주), Post_Title: Game Platform SDK Client Engineer, S3 Text URL: s3://t2jt/job/DE/sources/saramin/txt/71ba7962-e3a3-471b-9b93-876ba18cbdd0.txt, S3 Images URL: None
2024-12-23 18:44:29,721 - INFO - URL로 이동 중 (시도 1/3): https://www.saramin.co.kr/zf_user/jobs/relay/view?rec_idx=49571145
2024-12-23 18:44:42,501 - INFO - 추출된 텍스트: Cloud Security Engineer 채용
서비스 소개
크래프톤은 특정 장르에서 경쟁력 있는 제작 능력을 갖춘 독립스튜디오들로 구성되어 있습니다. 
현재는 ‘펍지 스튜디오’, ‘블루홀스튜디오’, ‘라이징윙스', ‘스트라이킹 디스턴스 스튜디오’, ‘드림모션’과 여러 제작팀이 전 세계 게이머들에게 최고의 게임 경험을 제공하기 위해 개발에 임하고 있습니다. 
배틀로얄 장르의 ‘PUBG: 배틀그라운드(PUBG: BATTLEGROUNDS)’와 '배틀그라운드: NEW STATE(PUBG: NEW STATE)', MMORPG ‘테라(TERA)’, ‘엘리온(ELYON)’과 캐주얼 게임을 PC, 모바일, 콘솔 등 다양한 플랫폼에서 즐길 수 있게 제작하고 있습니다. 
게임 개발뿐만 아니라 딥러닝과 엔터테인먼트 등 새로운 분야의 사업을 발굴하며 기술 기업으로서 강점도 발휘하고 있습니다.
이 포지션의 AI 예상 면접 질문이 궁금하다면 점핏에서 확인해보세요!
모집부문 / 상세내용
사용 기술
Firewall AWS WAF GCP AZURE AWS
주요업무
Security Team은 크래프톤과 여러 관계사가 제작 및 배급하는 서비스들을 이용자가 안심하고 이용할 수 있도록 돕는 역할을 하고 있습니다. 이를 위해서 보안의 best practice를 기반으로 한 보안 아키텍쳐를 설계하고, 내부 자산에 대한 취약성 점검 및 보안시스템을 구축하고 운영 하기도 합니다. 더불어 내외부의 다양한 공격 시도를 분석하고 대응하는 등 침해사고예방 및 대응 업무도 수행하고 있습니다.

• Cloud 보안 구성을 위한 설계, 최적화 및 모니터링
• Cloud 보안 운영 및 기술 지원
• ISMS-P등 각종 보안 인증 지원
자격요건
• AWS, Azure, GCP 등의 Public Cloud 보안 실무 경험 최소 5년 이상
• AWS 보안서비스 설계 및 운영, 문제해결 경험 (IAM, GuardDuty, AWS WAF, Security Hub, Inspector, Macie, KMS 등)
• 대규모 Multi Account 환경에서의 보안 이벤트 통합 및 분석 모니터링 경험
• 3rd Party Cloud 보안 서비스 및 솔루션 운영 경험 (Access Control, WAF, Firewall, CSPM, CWPP, CNAPP 등)
• Public Cloud 보안 정책/가이드 설정 및 개선 업무 경험
• Public Cloud 관련 인증심사 및 컴플라이언스 대응 경험
우대사항
• SIEM 및 스크립트를 통한 업무 효율화 및 자동화 경험
• 영어 가능자
• AWS Security Speciality 자격증 소유자
마감일 및 근무지
• 마감일 : ~2025-01-09
• 근무지
- 서울 강남구 테헤란로 231 센터필드 EAST동
복지 및 혜택
1. 일하기 즐거운 크래프톤
• 사내 카페 : 합리적인 가격의 구성원 전용 카페를 운영하고 있습니다.
• 사내 식당 : 조식, 중식, 석식을 모두 제공하는 최고급 사내 식당을 운영합니다.
• 리프레시 휴가 : 재충전의 시간을 가질 수 있도록 입사 후 매 3년 근속마다 리프레시 휴가를 부여하고 있습니다.
• 장기근속 : 헌신과 노고에 대한 감사의 의미를 담아 입사 후 매 5년 근속마다 장기근속 기념품과 포상휴가 부여하고 있습니다.
• 동호회 : 취미와 자기계발을 가능하게 하는 사내동호회를 운영하고 있습니다.
• 생일과 명절 : 행복한 생일과 가족과 함께 즐거운 명절을 보내시길 바라는 마음으로 생일날 상품권과 인정 반차, 그리고 명절 선물을 제공해 드리고 있습니다.

2. 함께 성장하는 크래프톤
• 사외 교육 : 구성원 역량 강화를 위한 직무교육과 다양한 인사이트를 확대할 수 있도록 자기계발 교육을 지원하고 있습니다.
• 외국어 교육 : 글로벌 어학 능력 향상을 위해 영어, 중국어, 일본어, 한국어 교육을 지원하고 있습니다.
• 워크샵 : 외부 활동을 통해 팀워크를 다지고 동료와 소통할 수 있도록 워크샵을 지원하고 있습니다.

3. 생활이 편리한 크래프톤
• 경조사 : 결혼, 출산, 장례, 자녀 입학 등 경조사를 지원하며 함께 기쁨을 더하고 슬픔을 나누고 있습니다.
• 어린이집 : 육아 부담을 줄이고, 자녀의 건강한 성장을 돕기 위해 직접 어린이집을 운영하고 있습니다.
• 휴양시설 : 가족 혹은 지인분들과 함께하는 편안한 휴식을 제공해 드리기 위한 리조트 지원을 하고 있습니다.
• 출근버스 : 대중교통 이용에 대한 불편을 줄여드리고자 출근 버스를 운행하고 있습니다.
• 주택자금대출 : 주거 안정을 돕기 위해 주택자금대출 및 주택자금대출 이자지원제도를 운영하고 있습니다.
• 주차 : 자차 통근이 불가피한 구성원을 위한 주차 공간을 지원하고 있습니다.

4. 건강을 책임지는 크래프톤
• 단체보험 : 구성원과 가족의 의료비 부담을 덜어드리는 단체보험제도를 운영하고 있습니다.
• 건강검진 : 구성원과 가족의 건강이 최우선이라고 생각하여 매년 건강검진을 지원하고 있습니다.
• 운동비 : 구성원의 건강 증진을 위해 매월 운동비를 지원하고 있습니다.
• 마인드 케어 : 스트레스나 부정적인 마음 상태를 긍정적으로 회복할 수 있도록 돕는전문 심리 상담을 지원하고 있습니다.
채용절차 및 기타 지원 유의사항
[유의사항]
입사지원서에는 하단 명시된 '민감한 개인정보' 및 '직무 수행과 관계없는 정보'가 포함되지 않도록 유의 부탁드립니다.
2024-12-23 18:44:42,614 - INFO - S3에 텍스트 저장 완료: s3://t2jt/job/DE/sources/saramin/txt/9c748eba-7a18-461f-9e12-06ad24a95178.txt
2024-12-23 18:44:42,715 - INFO - DB에 저장 성공 - URL: https://www.saramin.co.kr/zf_user/jobs/relay/view?rec_idx=49571145, Job Title: DE, Company: (주)크래프톤, Post_Title: Cloud Security Engineer 채용, S3 Text URL: s3://t2jt/job/DE/sources/saramin/txt/9c748eba-7a18-461f-9e12-06ad24a95178.txt, S3 Images URL: None
2024-12-23 18:44:42,816 - INFO - URL로 이동 중 (시도 1/3): https://www.saramin.co.kr/zf_user/jobs/relay/view?rec_idx=49562580
