2024-12-24 08:22:18,116 - INFO - 인크루트 링크 크롤링 실행: 2024-12-24 08:22:18
2024-12-24 08:22:18,116 - INFO - 인크루트 링크 크롤링 시작
2024-12-24 08:23:49,745 - INFO - 인크루트 링크 크롤링 완료
2024-12-24 08:23:49,746 - INFO - 인크루트 링크 크롤링 종료: 2024-12-24 08:23:49
2024-12-24 08:23:54,751 - INFO - 잡코리아 링크 크롤링 실행: 2024-12-24 08:23:54
2024-12-24 08:23:54,751 - INFO - 잡코리아 링크 크롤링 시작
2024-12-24 08:23:54,763 - INFO - Found credentials in shared credentials file: /code/.aws/credentials
2024-12-24 08:23:54,935 - INFO - ====== WebDriver manager ======
2024-12-24 08:23:55,014 - INFO - Get LATEST chromedriver version for google-chrome
2024-12-24 08:23:55,033 - INFO - Get LATEST chromedriver version for google-chrome
2024-12-24 08:23:55,049 - INFO - There is no [linux64] chromedriver "131.0.6778.204" for browser google-chrome "131.0.6778" in cache
2024-12-24 08:23:55,049 - INFO - Get LATEST chromedriver version for google-chrome
2024-12-24 08:23:55,104 - INFO - WebDriver version 131.0.6778.204 selected
2024-12-24 08:23:55,107 - INFO - Modern chrome version https://storage.googleapis.com/chrome-for-testing-public/131.0.6778.204/linux64/chromedriver-linux64.zip
2024-12-24 08:23:55,107 - INFO - About to download new driver from https://storage.googleapis.com/chrome-for-testing-public/131.0.6778.204/linux64/chromedriver-linux64.zip
2024-12-24 08:23:55,160 - INFO - Driver downloading response is 200
2024-12-24 08:23:55,220 - INFO - Get LATEST chromedriver version for google-chrome
2024-12-24 08:23:55,372 - INFO - Driver has been saved in cache [/root/.wdm/drivers/chromedriver/linux64/131.0.6778.204]
2024-12-24 09:06:22,984 - INFO - 잡코리아 링크 크롤링 완료
2024-12-24 09:06:22,992 - INFO - 잡코리아 링크 크롤링 종료: 2024-12-24 09:06:22
2024-12-24 09:06:27,997 - INFO - 점핏 링크 크롤링 실행: 2024-12-24 09:06:27
2024-12-24 09:06:27,997 - INFO - 점핏 링크 크롤링 시작
2024-12-24 09:06:27,997 - INFO - ====== WebDriver manager ======
2024-12-24 09:06:28,075 - INFO - Get LATEST chromedriver version for google-chrome
2024-12-24 09:06:28,094 - INFO - Get LATEST chromedriver version for google-chrome
2024-12-24 09:06:28,112 - INFO - Driver [/root/.wdm/drivers/chromedriver/linux64/131.0.6778.204/chromedriver-linux64/chromedriver] found in cache
2024-12-24 09:08:17,326 - INFO - 점핏 링크 크롤링 완료
2024-12-24 09:08:17,326 - INFO - 점핏 링크 크롤링 종료: 2024-12-24 09:08:17
2024-12-24 09:08:22,331 - INFO - 로켓펀치 링크 크롤링 실행: 2024-12-24 09:08:22
2024-12-24 09:08:22,332 - INFO - 로켓펀치 링크 크롤링 시작
2024-12-24 09:08:22,332 - INFO - ====== WebDriver manager ======
2024-12-24 09:08:22,411 - INFO - Get LATEST chromedriver version for google-chrome
2024-12-24 09:08:22,429 - INFO - Get LATEST chromedriver version for google-chrome
2024-12-24 09:08:22,446 - INFO - Driver [/root/.wdm/drivers/chromedriver/linux64/131.0.6778.204/chromedriver-linux64/chromedriver] found in cache
2024-12-24 09:08:29,679 - INFO - ====== WebDriver manager ======
2024-12-24 09:08:29,757 - INFO - Get LATEST chromedriver version for google-chrome
2024-12-24 09:08:29,775 - INFO - Get LATEST chromedriver version for google-chrome
2024-12-24 09:08:29,791 - INFO - Driver [/root/.wdm/drivers/chromedriver/linux64/131.0.6778.204/chromedriver-linux64/chromedriver] found in cache
2024-12-24 09:08:34,891 - INFO - ====== WebDriver manager ======
2024-12-24 09:08:34,966 - INFO - Get LATEST chromedriver version for google-chrome
2024-12-24 09:08:34,985 - INFO - Get LATEST chromedriver version for google-chrome
2024-12-24 09:08:35,001 - INFO - Driver [/root/.wdm/drivers/chromedriver/linux64/131.0.6778.204/chromedriver-linux64/chromedriver] found in cache
2024-12-24 09:08:39,434 - INFO - ====== WebDriver manager ======
2024-12-24 09:08:39,512 - INFO - Get LATEST chromedriver version for google-chrome
2024-12-24 09:08:39,535 - INFO - Get LATEST chromedriver version for google-chrome
2024-12-24 09:08:39,554 - INFO - Driver [/root/.wdm/drivers/chromedriver/linux64/131.0.6778.204/chromedriver-linux64/chromedriver] found in cache
2024-12-24 09:08:43,768 - INFO - ====== WebDriver manager ======
2024-12-24 09:08:43,846 - INFO - Get LATEST chromedriver version for google-chrome
2024-12-24 09:08:43,864 - INFO - Get LATEST chromedriver version for google-chrome
2024-12-24 09:08:43,882 - INFO - Driver [/root/.wdm/drivers/chromedriver/linux64/131.0.6778.204/chromedriver-linux64/chromedriver] found in cache
2024-12-24 09:08:49,400 - INFO - ====== WebDriver manager ======
2024-12-24 09:08:49,477 - INFO - Get LATEST chromedriver version for google-chrome
2024-12-24 09:08:49,495 - INFO - Get LATEST chromedriver version for google-chrome
2024-12-24 09:08:49,511 - INFO - Driver [/root/.wdm/drivers/chromedriver/linux64/131.0.6778.204/chromedriver-linux64/chromedriver] found in cache
2024-12-24 09:08:54,672 - INFO - ====== WebDriver manager ======
2024-12-24 09:08:54,753 - INFO - Get LATEST chromedriver version for google-chrome
2024-12-24 09:08:54,770 - INFO - Get LATEST chromedriver version for google-chrome
2024-12-24 09:08:54,788 - INFO - Driver [/root/.wdm/drivers/chromedriver/linux64/131.0.6778.204/chromedriver-linux64/chromedriver] found in cache
2024-12-24 09:08:59,985 - INFO - ====== WebDriver manager ======
2024-12-24 09:09:00,064 - INFO - Get LATEST chromedriver version for google-chrome
2024-12-24 09:09:00,083 - INFO - Get LATEST chromedriver version for google-chrome
2024-12-24 09:09:00,101 - INFO - Driver [/root/.wdm/drivers/chromedriver/linux64/131.0.6778.204/chromedriver-linux64/chromedriver] found in cache
2024-12-24 09:09:19,422 - INFO - ====== WebDriver manager ======
2024-12-24 09:09:19,500 - INFO - Get LATEST chromedriver version for google-chrome
2024-12-24 09:09:19,518 - INFO - Get LATEST chromedriver version for google-chrome
2024-12-24 09:09:19,535 - INFO - Driver [/root/.wdm/drivers/chromedriver/linux64/131.0.6778.204/chromedriver-linux64/chromedriver] found in cache
2024-12-24 09:09:24,466 - INFO - ====== WebDriver manager ======
2024-12-24 09:09:24,544 - INFO - Get LATEST chromedriver version for google-chrome
2024-12-24 09:09:24,562 - INFO - Get LATEST chromedriver version for google-chrome
2024-12-24 09:09:24,579 - INFO - Driver [/root/.wdm/drivers/chromedriver/linux64/131.0.6778.204/chromedriver-linux64/chromedriver] found in cache
2024-12-24 09:09:28,835 - INFO - ====== WebDriver manager ======
2024-12-24 09:09:28,915 - INFO - Get LATEST chromedriver version for google-chrome
2024-12-24 09:09:28,932 - INFO - Get LATEST chromedriver version for google-chrome
2024-12-24 09:09:28,949 - INFO - Driver [/root/.wdm/drivers/chromedriver/linux64/131.0.6778.204/chromedriver-linux64/chromedriver] found in cache
2024-12-24 09:09:33,081 - INFO - ====== WebDriver manager ======
2024-12-24 09:09:33,159 - INFO - Get LATEST chromedriver version for google-chrome
2024-12-24 09:09:33,177 - INFO - Get LATEST chromedriver version for google-chrome
2024-12-24 09:09:33,193 - INFO - Driver [/root/.wdm/drivers/chromedriver/linux64/131.0.6778.204/chromedriver-linux64/chromedriver] found in cache
2024-12-24 09:09:37,109 - INFO - ====== WebDriver manager ======
2024-12-24 09:09:37,187 - INFO - Get LATEST chromedriver version for google-chrome
2024-12-24 09:09:37,206 - INFO - Get LATEST chromedriver version for google-chrome
2024-12-24 09:09:37,222 - INFO - Driver [/root/.wdm/drivers/chromedriver/linux64/131.0.6778.204/chromedriver-linux64/chromedriver] found in cache
2024-12-24 09:09:41,744 - INFO - ====== WebDriver manager ======
2024-12-24 09:09:41,824 - INFO - Get LATEST chromedriver version for google-chrome
2024-12-24 09:09:41,843 - INFO - Get LATEST chromedriver version for google-chrome
2024-12-24 09:09:41,859 - INFO - Driver [/root/.wdm/drivers/chromedriver/linux64/131.0.6778.204/chromedriver-linux64/chromedriver] found in cache
2024-12-24 09:09:46,234 - INFO - ====== WebDriver manager ======
2024-12-24 09:09:46,313 - INFO - Get LATEST chromedriver version for google-chrome
2024-12-24 09:09:46,330 - INFO - Get LATEST chromedriver version for google-chrome
2024-12-24 09:09:46,347 - INFO - Driver [/root/.wdm/drivers/chromedriver/linux64/131.0.6778.204/chromedriver-linux64/chromedriver] found in cache
2024-12-24 09:09:50,461 - INFO - ====== WebDriver manager ======
2024-12-24 09:09:50,544 - INFO - Get LATEST chromedriver version for google-chrome
2024-12-24 09:09:50,561 - INFO - Get LATEST chromedriver version for google-chrome
2024-12-24 09:09:50,579 - INFO - Driver [/root/.wdm/drivers/chromedriver/linux64/131.0.6778.204/chromedriver-linux64/chromedriver] found in cache
2024-12-24 09:09:55,636 - INFO - ====== WebDriver manager ======
2024-12-24 09:09:55,719 - INFO - Get LATEST chromedriver version for google-chrome
2024-12-24 09:09:55,740 - INFO - Get LATEST chromedriver version for google-chrome
2024-12-24 09:09:55,757 - INFO - Driver [/root/.wdm/drivers/chromedriver/linux64/131.0.6778.204/chromedriver-linux64/chromedriver] found in cache
2024-12-24 09:10:00,120 - INFO - ====== WebDriver manager ======
2024-12-24 09:10:00,199 - INFO - Get LATEST chromedriver version for google-chrome
2024-12-24 09:10:00,217 - INFO - Get LATEST chromedriver version for google-chrome
2024-12-24 09:10:00,235 - INFO - Driver [/root/.wdm/drivers/chromedriver/linux64/131.0.6778.204/chromedriver-linux64/chromedriver] found in cache
2024-12-24 09:10:04,661 - INFO - 로켓펀치 링크 크롤링 완료
2024-12-24 09:10:04,661 - INFO - 로켓펀치 링크 크롤링 종료: 2024-12-24 09:10:04
2024-12-24 09:10:09,667 - INFO - 사람인 링크 크롤링 실행: 2024-12-24 09:10:09
2024-12-24 09:10:09,667 - INFO - 사람인 링크 크롤링 시작
2024-12-24 10:03:52,119 - WARNING - Retrying (Retry(total=2, connect=None, read=None, redirect=None, status=None)) after connection broken by 'ReadTimeoutError("HTTPConnectionPool(host='localhost', port=43499): Read timed out. (read timeout=120)")': /session/b1a053215454b6d65e26e7be61d3a741
2024-12-24 10:08:04,760 - INFO - 사람인 링크 크롤링 완료
2024-12-24 10:08:04,764 - INFO - 사람인 링크 크롤링 종료: 2024-12-24 10:08:04
2024-12-24 10:08:09,769 - INFO - 원티드 링크 크롤링 실행: 2024-12-24 10:08:09
2024-12-24 10:08:09,769 - INFO - 원티드 링크 크롤링 시작
2024-12-24 10:08:09,770 - INFO - ====== WebDriver manager ======
2024-12-24 10:08:09,856 - INFO - Get LATEST chromedriver version for google-chrome
2024-12-24 10:08:09,879 - INFO - Get LATEST chromedriver version for google-chrome
2024-12-24 10:08:09,896 - INFO - Driver [/root/.wdm/drivers/chromedriver/linux64/131.0.6778.204/chromedriver-linux64/chromedriver] found in cache
2024-12-24 10:08:34,555 - INFO - 원티드 링크 크롤링 완료
2024-12-24 10:08:34,556 - INFO - 원티드 링크 크롤링 종료: 2024-12-24 10:08:34
