2024-12-28 05:05:43,957 - INFO - 점핏 크롤링 실행: 2024-12-28 05:05:43
2024-12-28 05:05:43,958 - INFO - 점핏 크롤링 종료: 2024-12-28 05:05:43
2024-12-28 05:05:53,968 - INFO - 원티드 크롤링 실행: 2024-12-28 05:05:53
2024-12-28 05:05:53,968 - INFO - 원티드 크롤링 시작
2024-12-28 05:05:54,004 - INFO - Found credentials in shared credentials file: /code/.aws/credentials
2024-12-28 05:05:54,255 - INFO - ====== WebDriver manager ======
2024-12-28 05:05:54,367 - INFO - Get LATEST chromedriver version for google-chrome
2024-12-28 05:05:54,388 - INFO - Get LATEST chromedriver version for google-chrome
2024-12-28 05:05:54,406 - INFO - There is no [linux64] chromedriver "131.0.6778.204" for browser google-chrome "131.0.6778" in cache
2024-12-28 05:05:54,406 - INFO - Get LATEST chromedriver version for google-chrome
2024-12-28 05:05:54,474 - INFO - WebDriver version 131.0.6778.204 selected
2024-12-28 05:05:54,477 - INFO - Modern chrome version https://storage.googleapis.com/chrome-for-testing-public/131.0.6778.204/linux64/chromedriver-linux64.zip
2024-12-28 05:05:54,477 - INFO - About to download new driver from https://storage.googleapis.com/chrome-for-testing-public/131.0.6778.204/linux64/chromedriver-linux64.zip
2024-12-28 05:05:54,529 - INFO - Driver downloading response is 200
2024-12-28 05:05:54,588 - INFO - Get LATEST chromedriver version for google-chrome
2024-12-28 05:05:54,769 - INFO - Driver has been saved in cache [/root/.wdm/drivers/chromedriver/linux64/131.0.6778.204]
2024-12-28 05:05:55,207 - INFO - 원티드 크롤링 종료: 2024-12-28 05:05:55
2024-12-28 05:06:05,217 - INFO - 인크루트 크롤링 실행: 2024-12-28 05:06:05
2024-12-28 05:06:05,217 - INFO - 인크루트 크롤링 종료: 2024-12-28 05:06:05
2024-12-28 05:06:15,227 - INFO - 로켓펀치 크롤링 실행: 2024-12-28 05:06:15
2024-12-28 05:06:15,227 - INFO - 로켓펀치 크롤링 종료: 2024-12-28 05:06:15
2024-12-28 05:06:25,237 - INFO - 잡코리아 크롤링 실행: 2024-12-28 05:06:25
2024-12-28 05:06:25,237 - INFO - 잡코리아 크롤링 시작
2024-12-28 05:06:25,315 - INFO - ====== WebDriver manager ======
2024-12-28 05:06:25,438 - INFO - Get LATEST chromedriver version for google-chrome
2024-12-28 05:06:25,460 - INFO - Get LATEST chromedriver version for google-chrome
2024-12-28 05:06:25,487 - INFO - Driver [/root/.wdm/drivers/chromedriver/linux64/131.0.6778.204/chromedriver-linux64/chromedriver] found in cache
2024-12-28 05:06:31,010 - INFO - [INFO] iframe 전환 성공: https://www.jobkorea.co.kr/Recruit/GI_Read/46181661
2024-12-28 05:06:31,410 - INFO - https://www.jobkorea.co.kr/Recruit/GI_Read/46181661 - update - failed - 2024-12-28 05:06:31 - local variable 'iframe_text' referenced before assignment
2024-12-28 05:06:35,335 - INFO - https://www.jobkorea.co.kr/Recruit/GI_Read/46181654 - captcha_detected - failed - 2024-12-28 05:06:35 - CAPTCHA or block detected
2024-12-28 05:06:37,874 - INFO - https://www.jobkorea.co.kr/Recruit/GI_Read/46181259 - captcha_detected - failed - 2024-12-28 05:06:37 - CAPTCHA or block detected
2024-12-28 05:06:39,530 - INFO - https://www.jobkorea.co.kr/Recruit/GI_Read/46178596 - captcha_detected - failed - 2024-12-28 05:06:39 - CAPTCHA or block detected
2024-12-28 05:06:41,260 - INFO - https://www.jobkorea.co.kr/Recruit/GI_Read/46169653 - captcha_detected - failed - 2024-12-28 05:06:41 - CAPTCHA or block detected
2024-12-28 05:06:42,741 - INFO - https://www.jobkorea.co.kr/Recruit/GI_Read/46180713 - captcha_detected - failed - 2024-12-28 05:06:42 - CAPTCHA or block detected
2024-12-28 05:06:44,203 - INFO - https://www.jobkorea.co.kr/Recruit/GI_Read/46181548 - captcha_detected - failed - 2024-12-28 05:06:44 - CAPTCHA or block detected
2024-12-28 05:06:45,869 - INFO - https://www.jobkorea.co.kr/Recruit/GI_Read/46177304 - captcha_detected - failed - 2024-12-28 05:06:45 - CAPTCHA or block detected
2024-12-28 05:06:47,459 - INFO - https://www.jobkorea.co.kr/Recruit/GI_Read/46178687 - captcha_detected - failed - 2024-12-28 05:06:47 - CAPTCHA or block detected
2024-12-28 05:06:49,234 - INFO - https://www.jobkorea.co.kr/Recruit/GI_Read/46178264 - captcha_detected - failed - 2024-12-28 05:06:49 - CAPTCHA or block detected
2024-12-28 05:06:50,527 - INFO - https://www.jobkorea.co.kr/Recruit/GI_Read/46021281 - captcha_detected - failed - 2024-12-28 05:06:50 - CAPTCHA or block detected
2024-12-28 05:06:52,252 - INFO - https://www.jobkorea.co.kr/Recruit/GI_Read/46181187 - captcha_detected - failed - 2024-12-28 05:06:52 - CAPTCHA or block detected
2024-12-28 05:06:53,943 - INFO - https://www.jobkorea.co.kr/Recruit/GI_Read/45798597 - captcha_detected - failed - 2024-12-28 05:06:53 - CAPTCHA or block detected
2024-12-28 05:06:55,723 - INFO - https://www.jobkorea.co.kr/Recruit/GI_Read/46178949 - captcha_detected - failed - 2024-12-28 05:06:55 - CAPTCHA or block detected
2024-12-28 05:06:55,987 - INFO - https://www.jobkorea.co.kr/Recruit/GI_Read/46138728 - redirected - failed - 2024-12-28 05:06:55 - Redirected to https://www.jobkorea.co.kr/NET/jkWebModule/jkConfirm.aspx?r=1&a=/NET&ret=%2fRecruit%2fGI_Read%2f46138728
2024-12-28 05:06:56,108 - INFO - https://www.jobkorea.co.kr/Recruit/GI_Read/46178789 - redirected - failed - 2024-12-28 05:06:56 - Redirected to https://www.jobkorea.co.kr/NET/jkWebModule/jkConfirm.aspx?r=1&a=/NET&ret=%2fRecruit%2fGI_Read%2f46178789
2024-12-28 05:06:56,196 - INFO - https://www.jobkorea.co.kr/Recruit/GI_Read/46180945 - redirected - failed - 2024-12-28 05:06:56 - Redirected to https://www.jobkorea.co.kr/NET/jkWebModule/jkConfirm.aspx?r=1&a=/NET&ret=%2fRecruit%2fGI_Read%2f46180945
2024-12-28 05:06:56,280 - INFO - https://www.jobkorea.co.kr/Recruit/GI_Read/46090916 - redirected - failed - 2024-12-28 05:06:56 - Redirected to https://www.jobkorea.co.kr/NET/jkWebModule/jkConfirm.aspx?r=1&a=/NET&ret=%2fRecruit%2fGI_Read%2f46090916
2024-12-28 05:06:56,372 - INFO - https://www.jobkorea.co.kr/Recruit/GI_Read/45798629 - redirected - failed - 2024-12-28 05:06:56 - Redirected to https://www.jobkorea.co.kr/NET/jkWebModule/jkConfirm.aspx?r=1&a=/NET&ret=%2fRecruit%2fGI_Read%2f45798629
2024-12-28 05:06:56,466 - INFO - https://www.jobkorea.co.kr/Recruit/GI_Read/46182350 - redirected - failed - 2024-12-28 05:06:56 - Redirected to https://www.jobkorea.co.kr/NET/jkWebModule/jkConfirm.aspx?r=1&a=/NET&ret=%2fRecruit%2fGI_Read%2f46182350
2024-12-28 05:06:58,489 - INFO - https://www.jobkorea.co.kr/Recruit/GI_Read/46169072 - redirected - failed - 2024-12-28 05:06:58 - Redirected to https://www.jobkorea.co.kr/NET/jkWebModule/jkConfirm.aspx?r=1&a=/NET&ret=%2fRecruit%2fGI_Read%2f46169072
2024-12-28 05:06:58,586 - INFO - https://www.jobkorea.co.kr/Recruit/GI_Read/46179300 - redirected - failed - 2024-12-28 05:06:58 - Redirected to https://www.jobkorea.co.kr/NET/jkWebModule/jkConfirm.aspx?r=1&a=/NET&ret=%2fRecruit%2fGI_Read%2f46179300
2024-12-28 05:06:58,703 - INFO - https://www.jobkorea.co.kr/Recruit/GI_Read/46179685 - redirected - failed - 2024-12-28 05:06:58 - Redirected to https://www.jobkorea.co.kr/NET/jkWebModule/jkConfirm.aspx?r=1&a=/NET&ret=%2fRecruit%2fGI_Read%2f46179685
2024-12-28 05:06:58,822 - INFO - https://www.jobkorea.co.kr/Recruit/GI_Read/46174337 - redirected - failed - 2024-12-28 05:06:58 - Redirected to https://www.jobkorea.co.kr/NET/jkWebModule/jkConfirm.aspx?r=1&a=/NET&ret=%2fRecruit%2fGI_Read%2f46174337
2024-12-28 05:06:58,938 - INFO - https://www.jobkorea.co.kr/Recruit/GI_Read/46179247 - redirected - failed - 2024-12-28 05:06:58 - Redirected to https://www.jobkorea.co.kr/NET/jkWebModule/jkConfirm.aspx?r=1&a=/NET&ret=%2fRecruit%2fGI_Read%2f46179247
2024-12-28 05:06:59,076 - INFO - https://www.jobkorea.co.kr/Recruit/GI_Read/46180538 - redirected - failed - 2024-12-28 05:06:59 - Redirected to https://www.jobkorea.co.kr/NET/jkWebModule/jkConfirm.aspx?r=1&a=/NET&ret=%2fRecruit%2fGI_Read%2f46180538
2024-12-28 05:06:59,217 - INFO - https://www.jobkorea.co.kr/Recruit/GI_Read/46181670 - redirected - failed - 2024-12-28 05:06:59 - Redirected to https://www.jobkorea.co.kr/NET/jkWebModule/jkConfirm.aspx?r=1&a=/NET&ret=%2fRecruit%2fGI_Read%2f46181670
2024-12-28 05:06:59,366 - INFO - https://www.jobkorea.co.kr/Recruit/GI_Read/46181890 - redirected - failed - 2024-12-28 05:06:59 - Redirected to https://www.jobkorea.co.kr/NET/jkWebModule/jkConfirm.aspx?r=1&a=/NET&ret=%2fRecruit%2fGI_Read%2f46181890
2024-12-28 05:06:59,510 - INFO - https://www.jobkorea.co.kr/Recruit/GI_Read/46169861 - redirected - failed - 2024-12-28 05:06:59 - Redirected to https://www.jobkorea.co.kr/NET/jkWebModule/jkConfirm.aspx?r=1&a=/NET&ret=%2fRecruit%2fGI_Read%2f46169861
2024-12-28 05:06:59,632 - INFO - https://www.jobkorea.co.kr/Recruit/GI_Read/46181547 - redirected - failed - 2024-12-28 05:06:59 - Redirected to https://www.jobkorea.co.kr/NET/jkWebModule/jkConfirm.aspx?r=1&a=/NET&ret=%2fRecruit%2fGI_Read%2f46181547
2024-12-28 05:06:59,733 - INFO - https://www.jobkorea.co.kr/Recruit/GI_Read/46180335 - redirected - failed - 2024-12-28 05:06:59 - Redirected to https://www.jobkorea.co.kr/NET/jkWebModule/jkConfirm.aspx?r=1&a=/NET&ret=%2fRecruit%2fGI_Read%2f46180335
2024-12-28 05:06:59,837 - INFO - https://www.jobkorea.co.kr/Recruit/GI_Read/46179917 - redirected - failed - 2024-12-28 05:06:59 - Redirected to https://www.jobkorea.co.kr/NET/jkWebModule/jkConfirm.aspx?r=1&a=/NET&ret=%2fRecruit%2fGI_Read%2f46179917
2024-12-28 05:06:59,927 - INFO - https://www.jobkorea.co.kr/Recruit/GI_Read/46179267 - redirected - failed - 2024-12-28 05:06:59 - Redirected to https://www.jobkorea.co.kr/NET/jkWebModule/jkConfirm.aspx?r=1&a=/NET&ret=%2fRecruit%2fGI_Read%2f46179267
2024-12-28 05:07:00,019 - INFO - https://www.jobkorea.co.kr/Recruit/GI_Read/46180846 - redirected - failed - 2024-12-28 05:07:00 - Redirected to https://www.jobkorea.co.kr/NET/jkWebModule/jkConfirm.aspx?r=1&a=/NET&ret=%2fRecruit%2fGI_Read%2f46180846
2024-12-28 05:07:00,115 - INFO - https://www.jobkorea.co.kr/Recruit/GI_Read/46179983 - redirected - failed - 2024-12-28 05:07:00 - Redirected to https://www.jobkorea.co.kr/NET/jkWebModule/jkConfirm.aspx?r=1&a=/NET&ret=%2fRecruit%2fGI_Read%2f46179983
2024-12-28 05:07:00,207 - INFO - https://www.jobkorea.co.kr/Recruit/GI_Read/46170500 - redirected - failed - 2024-12-28 05:07:00 - Redirected to https://www.jobkorea.co.kr/NET/jkWebModule/jkConfirm.aspx?r=1&a=/NET&ret=%2fRecruit%2fGI_Read%2f46170500
2024-12-28 05:07:00,326 - INFO - https://www.jobkorea.co.kr/Recruit/GI_Read/46179711 - redirected - failed - 2024-12-28 05:07:00 - Redirected to https://www.jobkorea.co.kr/NET/jkWebModule/jkConfirm.aspx?r=1&a=/NET&ret=%2fRecruit%2fGI_Read%2f46179711
2024-12-28 05:07:00,482 - INFO - https://www.jobkorea.co.kr/Recruit/GI_Read/46048527 - redirected - failed - 2024-12-28 05:07:00 - Redirected to https://www.jobkorea.co.kr/NET/jkWebModule/jkConfirm.aspx?r=1&a=/NET&ret=%2fRecruit%2fGI_Read%2f46048527
2024-12-28 05:07:00,618 - INFO - https://www.jobkorea.co.kr/Recruit/GI_Read/46181007 - redirected - failed - 2024-12-28 05:07:00 - Redirected to https://www.jobkorea.co.kr/NET/jkWebModule/jkConfirm.aspx?r=1&a=/NET&ret=%2fRecruit%2fGI_Read%2f46181007
2024-12-28 05:07:00,719 - INFO - https://www.jobkorea.co.kr/Recruit/GI_Read/46082672 - redirected - failed - 2024-12-28 05:07:00 - Redirected to https://www.jobkorea.co.kr/NET/jkWebModule/jkConfirm.aspx?r=1&a=/NET&ret=%2fRecruit%2fGI_Read%2f46082672
2024-12-28 05:07:00,824 - INFO - https://www.jobkorea.co.kr/Recruit/GI_Read/46172021 - redirected - failed - 2024-12-28 05:07:00 - Redirected to https://www.jobkorea.co.kr/NET/jkWebModule/jkConfirm.aspx?r=1&a=/NET&ret=%2fRecruit%2fGI_Read%2f46172021
2024-12-28 05:07:00,956 - INFO - https://www.jobkorea.co.kr/Recruit/GI_Read/46179967 - redirected - failed - 2024-12-28 05:07:00 - Redirected to https://www.jobkorea.co.kr/NET/jkWebModule/jkConfirm.aspx?r=1&a=/NET&ret=%2fRecruit%2fGI_Read%2f46179967
2024-12-28 05:07:01,098 - INFO - https://www.jobkorea.co.kr/Recruit/GI_Read/46181954 - redirected - failed - 2024-12-28 05:07:01 - Redirected to https://www.jobkorea.co.kr/NET/jkWebModule/jkConfirm.aspx?r=1&a=/NET&ret=%2fRecruit%2fGI_Read%2f46181954
2024-12-28 05:07:01,268 - INFO - https://www.jobkorea.co.kr/Recruit/GI_Read/46175179 - redirected - failed - 2024-12-28 05:07:01 - Redirected to https://www.jobkorea.co.kr/NET/jkWebModule/jkConfirm.aspx?r=1&a=/NET&ret=%2fRecruit%2fGI_Read%2f46175179
2024-12-28 05:07:01,407 - INFO - https://www.jobkorea.co.kr/Recruit/GI_Read/46182022 - redirected - failed - 2024-12-28 05:07:01 - Redirected to https://www.jobkorea.co.kr/NET/jkWebModule/jkConfirm.aspx?r=1&a=/NET&ret=%2fRecruit%2fGI_Read%2f46182022
2024-12-28 05:07:01,530 - INFO - https://www.jobkorea.co.kr/Recruit/GI_Read/46176561 - redirected - failed - 2024-12-28 05:07:01 - Redirected to https://www.jobkorea.co.kr/NET/jkWebModule/jkConfirm.aspx?r=1&a=/NET&ret=%2fRecruit%2fGI_Read%2f46176561
2024-12-28 05:07:01,680 - INFO - https://www.jobkorea.co.kr/Recruit/GI_Read/46180713 - redirected - failed - 2024-12-28 05:07:01 - Redirected to https://www.jobkorea.co.kr/NET/jkWebModule/jkConfirm.aspx?r=1&a=/NET&ret=%2fRecruit%2fGI_Read%2f46180713
2024-12-28 05:07:01,830 - INFO - https://www.jobkorea.co.kr/Recruit/GI_Read/46178789 - redirected - failed - 2024-12-28 05:07:01 - Redirected to https://www.jobkorea.co.kr/NET/jkWebModule/jkConfirm.aspx?r=1&a=/NET&ret=%2fRecruit%2fGI_Read%2f46178789
2024-12-28 05:07:01,970 - INFO - https://www.jobkorea.co.kr/Recruit/GI_Read/46182497 - redirected - failed - 2024-12-28 05:07:01 - Redirected to https://www.jobkorea.co.kr/NET/jkWebModule/jkConfirm.aspx?r=1&a=/NET&ret=%2fRecruit%2fGI_Read%2f46182497
2024-12-28 05:07:02,107 - INFO - https://www.jobkorea.co.kr/Recruit/GI_Read/46170074 - redirected - failed - 2024-12-28 05:07:02 - Redirected to https://www.jobkorea.co.kr/NET/jkWebModule/jkConfirm.aspx?r=1&a=/NET&ret=%2fRecruit%2fGI_Read%2f46170074
2024-12-28 05:07:02,238 - INFO - https://www.jobkorea.co.kr/Recruit/GI_Read/46173999 - redirected - failed - 2024-12-28 05:07:02 - Redirected to https://www.jobkorea.co.kr/NET/jkWebModule/jkConfirm.aspx?r=1&a=/NET&ret=%2fRecruit%2fGI_Read%2f46173999
2024-12-28 05:07:02,373 - INFO - https://www.jobkorea.co.kr/Recruit/GI_Read/46181339 - redirected - failed - 2024-12-28 05:07:02 - Redirected to https://www.jobkorea.co.kr/NET/jkWebModule/jkConfirm.aspx?r=1&a=/NET&ret=%2fRecruit%2fGI_Read%2f46181339
2024-12-28 05:07:02,539 - INFO - https://www.jobkorea.co.kr/Recruit/GI_Read/46182052 - redirected - failed - 2024-12-28 05:07:02 - Redirected to https://www.jobkorea.co.kr/NET/jkWebModule/jkConfirm.aspx?r=1&a=/NET&ret=%2fRecruit%2fGI_Read%2f46182052
2024-12-28 05:07:02,696 - INFO - https://www.jobkorea.co.kr/Recruit/GI_Read/46178322 - redirected - failed - 2024-12-28 05:07:02 - Redirected to https://www.jobkorea.co.kr/NET/jkWebModule/jkConfirm.aspx?r=1&a=/NET&ret=%2fRecruit%2fGI_Read%2f46178322
2024-12-28 05:07:02,805 - INFO - https://www.jobkorea.co.kr/Recruit/GI_Read/46179110 - redirected - failed - 2024-12-28 05:07:02 - Redirected to https://www.jobkorea.co.kr/NET/jkWebModule/jkConfirm.aspx?r=1&a=/NET&ret=%2fRecruit%2fGI_Read%2f46179110
2024-12-28 05:07:02,908 - INFO - https://www.jobkorea.co.kr/Recruit/GI_Read/46178042 - redirected - failed - 2024-12-28 05:07:02 - Redirected to https://www.jobkorea.co.kr/NET/jkWebModule/jkConfirm.aspx?r=1&a=/NET&ret=%2fRecruit%2fGI_Read%2f46178042
2024-12-28 05:07:03,015 - INFO - https://www.jobkorea.co.kr/Recruit/GI_Read/45886912 - redirected - failed - 2024-12-28 05:07:03 - Redirected to https://www.jobkorea.co.kr/NET/jkWebModule/jkConfirm.aspx?r=1&a=/NET&ret=%2fRecruit%2fGI_Read%2f45886912
2024-12-28 05:07:03,107 - INFO - https://www.jobkorea.co.kr/Recruit/GI_Read/46172948 - redirected - failed - 2024-12-28 05:07:03 - Redirected to https://www.jobkorea.co.kr/NET/jkWebModule/jkConfirm.aspx?r=1&a=/NET&ret=%2fRecruit%2fGI_Read%2f46172948
2024-12-28 05:07:03,237 - INFO - https://www.jobkorea.co.kr/Recruit/GI_Read/46177751 - redirected - failed - 2024-12-28 05:07:03 - Redirected to https://www.jobkorea.co.kr/NET/jkWebModule/jkConfirm.aspx?r=1&a=/NET&ret=%2fRecruit%2fGI_Read%2f46177751
2024-12-28 05:07:03,337 - INFO - https://www.jobkorea.co.kr/Recruit/GI_Read/46177991 - redirected - failed - 2024-12-28 05:07:03 - Redirected to https://www.jobkorea.co.kr/NET/jkWebModule/jkConfirm.aspx?r=1&a=/NET&ret=%2fRecruit%2fGI_Read%2f46177991
2024-12-28 05:07:03,469 - INFO - https://www.jobkorea.co.kr/Recruit/GI_Read/46181851 - redirected - failed - 2024-12-28 05:07:03 - Redirected to https://www.jobkorea.co.kr/NET/jkWebModule/jkConfirm.aspx?r=1&a=/NET&ret=%2fRecruit%2fGI_Read%2f46181851
2024-12-28 05:07:03,619 - INFO - https://www.jobkorea.co.kr/Recruit/GI_Read/46181654 - redirected - failed - 2024-12-28 05:07:03 - Redirected to https://www.jobkorea.co.kr/NET/jkWebModule/jkConfirm.aspx?r=1&a=/NET&ret=%2fRecruit%2fGI_Read%2f46181654
2024-12-28 05:07:03,891 - INFO - https://www.jobkorea.co.kr/Recruit/GI_Read/46181804 - redirected - failed - 2024-12-28 05:07:03 - Redirected to https://www.jobkorea.co.kr/NET/jkWebModule/jkConfirm.aspx?r=1&a=/NET&ret=%2fRecruit%2fGI_Read%2f46181804
2024-12-28 05:07:04,087 - INFO - https://www.jobkorea.co.kr/Recruit/GI_Read/46169653 - redirected - failed - 2024-12-28 05:07:04 - Redirected to https://www.jobkorea.co.kr/NET/jkWebModule/jkConfirm.aspx?r=1&a=/NET&ret=%2fRecruit%2fGI_Read%2f46169653
2024-12-28 05:07:04,230 - INFO - https://www.jobkorea.co.kr/Recruit/GI_Read/46179744 - redirected - failed - 2024-12-28 05:07:04 - Redirected to https://www.jobkorea.co.kr/NET/jkWebModule/jkConfirm.aspx?r=1&a=/NET&ret=%2fRecruit%2fGI_Read%2f46179744
2024-12-28 05:07:04,343 - INFO - https://www.jobkorea.co.kr/Recruit/GI_Read/46181176 - redirected - failed - 2024-12-28 05:07:04 - Redirected to https://www.jobkorea.co.kr/NET/jkWebModule/jkConfirm.aspx?r=1&a=/NET&ret=%2fRecruit%2fGI_Read%2f46181176
2024-12-28 05:07:04,458 - INFO - https://www.jobkorea.co.kr/Recruit/GI_Read/46178730 - redirected - failed - 2024-12-28 05:07:04 - Redirected to https://www.jobkorea.co.kr/NET/jkWebModule/jkConfirm.aspx?r=1&a=/NET&ret=%2fRecruit%2fGI_Read%2f46178730
2024-12-28 05:07:04,604 - INFO - https://www.jobkorea.co.kr/Recruit/GI_Read/46178481 - redirected - failed - 2024-12-28 05:07:04 - Redirected to https://www.jobkorea.co.kr/NET/jkWebModule/jkConfirm.aspx?r=1&a=/NET&ret=%2fRecruit%2fGI_Read%2f46178481
2024-12-28 05:07:04,733 - INFO - https://www.jobkorea.co.kr/Recruit/GI_Read/46182115 - redirected - failed - 2024-12-28 05:07:04 - Redirected to https://www.jobkorea.co.kr/NET/jkWebModule/jkConfirm.aspx?r=1&a=/NET&ret=%2fRecruit%2fGI_Read%2f46182115
2024-12-28 05:07:04,926 - INFO - https://www.jobkorea.co.kr/Recruit/GI_Read/46179383 - redirected - failed - 2024-12-28 05:07:04 - Redirected to https://www.jobkorea.co.kr/NET/jkWebModule/jkConfirm.aspx?r=1&a=/NET&ret=%2fRecruit%2fGI_Read%2f46179383
2024-12-28 05:07:05,083 - INFO - https://www.jobkorea.co.kr/Recruit/GI_Read/46178450 - redirected - failed - 2024-12-28 05:07:05 - Redirected to https://www.jobkorea.co.kr/NET/jkWebModule/jkConfirm.aspx?r=1&a=/NET&ret=%2fRecruit%2fGI_Read%2f46178450
2024-12-28 05:07:05,210 - INFO - https://www.jobkorea.co.kr/Recruit/GI_Read/46182518 - redirected - failed - 2024-12-28 05:07:05 - Redirected to https://www.jobkorea.co.kr/NET/jkWebModule/jkConfirm.aspx?r=1&a=/NET&ret=%2fRecruit%2fGI_Read%2f46182518
2024-12-28 05:07:05,335 - INFO - https://www.jobkorea.co.kr/Recruit/GI_Read/46180546 - redirected - failed - 2024-12-28 05:07:05 - Redirected to https://www.jobkorea.co.kr/NET/jkWebModule/jkConfirm.aspx?r=1&a=/NET&ret=%2fRecruit%2fGI_Read%2f46180546
2024-12-28 05:07:05,476 - INFO - https://www.jobkorea.co.kr/Recruit/GI_Read/46179368 - redirected - failed - 2024-12-28 05:07:05 - Redirected to https://www.jobkorea.co.kr/NET/jkWebModule/jkConfirm.aspx?r=1&a=/NET&ret=%2fRecruit%2fGI_Read%2f46179368
2024-12-28 05:07:05,619 - INFO - https://www.jobkorea.co.kr/Recruit/GI_Read/46177884 - redirected - failed - 2024-12-28 05:07:05 - Redirected to https://www.jobkorea.co.kr/NET/jkWebModule/jkConfirm.aspx?r=1&a=/NET&ret=%2fRecruit%2fGI_Read%2f46177884
2024-12-28 05:07:05,735 - INFO - https://www.jobkorea.co.kr/Recruit/GI_Read/46174596 - redirected - failed - 2024-12-28 05:07:05 - Redirected to https://www.jobkorea.co.kr/NET/jkWebModule/jkConfirm.aspx?r=1&a=/NET&ret=%2fRecruit%2fGI_Read%2f46174596
2024-12-28 05:07:05,841 - INFO - https://www.jobkorea.co.kr/Recruit/GI_Read/46180672 - redirected - failed - 2024-12-28 05:07:05 - Redirected to https://www.jobkorea.co.kr/NET/jkWebModule/jkConfirm.aspx?r=1&a=/NET&ret=%2fRecruit%2fGI_Read%2f46180672
2024-12-28 05:07:05,988 - INFO - https://www.jobkorea.co.kr/Recruit/GI_Read/46179280 - redirected - failed - 2024-12-28 05:07:05 - Redirected to https://www.jobkorea.co.kr/NET/jkWebModule/jkConfirm.aspx?r=1&a=/NET&ret=%2fRecruit%2fGI_Read%2f46179280
2024-12-28 05:07:06,111 - INFO - https://www.jobkorea.co.kr/Recruit/GI_Read/46179945 - redirected - failed - 2024-12-28 05:07:06 - Redirected to https://www.jobkorea.co.kr/NET/jkWebModule/jkConfirm.aspx?r=1&a=/NET&ret=%2fRecruit%2fGI_Read%2f46179945
2024-12-28 05:07:06,212 - INFO - https://www.jobkorea.co.kr/Recruit/GI_Read/46177786 - redirected - failed - 2024-12-28 05:07:06 - Redirected to https://www.jobkorea.co.kr/NET/jkWebModule/jkConfirm.aspx?r=1&a=/NET&ret=%2fRecruit%2fGI_Read%2f46177786
2024-12-28 05:07:06,323 - INFO - https://www.jobkorea.co.kr/Recruit/GI_Read/46180534 - redirected - failed - 2024-12-28 05:07:06 - Redirected to https://www.jobkorea.co.kr/NET/jkWebModule/jkConfirm.aspx?r=1&a=/NET&ret=%2fRecruit%2fGI_Read%2f46180534
2024-12-28 05:07:06,426 - INFO - https://www.jobkorea.co.kr/Recruit/GI_Read/46177514 - redirected - failed - 2024-12-28 05:07:06 - Redirected to https://www.jobkorea.co.kr/NET/jkWebModule/jkConfirm.aspx?r=1&a=/NET&ret=%2fRecruit%2fGI_Read%2f46177514
2024-12-28 05:07:06,598 - INFO - https://www.jobkorea.co.kr/Recruit/GI_Read/46180318 - redirected - failed - 2024-12-28 05:07:06 - Redirected to https://www.jobkorea.co.kr/NET/jkWebModule/jkConfirm.aspx?r=1&a=/NET&ret=%2fRecruit%2fGI_Read%2f46180318
2024-12-28 05:07:06,730 - INFO - https://www.jobkorea.co.kr/Recruit/GI_Read/46021281 - redirected - failed - 2024-12-28 05:07:06 - Redirected to https://www.jobkorea.co.kr/NET/jkWebModule/jkConfirm.aspx?r=1&a=/NET&ret=%2fRecruit%2fGI_Read%2f46021281
2024-12-28 05:07:06,866 - INFO - https://www.jobkorea.co.kr/Recruit/GI_Read/46181746 - redirected - failed - 2024-12-28 05:07:06 - Redirected to https://www.jobkorea.co.kr/NET/jkWebModule/jkConfirm.aspx?r=1&a=/NET&ret=%2fRecruit%2fGI_Read%2f46181746
2024-12-28 05:07:06,994 - INFO - https://www.jobkorea.co.kr/Recruit/GI_Read/46179153 - redirected - failed - 2024-12-28 05:07:06 - Redirected to https://www.jobkorea.co.kr/NET/jkWebModule/jkConfirm.aspx?r=1&a=/NET&ret=%2fRecruit%2fGI_Read%2f46179153
2024-12-28 05:07:07,105 - INFO - https://www.jobkorea.co.kr/Recruit/GI_Read/46172887 - redirected - failed - 2024-12-28 05:07:07 - Redirected to https://www.jobkorea.co.kr/NET/jkWebModule/jkConfirm.aspx?r=1&a=/NET&ret=%2fRecruit%2fGI_Read%2f46172887
2024-12-28 05:07:07,303 - INFO - https://www.jobkorea.co.kr/Recruit/GI_Read/46181944 - redirected - failed - 2024-12-28 05:07:07 - Redirected to https://www.jobkorea.co.kr/NET/jkWebModule/jkConfirm.aspx?r=1&a=/NET&ret=%2fRecruit%2fGI_Read%2f46181944
2024-12-28 05:07:07,507 - INFO - https://www.jobkorea.co.kr/Recruit/GI_Read/46179524 - redirected - failed - 2024-12-28 05:07:07 - Redirected to https://www.jobkorea.co.kr/NET/jkWebModule/jkConfirm.aspx?r=1&a=/NET&ret=%2fRecruit%2fGI_Read%2f46179524
2024-12-28 05:07:07,660 - INFO - https://www.jobkorea.co.kr/Recruit/GI_Read/46176897 - redirected - failed - 2024-12-28 05:07:07 - Redirected to https://www.jobkorea.co.kr/NET/jkWebModule/jkConfirm.aspx?r=1&a=/NET&ret=%2fRecruit%2fGI_Read%2f46176897
2024-12-28 05:07:07,784 - INFO - https://www.jobkorea.co.kr/Recruit/GI_Read/46179400 - redirected - failed - 2024-12-28 05:07:07 - Redirected to https://www.jobkorea.co.kr/NET/jkWebModule/jkConfirm.aspx?r=1&a=/NET&ret=%2fRecruit%2fGI_Read%2f46179400
2024-12-28 05:07:07,891 - INFO - https://www.jobkorea.co.kr/Recruit/GI_Read/46180503 - redirected - failed - 2024-12-28 05:07:07 - Redirected to https://www.jobkorea.co.kr/NET/jkWebModule/jkConfirm.aspx?r=1&a=/NET&ret=%2fRecruit%2fGI_Read%2f46180503
2024-12-28 05:07:07,999 - INFO - https://www.jobkorea.co.kr/Recruit/GI_Read/46177912 - redirected - failed - 2024-12-28 05:07:07 - Redirected to https://www.jobkorea.co.kr/NET/jkWebModule/jkConfirm.aspx?r=1&a=/NET&ret=%2fRecruit%2fGI_Read%2f46177912
2024-12-28 05:07:08,133 - INFO - https://www.jobkorea.co.kr/Recruit/GI_Read/46178596 - redirected - failed - 2024-12-28 05:07:08 - Redirected to https://www.jobkorea.co.kr/NET/jkWebModule/jkConfirm.aspx?r=1&a=/NET&ret=%2fRecruit%2fGI_Read%2f46178596
2024-12-28 05:07:08,292 - INFO - https://www.jobkorea.co.kr/Recruit/GI_Read/46173159 - redirected - failed - 2024-12-28 05:07:08 - Redirected to https://www.jobkorea.co.kr/NET/jkWebModule/jkConfirm.aspx?r=1&a=/NET&ret=%2fRecruit%2fGI_Read%2f46173159
2024-12-28 05:07:08,450 - INFO - https://www.jobkorea.co.kr/Recruit/GI_Read/46179723 - redirected - failed - 2024-12-28 05:07:08 - Redirected to https://www.jobkorea.co.kr/NET/jkWebModule/jkConfirm.aspx?r=1&a=/NET&ret=%2fRecruit%2fGI_Read%2f46179723
2024-12-28 05:07:08,553 - INFO - https://www.jobkorea.co.kr/Recruit/GI_Read/46180030 - redirected - failed - 2024-12-28 05:07:08 - Redirected to https://www.jobkorea.co.kr/NET/jkWebModule/jkConfirm.aspx?r=1&a=/NET&ret=%2fRecruit%2fGI_Read%2f46180030
2024-12-28 05:07:08,649 - INFO - https://www.jobkorea.co.kr/Recruit/GI_Read/46178324 - redirected - failed - 2024-12-28 05:07:08 - Redirected to https://www.jobkorea.co.kr/NET/jkWebModule/jkConfirm.aspx?r=1&a=/NET&ret=%2fRecruit%2fGI_Read%2f46178324
2024-12-28 05:07:08,744 - INFO - https://www.jobkorea.co.kr/Recruit/GI_Read/46182112 - redirected - failed - 2024-12-28 05:07:08 - Redirected to https://www.jobkorea.co.kr/NET/jkWebModule/jkConfirm.aspx?r=1&a=/NET&ret=%2fRecruit%2fGI_Read%2f46182112
2024-12-28 05:07:08,840 - INFO - https://www.jobkorea.co.kr/Recruit/GI_Read/46179099 - redirected - failed - 2024-12-28 05:07:08 - Redirected to https://www.jobkorea.co.kr/NET/jkWebModule/jkConfirm.aspx?r=1&a=/NET&ret=%2fRecruit%2fGI_Read%2f46179099
2024-12-28 05:07:08,935 - INFO - https://www.jobkorea.co.kr/Recruit/GI_Read/46172761 - redirected - failed - 2024-12-28 05:07:08 - Redirected to https://www.jobkorea.co.kr/NET/jkWebModule/jkConfirm.aspx?r=1&a=/NET&ret=%2fRecruit%2fGI_Read%2f46172761
2024-12-28 05:07:09,024 - INFO - https://www.jobkorea.co.kr/Recruit/GI_Read/46181141 - redirected - failed - 2024-12-28 05:07:09 - Redirected to https://www.jobkorea.co.kr/NET/jkWebModule/jkConfirm.aspx?r=1&a=/NET&ret=%2fRecruit%2fGI_Read%2f46181141
2024-12-28 05:07:09,176 - INFO - https://www.jobkorea.co.kr/Recruit/GI_Read/46179761 - redirected - failed - 2024-12-28 05:07:09 - Redirected to https://www.jobkorea.co.kr/NET/jkWebModule/jkConfirm.aspx?r=1&a=/NET&ret=%2fRecruit%2fGI_Read%2f46179761
2024-12-28 05:07:09,314 - INFO - https://www.jobkorea.co.kr/Recruit/GI_Read/46180369 - redirected - failed - 2024-12-28 05:07:09 - Redirected to https://www.jobkorea.co.kr/NET/jkWebModule/jkConfirm.aspx?r=1&a=/NET&ret=%2fRecruit%2fGI_Read%2f46180369
2024-12-28 05:07:09,432 - INFO - https://www.jobkorea.co.kr/Recruit/GI_Read/46180354 - redirected - failed - 2024-12-28 05:07:09 - Redirected to https://www.jobkorea.co.kr/NET/jkWebModule/jkConfirm.aspx?r=1&a=/NET&ret=%2fRecruit%2fGI_Read%2f46180354
2024-12-28 05:07:09,543 - INFO - https://www.jobkorea.co.kr/Recruit/GI_Read/46179902 - redirected - failed - 2024-12-28 05:07:09 - Redirected to https://www.jobkorea.co.kr/NET/jkWebModule/jkConfirm.aspx?r=1&a=/NET&ret=%2fRecruit%2fGI_Read%2f46179902
2024-12-28 05:07:09,689 - INFO - https://www.jobkorea.co.kr/Recruit/GI_Read/46178913 - redirected - failed - 2024-12-28 05:07:09 - Redirected to https://www.jobkorea.co.kr/NET/jkWebModule/jkConfirm.aspx?r=1&a=/NET&ret=%2fRecruit%2fGI_Read%2f46178913
2024-12-28 05:07:09,822 - INFO - https://www.jobkorea.co.kr/Recruit/GI_Read/46181776 - redirected - failed - 2024-12-28 05:07:09 - Redirected to https://www.jobkorea.co.kr/NET/jkWebModule/jkConfirm.aspx?r=1&a=/NET&ret=%2fRecruit%2fGI_Read%2f46181776
2024-12-28 05:07:09,946 - INFO - https://www.jobkorea.co.kr/Recruit/GI_Read/46162790 - redirected - failed - 2024-12-28 05:07:09 - Redirected to https://www.jobkorea.co.kr/NET/jkWebModule/jkConfirm.aspx?r=1&a=/NET&ret=%2fRecruit%2fGI_Read%2f46162790
2024-12-28 05:07:10,123 - INFO - https://www.jobkorea.co.kr/Recruit/GI_Read/46181661 - redirected - failed - 2024-12-28 05:07:10 - Redirected to https://www.jobkorea.co.kr/NET/jkWebModule/jkConfirm.aspx?r=1&a=/NET&ret=%2fRecruit%2fGI_Read%2f46181661
2024-12-28 05:07:10,310 - INFO - https://www.jobkorea.co.kr/Recruit/GI_Read/46179506 - redirected - failed - 2024-12-28 05:07:10 - Redirected to https://www.jobkorea.co.kr/NET/jkWebModule/jkConfirm.aspx?r=1&a=/NET&ret=%2fRecruit%2fGI_Read%2f46179506
2024-12-28 05:07:10,503 - INFO - https://www.jobkorea.co.kr/Recruit/GI_Read/46179404 - redirected - failed - 2024-12-28 05:07:10 - Redirected to https://www.jobkorea.co.kr/NET/jkWebModule/jkConfirm.aspx?r=1&a=/NET&ret=%2fRecruit%2fGI_Read%2f46179404
2024-12-28 05:07:10,657 - INFO - https://www.jobkorea.co.kr/Recruit/GI_Read/46176900 - redirected - failed - 2024-12-28 05:07:10 - Redirected to https://www.jobkorea.co.kr/NET/jkWebModule/jkConfirm.aspx?r=1&a=/NET&ret=%2fRecruit%2fGI_Read%2f46176900
2024-12-28 05:07:10,780 - INFO - https://www.jobkorea.co.kr/Recruit/GI_Read/46177312 - redirected - failed - 2024-12-28 05:07:10 - Redirected to https://www.jobkorea.co.kr/NET/jkWebModule/jkConfirm.aspx?r=1&a=/NET&ret=%2fRecruit%2fGI_Read%2f46177312
2024-12-28 05:07:10,916 - INFO - https://www.jobkorea.co.kr/Recruit/GI_Read/46177268 - redirected - failed - 2024-12-28 05:07:10 - Redirected to https://www.jobkorea.co.kr/NET/jkWebModule/jkConfirm.aspx?r=1&a=/NET&ret=%2fRecruit%2fGI_Read%2f46177268
2024-12-28 05:07:11,072 - INFO - https://www.jobkorea.co.kr/Recruit/GI_Read/46041139 - redirected - failed - 2024-12-28 05:07:11 - Redirected to https://www.jobkorea.co.kr/NET/jkWebModule/jkConfirm.aspx?r=1&a=/NET&ret=%2fRecruit%2fGI_Read%2f46041139
2024-12-28 05:07:11,202 - INFO - https://www.jobkorea.co.kr/Recruit/GI_Read/46178195 - redirected - failed - 2024-12-28 05:07:11 - Redirected to https://www.jobkorea.co.kr/NET/jkWebModule/jkConfirm.aspx?r=1&a=/NET&ret=%2fRecruit%2fGI_Read%2f46178195
2024-12-28 05:07:11,353 - INFO - https://www.jobkorea.co.kr/Recruit/GI_Read/46178826 - redirected - failed - 2024-12-28 05:07:11 - Redirected to https://www.jobkorea.co.kr/NET/jkWebModule/jkConfirm.aspx?r=1&a=/NET&ret=%2fRecruit%2fGI_Read%2f46178826
2024-12-28 05:07:11,497 - INFO - https://www.jobkorea.co.kr/Recruit/GI_Read/46177942 - redirected - failed - 2024-12-28 05:07:11 - Redirected to https://www.jobkorea.co.kr/NET/jkWebModule/jkConfirm.aspx?r=1&a=/NET&ret=%2fRecruit%2fGI_Read%2f46177942
2024-12-28 05:07:11,627 - INFO - https://www.jobkorea.co.kr/Recruit/GI_Read/46180174 - redirected - failed - 2024-12-28 05:07:11 - Redirected to https://www.jobkorea.co.kr/NET/jkWebModule/jkConfirm.aspx?r=1&a=/NET&ret=%2fRecruit%2fGI_Read%2f46180174
2024-12-28 05:07:11,782 - INFO - https://www.jobkorea.co.kr/Recruit/GI_Read/46181548 - redirected - failed - 2024-12-28 05:07:11 - Redirected to https://www.jobkorea.co.kr/NET/jkWebModule/jkConfirm.aspx?r=1&a=/NET&ret=%2fRecruit%2fGI_Read%2f46181548
2024-12-28 05:07:11,933 - INFO - https://www.jobkorea.co.kr/Recruit/GI_Read/46178974 - redirected - failed - 2024-12-28 05:07:11 - Redirected to https://www.jobkorea.co.kr/NET/jkWebModule/jkConfirm.aspx?r=1&a=/NET&ret=%2fRecruit%2fGI_Read%2f46178974
2024-12-28 05:07:12,059 - INFO - https://www.jobkorea.co.kr/Recruit/GI_Read/46178056 - redirected - failed - 2024-12-28 05:07:12 - Redirected to https://www.jobkorea.co.kr/NET/jkWebModule/jkConfirm.aspx?r=1&a=/NET&ret=%2fRecruit%2fGI_Read%2f46178056
2024-12-28 05:07:12,198 - INFO - https://www.jobkorea.co.kr/Recruit/GI_Read/46177349 - redirected - failed - 2024-12-28 05:07:12 - Redirected to https://www.jobkorea.co.kr/NET/jkWebModule/jkConfirm.aspx?r=1&a=/NET&ret=%2fRecruit%2fGI_Read%2f46177349
2024-12-28 05:07:12,327 - INFO - https://www.jobkorea.co.kr/Recruit/GI_Read/46047016 - redirected - failed - 2024-12-28 05:07:12 - Redirected to https://www.jobkorea.co.kr/NET/jkWebModule/jkConfirm.aspx?r=1&a=/NET&ret=%2fRecruit%2fGI_Read%2f46047016
2024-12-28 05:07:12,457 - INFO - https://www.jobkorea.co.kr/Recruit/GI_Read/46178687 - redirected - failed - 2024-12-28 05:07:12 - Redirected to https://www.jobkorea.co.kr/NET/jkWebModule/jkConfirm.aspx?r=1&a=/NET&ret=%2fRecruit%2fGI_Read%2f46178687
2024-12-28 05:07:12,567 - INFO - https://www.jobkorea.co.kr/Recruit/GI_Read/46179725 - redirected - failed - 2024-12-28 05:07:12 - Redirected to https://www.jobkorea.co.kr/NET/jkWebModule/jkConfirm.aspx?r=1&a=/NET&ret=%2fRecruit%2fGI_Read%2f46179725
2024-12-28 05:07:12,699 - INFO - https://www.jobkorea.co.kr/Recruit/GI_Read/46182350 - redirected - failed - 2024-12-28 05:07:12 - Redirected to https://www.jobkorea.co.kr/NET/jkWebModule/jkConfirm.aspx?r=1&a=/NET&ret=%2fRecruit%2fGI_Read%2f46182350
2024-12-28 05:07:15,905 - INFO - https://www.jobkorea.co.kr/Recruit/GI_Read/46182164 - redirected - failed - 2024-12-28 05:07:15 - Redirected to https://www.jobkorea.co.kr/NET/jkWebModule/jkConfirm.aspx?r=1&a=/NET&ret=%2fRecruit%2fGI_Read%2f46182164
2024-12-28 05:07:16,057 - INFO - https://www.jobkorea.co.kr/Recruit/GI_Read/46150904 - redirected - failed - 2024-12-28 05:07:16 - Redirected to https://www.jobkorea.co.kr/NET/jkWebModule/jkConfirm.aspx?r=1&a=/NET&ret=%2fRecruit%2fGI_Read%2f46150904
2024-12-28 05:07:16,168 - INFO - https://www.jobkorea.co.kr/Recruit/GI_Read/46180178 - redirected - failed - 2024-12-28 05:07:16 - Redirected to https://www.jobkorea.co.kr/NET/jkWebModule/jkConfirm.aspx?r=1&a=/NET&ret=%2fRecruit%2fGI_Read%2f46180178
2024-12-28 05:07:16,256 - INFO - https://www.jobkorea.co.kr/Recruit/GI_Read/46111109 - redirected - failed - 2024-12-28 05:07:16 - Redirected to https://www.jobkorea.co.kr/NET/jkWebModule/jkConfirm.aspx?r=1&a=/NET&ret=%2fRecruit%2fGI_Read%2f46111109
2024-12-28 05:07:16,384 - INFO - https://www.jobkorea.co.kr/Recruit/GI_Read/46063716 - redirected - failed - 2024-12-28 05:07:16 - Redirected to https://www.jobkorea.co.kr/NET/jkWebModule/jkConfirm.aspx?r=1&a=/NET&ret=%2fRecruit%2fGI_Read%2f46063716
2024-12-28 05:07:16,478 - INFO - https://www.jobkorea.co.kr/Recruit/GI_Read/46181547 - redirected - failed - 2024-12-28 05:07:16 - Redirected to https://www.jobkorea.co.kr/NET/jkWebModule/jkConfirm.aspx?r=1&a=/NET&ret=%2fRecruit%2fGI_Read%2f46181547
2024-12-28 05:07:16,600 - INFO - https://www.jobkorea.co.kr/Recruit/GI_Read/46098960 - redirected - failed - 2024-12-28 05:07:16 - Redirected to https://www.jobkorea.co.kr/NET/jkWebModule/jkConfirm.aspx?r=1&a=/NET&ret=%2fRecruit%2fGI_Read%2f46098960
2024-12-28 05:07:16,716 - INFO - https://www.jobkorea.co.kr/Recruit/GI_Read/46178890 - redirected - failed - 2024-12-28 05:07:16 - Redirected to https://www.jobkorea.co.kr/NET/jkWebModule/jkConfirm.aspx?r=1&a=/NET&ret=%2fRecruit%2fGI_Read%2f46178890
2024-12-28 05:07:16,846 - INFO - https://www.jobkorea.co.kr/Recruit/GI_Read/46180846 - redirected - failed - 2024-12-28 05:07:16 - Redirected to https://www.jobkorea.co.kr/NET/jkWebModule/jkConfirm.aspx?r=1&a=/NET&ret=%2fRecruit%2fGI_Read%2f46180846
2024-12-28 05:07:16,993 - INFO - https://www.jobkorea.co.kr/Recruit/GI_Read/46182823 - redirected - failed - 2024-12-28 05:07:16 - Redirected to https://www.jobkorea.co.kr/NET/jkWebModule/jkConfirm.aspx?r=1&a=/NET&ret=%2fRecruit%2fGI_Read%2f46182823
2024-12-28 05:07:17,165 - INFO - https://www.jobkorea.co.kr/Recruit/GI_Read/46182099 - redirected - failed - 2024-12-28 05:07:17 - Redirected to https://www.jobkorea.co.kr/NET/jkWebModule/jkConfirm.aspx?r=1&a=/NET&ret=%2fRecruit%2fGI_Read%2f46182099
2024-12-28 05:07:17,308 - INFO - https://www.jobkorea.co.kr/Recruit/GI_Read/46149357 - redirected - failed - 2024-12-28 05:07:17 - Redirected to https://www.jobkorea.co.kr/NET/jkWebModule/jkConfirm.aspx?r=1&a=/NET&ret=%2fRecruit%2fGI_Read%2f46149357
2024-12-28 05:07:17,416 - INFO - https://www.jobkorea.co.kr/Recruit/GI_Read/46178122 - redirected - failed - 2024-12-28 05:07:17 - Redirected to https://www.jobkorea.co.kr/NET/jkWebModule/jkConfirm.aspx?r=1&a=/NET&ret=%2fRecruit%2fGI_Read%2f46178122
2024-12-28 05:07:17,529 - INFO - https://www.jobkorea.co.kr/Recruit/GI_Read/46034973 - redirected - failed - 2024-12-28 05:07:17 - Redirected to https://www.jobkorea.co.kr/NET/jkWebModule/jkConfirm.aspx?r=1&a=/NET&ret=%2fRecruit%2fGI_Read%2f46034973
2024-12-28 05:07:17,662 - INFO - https://www.jobkorea.co.kr/Recruit/GI_Read/46176910 - redirected - failed - 2024-12-28 05:07:17 - Redirected to https://www.jobkorea.co.kr/NET/jkWebModule/jkConfirm.aspx?r=1&a=/NET&ret=%2fRecruit%2fGI_Read%2f46176910
2024-12-28 05:07:17,799 - INFO - https://www.jobkorea.co.kr/Recruit/GI_Read/46180968 - redirected - failed - 2024-12-28 05:07:17 - Redirected to https://www.jobkorea.co.kr/NET/jkWebModule/jkConfirm.aspx?r=1&a=/NET&ret=%2fRecruit%2fGI_Read%2f46180968
2024-12-28 05:07:17,957 - INFO - https://www.jobkorea.co.kr/Recruit/GI_Read/46132661 - redirected - failed - 2024-12-28 05:07:17 - Redirected to https://www.jobkorea.co.kr/NET/jkWebModule/jkConfirm.aspx?r=1&a=/NET&ret=%2fRecruit%2fGI_Read%2f46132661
2024-12-28 05:07:18,087 - INFO - https://www.jobkorea.co.kr/Recruit/GI_Read/46178633 - redirected - failed - 2024-12-28 05:07:18 - Redirected to https://www.jobkorea.co.kr/NET/jkWebModule/jkConfirm.aspx?r=1&a=/NET&ret=%2fRecruit%2fGI_Read%2f46178633
2024-12-28 05:07:18,188 - INFO - https://www.jobkorea.co.kr/Recruit/GI_Read/46182159 - redirected - failed - 2024-12-28 05:07:18 - Redirected to https://www.jobkorea.co.kr/NET/jkWebModule/jkConfirm.aspx?r=1&a=/NET&ret=%2fRecruit%2fGI_Read%2f46182159
2024-12-28 05:07:18,292 - INFO - https://www.jobkorea.co.kr/Recruit/GI_Read/45946107 - redirected - failed - 2024-12-28 05:07:18 - Redirected to https://www.jobkorea.co.kr/NET/jkWebModule/jkConfirm.aspx?r=1&a=/NET&ret=%2fRecruit%2fGI_Read%2f45946107
2024-12-28 05:07:18,423 - INFO - https://www.jobkorea.co.kr/Recruit/GI_Read/46180184 - redirected - failed - 2024-12-28 05:07:18 - Redirected to https://www.jobkorea.co.kr/NET/jkWebModule/jkConfirm.aspx?r=1&a=/NET&ret=%2fRecruit%2fGI_Read%2f46180184
2024-12-28 05:07:18,522 - INFO - https://www.jobkorea.co.kr/Recruit/GI_Read/46123483 - redirected - failed - 2024-12-28 05:07:18 - Redirected to https://www.jobkorea.co.kr/NET/jkWebModule/jkConfirm.aspx?r=1&a=/NET&ret=%2fRecruit%2fGI_Read%2f46123483
2024-12-28 05:07:18,638 - INFO - https://www.jobkorea.co.kr/Recruit/GI_Read/46108671 - redirected - failed - 2024-12-28 05:07:18 - Redirected to https://www.jobkorea.co.kr/NET/jkWebModule/jkConfirm.aspx?r=1&a=/NET&ret=%2fRecruit%2fGI_Read%2f46108671
2024-12-28 05:07:18,745 - INFO - https://www.jobkorea.co.kr/Recruit/GI_Read/46178471 - redirected - failed - 2024-12-28 05:07:18 - Redirected to https://www.jobkorea.co.kr/NET/jkWebModule/jkConfirm.aspx?r=1&a=/NET&ret=%2fRecruit%2fGI_Read%2f46178471
2024-12-28 05:07:18,851 - INFO - https://www.jobkorea.co.kr/Recruit/GI_Read/46181208 - redirected - failed - 2024-12-28 05:07:18 - Redirected to https://www.jobkorea.co.kr/NET/jkWebModule/jkConfirm.aspx?r=1&a=/NET&ret=%2fRecruit%2fGI_Read%2f46181208
2024-12-28 05:07:18,947 - INFO - https://www.jobkorea.co.kr/Recruit/GI_Read/46080655 - redirected - failed - 2024-12-28 05:07:18 - Redirected to https://www.jobkorea.co.kr/NET/jkWebModule/jkConfirm.aspx?r=1&a=/NET&ret=%2fRecruit%2fGI_Read%2f46080655
2024-12-28 05:07:19,053 - INFO - https://www.jobkorea.co.kr/Recruit/GI_Read/45944665 - redirected - failed - 2024-12-28 05:07:19 - Redirected to https://www.jobkorea.co.kr/NET/jkWebModule/jkConfirm.aspx?r=1&a=/NET&ret=%2fRecruit%2fGI_Read%2f45944665
2024-12-28 05:07:19,156 - INFO - https://www.jobkorea.co.kr/Recruit/GI_Read/46181428 - redirected - failed - 2024-12-28 05:07:19 - Redirected to https://www.jobkorea.co.kr/NET/jkWebModule/jkConfirm.aspx?r=1&a=/NET&ret=%2fRecruit%2fGI_Read%2f46181428
2024-12-28 05:07:19,255 - INFO - https://www.jobkorea.co.kr/Recruit/GI_Read/46179588 - redirected - failed - 2024-12-28 05:07:19 - Redirected to https://www.jobkorea.co.kr/NET/jkWebModule/jkConfirm.aspx?r=1&a=/NET&ret=%2fRecruit%2fGI_Read%2f46179588
2024-12-28 05:07:19,393 - INFO - https://www.jobkorea.co.kr/Recruit/GI_Read/46122557 - redirected - failed - 2024-12-28 05:07:19 - Redirected to https://www.jobkorea.co.kr/NET/jkWebModule/jkConfirm.aspx?r=1&a=/NET&ret=%2fRecruit%2fGI_Read%2f46122557
2024-12-28 05:07:19,542 - INFO - https://www.jobkorea.co.kr/Recruit/GI_Read/46154225 - redirected - failed - 2024-12-28 05:07:19 - Redirected to https://www.jobkorea.co.kr/NET/jkWebModule/jkConfirm.aspx?r=1&a=/NET&ret=%2fRecruit%2fGI_Read%2f46154225
2024-12-28 05:07:19,662 - INFO - https://www.jobkorea.co.kr/Recruit/GI_Read/46182022 - redirected - failed - 2024-12-28 05:07:19 - Redirected to https://www.jobkorea.co.kr/NET/jkWebModule/jkConfirm.aspx?r=1&a=/NET&ret=%2fRecruit%2fGI_Read%2f46182022
2024-12-28 05:07:19,807 - INFO - https://www.jobkorea.co.kr/Recruit/GI_Read/46128420 - redirected - failed - 2024-12-28 05:07:19 - Redirected to https://www.jobkorea.co.kr/NET/jkWebModule/jkConfirm.aspx?r=1&a=/NET&ret=%2fRecruit%2fGI_Read%2f46128420
2024-12-28 05:07:19,904 - INFO - https://www.jobkorea.co.kr/Recruit/GI_Read/46178785 - redirected - failed - 2024-12-28 05:07:19 - Redirected to https://www.jobkorea.co.kr/NET/jkWebModule/jkConfirm.aspx?r=1&a=/NET&ret=%2fRecruit%2fGI_Read%2f46178785
2024-12-28 05:07:20,012 - INFO - https://www.jobkorea.co.kr/Recruit/GI_Read/46182801 - redirected - failed - 2024-12-28 05:07:20 - Redirected to https://www.jobkorea.co.kr/NET/jkWebModule/jkConfirm.aspx?r=1&a=/NET&ret=%2fRecruit%2fGI_Read%2f46182801
2024-12-28 05:07:20,127 - INFO - https://www.jobkorea.co.kr/Recruit/GI_Read/46162141 - redirected - failed - 2024-12-28 05:07:20 - Redirected to https://www.jobkorea.co.kr/NET/jkWebModule/jkConfirm.aspx?r=1&a=/NET&ret=%2fRecruit%2fGI_Read%2f46162141
2024-12-28 05:07:20,226 - INFO - https://www.jobkorea.co.kr/Recruit/GI_Read/46046421 - redirected - failed - 2024-12-28 05:07:20 - Redirected to https://www.jobkorea.co.kr/NET/jkWebModule/jkConfirm.aspx?r=1&a=/NET&ret=%2fRecruit%2fGI_Read%2f46046421
2024-12-28 05:07:20,376 - INFO - https://www.jobkorea.co.kr/Recruit/GI_Read/46177082 - redirected - failed - 2024-12-28 05:07:20 - Redirected to https://www.jobkorea.co.kr/NET/jkWebModule/jkConfirm.aspx?r=1&a=/NET&ret=%2fRecruit%2fGI_Read%2f46177082
2024-12-28 05:07:20,516 - INFO - https://www.jobkorea.co.kr/Recruit/GI_Read/45844048 - redirected - failed - 2024-12-28 05:07:20 - Redirected to https://www.jobkorea.co.kr/NET/jkWebModule/jkConfirm.aspx?r=1&a=/NET&ret=%2fRecruit%2fGI_Read%2f45844048
2024-12-28 05:07:20,677 - INFO - https://www.jobkorea.co.kr/Recruit/GI_Read/46177992 - redirected - failed - 2024-12-28 05:07:20 - Redirected to https://www.jobkorea.co.kr/NET/jkWebModule/jkConfirm.aspx?r=1&a=/NET&ret=%2fRecruit%2fGI_Read%2f46177992
2024-12-28 05:07:20,830 - INFO - https://www.jobkorea.co.kr/Recruit/GI_Read/45992285 - redirected - failed - 2024-12-28 05:07:20 - Redirected to https://www.jobkorea.co.kr/NET/jkWebModule/jkConfirm.aspx?r=1&a=/NET&ret=%2fRecruit%2fGI_Read%2f45992285
2024-12-28 05:07:20,918 - INFO - https://www.jobkorea.co.kr/Recruit/GI_Read/46145032 - redirected - failed - 2024-12-28 05:07:20 - Redirected to https://www.jobkorea.co.kr/NET/jkWebModule/jkConfirm.aspx?r=1&a=/NET&ret=%2fRecruit%2fGI_Read%2f46145032
2024-12-28 05:07:21,006 - INFO - https://www.jobkorea.co.kr/Recruit/GI_Read/46181351 - redirected - failed - 2024-12-28 05:07:21 - Redirected to https://www.jobkorea.co.kr/NET/jkWebModule/jkConfirm.aspx?r=1&a=/NET&ret=%2fRecruit%2fGI_Read%2f46181351
2024-12-28 05:07:21,104 - INFO - https://www.jobkorea.co.kr/Recruit/GI_Read/46178657 - redirected - failed - 2024-12-28 05:07:21 - Redirected to https://www.jobkorea.co.kr/NET/jkWebModule/jkConfirm.aspx?r=1&a=/NET&ret=%2fRecruit%2fGI_Read%2f46178657
2024-12-28 05:07:21,205 - INFO - https://www.jobkorea.co.kr/Recruit/GI_Read/46131923 - redirected - failed - 2024-12-28 05:07:21 - Redirected to https://www.jobkorea.co.kr/NET/jkWebModule/jkConfirm.aspx?r=1&a=/NET&ret=%2fRecruit%2fGI_Read%2f46131923
2024-12-28 05:07:21,329 - INFO - https://www.jobkorea.co.kr/Recruit/GI_Read/46027666 - redirected - failed - 2024-12-28 05:07:21 - Redirected to https://www.jobkorea.co.kr/NET/jkWebModule/jkConfirm.aspx?r=1&a=/NET&ret=%2fRecruit%2fGI_Read%2f46027666
2024-12-28 05:07:21,439 - INFO - https://www.jobkorea.co.kr/Recruit/GI_Read/46092963 - redirected - failed - 2024-12-28 05:07:21 - Redirected to https://www.jobkorea.co.kr/NET/jkWebModule/jkConfirm.aspx?r=1&a=/NET&ret=%2fRecruit%2fGI_Read%2f46092963
2024-12-28 05:07:21,577 - INFO - https://www.jobkorea.co.kr/Recruit/GI_Read/46181275 - redirected - failed - 2024-12-28 05:07:21 - Redirected to https://www.jobkorea.co.kr/NET/jkWebModule/jkConfirm.aspx?r=1&a=/NET&ret=%2fRecruit%2fGI_Read%2f46181275
2024-12-28 05:07:21,723 - INFO - https://www.jobkorea.co.kr/Recruit/GI_Read/46177642 - redirected - failed - 2024-12-28 05:07:21 - Redirected to https://www.jobkorea.co.kr/NET/jkWebModule/jkConfirm.aspx?r=1&a=/NET&ret=%2fRecruit%2fGI_Read%2f46177642
2024-12-28 05:07:21,843 - INFO - https://www.jobkorea.co.kr/Recruit/GI_Read/45942921 - redirected - failed - 2024-12-28 05:07:21 - Redirected to https://www.jobkorea.co.kr/NET/jkWebModule/jkConfirm.aspx?r=1&a=/NET&ret=%2fRecruit%2fGI_Read%2f45942921
2024-12-28 05:07:21,975 - INFO - https://www.jobkorea.co.kr/Recruit/GI_Read/46180915 - redirected - failed - 2024-12-28 05:07:21 - Redirected to https://www.jobkorea.co.kr/NET/jkWebModule/jkConfirm.aspx?r=1&a=/NET&ret=%2fRecruit%2fGI_Read%2f46180915
2024-12-28 05:07:22,077 - INFO - https://www.jobkorea.co.kr/Recruit/GI_Read/46179691 - redirected - failed - 2024-12-28 05:07:22 - Redirected to https://www.jobkorea.co.kr/NET/jkWebModule/jkConfirm.aspx?r=1&a=/NET&ret=%2fRecruit%2fGI_Read%2f46179691
2024-12-28 05:07:22,172 - INFO - https://www.jobkorea.co.kr/Recruit/GI_Read/46001872 - redirected - failed - 2024-12-28 05:07:22 - Redirected to https://www.jobkorea.co.kr/NET/jkWebModule/jkConfirm.aspx?r=1&a=/NET&ret=%2fRecruit%2fGI_Read%2f46001872
2024-12-28 05:07:22,323 - INFO - https://www.jobkorea.co.kr/Recruit/GI_Read/46169653 - redirected - failed - 2024-12-28 05:07:22 - Redirected to https://www.jobkorea.co.kr/NET/jkWebModule/jkConfirm.aspx?r=1&a=/NET&ret=%2fRecruit%2fGI_Read%2f46169653
2024-12-28 05:07:22,494 - INFO - https://www.jobkorea.co.kr/Recruit/GI_Read/46179285 - redirected - failed - 2024-12-28 05:07:22 - Redirected to https://www.jobkorea.co.kr/NET/jkWebModule/jkConfirm.aspx?r=1&a=/NET&ret=%2fRecruit%2fGI_Read%2f46179285
2024-12-28 05:07:22,638 - INFO - https://www.jobkorea.co.kr/Recruit/GI_Read/46137759 - redirected - failed - 2024-12-28 05:07:22 - Redirected to https://www.jobkorea.co.kr/NET/jkWebModule/jkConfirm.aspx?r=1&a=/NET&ret=%2fRecruit%2fGI_Read%2f46137759
2024-12-28 05:07:22,752 - INFO - https://www.jobkorea.co.kr/Recruit/GI_Read/46178730 - redirected - failed - 2024-12-28 05:07:22 - Redirected to https://www.jobkorea.co.kr/NET/jkWebModule/jkConfirm.aspx?r=1&a=/NET&ret=%2fRecruit%2fGI_Read%2f46178730
2024-12-28 05:07:22,859 - INFO - https://www.jobkorea.co.kr/Recruit/GI_Read/46180196 - redirected - failed - 2024-12-28 05:07:22 - Redirected to https://www.jobkorea.co.kr/NET/jkWebModule/jkConfirm.aspx?r=1&a=/NET&ret=%2fRecruit%2fGI_Read%2f46180196
2024-12-28 05:07:22,992 - INFO - https://www.jobkorea.co.kr/Recruit/GI_Read/46182157 - redirected - failed - 2024-12-28 05:07:22 - Redirected to https://www.jobkorea.co.kr/NET/jkWebModule/jkConfirm.aspx?r=1&a=/NET&ret=%2fRecruit%2fGI_Read%2f46182157
2024-12-28 05:07:23,091 - INFO - https://www.jobkorea.co.kr/Recruit/GI_Read/46179961 - redirected - failed - 2024-12-28 05:07:23 - Redirected to https://www.jobkorea.co.kr/NET/jkWebModule/jkConfirm.aspx?r=1&a=/NET&ret=%2fRecruit%2fGI_Read%2f46179961
2024-12-28 05:07:23,184 - INFO - https://www.jobkorea.co.kr/Recruit/GI_Read/46179702 - redirected - failed - 2024-12-28 05:07:23 - Redirected to https://www.jobkorea.co.kr/NET/jkWebModule/jkConfirm.aspx?r=1&a=/NET&ret=%2fRecruit%2fGI_Read%2f46179702
2024-12-28 05:07:23,294 - INFO - https://www.jobkorea.co.kr/Recruit/GI_Read/46160077 - redirected - failed - 2024-12-28 05:07:23 - Redirected to https://www.jobkorea.co.kr/NET/jkWebModule/jkConfirm.aspx?r=1&a=/NET&ret=%2fRecruit%2fGI_Read%2f46160077
2024-12-28 05:07:23,439 - INFO - https://www.jobkorea.co.kr/Recruit/GI_Read/46181866 - redirected - failed - 2024-12-28 05:07:23 - Redirected to https://www.jobkorea.co.kr/NET/jkWebModule/jkConfirm.aspx?r=1&a=/NET&ret=%2fRecruit%2fGI_Read%2f46181866
2024-12-28 05:07:23,545 - INFO - https://www.jobkorea.co.kr/Recruit/GI_Read/46182576 - redirected - failed - 2024-12-28 05:07:23 - Redirected to https://www.jobkorea.co.kr/NET/jkWebModule/jkConfirm.aspx?r=1&a=/NET&ret=%2fRecruit%2fGI_Read%2f46182576
2024-12-28 05:07:23,673 - INFO - https://www.jobkorea.co.kr/Recruit/GI_Read/46181811 - redirected - failed - 2024-12-28 05:07:23 - Redirected to https://www.jobkorea.co.kr/NET/jkWebModule/jkConfirm.aspx?r=1&a=/NET&ret=%2fRecruit%2fGI_Read%2f46181811
2024-12-28 05:07:23,781 - INFO - https://www.jobkorea.co.kr/Recruit/GI_Read/46177660 - redirected - failed - 2024-12-28 05:07:23 - Redirected to https://www.jobkorea.co.kr/NET/jkWebModule/jkConfirm.aspx?r=1&a=/NET&ret=%2fRecruit%2fGI_Read%2f46177660
2024-12-28 05:07:23,898 - INFO - https://www.jobkorea.co.kr/Recruit/GI_Read/46180637 - redirected - failed - 2024-12-28 05:07:23 - Redirected to https://www.jobkorea.co.kr/NET/jkWebModule/jkConfirm.aspx?r=1&a=/NET&ret=%2fRecruit%2fGI_Read%2f46180637
2024-12-28 05:07:24,007 - INFO - https://www.jobkorea.co.kr/Recruit/GI_Read/46095276 - redirected - failed - 2024-12-28 05:07:24 - Redirected to https://www.jobkorea.co.kr/NET/jkWebModule/jkConfirm.aspx?r=1&a=/NET&ret=%2fRecruit%2fGI_Read%2f46095276
2024-12-28 05:07:24,119 - INFO - https://www.jobkorea.co.kr/Recruit/GI_Read/46025272 - redirected - failed - 2024-12-28 05:07:24 - Redirected to https://www.jobkorea.co.kr/NET/jkWebModule/jkConfirm.aspx?r=1&a=/NET&ret=%2fRecruit%2fGI_Read%2f46025272
2024-12-28 05:07:24,257 - INFO - https://www.jobkorea.co.kr/Recruit/GI_Read/46104560 - redirected - failed - 2024-12-28 05:07:24 - Redirected to https://www.jobkorea.co.kr/NET/jkWebModule/jkConfirm.aspx?r=1&a=/NET&ret=%2fRecruit%2fGI_Read%2f46104560
2024-12-28 05:07:24,377 - INFO - https://www.jobkorea.co.kr/Recruit/GI_Read/46177093 - redirected - failed - 2024-12-28 05:07:24 - Redirected to https://www.jobkorea.co.kr/NET/jkWebModule/jkConfirm.aspx?r=1&a=/NET&ret=%2fRecruit%2fGI_Read%2f46177093
2024-12-28 05:07:24,490 - INFO - https://www.jobkorea.co.kr/Recruit/GI_Read/46178885 - redirected - failed - 2024-12-28 05:07:24 - Redirected to https://www.jobkorea.co.kr/NET/jkWebModule/jkConfirm.aspx?r=1&a=/NET&ret=%2fRecruit%2fGI_Read%2f46178885
2024-12-28 05:07:24,625 - INFO - https://www.jobkorea.co.kr/Recruit/GI_Read/46083766 - redirected - failed - 2024-12-28 05:07:24 - Redirected to https://www.jobkorea.co.kr/NET/jkWebModule/jkConfirm.aspx?r=1&a=/NET&ret=%2fRecruit%2fGI_Read%2f46083766
2024-12-28 05:07:24,745 - INFO - https://www.jobkorea.co.kr/Recruit/GI_Read/46180923 - redirected - failed - 2024-12-28 05:07:24 - Redirected to https://www.jobkorea.co.kr/NET/jkWebModule/jkConfirm.aspx?r=1&a=/NET&ret=%2fRecruit%2fGI_Read%2f46180923
2024-12-28 05:07:24,915 - INFO - https://www.jobkorea.co.kr/Recruit/GI_Read/46096214 - redirected - failed - 2024-12-28 05:07:24 - Redirected to https://www.jobkorea.co.kr/NET/jkWebModule/jkConfirm.aspx?r=1&a=/NET&ret=%2fRecruit%2fGI_Read%2f46096214
2024-12-28 05:07:25,065 - INFO - https://www.jobkorea.co.kr/Recruit/GI_Read/46063792 - redirected - failed - 2024-12-28 05:07:25 - Redirected to https://www.jobkorea.co.kr/NET/jkWebModule/jkConfirm.aspx?r=1&a=/NET&ret=%2fRecruit%2fGI_Read%2f46063792
2024-12-28 05:07:25,168 - INFO - https://www.jobkorea.co.kr/Recruit/GI_Read/46179965 - redirected - failed - 2024-12-28 05:07:25 - Redirected to https://www.jobkorea.co.kr/NET/jkWebModule/jkConfirm.aspx?r=1&a=/NET&ret=%2fRecruit%2fGI_Read%2f46179965
2024-12-28 05:07:25,281 - INFO - https://www.jobkorea.co.kr/Recruit/GI_Read/46179039 - redirected - failed - 2024-12-28 05:07:25 - Redirected to https://www.jobkorea.co.kr/NET/jkWebModule/jkConfirm.aspx?r=1&a=/NET&ret=%2fRecruit%2fGI_Read%2f46179039
2024-12-28 05:07:25,408 - INFO - https://www.jobkorea.co.kr/Recruit/GI_Read/46179178 - redirected - failed - 2024-12-28 05:07:25 - Redirected to https://www.jobkorea.co.kr/NET/jkWebModule/jkConfirm.aspx?r=1&a=/NET&ret=%2fRecruit%2fGI_Read%2f46179178
2024-12-28 05:07:25,516 - INFO - https://www.jobkorea.co.kr/Recruit/GI_Read/46179549 - redirected - failed - 2024-12-28 05:07:25 - Redirected to https://www.jobkorea.co.kr/NET/jkWebModule/jkConfirm.aspx?r=1&a=/NET&ret=%2fRecruit%2fGI_Read%2f46179549
2024-12-28 05:07:25,634 - INFO - https://www.jobkorea.co.kr/Recruit/GI_Read/46182163 - redirected - failed - 2024-12-28 05:07:25 - Redirected to https://www.jobkorea.co.kr/NET/jkWebModule/jkConfirm.aspx?r=1&a=/NET&ret=%2fRecruit%2fGI_Read%2f46182163
2024-12-28 05:07:25,770 - INFO - https://www.jobkorea.co.kr/Recruit/GI_Read/46182915 - redirected - failed - 2024-12-28 05:07:25 - Redirected to https://www.jobkorea.co.kr/NET/jkWebModule/jkConfirm.aspx?r=1&a=/NET&ret=%2fRecruit%2fGI_Read%2f46182915
2024-12-28 05:07:25,870 - INFO - https://www.jobkorea.co.kr/Recruit/GI_Read/46177720 - redirected - failed - 2024-12-28 05:07:25 - Redirected to https://www.jobkorea.co.kr/NET/jkWebModule/jkConfirm.aspx?r=1&a=/NET&ret=%2fRecruit%2fGI_Read%2f46177720
2024-12-28 05:07:25,979 - INFO - https://www.jobkorea.co.kr/Recruit/GI_Read/46179424 - redirected - failed - 2024-12-28 05:07:25 - Redirected to https://www.jobkorea.co.kr/NET/jkWebModule/jkConfirm.aspx?r=1&a=/NET&ret=%2fRecruit%2fGI_Read%2f46179424
2024-12-28 05:07:26,107 - INFO - https://www.jobkorea.co.kr/Recruit/GI_Read/46076986 - redirected - failed - 2024-12-28 05:07:26 - Redirected to https://www.jobkorea.co.kr/NET/jkWebModule/jkConfirm.aspx?r=1&a=/NET&ret=%2fRecruit%2fGI_Read%2f46076986
2024-12-28 05:07:26,213 - INFO - https://www.jobkorea.co.kr/Recruit/GI_Read/46177123 - redirected - failed - 2024-12-28 05:07:26 - Redirected to https://www.jobkorea.co.kr/NET/jkWebModule/jkConfirm.aspx?r=1&a=/NET&ret=%2fRecruit%2fGI_Read%2f46177123
2024-12-28 05:07:26,321 - INFO - https://www.jobkorea.co.kr/Recruit/GI_Read/46164244 - redirected - failed - 2024-12-28 05:07:26 - Redirected to https://www.jobkorea.co.kr/NET/jkWebModule/jkConfirm.aspx?r=1&a=/NET&ret=%2fRecruit%2fGI_Read%2f46164244
2024-12-28 05:07:26,447 - INFO - https://www.jobkorea.co.kr/Recruit/GI_Read/46164092 - redirected - failed - 2024-12-28 05:07:26 - Redirected to https://www.jobkorea.co.kr/NET/jkWebModule/jkConfirm.aspx?r=1&a=/NET&ret=%2fRecruit%2fGI_Read%2f46164092
2024-12-28 05:07:26,549 - INFO - https://www.jobkorea.co.kr/Recruit/GI_Read/46093450 - redirected - failed - 2024-12-28 05:07:26 - Redirected to https://www.jobkorea.co.kr/NET/jkWebModule/jkConfirm.aspx?r=1&a=/NET&ret=%2fRecruit%2fGI_Read%2f46093450
2024-12-28 05:07:26,668 - INFO - https://www.jobkorea.co.kr/Recruit/GI_Read/46182757 - redirected - failed - 2024-12-28 05:07:26 - Redirected to https://www.jobkorea.co.kr/NET/jkWebModule/jkConfirm.aspx?r=1&a=/NET&ret=%2fRecruit%2fGI_Read%2f46182757
2024-12-28 05:07:26,799 - INFO - https://www.jobkorea.co.kr/Recruit/GI_Read/46173910 - redirected - failed - 2024-12-28 05:07:26 - Redirected to https://www.jobkorea.co.kr/NET/jkWebModule/jkConfirm.aspx?r=1&a=/NET&ret=%2fRecruit%2fGI_Read%2f46173910
2024-12-28 05:07:26,916 - INFO - https://www.jobkorea.co.kr/Recruit/GI_Read/46182448 - redirected - failed - 2024-12-28 05:07:26 - Redirected to https://www.jobkorea.co.kr/NET/jkWebModule/jkConfirm.aspx?r=1&a=/NET&ret=%2fRecruit%2fGI_Read%2f46182448
2024-12-28 05:07:27,032 - INFO - https://www.jobkorea.co.kr/Recruit/GI_Read/46182114 - redirected - failed - 2024-12-28 05:07:27 - Redirected to https://www.jobkorea.co.kr/NET/jkWebModule/jkConfirm.aspx?r=1&a=/NET&ret=%2fRecruit%2fGI_Read%2f46182114
2024-12-28 05:07:27,160 - INFO - https://www.jobkorea.co.kr/Recruit/GI_Read/46104919 - redirected - failed - 2024-12-28 05:07:27 - Redirected to https://www.jobkorea.co.kr/NET/jkWebModule/jkConfirm.aspx?r=1&a=/NET&ret=%2fRecruit%2fGI_Read%2f46104919
2024-12-28 05:07:27,271 - INFO - https://www.jobkorea.co.kr/Recruit/GI_Read/45936881 - redirected - failed - 2024-12-28 05:07:27 - Redirected to https://www.jobkorea.co.kr/NET/jkWebModule/jkConfirm.aspx?r=1&a=/NET&ret=%2fRecruit%2fGI_Read%2f45936881
2024-12-28 05:07:27,408 - INFO - https://www.jobkorea.co.kr/Recruit/GI_Read/46177285 - redirected - failed - 2024-12-28 05:07:27 - Redirected to https://www.jobkorea.co.kr/NET/jkWebModule/jkConfirm.aspx?r=1&a=/NET&ret=%2fRecruit%2fGI_Read%2f46177285
2024-12-28 05:07:27,524 - INFO - https://www.jobkorea.co.kr/Recruit/GI_Read/46178661 - redirected - failed - 2024-12-28 05:07:27 - Redirected to https://www.jobkorea.co.kr/NET/jkWebModule/jkConfirm.aspx?r=1&a=/NET&ret=%2fRecruit%2fGI_Read%2f46178661
2024-12-28 05:07:27,649 - INFO - https://www.jobkorea.co.kr/Recruit/GI_Read/46169544 - redirected - failed - 2024-12-28 05:07:27 - Redirected to https://www.jobkorea.co.kr/NET/jkWebModule/jkConfirm.aspx?r=1&a=/NET&ret=%2fRecruit%2fGI_Read%2f46169544
2024-12-28 05:07:27,840 - INFO - https://www.jobkorea.co.kr/Recruit/GI_Read/46181808 - redirected - failed - 2024-12-28 05:07:27 - Redirected to https://www.jobkorea.co.kr/NET/jkWebModule/jkConfirm.aspx?r=1&a=/NET&ret=%2fRecruit%2fGI_Read%2f46181808
2024-12-28 05:07:27,982 - INFO - https://www.jobkorea.co.kr/Recruit/GI_Read/46181824 - redirected - failed - 2024-12-28 05:07:27 - Redirected to https://www.jobkorea.co.kr/NET/jkWebModule/jkConfirm.aspx?r=1&a=/NET&ret=%2fRecruit%2fGI_Read%2f46181824
2024-12-28 05:07:28,134 - INFO - https://www.jobkorea.co.kr/Recruit/GI_Read/46181022 - redirected - failed - 2024-12-28 05:07:28 - Redirected to https://www.jobkorea.co.kr/NET/jkWebModule/jkConfirm.aspx?r=1&a=/NET&ret=%2fRecruit%2fGI_Read%2f46181022
2024-12-28 05:07:28,301 - INFO - https://www.jobkorea.co.kr/Recruit/GI_Read/46178366 - redirected - failed - 2024-12-28 05:07:28 - Redirected to https://www.jobkorea.co.kr/NET/jkWebModule/jkConfirm.aspx?r=1&a=/NET&ret=%2fRecruit%2fGI_Read%2f46178366
2024-12-28 05:07:28,492 - INFO - https://www.jobkorea.co.kr/Recruit/GI_Read/46164360 - redirected - failed - 2024-12-28 05:07:28 - Redirected to https://www.jobkorea.co.kr/NET/jkWebModule/jkConfirm.aspx?r=1&a=/NET&ret=%2fRecruit%2fGI_Read%2f46164360
2024-12-28 05:07:28,644 - INFO - https://www.jobkorea.co.kr/Recruit/GI_Read/46127004 - redirected - failed - 2024-12-28 05:07:28 - Redirected to https://www.jobkorea.co.kr/NET/jkWebModule/jkConfirm.aspx?r=1&a=/NET&ret=%2fRecruit%2fGI_Read%2f46127004
2024-12-28 05:07:28,834 - INFO - https://www.jobkorea.co.kr/Recruit/GI_Read/46173957 - redirected - failed - 2024-12-28 05:07:28 - Redirected to https://www.jobkorea.co.kr/NET/jkWebModule/jkConfirm.aspx?r=1&a=/NET&ret=%2fRecruit%2fGI_Read%2f46173957
2024-12-28 05:07:28,982 - INFO - https://www.jobkorea.co.kr/Recruit/GI_Read/46075260 - redirected - failed - 2024-12-28 05:07:28 - Redirected to https://www.jobkorea.co.kr/NET/jkWebModule/jkConfirm.aspx?r=1&a=/NET&ret=%2fRecruit%2fGI_Read%2f46075260
2024-12-28 05:07:29,150 - INFO - https://www.jobkorea.co.kr/Recruit/GI_Read/46182168 - redirected - failed - 2024-12-28 05:07:29 - Redirected to https://www.jobkorea.co.kr/NET/jkWebModule/jkConfirm.aspx?r=1&a=/NET&ret=%2fRecruit%2fGI_Read%2f46182168
2024-12-28 05:07:29,313 - INFO - https://www.jobkorea.co.kr/Recruit/GI_Read/46034699 - redirected - failed - 2024-12-28 05:07:29 - Redirected to https://www.jobkorea.co.kr/NET/jkWebModule/jkConfirm.aspx?r=1&a=/NET&ret=%2fRecruit%2fGI_Read%2f46034699
2024-12-28 05:07:29,424 - INFO - https://www.jobkorea.co.kr/Recruit/GI_Read/46181297 - redirected - failed - 2024-12-28 05:07:29 - Redirected to https://www.jobkorea.co.kr/NET/jkWebModule/jkConfirm.aspx?r=1&a=/NET&ret=%2fRecruit%2fGI_Read%2f46181297
2024-12-28 05:07:29,553 - INFO - https://www.jobkorea.co.kr/Recruit/GI_Read/46181680 - redirected - failed - 2024-12-28 05:07:29 - Redirected to https://www.jobkorea.co.kr/NET/jkWebModule/jkConfirm.aspx?r=1&a=/NET&ret=%2fRecruit%2fGI_Read%2f46181680
2024-12-28 05:07:29,711 - INFO - https://www.jobkorea.co.kr/Recruit/GI_Read/46180999 - redirected - failed - 2024-12-28 05:07:29 - Redirected to https://www.jobkorea.co.kr/NET/jkWebModule/jkConfirm.aspx?r=1&a=/NET&ret=%2fRecruit%2fGI_Read%2f46180999
2024-12-28 05:07:29,822 - INFO - https://www.jobkorea.co.kr/Recruit/GI_Read/46178458 - redirected - failed - 2024-12-28 05:07:29 - Redirected to https://www.jobkorea.co.kr/NET/jkWebModule/jkConfirm.aspx?r=1&a=/NET&ret=%2fRecruit%2fGI_Read%2f46178458
2024-12-28 05:07:29,928 - INFO - https://www.jobkorea.co.kr/Recruit/GI_Read/46180790 - redirected - failed - 2024-12-28 05:07:29 - Redirected to https://www.jobkorea.co.kr/NET/jkWebModule/jkConfirm.aspx?r=1&a=/NET&ret=%2fRecruit%2fGI_Read%2f46180790
2024-12-28 05:07:30,041 - INFO - https://www.jobkorea.co.kr/Recruit/GI_Read/46182350 - redirected - failed - 2024-12-28 05:07:30 - Redirected to https://www.jobkorea.co.kr/NET/jkWebModule/jkConfirm.aspx?r=1&a=/NET&ret=%2fRecruit%2fGI_Read%2f46182350
2024-12-28 05:07:33,109 - INFO - https://www.jobkorea.co.kr/Recruit/GI_Read/46063958 - redirected - failed - 2024-12-28 05:07:33 - Redirected to https://www.jobkorea.co.kr/NET/jkWebModule/jkConfirm.aspx?r=1&a=/NET&ret=%2fRecruit%2fGI_Read%2f46063958
2024-12-28 05:07:33,284 - INFO - https://www.jobkorea.co.kr/Recruit/GI_Read/46180538 - redirected - failed - 2024-12-28 05:07:33 - Redirected to https://www.jobkorea.co.kr/NET/jkWebModule/jkConfirm.aspx?r=1&a=/NET&ret=%2fRecruit%2fGI_Read%2f46180538
2024-12-28 05:07:33,467 - INFO - https://www.jobkorea.co.kr/Recruit/GI_Read/46178967 - redirected - failed - 2024-12-28 05:07:33 - Redirected to https://www.jobkorea.co.kr/NET/jkWebModule/jkConfirm.aspx?r=1&a=/NET&ret=%2fRecruit%2fGI_Read%2f46178967
2024-12-28 05:07:33,636 - INFO - https://www.jobkorea.co.kr/Recruit/GI_Read/46180178 - redirected - failed - 2024-12-28 05:07:33 - Redirected to https://www.jobkorea.co.kr/NET/jkWebModule/jkConfirm.aspx?r=1&a=/NET&ret=%2fRecruit%2fGI_Read%2f46180178
2024-12-28 05:07:33,767 - INFO - https://www.jobkorea.co.kr/Recruit/GI_Read/46181890 - redirected - failed - 2024-12-28 05:07:33 - Redirected to https://www.jobkorea.co.kr/NET/jkWebModule/jkConfirm.aspx?r=1&a=/NET&ret=%2fRecruit%2fGI_Read%2f46181890
2024-12-28 05:07:33,874 - INFO - https://www.jobkorea.co.kr/Recruit/GI_Read/46078566 - redirected - failed - 2024-12-28 05:07:33 - Redirected to https://www.jobkorea.co.kr/NET/jkWebModule/jkConfirm.aspx?r=1&a=/NET&ret=%2fRecruit%2fGI_Read%2f46078566
2024-12-28 05:07:33,995 - INFO - https://www.jobkorea.co.kr/Recruit/GI_Read/46090500 - redirected - failed - 2024-12-28 05:07:33 - Redirected to https://www.jobkorea.co.kr/NET/jkWebModule/jkConfirm.aspx?r=1&a=/NET&ret=%2fRecruit%2fGI_Read%2f46090500
2024-12-28 05:07:34,118 - INFO - https://www.jobkorea.co.kr/Recruit/GI_Read/46158325 - redirected - failed - 2024-12-28 05:07:34 - Redirected to https://www.jobkorea.co.kr/NET/jkWebModule/jkConfirm.aspx?r=1&a=/NET&ret=%2fRecruit%2fGI_Read%2f46158325
2024-12-28 05:07:34,282 - INFO - https://www.jobkorea.co.kr/Recruit/GI_Read/46181547 - redirected - failed - 2024-12-28 05:07:34 - Redirected to https://www.jobkorea.co.kr/NET/jkWebModule/jkConfirm.aspx?r=1&a=/NET&ret=%2fRecruit%2fGI_Read%2f46181547
2024-12-28 05:07:34,465 - INFO - https://www.jobkorea.co.kr/Recruit/GI_Read/46179022 - redirected - failed - 2024-12-28 05:07:34 - Redirected to https://www.jobkorea.co.kr/NET/jkWebModule/jkConfirm.aspx?r=1&a=/NET&ret=%2fRecruit%2fGI_Read%2f46179022
2024-12-28 05:07:34,627 - INFO - https://www.jobkorea.co.kr/Recruit/GI_Read/46180846 - redirected - failed - 2024-12-28 05:07:34 - Redirected to https://www.jobkorea.co.kr/NET/jkWebModule/jkConfirm.aspx?r=1&a=/NET&ret=%2fRecruit%2fGI_Read%2f46180846
2024-12-28 05:07:34,776 - INFO - https://www.jobkorea.co.kr/Recruit/GI_Read/46182823 - redirected - failed - 2024-12-28 05:07:34 - Redirected to https://www.jobkorea.co.kr/NET/jkWebModule/jkConfirm.aspx?r=1&a=/NET&ret=%2fRecruit%2fGI_Read%2f46182823
2024-12-28 05:07:34,917 - INFO - https://www.jobkorea.co.kr/Recruit/GI_Read/46182099 - redirected - failed - 2024-12-28 05:07:34 - Redirected to https://www.jobkorea.co.kr/NET/jkWebModule/jkConfirm.aspx?r=1&a=/NET&ret=%2fRecruit%2fGI_Read%2f46182099
2024-12-28 05:07:35,093 - INFO - https://www.jobkorea.co.kr/Recruit/GI_Read/46058878 - redirected - failed - 2024-12-28 05:07:35 - Redirected to https://www.jobkorea.co.kr/NET/jkWebModule/jkConfirm.aspx?r=1&a=/NET&ret=%2fRecruit%2fGI_Read%2f46058878
2024-12-28 05:07:35,231 - INFO - https://www.jobkorea.co.kr/Recruit/GI_Read/46178564 - redirected - failed - 2024-12-28 05:07:35 - Redirected to https://www.jobkorea.co.kr/NET/jkWebModule/jkConfirm.aspx?r=1&a=/NET&ret=%2fRecruit%2fGI_Read%2f46178564
2024-12-28 05:07:35,347 - INFO - https://www.jobkorea.co.kr/Recruit/GI_Read/46176910 - redirected - failed - 2024-12-28 05:07:35 - Redirected to https://www.jobkorea.co.kr/NET/jkWebModule/jkConfirm.aspx?r=1&a=/NET&ret=%2fRecruit%2fGI_Read%2f46176910
2024-12-28 05:07:35,499 - INFO - https://www.jobkorea.co.kr/Recruit/GI_Read/46171948 - redirected - failed - 2024-12-28 05:07:35 - Redirected to https://www.jobkorea.co.kr/NET/jkWebModule/jkConfirm.aspx?r=1&a=/NET&ret=%2fRecruit%2fGI_Read%2f46171948
2024-12-28 05:07:35,632 - INFO - https://www.jobkorea.co.kr/Recruit/GI_Read/46181253 - redirected - failed - 2024-12-28 05:07:35 - Redirected to https://www.jobkorea.co.kr/NET/jkWebModule/jkConfirm.aspx?r=1&a=/NET&ret=%2fRecruit%2fGI_Read%2f46181253
2024-12-28 05:07:35,755 - INFO - https://www.jobkorea.co.kr/Recruit/GI_Read/46180968 - redirected - failed - 2024-12-28 05:07:35 - Redirected to https://www.jobkorea.co.kr/NET/jkWebModule/jkConfirm.aspx?r=1&a=/NET&ret=%2fRecruit%2fGI_Read%2f46180968
2024-12-28 05:07:35,858 - INFO - https://www.jobkorea.co.kr/Recruit/GI_Read/46181737 - redirected - failed - 2024-12-28 05:07:35 - Redirected to https://www.jobkorea.co.kr/NET/jkWebModule/jkConfirm.aspx?r=1&a=/NET&ret=%2fRecruit%2fGI_Read%2f46181737
2024-12-28 05:07:36,010 - INFO - https://www.jobkorea.co.kr/Recruit/GI_Read/46178971 - redirected - failed - 2024-12-28 05:07:36 - Redirected to https://www.jobkorea.co.kr/NET/jkWebModule/jkConfirm.aspx?r=1&a=/NET&ret=%2fRecruit%2fGI_Read%2f46178971
2024-12-28 05:07:36,177 - INFO - https://www.jobkorea.co.kr/Recruit/GI_Read/46033008 - redirected - failed - 2024-12-28 05:07:36 - Redirected to https://www.jobkorea.co.kr/NET/jkWebModule/jkConfirm.aspx?r=1&a=/NET&ret=%2fRecruit%2fGI_Read%2f46033008
2024-12-28 05:07:36,291 - INFO - https://www.jobkorea.co.kr/Recruit/GI_Read/46182159 - redirected - failed - 2024-12-28 05:07:36 - Redirected to https://www.jobkorea.co.kr/NET/jkWebModule/jkConfirm.aspx?r=1&a=/NET&ret=%2fRecruit%2fGI_Read%2f46182159
2024-12-28 05:07:36,471 - INFO - https://www.jobkorea.co.kr/Recruit/GI_Read/46180184 - redirected - failed - 2024-12-28 05:07:36 - Redirected to https://www.jobkorea.co.kr/NET/jkWebModule/jkConfirm.aspx?r=1&a=/NET&ret=%2fRecruit%2fGI_Read%2f46180184
2024-12-28 05:07:36,607 - INFO - https://www.jobkorea.co.kr/Recruit/GI_Read/46178471 - redirected - failed - 2024-12-28 05:07:36 - Redirected to https://www.jobkorea.co.kr/NET/jkWebModule/jkConfirm.aspx?r=1&a=/NET&ret=%2fRecruit%2fGI_Read%2f46178471
2024-12-28 05:07:36,735 - INFO - https://www.jobkorea.co.kr/Recruit/GI_Read/46181428 - redirected - failed - 2024-12-28 05:07:36 - Redirected to https://www.jobkorea.co.kr/NET/jkWebModule/jkConfirm.aspx?r=1&a=/NET&ret=%2fRecruit%2fGI_Read%2f46181428
2024-12-28 05:07:36,852 - INFO - https://www.jobkorea.co.kr/Recruit/GI_Read/46179588 - redirected - failed - 2024-12-28 05:07:36 - Redirected to https://www.jobkorea.co.kr/NET/jkWebModule/jkConfirm.aspx?r=1&a=/NET&ret=%2fRecruit%2fGI_Read%2f46179588
2024-12-28 05:07:37,059 - INFO - https://www.jobkorea.co.kr/Recruit/GI_Read/46154225 - redirected - failed - 2024-12-28 05:07:37 - Redirected to https://www.jobkorea.co.kr/NET/jkWebModule/jkConfirm.aspx?r=1&a=/NET&ret=%2fRecruit%2fGI_Read%2f46154225
2024-12-28 05:07:37,244 - INFO - https://www.jobkorea.co.kr/Recruit/GI_Read/46176583 - redirected - failed - 2024-12-28 05:07:37 - Redirected to https://www.jobkorea.co.kr/NET/jkWebModule/jkConfirm.aspx?r=1&a=/NET&ret=%2fRecruit%2fGI_Read%2f46176583
2024-12-28 05:07:37,407 - INFO - https://www.jobkorea.co.kr/Recruit/GI_Read/46179521 - redirected - failed - 2024-12-28 05:07:37 - Redirected to https://www.jobkorea.co.kr/NET/jkWebModule/jkConfirm.aspx?r=1&a=/NET&ret=%2fRecruit%2fGI_Read%2f46179521
2024-12-28 05:07:37,577 - INFO - https://www.jobkorea.co.kr/Recruit/GI_Read/46181656 - redirected - failed - 2024-12-28 05:07:37 - Redirected to https://www.jobkorea.co.kr/NET/jkWebModule/jkConfirm.aspx?r=1&a=/NET&ret=%2fRecruit%2fGI_Read%2f46181656
2024-12-28 05:07:37,703 - INFO - https://www.jobkorea.co.kr/Recruit/GI_Read/46180896 - redirected - failed - 2024-12-28 05:07:37 - Redirected to https://www.jobkorea.co.kr/NET/jkWebModule/jkConfirm.aspx?r=1&a=/NET&ret=%2fRecruit%2fGI_Read%2f46180896
2024-12-28 05:07:37,847 - INFO - https://www.jobkorea.co.kr/Recruit/GI_Read/46182022 - redirected - failed - 2024-12-28 05:07:37 - Redirected to https://www.jobkorea.co.kr/NET/jkWebModule/jkConfirm.aspx?r=1&a=/NET&ret=%2fRecruit%2fGI_Read%2f46182022
2024-12-28 05:07:37,984 - INFO - https://www.jobkorea.co.kr/Recruit/GI_Read/46178785 - redirected - failed - 2024-12-28 05:07:37 - Redirected to https://www.jobkorea.co.kr/NET/jkWebModule/jkConfirm.aspx?r=1&a=/NET&ret=%2fRecruit%2fGI_Read%2f46178785
2024-12-28 05:07:38,098 - INFO - https://www.jobkorea.co.kr/Recruit/GI_Read/46179454 - redirected - failed - 2024-12-28 05:07:38 - Redirected to https://www.jobkorea.co.kr/NET/jkWebModule/jkConfirm.aspx?r=1&a=/NET&ret=%2fRecruit%2fGI_Read%2f46179454
2024-12-28 05:07:38,197 - INFO - https://www.jobkorea.co.kr/Recruit/GI_Read/45990209 - redirected - failed - 2024-12-28 05:07:38 - Redirected to https://www.jobkorea.co.kr/NET/jkWebModule/jkConfirm.aspx?r=1&a=/NET&ret=%2fRecruit%2fGI_Read%2f45990209
2024-12-28 05:07:38,303 - INFO - https://www.jobkorea.co.kr/Recruit/GI_Read/46181133 - redirected - failed - 2024-12-28 05:07:38 - Redirected to https://www.jobkorea.co.kr/NET/jkWebModule/jkConfirm.aspx?r=1&a=/NET&ret=%2fRecruit%2fGI_Read%2f46181133
2024-12-28 05:07:38,431 - INFO - https://www.jobkorea.co.kr/Recruit/GI_Read/46099160 - redirected - failed - 2024-12-28 05:07:38 - Redirected to https://www.jobkorea.co.kr/NET/jkWebModule/jkConfirm.aspx?r=1&a=/NET&ret=%2fRecruit%2fGI_Read%2f46099160
2024-12-28 05:07:38,549 - INFO - https://www.jobkorea.co.kr/Recruit/GI_Read/46077244 - redirected - failed - 2024-12-28 05:07:38 - Redirected to https://www.jobkorea.co.kr/NET/jkWebModule/jkConfirm.aspx?r=1&a=/NET&ret=%2fRecruit%2fGI_Read%2f46077244
2024-12-28 05:07:38,640 - INFO - https://www.jobkorea.co.kr/Recruit/GI_Read/45798574 - redirected - failed - 2024-12-28 05:07:38 - Redirected to https://www.jobkorea.co.kr/NET/jkWebModule/jkConfirm.aspx?r=1&a=/NET&ret=%2fRecruit%2fGI_Read%2f45798574
2024-12-28 05:07:38,786 - INFO - https://www.jobkorea.co.kr/Recruit/GI_Read/46063729 - redirected - failed - 2024-12-28 05:07:38 - Redirected to https://www.jobkorea.co.kr/NET/jkWebModule/jkConfirm.aspx?r=1&a=/NET&ret=%2fRecruit%2fGI_Read%2f46063729
2024-12-28 05:07:38,931 - INFO - https://www.jobkorea.co.kr/Recruit/GI_Read/46177082 - redirected - failed - 2024-12-28 05:07:38 - Redirected to https://www.jobkorea.co.kr/NET/jkWebModule/jkConfirm.aspx?r=1&a=/NET&ret=%2fRecruit%2fGI_Read%2f46177082
2024-12-28 05:07:39,067 - INFO - https://www.jobkorea.co.kr/Recruit/GI_Read/46165193 - redirected - failed - 2024-12-28 05:07:39 - Redirected to https://www.jobkorea.co.kr/NET/jkWebModule/jkConfirm.aspx?r=1&a=/NET&ret=%2fRecruit%2fGI_Read%2f46165193
2024-12-28 05:07:39,163 - INFO - https://www.jobkorea.co.kr/Recruit/GI_Read/46176330 - redirected - failed - 2024-12-28 05:07:39 - Redirected to https://www.jobkorea.co.kr/NET/jkWebModule/jkConfirm.aspx?r=1&a=/NET&ret=%2fRecruit%2fGI_Read%2f46176330
2024-12-28 05:07:39,282 - INFO - https://www.jobkorea.co.kr/Recruit/GI_Read/46182027 - redirected - failed - 2024-12-28 05:07:39 - Redirected to https://www.jobkorea.co.kr/NET/jkWebModule/jkConfirm.aspx?r=1&a=/NET&ret=%2fRecruit%2fGI_Read%2f46182027
2024-12-28 05:07:39,389 - INFO - https://www.jobkorea.co.kr/Recruit/GI_Read/46182032 - redirected - failed - 2024-12-28 05:07:39 - Redirected to https://www.jobkorea.co.kr/NET/jkWebModule/jkConfirm.aspx?r=1&a=/NET&ret=%2fRecruit%2fGI_Read%2f46182032
2024-12-28 05:07:39,486 - INFO - https://www.jobkorea.co.kr/Recruit/GI_Read/46044663 - redirected - failed - 2024-12-28 05:07:39 - Redirected to https://www.jobkorea.co.kr/NET/jkWebModule/jkConfirm.aspx?r=1&a=/NET&ret=%2fRecruit%2fGI_Read%2f46044663
2024-12-28 05:07:39,579 - INFO - https://www.jobkorea.co.kr/Recruit/GI_Read/46177543 - redirected - failed - 2024-12-28 05:07:39 - Redirected to https://www.jobkorea.co.kr/NET/jkWebModule/jkConfirm.aspx?r=1&a=/NET&ret=%2fRecruit%2fGI_Read%2f46177543
2024-12-28 05:07:39,672 - INFO - https://www.jobkorea.co.kr/Recruit/GI_Read/46177510 - redirected - failed - 2024-12-28 05:07:39 - Redirected to https://www.jobkorea.co.kr/NET/jkWebModule/jkConfirm.aspx?r=1&a=/NET&ret=%2fRecruit%2fGI_Read%2f46177510
2024-12-28 05:07:39,807 - INFO - https://www.jobkorea.co.kr/Recruit/GI_Read/46151363 - redirected - failed - 2024-12-28 05:07:39 - Redirected to https://www.jobkorea.co.kr/NET/jkWebModule/jkConfirm.aspx?r=1&a=/NET&ret=%2fRecruit%2fGI_Read%2f46151363
2024-12-28 05:07:39,907 - INFO - https://www.jobkorea.co.kr/Recruit/GI_Read/46177642 - redirected - failed - 2024-12-28 05:07:39 - Redirected to https://www.jobkorea.co.kr/NET/jkWebModule/jkConfirm.aspx?r=1&a=/NET&ret=%2fRecruit%2fGI_Read%2f46177642
2024-12-28 05:07:40,074 - INFO - https://www.jobkorea.co.kr/Recruit/GI_Read/45994356 - redirected - failed - 2024-12-28 05:07:40 - Redirected to https://www.jobkorea.co.kr/NET/jkWebModule/jkConfirm.aspx?r=1&a=/NET&ret=%2fRecruit%2fGI_Read%2f45994356
2024-12-28 05:07:40,176 - INFO - https://www.jobkorea.co.kr/Recruit/GI_Read/46162393 - redirected - failed - 2024-12-28 05:07:40 - Redirected to https://www.jobkorea.co.kr/NET/jkWebModule/jkConfirm.aspx?r=1&a=/NET&ret=%2fRecruit%2fGI_Read%2f46162393
2024-12-28 05:07:40,310 - INFO - https://www.jobkorea.co.kr/Recruit/GI_Read/46179977 - redirected - failed - 2024-12-28 05:07:40 - Redirected to https://www.jobkorea.co.kr/NET/jkWebModule/jkConfirm.aspx?r=1&a=/NET&ret=%2fRecruit%2fGI_Read%2f46179977
2024-12-28 05:07:40,419 - INFO - https://www.jobkorea.co.kr/Recruit/GI_Read/46180915 - redirected - failed - 2024-12-28 05:07:40 - Redirected to https://www.jobkorea.co.kr/NET/jkWebModule/jkConfirm.aspx?r=1&a=/NET&ret=%2fRecruit%2fGI_Read%2f46180915
2024-12-28 05:07:40,521 - INFO - https://www.jobkorea.co.kr/Recruit/GI_Read/45988536 - redirected - failed - 2024-12-28 05:07:40 - Redirected to https://www.jobkorea.co.kr/NET/jkWebModule/jkConfirm.aspx?r=1&a=/NET&ret=%2fRecruit%2fGI_Read%2f45988536
2024-12-28 05:07:40,629 - INFO - https://www.jobkorea.co.kr/Recruit/GI_Read/46124184 - redirected - failed - 2024-12-28 05:07:40 - Redirected to https://www.jobkorea.co.kr/NET/jkWebModule/jkConfirm.aspx?r=1&a=/NET&ret=%2fRecruit%2fGI_Read%2f46124184
2024-12-28 05:07:40,766 - INFO - https://www.jobkorea.co.kr/Recruit/GI_Read/46182040 - redirected - failed - 2024-12-28 05:07:40 - Redirected to https://www.jobkorea.co.kr/NET/jkWebModule/jkConfirm.aspx?r=1&a=/NET&ret=%2fRecruit%2fGI_Read%2f46182040
2024-12-28 05:07:40,931 - INFO - https://www.jobkorea.co.kr/Recruit/GI_Read/46169653 - redirected - failed - 2024-12-28 05:07:40 - Redirected to https://www.jobkorea.co.kr/NET/jkWebModule/jkConfirm.aspx?r=1&a=/NET&ret=%2fRecruit%2fGI_Read%2f46169653
2024-12-28 05:07:41,068 - INFO - https://www.jobkorea.co.kr/Recruit/GI_Read/46180874 - redirected - failed - 2024-12-28 05:07:41 - Redirected to https://www.jobkorea.co.kr/NET/jkWebModule/jkConfirm.aspx?r=1&a=/NET&ret=%2fRecruit%2fGI_Read%2f46180874
2024-12-28 05:07:41,209 - INFO - https://www.jobkorea.co.kr/Recruit/GI_Read/46179285 - redirected - failed - 2024-12-28 05:07:41 - Redirected to https://www.jobkorea.co.kr/NET/jkWebModule/jkConfirm.aspx?r=1&a=/NET&ret=%2fRecruit%2fGI_Read%2f46179285
2024-12-28 05:07:41,359 - INFO - https://www.jobkorea.co.kr/Recruit/GI_Read/46137759 - redirected - failed - 2024-12-28 05:07:41 - Redirected to https://www.jobkorea.co.kr/NET/jkWebModule/jkConfirm.aspx?r=1&a=/NET&ret=%2fRecruit%2fGI_Read%2f46137759
2024-12-28 05:07:41,500 - INFO - https://www.jobkorea.co.kr/Recruit/GI_Read/46181068 - redirected - failed - 2024-12-28 05:07:41 - Redirected to https://www.jobkorea.co.kr/NET/jkWebModule/jkConfirm.aspx?r=1&a=/NET&ret=%2fRecruit%2fGI_Read%2f46181068
2024-12-28 05:07:41,632 - INFO - https://www.jobkorea.co.kr/Recruit/GI_Read/46176849 - redirected - failed - 2024-12-28 05:07:41 - Redirected to https://www.jobkorea.co.kr/NET/jkWebModule/jkConfirm.aspx?r=1&a=/NET&ret=%2fRecruit%2fGI_Read%2f46176849
2024-12-28 05:07:41,777 - INFO - https://www.jobkorea.co.kr/Recruit/GI_Read/46180196 - redirected - failed - 2024-12-28 05:07:41 - Redirected to https://www.jobkorea.co.kr/NET/jkWebModule/jkConfirm.aspx?r=1&a=/NET&ret=%2fRecruit%2fGI_Read%2f46180196
2024-12-28 05:07:41,940 - INFO - https://www.jobkorea.co.kr/Recruit/GI_Read/46163894 - redirected - failed - 2024-12-28 05:07:41 - Redirected to https://www.jobkorea.co.kr/NET/jkWebModule/jkConfirm.aspx?r=1&a=/NET&ret=%2fRecruit%2fGI_Read%2f46163894
2024-12-28 05:07:42,045 - INFO - https://www.jobkorea.co.kr/Recruit/GI_Read/46179961 - redirected - failed - 2024-12-28 05:07:42 - Redirected to https://www.jobkorea.co.kr/NET/jkWebModule/jkConfirm.aspx?r=1&a=/NET&ret=%2fRecruit%2fGI_Read%2f46179961
2024-12-28 05:07:42,174 - INFO - https://www.jobkorea.co.kr/Recruit/GI_Read/46156749 - redirected - failed - 2024-12-28 05:07:42 - Redirected to https://www.jobkorea.co.kr/NET/jkWebModule/jkConfirm.aspx?r=1&a=/NET&ret=%2fRecruit%2fGI_Read%2f46156749
2024-12-28 05:07:42,285 - INFO - https://www.jobkorea.co.kr/Recruit/GI_Read/46179702 - redirected - failed - 2024-12-28 05:07:42 - Redirected to https://www.jobkorea.co.kr/NET/jkWebModule/jkConfirm.aspx?r=1&a=/NET&ret=%2fRecruit%2fGI_Read%2f46179702
2024-12-28 05:07:42,428 - INFO - https://www.jobkorea.co.kr/Recruit/GI_Read/46179205 - redirected - failed - 2024-12-28 05:07:42 - Redirected to https://www.jobkorea.co.kr/NET/jkWebModule/jkConfirm.aspx?r=1&a=/NET&ret=%2fRecruit%2fGI_Read%2f46179205
2024-12-28 05:07:42,570 - INFO - https://www.jobkorea.co.kr/Recruit/GI_Read/46180186 - redirected - failed - 2024-12-28 05:07:42 - Redirected to https://www.jobkorea.co.kr/NET/jkWebModule/jkConfirm.aspx?r=1&a=/NET&ret=%2fRecruit%2fGI_Read%2f46180186
2024-12-28 05:07:42,716 - INFO - https://www.jobkorea.co.kr/Recruit/GI_Read/46055133 - redirected - failed - 2024-12-28 05:07:42 - Redirected to https://www.jobkorea.co.kr/NET/jkWebModule/jkConfirm.aspx?r=1&a=/NET&ret=%2fRecruit%2fGI_Read%2f46055133
2024-12-28 05:07:42,850 - INFO - https://www.jobkorea.co.kr/Recruit/GI_Read/46180403 - redirected - failed - 2024-12-28 05:07:42 - Redirected to https://www.jobkorea.co.kr/NET/jkWebModule/jkConfirm.aspx?r=1&a=/NET&ret=%2fRecruit%2fGI_Read%2f46180403
2024-12-28 05:07:42,971 - INFO - https://www.jobkorea.co.kr/Recruit/GI_Read/46180273 - redirected - failed - 2024-12-28 05:07:42 - Redirected to https://www.jobkorea.co.kr/NET/jkWebModule/jkConfirm.aspx?r=1&a=/NET&ret=%2fRecruit%2fGI_Read%2f46180273
2024-12-28 05:07:43,099 - INFO - https://www.jobkorea.co.kr/Recruit/GI_Read/46182576 - redirected - failed - 2024-12-28 05:07:43 - Redirected to https://www.jobkorea.co.kr/NET/jkWebModule/jkConfirm.aspx?r=1&a=/NET&ret=%2fRecruit%2fGI_Read%2f46182576
2024-12-28 05:07:43,218 - INFO - https://www.jobkorea.co.kr/Recruit/GI_Read/46177439 - redirected - failed - 2024-12-28 05:07:43 - Redirected to https://www.jobkorea.co.kr/NET/jkWebModule/jkConfirm.aspx?r=1&a=/NET&ret=%2fRecruit%2fGI_Read%2f46177439
2024-12-28 05:07:43,324 - INFO - https://www.jobkorea.co.kr/Recruit/GI_Read/46016639 - redirected - failed - 2024-12-28 05:07:43 - Redirected to https://www.jobkorea.co.kr/NET/jkWebModule/jkConfirm.aspx?r=1&a=/NET&ret=%2fRecruit%2fGI_Read%2f46016639
2024-12-28 05:07:43,425 - INFO - https://www.jobkorea.co.kr/Recruit/GI_Read/46180637 - redirected - failed - 2024-12-28 05:07:43 - Redirected to https://www.jobkorea.co.kr/NET/jkWebModule/jkConfirm.aspx?r=1&a=/NET&ret=%2fRecruit%2fGI_Read%2f46180637
2024-12-28 05:07:43,523 - INFO - https://www.jobkorea.co.kr/Recruit/GI_Read/46076199 - redirected - failed - 2024-12-28 05:07:43 - Redirected to https://www.jobkorea.co.kr/NET/jkWebModule/jkConfirm.aspx?r=1&a=/NET&ret=%2fRecruit%2fGI_Read%2f46076199
2024-12-28 05:07:43,645 - INFO - https://www.jobkorea.co.kr/Recruit/GI_Read/46125182 - redirected - failed - 2024-12-28 05:07:43 - Redirected to https://www.jobkorea.co.kr/NET/jkWebModule/jkConfirm.aspx?r=1&a=/NET&ret=%2fRecruit%2fGI_Read%2f46125182
2024-12-28 05:07:43,778 - INFO - https://www.jobkorea.co.kr/Recruit/GI_Read/46177896 - redirected - failed - 2024-12-28 05:07:43 - Redirected to https://www.jobkorea.co.kr/NET/jkWebModule/jkConfirm.aspx?r=1&a=/NET&ret=%2fRecruit%2fGI_Read%2f46177896
2024-12-28 05:07:43,885 - INFO - https://www.jobkorea.co.kr/Recruit/GI_Read/46178240 - redirected - failed - 2024-12-28 05:07:43 - Redirected to https://www.jobkorea.co.kr/NET/jkWebModule/jkConfirm.aspx?r=1&a=/NET&ret=%2fRecruit%2fGI_Read%2f46178240
2024-12-28 05:07:44,031 - INFO - https://www.jobkorea.co.kr/Recruit/GI_Read/46076231 - redirected - failed - 2024-12-28 05:07:44 - Redirected to https://www.jobkorea.co.kr/NET/jkWebModule/jkConfirm.aspx?r=1&a=/NET&ret=%2fRecruit%2fGI_Read%2f46076231
2024-12-28 05:07:44,172 - INFO - https://www.jobkorea.co.kr/Recruit/GI_Read/46177304 - redirected - failed - 2024-12-28 05:07:44 - Redirected to https://www.jobkorea.co.kr/NET/jkWebModule/jkConfirm.aspx?r=1&a=/NET&ret=%2fRecruit%2fGI_Read%2f46177304
2024-12-28 05:07:44,314 - INFO - https://www.jobkorea.co.kr/Recruit/GI_Read/46182575 - redirected - failed - 2024-12-28 05:07:44 - Redirected to https://www.jobkorea.co.kr/NET/jkWebModule/jkConfirm.aspx?r=1&a=/NET&ret=%2fRecruit%2fGI_Read%2f46182575
2024-12-28 05:07:44,442 - INFO - https://www.jobkorea.co.kr/Recruit/GI_Read/46181206 - redirected - failed - 2024-12-28 05:07:44 - Redirected to https://www.jobkorea.co.kr/NET/jkWebModule/jkConfirm.aspx?r=1&a=/NET&ret=%2fRecruit%2fGI_Read%2f46181206
2024-12-28 05:07:44,556 - INFO - https://www.jobkorea.co.kr/Recruit/GI_Read/46177093 - redirected - failed - 2024-12-28 05:07:44 - Redirected to https://www.jobkorea.co.kr/NET/jkWebModule/jkConfirm.aspx?r=1&a=/NET&ret=%2fRecruit%2fGI_Read%2f46177093
2024-12-28 05:07:44,674 - INFO - https://www.jobkorea.co.kr/Recruit/GI_Read/45877073 - redirected - failed - 2024-12-28 05:07:44 - Redirected to https://www.jobkorea.co.kr/NET/jkWebModule/jkConfirm.aspx?r=1&a=/NET&ret=%2fRecruit%2fGI_Read%2f45877073
2024-12-28 05:07:44,803 - INFO - https://www.jobkorea.co.kr/Recruit/GI_Read/46173906 - redirected - failed - 2024-12-28 05:07:44 - Redirected to https://www.jobkorea.co.kr/NET/jkWebModule/jkConfirm.aspx?r=1&a=/NET&ret=%2fRecruit%2fGI_Read%2f46173906
2024-12-28 05:07:44,932 - INFO - https://www.jobkorea.co.kr/Recruit/GI_Read/46180923 - redirected - failed - 2024-12-28 05:07:44 - Redirected to https://www.jobkorea.co.kr/NET/jkWebModule/jkConfirm.aspx?r=1&a=/NET&ret=%2fRecruit%2fGI_Read%2f46180923
2024-12-28 05:07:45,091 - INFO - https://www.jobkorea.co.kr/Recruit/GI_Read/46177471 - redirected - failed - 2024-12-28 05:07:45 - Redirected to https://www.jobkorea.co.kr/NET/jkWebModule/jkConfirm.aspx?r=1&a=/NET&ret=%2fRecruit%2fGI_Read%2f46177471
2024-12-28 05:07:45,192 - INFO - https://www.jobkorea.co.kr/Recruit/GI_Read/46177087 - redirected - failed - 2024-12-28 05:07:45 - Redirected to https://www.jobkorea.co.kr/NET/jkWebModule/jkConfirm.aspx?r=1&a=/NET&ret=%2fRecruit%2fGI_Read%2f46177087
2024-12-28 05:07:45,298 - INFO - https://www.jobkorea.co.kr/Recruit/GI_Read/46180030 - redirected - failed - 2024-12-28 05:07:45 - Redirected to https://www.jobkorea.co.kr/NET/jkWebModule/jkConfirm.aspx?r=1&a=/NET&ret=%2fRecruit%2fGI_Read%2f46180030
2024-12-28 05:07:45,394 - INFO - https://www.jobkorea.co.kr/Recruit/GI_Read/46179178 - redirected - failed - 2024-12-28 05:07:45 - Redirected to https://www.jobkorea.co.kr/NET/jkWebModule/jkConfirm.aspx?r=1&a=/NET&ret=%2fRecruit%2fGI_Read%2f46179178
2024-12-28 05:07:45,503 - INFO - https://www.jobkorea.co.kr/Recruit/GI_Read/46137101 - redirected - failed - 2024-12-28 05:07:45 - Redirected to https://www.jobkorea.co.kr/NET/jkWebModule/jkConfirm.aspx?r=1&a=/NET&ret=%2fRecruit%2fGI_Read%2f46137101
2024-12-28 05:07:45,621 - INFO - https://www.jobkorea.co.kr/Recruit/GI_Read/46179395 - redirected - failed - 2024-12-28 05:07:45 - Redirected to https://www.jobkorea.co.kr/NET/jkWebModule/jkConfirm.aspx?r=1&a=/NET&ret=%2fRecruit%2fGI_Read%2f46179395
2024-12-28 05:07:45,753 - INFO - https://www.jobkorea.co.kr/Recruit/GI_Read/46102302 - redirected - failed - 2024-12-28 05:07:45 - Redirected to https://www.jobkorea.co.kr/NET/jkWebModule/jkConfirm.aspx?r=1&a=/NET&ret=%2fRecruit%2fGI_Read%2f46102302
2024-12-28 05:07:45,878 - INFO - https://www.jobkorea.co.kr/Recruit/GI_Read/46182163 - redirected - failed - 2024-12-28 05:07:45 - Redirected to https://www.jobkorea.co.kr/NET/jkWebModule/jkConfirm.aspx?r=1&a=/NET&ret=%2fRecruit%2fGI_Read%2f46182163
2024-12-28 05:07:46,048 - INFO - https://www.jobkorea.co.kr/Recruit/GI_Read/45995995 - redirected - failed - 2024-12-28 05:07:46 - Redirected to https://www.jobkorea.co.kr/NET/jkWebModule/jkConfirm.aspx?r=1&a=/NET&ret=%2fRecruit%2fGI_Read%2f45995995
2024-12-28 05:07:46,178 - INFO - https://www.jobkorea.co.kr/Recruit/GI_Read/46000464 - redirected - failed - 2024-12-28 05:07:46 - Redirected to https://www.jobkorea.co.kr/NET/jkWebModule/jkConfirm.aspx?r=1&a=/NET&ret=%2fRecruit%2fGI_Read%2f46000464
2024-12-28 05:07:46,348 - INFO - https://www.jobkorea.co.kr/Recruit/GI_Read/45930946 - redirected - failed - 2024-12-28 05:07:46 - Redirected to https://www.jobkorea.co.kr/NET/jkWebModule/jkConfirm.aspx?r=1&a=/NET&ret=%2fRecruit%2fGI_Read%2f45930946
2024-12-28 05:07:46,503 - INFO - https://www.jobkorea.co.kr/Recruit/GI_Read/46092213 - redirected - failed - 2024-12-28 05:07:46 - Redirected to https://www.jobkorea.co.kr/NET/jkWebModule/jkConfirm.aspx?r=1&a=/NET&ret=%2fRecruit%2fGI_Read%2f46092213
2024-12-28 05:07:46,641 - INFO - https://www.jobkorea.co.kr/Recruit/GI_Read/46048875 - redirected - failed - 2024-12-28 05:07:46 - Redirected to https://www.jobkorea.co.kr/NET/jkWebModule/jkConfirm.aspx?r=1&a=/NET&ret=%2fRecruit%2fGI_Read%2f46048875
2024-12-28 05:07:46,758 - INFO - https://www.jobkorea.co.kr/Recruit/GI_Read/46177899 - redirected - failed - 2024-12-28 05:07:46 - Redirected to https://www.jobkorea.co.kr/NET/jkWebModule/jkConfirm.aspx?r=1&a=/NET&ret=%2fRecruit%2fGI_Read%2f46177899
2024-12-28 05:07:46,909 - INFO - https://www.jobkorea.co.kr/Recruit/GI_Read/46174185 - redirected - failed - 2024-12-28 05:07:46 - Redirected to https://www.jobkorea.co.kr/NET/jkWebModule/jkConfirm.aspx?r=1&a=/NET&ret=%2fRecruit%2fGI_Read%2f46174185
2024-12-28 05:07:47,058 - INFO - https://www.jobkorea.co.kr/Recruit/GI_Read/46177268 - redirected - failed - 2024-12-28 05:07:47 - Redirected to https://www.jobkorea.co.kr/NET/jkWebModule/jkConfirm.aspx?r=1&a=/NET&ret=%2fRecruit%2fGI_Read%2f46177268
2024-12-28 05:07:47,186 - INFO - https://www.jobkorea.co.kr/Recruit/GI_Read/46123283 - redirected - failed - 2024-12-28 05:07:47 - Redirected to https://www.jobkorea.co.kr/NET/jkWebModule/jkConfirm.aspx?r=1&a=/NET&ret=%2fRecruit%2fGI_Read%2f46123283
2024-12-28 05:07:47,395 - INFO - https://www.jobkorea.co.kr/Recruit/GI_Read/46178888 - redirected - failed - 2024-12-28 05:07:47 - Redirected to https://www.jobkorea.co.kr/NET/jkWebModule/jkConfirm.aspx?r=1&a=/NET&ret=%2fRecruit%2fGI_Read%2f46178888
2024-12-28 05:07:47,585 - INFO - https://www.jobkorea.co.kr/Recruit/GI_Read/46182114 - redirected - failed - 2024-12-28 05:07:47 - Redirected to https://www.jobkorea.co.kr/NET/jkWebModule/jkConfirm.aspx?r=1&a=/NET&ret=%2fRecruit%2fGI_Read%2f46182114
2024-12-28 05:07:47,743 - INFO - https://www.jobkorea.co.kr/Recruit/GI_Read/46083473 - redirected - failed - 2024-12-28 05:07:47 - Redirected to https://www.jobkorea.co.kr/NET/jkWebModule/jkConfirm.aspx?r=1&a=/NET&ret=%2fRecruit%2fGI_Read%2f46083473
2024-12-28 05:07:47,877 - INFO - https://www.jobkorea.co.kr/Recruit/GI_Read/46076187 - redirected - failed - 2024-12-28 05:07:47 - Redirected to https://www.jobkorea.co.kr/NET/jkWebModule/jkConfirm.aspx?r=1&a=/NET&ret=%2fRecruit%2fGI_Read%2f46076187
2024-12-28 05:07:48,036 - INFO - https://www.jobkorea.co.kr/Recruit/GI_Read/46178661 - redirected - failed - 2024-12-28 05:07:48 - Redirected to https://www.jobkorea.co.kr/NET/jkWebModule/jkConfirm.aspx?r=1&a=/NET&ret=%2fRecruit%2fGI_Read%2f46178661
2024-12-28 05:07:48,142 - INFO - https://www.jobkorea.co.kr/Recruit/GI_Read/46177285 - redirected - failed - 2024-12-28 05:07:48 - Redirected to https://www.jobkorea.co.kr/NET/jkWebModule/jkConfirm.aspx?r=1&a=/NET&ret=%2fRecruit%2fGI_Read%2f46177285
2024-12-28 05:07:48,305 - INFO - https://www.jobkorea.co.kr/Recruit/GI_Read/46051990 - redirected - failed - 2024-12-28 05:07:48 - Redirected to https://www.jobkorea.co.kr/NET/jkWebModule/jkConfirm.aspx?r=1&a=/NET&ret=%2fRecruit%2fGI_Read%2f46051990
2024-12-28 05:07:48,418 - INFO - https://www.jobkorea.co.kr/Recruit/GI_Read/46176586 - redirected - failed - 2024-12-28 05:07:48 - Redirected to https://www.jobkorea.co.kr/NET/jkWebModule/jkConfirm.aspx?r=1&a=/NET&ret=%2fRecruit%2fGI_Read%2f46176586
2024-12-28 05:07:48,544 - INFO - https://www.jobkorea.co.kr/Recruit/GI_Read/46181808 - redirected - failed - 2024-12-28 05:07:48 - Redirected to https://www.jobkorea.co.kr/NET/jkWebModule/jkConfirm.aspx?r=1&a=/NET&ret=%2fRecruit%2fGI_Read%2f46181808
2024-12-28 05:07:48,643 - INFO - https://www.jobkorea.co.kr/Recruit/GI_Read/46181022 - redirected - failed - 2024-12-28 05:07:48 - Redirected to https://www.jobkorea.co.kr/NET/jkWebModule/jkConfirm.aspx?r=1&a=/NET&ret=%2fRecruit%2fGI_Read%2f46181022
2024-12-28 05:07:48,779 - INFO - https://www.jobkorea.co.kr/Recruit/GI_Read/46181548 - redirected - failed - 2024-12-28 05:07:48 - Redirected to https://www.jobkorea.co.kr/NET/jkWebModule/jkConfirm.aspx?r=1&a=/NET&ret=%2fRecruit%2fGI_Read%2f46181548
2024-12-28 05:07:48,913 - INFO - https://www.jobkorea.co.kr/Recruit/GI_Read/46180662 - redirected - failed - 2024-12-28 05:07:48 - Redirected to https://www.jobkorea.co.kr/NET/jkWebModule/jkConfirm.aspx?r=1&a=/NET&ret=%2fRecruit%2fGI_Read%2f46180662
2024-12-28 05:07:49,068 - INFO - https://www.jobkorea.co.kr/Recruit/GI_Read/46182168 - redirected - failed - 2024-12-28 05:07:49 - Redirected to https://www.jobkorea.co.kr/NET/jkWebModule/jkConfirm.aspx?r=1&a=/NET&ret=%2fRecruit%2fGI_Read%2f46182168
2024-12-28 05:07:49,205 - INFO - https://www.jobkorea.co.kr/Recruit/GI_Read/46076218 - redirected - failed - 2024-12-28 05:07:49 - Redirected to https://www.jobkorea.co.kr/NET/jkWebModule/jkConfirm.aspx?r=1&a=/NET&ret=%2fRecruit%2fGI_Read%2f46076218
2024-12-28 05:07:49,326 - INFO - https://www.jobkorea.co.kr/Recruit/GI_Read/46181297 - redirected - failed - 2024-12-28 05:07:49 - Redirected to https://www.jobkorea.co.kr/NET/jkWebModule/jkConfirm.aspx?r=1&a=/NET&ret=%2fRecruit%2fGI_Read%2f46181297
2024-12-28 05:07:49,453 - INFO - https://www.jobkorea.co.kr/Recruit/GI_Read/46177205 - redirected - failed - 2024-12-28 05:07:49 - Redirected to https://www.jobkorea.co.kr/NET/jkWebModule/jkConfirm.aspx?r=1&a=/NET&ret=%2fRecruit%2fGI_Read%2f46177205
2024-12-28 05:07:49,619 - INFO - https://www.jobkorea.co.kr/Recruit/GI_Read/46181680 - redirected - failed - 2024-12-28 05:07:49 - Redirected to https://www.jobkorea.co.kr/NET/jkWebModule/jkConfirm.aspx?r=1&a=/NET&ret=%2fRecruit%2fGI_Read%2f46181680
2024-12-28 05:07:49,772 - INFO - https://www.jobkorea.co.kr/Recruit/GI_Read/46180999 - redirected - failed - 2024-12-28 05:07:49 - Redirected to https://www.jobkorea.co.kr/NET/jkWebModule/jkConfirm.aspx?r=1&a=/NET&ret=%2fRecruit%2fGI_Read%2f46180999
2024-12-28 05:07:49,890 - INFO - https://www.jobkorea.co.kr/Recruit/GI_Read/46182248 - redirected - failed - 2024-12-28 05:07:49 - Redirected to https://www.jobkorea.co.kr/NET/jkWebModule/jkConfirm.aspx?r=1&a=/NET&ret=%2fRecruit%2fGI_Read%2f46182248
2024-12-28 05:07:49,993 - INFO - https://www.jobkorea.co.kr/Recruit/GI_Read/45923885 - redirected - failed - 2024-12-28 05:07:49 - Redirected to https://www.jobkorea.co.kr/NET/jkWebModule/jkConfirm.aspx?r=1&a=/NET&ret=%2fRecruit%2fGI_Read%2f45923885
2024-12-28 05:07:50,145 - INFO - https://www.jobkorea.co.kr/Recruit/GI_Read/46182350 - redirected - failed - 2024-12-28 05:07:50 - Redirected to https://www.jobkorea.co.kr/NET/jkWebModule/jkConfirm.aspx?r=1&a=/NET&ret=%2fRecruit%2fGI_Read%2f46182350
2024-12-28 05:07:55,854 - INFO - 잡코리아 크롤링 완료
2024-12-28 05:07:55,859 - INFO - 잡코리아 크롤링 종료: 2024-12-28 05:07:55
2024-12-28 05:08:05,869 - INFO - 사람인 크롤링 실행: 2024-12-28 05:08:05
2024-12-28 05:08:06,192 - INFO - 사람인 크롤링 완료
2024-12-28 05:08:06,205 - INFO - 사람인 크롤링 종료: 2024-12-28 05:08:06
