[2024-12-20T23:36:50.651+0900] {taskinstance.py:1157} INFO - Dependencies all met for dep_context=non-requeueable deps ti=<TaskInstance: dag_crawling_to_db.post_crawl manual__2024-12-20T14:21:58+00:00 [queued]>
[2024-12-20T23:36:50.660+0900] {taskinstance.py:1157} INFO - Dependencies all met for dep_context=requeueable deps ti=<TaskInstance: dag_crawling_to_db.post_crawl manual__2024-12-20T14:21:58+00:00 [queued]>
[2024-12-20T23:36:50.660+0900] {taskinstance.py:1359} INFO - Starting attempt 3 of 4
[2024-12-20T23:36:50.674+0900] {taskinstance.py:1380} INFO - Executing <Task(PythonOperator): post_crawl> on 2024-12-20 14:21:58+00:00
[2024-12-20T23:36:50.678+0900] {standard_task_runner.py:57} INFO - Started process 272 to run task
[2024-12-20T23:36:50.681+0900] {standard_task_runner.py:84} INFO - Running: ['***', 'tasks', 'run', 'dag_crawling_to_db', 'post_crawl', 'manual__2024-12-20T14:21:58+00:00', '--job-id', '11', '--raw', '--subdir', 'DAGS_FOLDER/dag_crawling_to_db.py', '--cfg-path', '/tmp/tmpd54diec9']
[2024-12-20T23:36:50.683+0900] {standard_task_runner.py:85} INFO - Job 11: Subtask post_crawl
[2024-12-20T23:36:50.720+0900] {task_command.py:415} INFO - Running <TaskInstance: dag_crawling_to_db.post_crawl manual__2024-12-20T14:21:58+00:00 [running]> on host 6cc4d0fc5740
[2024-12-20T23:36:50.793+0900] {taskinstance.py:1660} INFO - Exporting env vars: AIRFLOW_CTX_DAG_OWNER='***' AIRFLOW_CTX_DAG_ID='dag_crawling_to_db' AIRFLOW_CTX_TASK_ID='post_crawl' AIRFLOW_CTX_EXECUTION_DATE='2024-12-20T14:21:58+00:00' AIRFLOW_CTX_TRY_NUMBER='3' AIRFLOW_CTX_DAG_RUN_ID='manual__2024-12-20T14:21:58+00:00'
[2024-12-20T23:36:50.796+0900] {logging_mixin.py:151} INFO - 점핏 시작 시간: 2024-12-20 23:36:50
[2024-12-20T23:36:51.121+0900] {logger.py:11} INFO - ====== WebDriver manager ======
[2024-12-20T23:36:51.371+0900] {logger.py:11} INFO - Get LATEST chromedriver version for google-chrome
[2024-12-20T23:36:51.631+0900] {logger.py:11} INFO - Get LATEST chromedriver version for google-chrome
[2024-12-20T23:36:51.830+0900] {logger.py:11} INFO - There is no [linux64] chromedriver "131.0.6778.204" for browser google-chrome "131.0.6778" in cache
[2024-12-20T23:36:51.830+0900] {logger.py:11} INFO - Get LATEST chromedriver version for google-chrome
[2024-12-20T23:36:52.465+0900] {logger.py:11} INFO - WebDriver version 131.0.6778.204 selected
[2024-12-20T23:36:52.468+0900] {logger.py:11} INFO - Modern chrome version https://storage.googleapis.com/chrome-for-testing-public/131.0.6778.204/linux64/chromedriver-linux64.zip
[2024-12-20T23:36:52.469+0900] {logger.py:11} INFO - About to download new driver from https://storage.googleapis.com/chrome-for-testing-public/131.0.6778.204/linux64/chromedriver-linux64.zip
[2024-12-20T23:36:52.685+0900] {logger.py:11} INFO - Driver downloading response is 200
[2024-12-20T23:36:54.525+0900] {logger.py:11} INFO - Get LATEST chromedriver version for google-chrome
[2024-12-20T23:36:54.858+0900] {logger.py:11} INFO - Driver has been saved in cache [/home/***/.wdm/drivers/chromedriver/linux64/131.0.6778.204]
[2024-12-20T23:36:55.642+0900] {logging_mixin.py:151} INFO - 점핏 종료 시간: 2024-12-20 23:36:55
[2024-12-20T23:37:05.650+0900] {logging_mixin.py:151} INFO - 원티드 시작 시간: 2024-12-20 23:37:05
[2024-12-20T23:37:05.667+0900] {credentials.py:1254} INFO - Found credentials in shared credentials file: /code/.aws/credentials
[2024-12-20T23:37:06.074+0900] {logger.py:11} INFO - ====== WebDriver manager ======
[2024-12-20T23:37:06.156+0900] {logger.py:11} INFO - Get LATEST chromedriver version for google-chrome
[2024-12-20T23:37:06.407+0900] {logger.py:11} INFO - Get LATEST chromedriver version for google-chrome
[2024-12-20T23:37:06.623+0900] {logger.py:11} INFO - Driver [/home/***/.wdm/drivers/chromedriver/linux64/131.0.6778.204/chromedriver-linux64/chromedriver] found in cache
[2024-12-20T23:37:06.882+0900] {logging_mixin.py:151} INFO - 원티드 종료 시간: 2024-12-20 23:37:06
[2024-12-20T23:37:06.883+0900] {logging_mixin.py:151} INFO - 인크루트 시작 시간: 2024-12-20 23:37:06
[2024-12-20T23:37:08.784+0900] {logger.py:11} INFO - ====== WebDriver manager ======
[2024-12-20T23:37:08.849+0900] {logger.py:11} INFO - Get LATEST chromedriver version for google-chrome
[2024-12-20T23:37:09.038+0900] {logger.py:11} INFO - Get LATEST chromedriver version for google-chrome
[2024-12-20T23:37:09.250+0900] {logger.py:11} INFO - Driver [/home/***/.wdm/drivers/chromedriver/linux64/131.0.6778.204/chromedriver-linux64/chromedriver] found in cache
[2024-12-20T23:37:09.865+0900] {logging_mixin.py:151} INFO - 인크루트 종료 시간: 2024-12-20 23:37:09
[2024-12-20T23:37:19.876+0900] {logging_mixin.py:151} INFO - 로켓펀치 시작 시간: 2024-12-20 23:37:19
[2024-12-20T23:37:20.173+0900] {logger.py:11} INFO - ====== WebDriver manager ======
[2024-12-20T23:37:20.240+0900] {logger.py:11} INFO - Get LATEST chromedriver version for google-chrome
[2024-12-20T23:37:20.427+0900] {logger.py:11} INFO - Get LATEST chromedriver version for google-chrome
[2024-12-20T23:37:20.617+0900] {logger.py:11} INFO - Driver [/home/***/.wdm/drivers/chromedriver/linux64/131.0.6778.204/chromedriver-linux64/chromedriver] found in cache
[2024-12-20T23:37:20.924+0900] {logging_mixin.py:151} INFO - 로켓펀치 종료 시간: 2024-12-20 23:37:20
[2024-12-20T23:37:30.932+0900] {logging_mixin.py:151} INFO - 잡코리아 시작 시간: 2024-12-20 23:37:30
[2024-12-20T23:37:56.468+0900] {local_task_job_runner.py:228} INFO - Task exited with return code 0
[2024-12-20T23:37:56.484+0900] {taskinstance.py:2776} INFO - 0 downstream tasks scheduled from follow-on schedule check
