[2024-12-19T16:50:39.958+0900] {taskinstance.py:1157} INFO - Dependencies all met for dep_context=non-requeueable deps ti=<TaskInstance: dag_crawling_to_db.link_crawl manual__2024-12-19T07:50:33+00:00 [queued]>
[2024-12-19T16:50:39.966+0900] {taskinstance.py:1157} INFO - Dependencies all met for dep_context=requeueable deps ti=<TaskInstance: dag_crawling_to_db.link_crawl manual__2024-12-19T07:50:33+00:00 [queued]>
[2024-12-19T16:50:39.966+0900] {taskinstance.py:1359} INFO - Starting attempt 1 of 2
[2024-12-19T16:50:39.978+0900] {taskinstance.py:1380} INFO - Executing <Task(PythonOperator): link_crawl> on 2024-12-19 07:50:33+00:00
[2024-12-19T16:50:39.983+0900] {standard_task_runner.py:57} INFO - Started process 121 to run task
[2024-12-19T16:50:39.986+0900] {standard_task_runner.py:84} INFO - Running: ['***', 'tasks', 'run', 'dag_crawling_to_db', 'link_crawl', 'manual__2024-12-19T07:50:33+00:00', '--job-id', '2', '--raw', '--subdir', 'DAGS_FOLDER/dag_crawling_to_db.py', '--cfg-path', '/tmp/tmp54zl3pqi']
[2024-12-19T16:50:39.988+0900] {standard_task_runner.py:85} INFO - Job 2: Subtask link_crawl
[2024-12-19T16:50:40.026+0900] {task_command.py:415} INFO - Running <TaskInstance: dag_crawling_to_db.link_crawl manual__2024-12-19T07:50:33+00:00 [running]> on host cc3eb30ffd0b
[2024-12-19T16:50:40.095+0900] {taskinstance.py:1660} INFO - Exporting env vars: AIRFLOW_CTX_DAG_OWNER='***' AIRFLOW_CTX_DAG_ID='dag_crawling_to_db' AIRFLOW_CTX_TASK_ID='link_crawl' AIRFLOW_CTX_EXECUTION_DATE='2024-12-19T07:50:33+00:00' AIRFLOW_CTX_TRY_NUMBER='1' AIRFLOW_CTX_DAG_RUN_ID='manual__2024-12-19T07:50:33+00:00'
[2024-12-19T16:50:40.095+0900] {logging_mixin.py:151} INFO - 인크루트url 시작 시간: 2024-12-19 16:50:40
[2024-12-19T16:50:40.095+0900] {logging_mixin.py:151} INFO - 인크루트url 종료 시간: 2024-12-19 16:50:40
[2024-12-19T16:50:45.099+0900] {logging_mixin.py:151} INFO - 잡코리아url 시작 시간: 2024-12-19 16:50:45
[2024-12-19T16:50:45.100+0900] {logging_mixin.py:151} INFO - 잡코리아url 종료 시간: 2024-12-19 16:50:45
[2024-12-19T16:50:50.106+0900] {logging_mixin.py:151} INFO - 점핏url 시작 시간: 2024-12-19 16:50:50
[2024-12-19T16:50:50.107+0900] {logging_mixin.py:151} INFO - 점핏url 종료 시간: 2024-12-19 16:50:50
[2024-12-19T16:50:55.110+0900] {logging_mixin.py:151} INFO - 로켓펀치url 시작 시간: 2024-12-19 16:50:55
[2024-12-19T16:50:55.110+0900] {logging_mixin.py:151} INFO - 로켓펀치url 종료 시간: 2024-12-19 16:50:55
[2024-12-19T16:51:00.112+0900] {logging_mixin.py:151} INFO - 사람인url 시작 시간: 2024-12-19 16:51:00
[2024-12-19T16:51:00.112+0900] {logging_mixin.py:151} INFO - 사람인url 종료 시간: 2024-12-19 16:51:00
[2024-12-19T16:51:05.114+0900] {logging_mixin.py:151} INFO - 원티드url 시작 시간: 2024-12-19 16:51:05
[2024-12-19T16:51:05.115+0900] {logging_mixin.py:151} INFO - 원티드url 종료 시간: 2024-12-19 16:51:05
[2024-12-19T16:51:05.116+0900] {python.py:194} INFO - Done. Returned value was: None
[2024-12-19T16:51:05.127+0900] {taskinstance.py:1398} INFO - Marking task as SUCCESS. dag_id=dag_crawling_to_db, task_id=link_crawl, execution_date=20241219T075033, start_date=20241219T075039, end_date=20241219T075105
[2024-12-19T16:51:05.166+0900] {local_task_job_runner.py:228} INFO - Task exited with return code 0
[2024-12-19T16:51:05.192+0900] {taskinstance.py:2776} INFO - 1 downstream tasks scheduled from follow-on schedule check
