[2024-12-19T15:08:53.828+0900] {taskinstance.py:1157} INFO - Dependencies all met for dep_context=non-requeueable deps ti=<TaskInstance: dag_crawling_to_db.link_crawl manual__2024-12-19T05:14:28+00:00 [queued]>
[2024-12-19T15:08:53.837+0900] {taskinstance.py:1157} INFO - Dependencies all met for dep_context=requeueable deps ti=<TaskInstance: dag_crawling_to_db.link_crawl manual__2024-12-19T05:14:28+00:00 [queued]>
[2024-12-19T15:08:53.837+0900] {taskinstance.py:1359} INFO - Starting attempt 2 of 3
[2024-12-19T15:08:53.851+0900] {taskinstance.py:1380} INFO - Executing <Task(PythonOperator): link_crawl> on 2024-12-19 05:14:28+00:00
[2024-12-19T15:08:53.855+0900] {standard_task_runner.py:57} INFO - Started process 994 to run task
[2024-12-19T15:08:53.858+0900] {standard_task_runner.py:84} INFO - Running: ['***', 'tasks', 'run', 'dag_crawling_to_db', 'link_crawl', 'manual__2024-12-19T05:14:28+00:00', '--job-id', '12', '--raw', '--subdir', 'DAGS_FOLDER/dag_crawling_to_db.py', '--cfg-path', '/tmp/tmpsl_h9a40']
[2024-12-19T15:08:53.861+0900] {standard_task_runner.py:85} INFO - Job 12: Subtask link_crawl
[2024-12-19T15:08:53.903+0900] {task_command.py:415} INFO - Running <TaskInstance: dag_crawling_to_db.link_crawl manual__2024-12-19T05:14:28+00:00 [running]> on host 937402c51523
[2024-12-19T15:08:53.970+0900] {taskinstance.py:1660} INFO - Exporting env vars: AIRFLOW_CTX_DAG_OWNER='***' AIRFLOW_CTX_DAG_ID='dag_crawling_to_db' AIRFLOW_CTX_TASK_ID='link_crawl' AIRFLOW_CTX_EXECUTION_DATE='2024-12-19T05:14:28+00:00' AIRFLOW_CTX_TRY_NUMBER='2' AIRFLOW_CTX_DAG_RUN_ID='manual__2024-12-19T05:14:28+00:00'
[2024-12-19T15:08:53.971+0900] {logging_mixin.py:151} INFO - 인크루트url 시작 시간: 2024-12-19 15:08:53
[2024-12-19T15:08:53.971+0900] {logging_mixin.py:151} INFO - /code/plugins/incruit
[2024-12-19T15:12:46.739+0900] {logging_mixin.py:151} INFO - 인크루트url 종료 시간: 2024-12-19 15:12:46
[2024-12-19T15:12:51.745+0900] {logging_mixin.py:151} INFO - 잡코리아url 시작 시간: 2024-12-19 15:12:51
[2024-12-19T15:12:51.745+0900] {logging_mixin.py:151} INFO - 잡코리아url 종료 시간: 2024-12-19 15:12:51
[2024-12-19T15:12:56.751+0900] {logging_mixin.py:151} INFO - 점핏url 시작 시간: 2024-12-19 15:12:56
[2024-12-19T15:12:56.752+0900] {logging_mixin.py:151} INFO - 점핏url 종료 시간: 2024-12-19 15:12:56
[2024-12-19T15:13:01.757+0900] {logging_mixin.py:151} INFO - 로켓펀치url 시작 시간: 2024-12-19 15:13:01
[2024-12-19T15:13:01.758+0900] {logging_mixin.py:151} INFO - 로켓펀치url 종료 시간: 2024-12-19 15:13:01
[2024-12-19T15:13:06.764+0900] {logging_mixin.py:151} INFO - 사람인url 시작 시간: 2024-12-19 15:13:06
[2024-12-19T15:13:06.765+0900] {logging_mixin.py:151} INFO - 사람인url 종료 시간: 2024-12-19 15:13:06
[2024-12-19T15:13:11.766+0900] {logging_mixin.py:151} INFO - 원티드url 시작 시간: 2024-12-19 15:13:11
[2024-12-19T15:13:11.766+0900] {logging_mixin.py:151} INFO - 원티드url 종료 시간: 2024-12-19 15:13:11
[2024-12-19T15:13:11.766+0900] {python.py:194} INFO - Done. Returned value was: None
[2024-12-19T15:13:11.778+0900] {taskinstance.py:1398} INFO - Marking task as SUCCESS. dag_id=dag_crawling_to_db, task_id=link_crawl, execution_date=20241219T051428, start_date=20241219T060853, end_date=20241219T061311
[2024-12-19T15:13:11.847+0900] {local_task_job_runner.py:228} INFO - Task exited with return code 0
[2024-12-19T15:13:11.870+0900] {taskinstance.py:2776} INFO - 1 downstream tasks scheduled from follow-on schedule check
