[2024-12-19T14:14:34.453+0900] {taskinstance.py:1157} INFO - Dependencies all met for dep_context=non-requeueable deps ti=<TaskInstance: dag_crawling_to_db.link_crawl manual__2024-12-19T05:14:28+00:00 [queued]>
[2024-12-19T14:14:34.476+0900] {taskinstance.py:1157} INFO - Dependencies all met for dep_context=requeueable deps ti=<TaskInstance: dag_crawling_to_db.link_crawl manual__2024-12-19T05:14:28+00:00 [queued]>
[2024-12-19T14:14:34.477+0900] {taskinstance.py:1359} INFO - Starting attempt 1 of 2
[2024-12-19T14:14:34.503+0900] {taskinstance.py:1380} INFO - Executing <Task(PythonOperator): link_crawl> on 2024-12-19 05:14:28+00:00
[2024-12-19T14:14:34.508+0900] {standard_task_runner.py:57} INFO - Started process 110 to run task
[2024-12-19T14:14:34.511+0900] {standard_task_runner.py:84} INFO - Running: ['***', 'tasks', 'run', 'dag_crawling_to_db', 'link_crawl', 'manual__2024-12-19T05:14:28+00:00', '--job-id', '2', '--raw', '--subdir', 'DAGS_FOLDER/dag_crawling_to_db.py', '--cfg-path', '/tmp/tmpi6047vk0']
[2024-12-19T14:14:34.514+0900] {standard_task_runner.py:85} INFO - Job 2: Subtask link_crawl
[2024-12-19T14:14:34.565+0900] {task_command.py:415} INFO - Running <TaskInstance: dag_crawling_to_db.link_crawl manual__2024-12-19T05:14:28+00:00 [running]> on host 937402c51523
[2024-12-19T14:14:34.832+0900] {taskinstance.py:1660} INFO - Exporting env vars: AIRFLOW_CTX_DAG_OWNER='***' AIRFLOW_CTX_DAG_ID='dag_crawling_to_db' AIRFLOW_CTX_TASK_ID='link_crawl' AIRFLOW_CTX_EXECUTION_DATE='2024-12-19T05:14:28+00:00' AIRFLOW_CTX_TRY_NUMBER='1' AIRFLOW_CTX_DAG_RUN_ID='manual__2024-12-19T05:14:28+00:00'
[2024-12-19T14:14:34.833+0900] {logging_mixin.py:151} INFO - 인크루트url 시작 시간: 2024-12-19 14:14:34
[2024-12-19T14:14:34.833+0900] {logging_mixin.py:151} INFO - /code/plugins/incruit
[2024-12-19T14:16:40.469+0900] {logging_mixin.py:151} INFO - 인크루트url 종료 시간: 2024-12-19 14:16:40
[2024-12-19T14:16:45.475+0900] {logging_mixin.py:151} INFO - 잡코리아url 시작 시간: 2024-12-19 14:16:45
[2024-12-19T14:16:45.475+0900] {logging_mixin.py:151} INFO - 잡코리아url 종료 시간: 2024-12-19 14:16:45
[2024-12-19T14:16:50.479+0900] {logging_mixin.py:151} INFO - 점핏url 시작 시간: 2024-12-19 14:16:50
[2024-12-19T14:16:50.480+0900] {logging_mixin.py:151} INFO - 점핏url 종료 시간: 2024-12-19 14:16:50
[2024-12-19T14:16:55.485+0900] {logging_mixin.py:151} INFO - 로켓펀치url 시작 시간: 2024-12-19 14:16:55
[2024-12-19T14:16:55.485+0900] {logging_mixin.py:151} INFO - 로켓펀치url 종료 시간: 2024-12-19 14:16:55
[2024-12-19T14:17:00.491+0900] {logging_mixin.py:151} INFO - 사람인url 시작 시간: 2024-12-19 14:17:00
[2024-12-19T14:17:00.491+0900] {logging_mixin.py:151} INFO - 사람인url 종료 시간: 2024-12-19 14:17:00
[2024-12-19T14:17:05.497+0900] {logging_mixin.py:151} INFO - 원티드url 시작 시간: 2024-12-19 14:17:05
[2024-12-19T14:17:05.497+0900] {logging_mixin.py:151} INFO - 원티드url 종료 시간: 2024-12-19 14:17:05
[2024-12-19T14:17:05.498+0900] {python.py:194} INFO - Done. Returned value was: None
[2024-12-19T14:17:05.512+0900] {taskinstance.py:1398} INFO - Marking task as SUCCESS. dag_id=dag_crawling_to_db, task_id=link_crawl, execution_date=20241219T051428, start_date=20241219T051434, end_date=20241219T051705
[2024-12-19T14:17:05.548+0900] {local_task_job_runner.py:228} INFO - Task exited with return code 0
[2024-12-19T14:17:05.568+0900] {taskinstance.py:2776} INFO - 1 downstream tasks scheduled from follow-on schedule check
