[2024-12-21T00:00:02.235+0900] {taskinstance.py:1157} INFO - Dependencies all met for dep_context=non-requeueable deps ti=<TaskInstance: dag_crawling_to_db.link_crawl scheduled__2024-12-19T15:00:00+00:00 [queued]>
[2024-12-21T00:00:02.245+0900] {taskinstance.py:1157} INFO - Dependencies all met for dep_context=requeueable deps ti=<TaskInstance: dag_crawling_to_db.link_crawl scheduled__2024-12-19T15:00:00+00:00 [queued]>
[2024-12-21T00:00:02.246+0900] {taskinstance.py:1359} INFO - Starting attempt 1 of 2
[2024-12-21T00:00:02.259+0900] {taskinstance.py:1380} INFO - Executing <Task(PythonOperator): link_crawl> on 2024-12-19 15:00:00+00:00
[2024-12-21T00:00:02.264+0900] {standard_task_runner.py:57} INFO - Started process 1090 to run task
[2024-12-21T00:00:02.267+0900] {standard_task_runner.py:84} INFO - Running: ['***', 'tasks', 'run', 'dag_crawling_to_db', 'link_crawl', 'scheduled__2024-12-19T15:00:00+00:00', '--job-id', '12', '--raw', '--subdir', 'DAGS_FOLDER/dag_crawling_to_db.py', '--cfg-path', '/tmp/tmplihkq4n1']
[2024-12-21T00:00:02.269+0900] {standard_task_runner.py:85} INFO - Job 12: Subtask link_crawl
[2024-12-21T00:00:02.311+0900] {task_command.py:415} INFO - Running <TaskInstance: dag_crawling_to_db.link_crawl scheduled__2024-12-19T15:00:00+00:00 [running]> on host 6cc4d0fc5740
[2024-12-21T00:00:02.384+0900] {taskinstance.py:1660} INFO - Exporting env vars: AIRFLOW_CTX_DAG_OWNER='***' AIRFLOW_CTX_DAG_ID='dag_crawling_to_db' AIRFLOW_CTX_TASK_ID='link_crawl' AIRFLOW_CTX_EXECUTION_DATE='2024-12-19T15:00:00+00:00' AIRFLOW_CTX_TRY_NUMBER='1' AIRFLOW_CTX_DAG_RUN_ID='scheduled__2024-12-19T15:00:00+00:00'
[2024-12-21T00:00:02.384+0900] {logging_mixin.py:151} INFO - 인크루트url 시작 시간: 2024-12-21 00:00:02
[2024-12-21T00:00:02.385+0900] {logging_mixin.py:151} INFO - 인크루트url 종료 시간: 2024-12-21 00:00:02
[2024-12-21T00:00:07.390+0900] {logging_mixin.py:151} INFO - 잡코리아url 시작 시간: 2024-12-21 00:00:07
[2024-12-21T00:00:07.390+0900] {logging_mixin.py:151} INFO - 잡코리아url 종료 시간: 2024-12-21 00:00:07
[2024-12-21T00:00:12.394+0900] {logging_mixin.py:151} INFO - 점핏url 시작 시간: 2024-12-21 00:00:12
[2024-12-21T00:00:12.394+0900] {logging_mixin.py:151} INFO - 점핏url 종료 시간: 2024-12-21 00:00:12
[2024-12-21T00:00:17.399+0900] {logging_mixin.py:151} INFO - 로켓펀치url 시작 시간: 2024-12-21 00:00:17
[2024-12-21T00:00:17.400+0900] {logging_mixin.py:151} INFO - 로켓펀치url 종료 시간: 2024-12-21 00:00:17
[2024-12-21T00:00:22.405+0900] {logging_mixin.py:151} INFO - 사람인url 시작 시간: 2024-12-21 00:00:22
[2024-12-21T00:00:22.405+0900] {logging_mixin.py:151} INFO - 사람인url 종료 시간: 2024-12-21 00:00:22
[2024-12-21T00:00:27.409+0900] {logging_mixin.py:151} INFO - 원티드url 시작 시간: 2024-12-21 00:00:27
[2024-12-21T00:00:27.410+0900] {logging_mixin.py:151} INFO - 원티드url 종료 시간: 2024-12-21 00:00:27
[2024-12-21T00:00:27.411+0900] {python.py:194} INFO - Done. Returned value was: None
[2024-12-21T00:00:27.429+0900] {taskinstance.py:1398} INFO - Marking task as SUCCESS. dag_id=dag_crawling_to_db, task_id=link_crawl, execution_date=20241219T150000, start_date=20241220T150002, end_date=20241220T150027
[2024-12-21T00:00:27.455+0900] {local_task_job_runner.py:228} INFO - Task exited with return code 0
[2024-12-21T00:00:27.496+0900] {taskinstance.py:2776} INFO - 1 downstream tasks scheduled from follow-on schedule check
