2024-12-22 11:01:33,Chrome WebDriver started.
2024-12-22 11:01:33,No log files found in the directory. All URLs will be marked as 'update'.
2024-12-22 11:01:33,Processing job: DE, URL: https://www.wanted.co.kr/search?query=데이터+엔지니어&tab=position
2024-12-22 11:01:36,Page loaded: https://www.wanted.co.kr/search?query=데이터+엔지니어&tab=position
2024-12-22 11:01:37,Scrolling page: https://www.wanted.co.kr/search?query=데이터+엔지니어&tab=position
2024-12-22 11:01:39,Scrolling page: https://www.wanted.co.kr/search?query=데이터+엔지니어&tab=position
2024-12-22 11:01:42,Scrolling page: https://www.wanted.co.kr/search?query=데이터+엔지니어&tab=position
2024-12-22 11:01:45,Scrolling page: https://www.wanted.co.kr/search?query=데이터+엔지니어&tab=position
2024-12-22 11:01:47,Processing job: FE, URL: https://www.wanted.co.kr/search?query=프론트엔드&tab=position
2024-12-22 11:01:49,Page loaded: https://www.wanted.co.kr/search?query=프론트엔드&tab=position
2024-12-22 11:01:49,Scrolling page: https://www.wanted.co.kr/search?query=프론트엔드&tab=position
2024-12-22 11:01:52,Scrolling page: https://www.wanted.co.kr/search?query=프론트엔드&tab=position
2024-12-22 11:01:54,Scrolling page: https://www.wanted.co.kr/search?query=프론트엔드&tab=position
2024-12-22 11:01:57,Scrolling page: https://www.wanted.co.kr/search?query=프론트엔드&tab=position
2024-12-22 11:02:00,Scrolling page: https://www.wanted.co.kr/search?query=프론트엔드&tab=position
2024-12-22 11:02:03,Scrolling page: https://www.wanted.co.kr/search?query=프론트엔드&tab=position
2024-12-22 11:02:06,Scrolling page: https://www.wanted.co.kr/search?query=프론트엔드&tab=position
2024-12-22 11:02:09,Scrolling page: https://www.wanted.co.kr/search?query=프론트엔드&tab=position
2024-12-22 11:02:12,Scrolling page: https://www.wanted.co.kr/search?query=프론트엔드&tab=position
2024-12-22 11:02:15,Scrolling page: https://www.wanted.co.kr/search?query=프론트엔드&tab=position
2024-12-22 11:02:18,Scrolling page: https://www.wanted.co.kr/search?query=프론트엔드&tab=position
2024-12-22 11:02:21,Scrolling page: https://www.wanted.co.kr/search?query=프론트엔드&tab=position
2024-12-22 11:02:24,Scrolling page: https://www.wanted.co.kr/search?query=프론트엔드&tab=position
2024-12-22 11:02:28,Scrolling page: https://www.wanted.co.kr/search?query=프론트엔드&tab=position
2024-12-22 11:02:31,Scrolling page: https://www.wanted.co.kr/search?query=프론트엔드&tab=position
2024-12-22 11:02:35,Scrolling page: https://www.wanted.co.kr/search?query=프론트엔드&tab=position
2024-12-22 11:02:38,Scrolling page: https://www.wanted.co.kr/search?query=프론트엔드&tab=position
2024-12-22 11:02:41,Scrolling page: https://www.wanted.co.kr/search?query=프론트엔드&tab=position
2024-12-22 11:02:45,Scrolling page: https://www.wanted.co.kr/search?query=프론트엔드&tab=position
2024-12-22 11:02:49,Scrolling page: https://www.wanted.co.kr/search?query=프론트엔드&tab=position
2024-12-22 11:02:53,Scrolling page: https://www.wanted.co.kr/search?query=프론트엔드&tab=position
2024-12-22 11:02:56,Scrolling page: https://www.wanted.co.kr/search?query=프론트엔드&tab=position
2024-12-22 11:03:00,Scrolling page: https://www.wanted.co.kr/search?query=프론트엔드&tab=position
2024-12-22 11:03:04,Scrolling page: https://www.wanted.co.kr/search?query=프론트엔드&tab=position
2024-12-22 11:03:08,Scrolling page: https://www.wanted.co.kr/search?query=프론트엔드&tab=position
2024-12-22 11:03:12,Scrolling page: https://www.wanted.co.kr/search?query=프론트엔드&tab=position
2024-12-22 11:03:16,Scrolling page: https://www.wanted.co.kr/search?query=프론트엔드&tab=position
2024-12-22 11:03:21,Scrolling page: https://www.wanted.co.kr/search?query=프론트엔드&tab=position
2024-12-22 11:03:25,Scrolling page: https://www.wanted.co.kr/search?query=프론트엔드&tab=position
2024-12-22 11:03:29,Scrolling page: https://www.wanted.co.kr/search?query=프론트엔드&tab=position
2024-12-22 11:03:34,Scrolling page: https://www.wanted.co.kr/search?query=프론트엔드&tab=position
2024-12-22 11:03:38,Scrolling page: https://www.wanted.co.kr/search?query=프론트엔드&tab=position
2024-12-22 11:03:43,Scrolling page: https://www.wanted.co.kr/search?query=프론트엔드&tab=position
2024-12-22 11:03:47,Scrolling page: https://www.wanted.co.kr/search?query=프론트엔드&tab=position
2024-12-22 11:03:52,Scrolling page: https://www.wanted.co.kr/search?query=프론트엔드&tab=position
2024-12-22 11:03:54,Processing job: BE, URL: https://www.wanted.co.kr/search?query=백엔드&tab=position
2024-12-22 11:03:55,Page loaded: https://www.wanted.co.kr/search?query=백엔드&tab=position
2024-12-22 11:03:55,Scrolling page: https://www.wanted.co.kr/search?query=백엔드&tab=position
2024-12-22 11:03:58,Scrolling page: https://www.wanted.co.kr/search?query=백엔드&tab=position
2024-12-22 11:04:00,Scrolling page: https://www.wanted.co.kr/search?query=백엔드&tab=position
2024-12-22 11:04:03,Scrolling page: https://www.wanted.co.kr/search?query=백엔드&tab=position
2024-12-22 11:04:06,Scrolling page: https://www.wanted.co.kr/search?query=백엔드&tab=position
2024-12-22 11:04:09,Scrolling page: https://www.wanted.co.kr/search?query=백엔드&tab=position
2024-12-22 11:04:12,Scrolling page: https://www.wanted.co.kr/search?query=백엔드&tab=position
2024-12-22 11:04:15,Scrolling page: https://www.wanted.co.kr/search?query=백엔드&tab=position
2024-12-22 11:04:18,Scrolling page: https://www.wanted.co.kr/search?query=백엔드&tab=position
2024-12-22 11:04:21,Scrolling page: https://www.wanted.co.kr/search?query=백엔드&tab=position
2024-12-22 11:04:24,Scrolling page: https://www.wanted.co.kr/search?query=백엔드&tab=position
2024-12-22 11:04:27,Scrolling page: https://www.wanted.co.kr/search?query=백엔드&tab=position
2024-12-22 11:04:30,Scrolling page: https://www.wanted.co.kr/search?query=백엔드&tab=position
2024-12-22 11:04:34,Scrolling page: https://www.wanted.co.kr/search?query=백엔드&tab=position
2024-12-22 11:04:37,Scrolling page: https://www.wanted.co.kr/search?query=백엔드&tab=position
2024-12-22 11:04:40,Scrolling page: https://www.wanted.co.kr/search?query=백엔드&tab=position
2024-12-22 11:04:44,Scrolling page: https://www.wanted.co.kr/search?query=백엔드&tab=position
2024-12-22 11:04:48,Scrolling page: https://www.wanted.co.kr/search?query=백엔드&tab=position
2024-12-22 11:04:51,Scrolling page: https://www.wanted.co.kr/search?query=백엔드&tab=position
2024-12-22 11:04:55,Scrolling page: https://www.wanted.co.kr/search?query=백엔드&tab=position
2024-12-22 11:04:59,Scrolling page: https://www.wanted.co.kr/search?query=백엔드&tab=position
2024-12-22 11:05:02,Scrolling page: https://www.wanted.co.kr/search?query=백엔드&tab=position
2024-12-22 11:05:06,Scrolling page: https://www.wanted.co.kr/search?query=백엔드&tab=position
2024-12-22 11:05:10,Scrolling page: https://www.wanted.co.kr/search?query=백엔드&tab=position
2024-12-22 11:05:14,Scrolling page: https://www.wanted.co.kr/search?query=백엔드&tab=position
2024-12-22 11:05:18,Scrolling page: https://www.wanted.co.kr/search?query=백엔드&tab=position
2024-12-22 11:05:22,Scrolling page: https://www.wanted.co.kr/search?query=백엔드&tab=position
2024-12-22 11:05:27,Scrolling page: https://www.wanted.co.kr/search?query=백엔드&tab=position
2024-12-22 11:05:31,Scrolling page: https://www.wanted.co.kr/search?query=백엔드&tab=position
2024-12-22 11:05:35,Scrolling page: https://www.wanted.co.kr/search?query=백엔드&tab=position
2024-12-22 11:05:40,Scrolling page: https://www.wanted.co.kr/search?query=백엔드&tab=position
2024-12-22 11:05:44,Scrolling page: https://www.wanted.co.kr/search?query=백엔드&tab=position
2024-12-22 11:05:49,Scrolling page: https://www.wanted.co.kr/search?query=백엔드&tab=position
2024-12-22 11:05:53,Scrolling page: https://www.wanted.co.kr/search?query=백엔드&tab=position
2024-12-22 11:05:58,Scrolling page: https://www.wanted.co.kr/search?query=백엔드&tab=position
2024-12-22 11:06:03,Scrolling page: https://www.wanted.co.kr/search?query=백엔드&tab=position
2024-12-22 11:06:08,Scrolling page: https://www.wanted.co.kr/search?query=백엔드&tab=position
2024-12-22 11:06:12,Scrolling page: https://www.wanted.co.kr/search?query=백엔드&tab=position
2024-12-22 11:06:17,Scrolling page: https://www.wanted.co.kr/search?query=백엔드&tab=position
2024-12-22 11:06:22,Scrolling page: https://www.wanted.co.kr/search?query=백엔드&tab=position
2024-12-22 11:06:27,Scrolling page: https://www.wanted.co.kr/search?query=백엔드&tab=position
2024-12-22 11:06:32,Scrolling page: https://www.wanted.co.kr/search?query=백엔드&tab=position
2024-12-22 11:06:38,Scrolling page: https://www.wanted.co.kr/search?query=백엔드&tab=position
2024-12-22 11:06:43,Scrolling page: https://www.wanted.co.kr/search?query=백엔드&tab=position
2024-12-22 11:06:48,Scrolling page: https://www.wanted.co.kr/search?query=백엔드&tab=position
2024-12-22 11:06:53,Scrolling page: https://www.wanted.co.kr/search?query=백엔드&tab=position
2024-12-22 11:06:59,Scrolling page: https://www.wanted.co.kr/search?query=백엔드&tab=position
2024-12-22 11:07:04,Scrolling page: https://www.wanted.co.kr/search?query=백엔드&tab=position
2024-12-22 11:07:10,Scrolling page: https://www.wanted.co.kr/search?query=백엔드&tab=position
2024-12-22 11:07:15,Scrolling page: https://www.wanted.co.kr/search?query=백엔드&tab=position
2024-12-22 11:07:21,Scrolling page: https://www.wanted.co.kr/search?query=백엔드&tab=position
2024-12-22 11:07:26,Scrolling page: https://www.wanted.co.kr/search?query=백엔드&tab=position
2024-12-22 11:07:32,Scrolling page: https://www.wanted.co.kr/search?query=백엔드&tab=position
2024-12-22 11:07:38,Scrolling page: https://www.wanted.co.kr/search?query=백엔드&tab=position
2024-12-22 11:07:44,Scrolling page: https://www.wanted.co.kr/search?query=백엔드&tab=position
2024-12-22 11:07:50,Scrolling page: https://www.wanted.co.kr/search?query=백엔드&tab=position
2024-12-22 11:07:56,Scrolling page: https://www.wanted.co.kr/search?query=백엔드&tab=position
2024-12-22 11:08:01,Scrolling page: https://www.wanted.co.kr/search?query=백엔드&tab=position
2024-12-22 11:08:03,Processing job: DA, URL: https://www.wanted.co.kr/search?query=데이터+분석가&tab=position
2024-12-22 11:08:05,Page loaded: https://www.wanted.co.kr/search?query=데이터+분석가&tab=position
2024-12-22 11:08:05,Scrolling page: https://www.wanted.co.kr/search?query=데이터+분석가&tab=position
2024-12-22 11:08:08,Scrolling page: https://www.wanted.co.kr/search?query=데이터+분석가&tab=position
2024-12-22 11:08:10,Scrolling page: https://www.wanted.co.kr/search?query=데이터+분석가&tab=position
2024-12-22 11:08:13,Scrolling page: https://www.wanted.co.kr/search?query=데이터+분석가&tab=position
2024-12-22 11:08:16,Scrolling page: https://www.wanted.co.kr/search?query=데이터+분석가&tab=position
2024-12-22 11:08:19,Scrolling page: https://www.wanted.co.kr/search?query=데이터+분석가&tab=position
2024-12-22 11:08:22,Scrolling page: https://www.wanted.co.kr/search?query=데이터+분석가&tab=position
2024-12-22 11:08:25,Scrolling page: https://www.wanted.co.kr/search?query=데이터+분석가&tab=position
2024-12-22 11:08:27,Processing job: MLE, URL: https://www.wanted.co.kr/search?query=머신러닝+엔지니어&tab=position
2024-12-22 11:08:28,Page loaded: https://www.wanted.co.kr/search?query=머신러닝+엔지니어&tab=position
2024-12-22 11:08:28,Scrolling page: https://www.wanted.co.kr/search?query=머신러닝+엔지니어&tab=position
2024-12-22 11:08:30,Scrolling page: https://www.wanted.co.kr/search?query=머신러닝+엔지니어&tab=position
2024-12-22 11:08:32,Total 1251 links collected today.
2024-12-22 11:08:32,Log file saved: ./wanted/20241222.log
2024-12-22 11:08:32,Chrome WebDriver closed.
