[2024-12-20T16:47:29.298+0900] {taskinstance.py:1157} INFO - Dependencies all met for dep_context=non-requeueable deps ti=<TaskInstance: dag_crawling_to_db.post_crawl manual__2024-12-20T05:22:51+00:00 [queued]>
[2024-12-20T16:47:29.307+0900] {taskinstance.py:1157} INFO - Dependencies all met for dep_context=requeueable deps ti=<TaskInstance: dag_crawling_to_db.post_crawl manual__2024-12-20T05:22:51+00:00 [queued]>
[2024-12-20T16:47:29.307+0900] {taskinstance.py:1359} INFO - Starting attempt 4 of 4
[2024-12-20T16:47:29.322+0900] {taskinstance.py:1380} INFO - Executing <Task(PythonOperator): post_crawl> on 2024-12-20 05:22:51+00:00
[2024-12-20T16:47:29.326+0900] {standard_task_runner.py:57} INFO - Started process 17357 to run task
[2024-12-20T16:47:29.329+0900] {standard_task_runner.py:84} INFO - Running: ['***', 'tasks', 'run', 'dag_crawling_to_db', 'post_crawl', 'manual__2024-12-20T05:22:51+00:00', '--job-id', '7', '--raw', '--subdir', 'DAGS_FOLDER/dag_crawling_to_db.py', '--cfg-path', '/tmp/tmpzeua1w_c']
[2024-12-20T16:47:29.334+0900] {standard_task_runner.py:85} INFO - Job 7: Subtask post_crawl
[2024-12-20T16:47:29.380+0900] {task_command.py:415} INFO - Running <TaskInstance: dag_crawling_to_db.post_crawl manual__2024-12-20T05:22:51+00:00 [running]> on host e792396a0fea
[2024-12-20T16:47:29.455+0900] {taskinstance.py:1660} INFO - Exporting env vars: AIRFLOW_CTX_DAG_OWNER='***' AIRFLOW_CTX_DAG_ID='dag_crawling_to_db' AIRFLOW_CTX_TASK_ID='post_crawl' AIRFLOW_CTX_EXECUTION_DATE='2024-12-20T05:22:51+00:00' AIRFLOW_CTX_TRY_NUMBER='4' AIRFLOW_CTX_DAG_RUN_ID='manual__2024-12-20T05:22:51+00:00'
[2024-12-20T16:47:29.456+0900] {logging_mixin.py:151} INFO - 점핏 시작 시간: 2024-12-20 16:47:29
[2024-12-20T16:47:29.551+0900] {logger.py:11} INFO - ====== WebDriver manager ======
[2024-12-20T16:47:29.612+0900] {logger.py:11} INFO - Get LATEST chromedriver version for google-chrome
[2024-12-20T16:47:29.686+0900] {logger.py:11} INFO - Get LATEST chromedriver version for google-chrome
[2024-12-20T16:47:29.769+0900] {logger.py:11} INFO - Driver [/home/***/.wdm/drivers/chromedriver/linux64/131.0.6778.204/chromedriver-linux64/chromedriver] found in cache
[2024-12-20T16:47:29.802+0900] {taskinstance.py:1935} ERROR - Task failed with exception
Traceback (most recent call last):
  File "/home/airflow/.local/lib/python3.10/site-packages/airflow/operators/python.py", line 192, in execute
    return_value = self.execute_callable()
  File "/home/airflow/.local/lib/python3.10/site-packages/airflow/operators/python.py", line 209, in execute_callable
    return self.python_callable(*self.op_args, **self.op_kwargs)
  File "/code/plugins/post_crawling.py", line 1969, in post_main
  File "/code/plugins/post_crawling.py", line 171, in jumpit_crawling
    driver = webdriver.Chrome(service=Service(ChromeDriverManager().install()), options=options)
  File "/home/airflow/.local/lib/python3.10/site-packages/selenium/webdriver/chrome/webdriver.py", line 45, in __init__
    super().__init__(
  File "/home/airflow/.local/lib/python3.10/site-packages/selenium/webdriver/chromium/webdriver.py", line 66, in __init__
    super().__init__(command_executor=executor, options=options)
  File "/home/airflow/.local/lib/python3.10/site-packages/selenium/webdriver/remote/webdriver.py", line 241, in __init__
    self.start_session(capabilities)
  File "/home/airflow/.local/lib/python3.10/site-packages/selenium/webdriver/remote/webdriver.py", line 329, in start_session
    response = self.execute(Command.NEW_SESSION, caps)["value"]
  File "/home/airflow/.local/lib/python3.10/site-packages/selenium/webdriver/remote/webdriver.py", line 384, in execute
    self.error_handler.check_response(response)
  File "/home/airflow/.local/lib/python3.10/site-packages/selenium/webdriver/remote/errorhandler.py", line 232, in check_response
    raise exception_class(message, screen, stacktrace)
selenium.common.exceptions.SessionNotCreatedException: Message: session not created
from disconnected: unable to connect to renderer
Stacktrace:
#0 0x55c6995838fa <unknown>
#1 0x55c699094d20 <unknown>
#2 0x55c6990d24c7 <unknown>
#3 0x55c6990cce8f <unknown>
#4 0x55c6990c7f96 <unknown>
#5 0x55c699113d86 <unknown>
#6 0x55c6991133d6 <unknown>
#7 0x55c699107893 <unknown>
#8 0x55c6990d630d <unknown>
#9 0x55c6990d732e <unknown>
#10 0x55c69955000b <unknown>
#11 0x55c699553f97 <unknown>
#12 0x55c69953c71c <unknown>
#13 0x55c699554b17 <unknown>
#14 0x55c6995216cf <unknown>
#15 0x55c6995726b8 <unknown>
#16 0x55c699572880 <unknown>
#17 0x55c699582776 <unknown>
#18 0x7fa0f4137ea7 start_thread

[2024-12-20T16:47:29.811+0900] {taskinstance.py:1398} INFO - Marking task as FAILED. dag_id=dag_crawling_to_db, task_id=post_crawl, execution_date=20241220T052251, start_date=20241220T074729, end_date=20241220T074729
[2024-12-20T16:47:29.823+0900] {standard_task_runner.py:104} ERROR - Failed to execute job 7 for task post_crawl (Message: session not created
from disconnected: unable to connect to renderer
Stacktrace:
#0 0x55c6995838fa <unknown>
#1 0x55c699094d20 <unknown>
#2 0x55c6990d24c7 <unknown>
#3 0x55c6990cce8f <unknown>
#4 0x55c6990c7f96 <unknown>
#5 0x55c699113d86 <unknown>
#6 0x55c6991133d6 <unknown>
#7 0x55c699107893 <unknown>
#8 0x55c6990d630d <unknown>
#9 0x55c6990d732e <unknown>
#10 0x55c69955000b <unknown>
#11 0x55c699553f97 <unknown>
#12 0x55c69953c71c <unknown>
#13 0x55c699554b17 <unknown>
#14 0x55c6995216cf <unknown>
#15 0x55c6995726b8 <unknown>
#16 0x55c699572880 <unknown>
#17 0x55c699582776 <unknown>
#18 0x7fa0f4137ea7 start_thread
; 17357)
[2024-12-20T16:47:29.864+0900] {local_task_job_runner.py:228} INFO - Task exited with return code 1
[2024-12-20T16:47:29.886+0900] {taskinstance.py:2776} INFO - 0 downstream tasks scheduled from follow-on schedule check
