[2024-12-20T16:41:54.951+0900] {taskinstance.py:1157} INFO - Dependencies all met for dep_context=non-requeueable deps ti=<TaskInstance: dag_crawling_to_db.post_crawl manual__2024-12-20T05:22:51+00:00 [queued]>
[2024-12-20T16:41:54.959+0900] {taskinstance.py:1157} INFO - Dependencies all met for dep_context=requeueable deps ti=<TaskInstance: dag_crawling_to_db.post_crawl manual__2024-12-20T05:22:51+00:00 [queued]>
[2024-12-20T16:41:54.960+0900] {taskinstance.py:1359} INFO - Starting attempt 2 of 2
[2024-12-20T16:41:54.975+0900] {taskinstance.py:1380} INFO - Executing <Task(PythonOperator): post_crawl> on 2024-12-20 05:22:51+00:00
[2024-12-20T16:41:54.979+0900] {standard_task_runner.py:57} INFO - Started process 16438 to run task
[2024-12-20T16:41:54.982+0900] {standard_task_runner.py:84} INFO - Running: ['***', 'tasks', 'run', 'dag_crawling_to_db', 'post_crawl', 'manual__2024-12-20T05:22:51+00:00', '--job-id', '5', '--raw', '--subdir', 'DAGS_FOLDER/dag_crawling_to_db.py', '--cfg-path', '/tmp/tmp0ul02osc']
[2024-12-20T16:41:54.984+0900] {standard_task_runner.py:85} INFO - Job 5: Subtask post_crawl
[2024-12-20T16:41:55.022+0900] {task_command.py:415} INFO - Running <TaskInstance: dag_crawling_to_db.post_crawl manual__2024-12-20T05:22:51+00:00 [running]> on host e792396a0fea
[2024-12-20T16:41:55.092+0900] {taskinstance.py:1660} INFO - Exporting env vars: AIRFLOW_CTX_DAG_OWNER='***' AIRFLOW_CTX_DAG_ID='dag_crawling_to_db' AIRFLOW_CTX_TASK_ID='post_crawl' AIRFLOW_CTX_EXECUTION_DATE='2024-12-20T05:22:51+00:00' AIRFLOW_CTX_TRY_NUMBER='2' AIRFLOW_CTX_DAG_RUN_ID='manual__2024-12-20T05:22:51+00:00'
[2024-12-20T16:41:55.092+0900] {logging_mixin.py:151} INFO - 점핏 시작 시간: 2024-12-20 16:41:55
[2024-12-20T16:41:55.209+0900] {logger.py:11} INFO - ====== WebDriver manager ======
[2024-12-20T16:41:55.266+0900] {logger.py:11} INFO - Get LATEST chromedriver version for google-chrome
[2024-12-20T16:41:55.375+0900] {logger.py:11} INFO - Get LATEST chromedriver version for google-chrome
[2024-12-20T16:41:55.482+0900] {logger.py:11} INFO - Driver [/home/***/.wdm/drivers/chromedriver/linux64/131.0.6778.204/chromedriver-linux64/chromedriver] found in cache
[2024-12-20T16:41:55.569+0900] {logging_mixin.py:151} INFO - 점핏 종료 시간: 2024-12-20 16:41:55
[2024-12-20T16:42:05.577+0900] {logging_mixin.py:151} INFO - 원티드 시작 시간: 2024-12-20 16:42:05
[2024-12-20T16:42:05.589+0900] {credentials.py:1254} INFO - Found credentials in shared credentials file: /code/.aws/credentials
[2024-12-20T16:42:05.863+0900] {logger.py:11} INFO - ====== WebDriver manager ======
[2024-12-20T16:42:05.923+0900] {logger.py:11} INFO - Get LATEST chromedriver version for google-chrome
[2024-12-20T16:42:05.994+0900] {logger.py:11} INFO - Get LATEST chromedriver version for google-chrome
[2024-12-20T16:42:06.062+0900] {logger.py:11} INFO - Driver [/home/***/.wdm/drivers/chromedriver/linux64/131.0.6778.204/chromedriver-linux64/chromedriver] found in cache
[2024-12-20T16:42:06.092+0900] {logging_mixin.py:151} INFO - 원티드 종료 시간: 2024-12-20 16:42:06
[2024-12-20T16:42:06.092+0900] {logging_mixin.py:151} INFO - 인크루트 시작 시간: 2024-12-20 16:42:06
[2024-12-20T16:42:06.722+0900] {logger.py:11} INFO - ====== WebDriver manager ======
[2024-12-20T16:42:06.782+0900] {logger.py:11} INFO - Get LATEST chromedriver version for google-chrome
[2024-12-20T16:42:06.845+0900] {logger.py:11} INFO - Get LATEST chromedriver version for google-chrome
[2024-12-20T16:42:06.915+0900] {logger.py:11} INFO - Driver [/home/***/.wdm/drivers/chromedriver/linux64/131.0.6778.204/chromedriver-linux64/chromedriver] found in cache
[2024-12-20T16:42:07.048+0900] {logging_mixin.py:151} INFO - 인크루트 종료 시간: 2024-12-20 16:42:07
[2024-12-20T16:42:17.058+0900] {logging_mixin.py:151} INFO - 로켓펀치 시작 시간: 2024-12-20 16:42:17
[2024-12-20T16:42:17.222+0900] {logger.py:11} INFO - ====== WebDriver manager ======
[2024-12-20T16:42:17.303+0900] {logger.py:11} INFO - Get LATEST chromedriver version for google-chrome
[2024-12-20T16:42:17.443+0900] {logger.py:11} INFO - Get LATEST chromedriver version for google-chrome
[2024-12-20T16:42:17.650+0900] {logger.py:11} INFO - Driver [/home/***/.wdm/drivers/chromedriver/linux64/131.0.6778.204/chromedriver-linux64/chromedriver] found in cache
[2024-12-20T16:42:17.676+0900] {logging_mixin.py:151} INFO - 로켓펀치 종료 시간: 2024-12-20 16:42:17
[2024-12-20T16:42:27.686+0900] {logging_mixin.py:151} INFO - 잡코리아 시작 시간: 2024-12-20 16:42:27
[2024-12-20T16:42:27.835+0900] {logger.py:11} INFO - ====== WebDriver manager ======
[2024-12-20T16:42:27.904+0900] {logger.py:11} INFO - Get LATEST chromedriver version for google-chrome
[2024-12-20T16:42:27.973+0900] {logger.py:11} INFO - Get LATEST chromedriver version for google-chrome
[2024-12-20T16:42:28.045+0900] {logger.py:11} INFO - Driver [/home/***/.wdm/drivers/chromedriver/linux64/131.0.6778.204/chromedriver-linux64/chromedriver] found in cache
[2024-12-20T16:42:28.074+0900] {taskinstance.py:1935} ERROR - Task failed with exception
Traceback (most recent call last):
  File "/home/airflow/.local/lib/python3.10/site-packages/airflow/operators/python.py", line 192, in execute
    return_value = self.execute_callable()
  File "/home/airflow/.local/lib/python3.10/site-packages/airflow/operators/python.py", line 209, in execute_callable
    return self.python_callable(*self.op_args, **self.op_kwargs)
  File "/code/plugins/post_crawling.py", line 1988, in post_main
    jobkorea_crawling()
  File "/code/plugins/post_crawling.py", line 1311, in jobkorea_crawling
    with open('log.txt', 'r') as log_file:
FileNotFoundError: [Errno 2] No such file or directory: 'log.txt'
[2024-12-20T16:42:28.082+0900] {taskinstance.py:1398} INFO - Marking task as FAILED. dag_id=dag_crawling_to_db, task_id=post_crawl, execution_date=20241220T052251, start_date=20241220T074154, end_date=20241220T074228
[2024-12-20T16:42:28.096+0900] {standard_task_runner.py:104} ERROR - Failed to execute job 5 for task post_crawl ([Errno 2] No such file or directory: 'log.txt'; 16438)
[2024-12-20T16:42:28.128+0900] {local_task_job_runner.py:228} INFO - Task exited with return code 1
[2024-12-20T16:42:28.154+0900] {taskinstance.py:2776} INFO - 0 downstream tasks scheduled from follow-on schedule check
