[2024-12-20T16:41:15.529+0900] {taskinstance.py:1157} INFO - Dependencies all met for dep_context=non-requeueable deps ti=<TaskInstance: dag_crawling_to_db.post_crawl manual__2024-12-20T05:22:51+00:00 [queued]>
[2024-12-20T16:41:15.536+0900] {taskinstance.py:1157} INFO - Dependencies all met for dep_context=requeueable deps ti=<TaskInstance: dag_crawling_to_db.post_crawl manual__2024-12-20T05:22:51+00:00 [queued]>
[2024-12-20T16:41:15.537+0900] {taskinstance.py:1359} INFO - Starting attempt 1 of 2
[2024-12-20T16:41:15.550+0900] {taskinstance.py:1380} INFO - Executing <Task(PythonOperator): post_crawl> on 2024-12-20 05:22:51+00:00
[2024-12-20T16:41:15.555+0900] {standard_task_runner.py:57} INFO - Started process 15839 to run task
[2024-12-20T16:41:15.558+0900] {standard_task_runner.py:84} INFO - Running: ['***', 'tasks', 'run', 'dag_crawling_to_db', 'post_crawl', 'manual__2024-12-20T05:22:51+00:00', '--job-id', '4', '--raw', '--subdir', 'DAGS_FOLDER/dag_crawling_to_db.py', '--cfg-path', '/tmp/tmpc_9kcv25']
[2024-12-20T16:41:15.561+0900] {standard_task_runner.py:85} INFO - Job 4: Subtask post_crawl
[2024-12-20T16:41:15.601+0900] {task_command.py:415} INFO - Running <TaskInstance: dag_crawling_to_db.post_crawl manual__2024-12-20T05:22:51+00:00 [running]> on host e792396a0fea
[2024-12-20T16:41:15.677+0900] {taskinstance.py:1660} INFO - Exporting env vars: AIRFLOW_CTX_DAG_OWNER='***' AIRFLOW_CTX_DAG_ID='dag_crawling_to_db' AIRFLOW_CTX_TASK_ID='post_crawl' AIRFLOW_CTX_EXECUTION_DATE='2024-12-20T05:22:51+00:00' AIRFLOW_CTX_TRY_NUMBER='1' AIRFLOW_CTX_DAG_RUN_ID='manual__2024-12-20T05:22:51+00:00'
[2024-12-20T16:41:15.678+0900] {logging_mixin.py:151} INFO - 점핏 시작 시간: 2024-12-20 16:41:15
[2024-12-20T16:41:15.783+0900] {logger.py:11} INFO - ====== WebDriver manager ======
[2024-12-20T16:41:15.846+0900] {logger.py:11} INFO - Get LATEST chromedriver version for google-chrome
[2024-12-20T16:41:15.982+0900] {logger.py:11} INFO - Get LATEST chromedriver version for google-chrome
[2024-12-20T16:41:16.053+0900] {logger.py:11} INFO - Driver [/home/***/.wdm/drivers/chromedriver/linux64/131.0.6778.204/chromedriver-linux64/chromedriver] found in cache
[2024-12-20T16:41:16.439+0900] {logging_mixin.py:151} INFO - 점핏 종료 시간: 2024-12-20 16:41:16
[2024-12-20T16:41:26.450+0900] {logging_mixin.py:151} INFO - 원티드 시작 시간: 2024-12-20 16:41:26
[2024-12-20T16:41:26.466+0900] {credentials.py:1254} INFO - Found credentials in shared credentials file: /code/.aws/credentials
[2024-12-20T16:41:26.953+0900] {logger.py:11} INFO - ====== WebDriver manager ======
[2024-12-20T16:41:27.021+0900] {logger.py:11} INFO - Get LATEST chromedriver version for google-chrome
[2024-12-20T16:41:27.087+0900] {logger.py:11} INFO - Get LATEST chromedriver version for google-chrome
[2024-12-20T16:41:27.150+0900] {logger.py:11} INFO - Driver [/home/***/.wdm/drivers/chromedriver/linux64/131.0.6778.204/chromedriver-linux64/chromedriver] found in cache
[2024-12-20T16:41:27.463+0900] {logging_mixin.py:151} INFO - 원티드 종료 시간: 2024-12-20 16:41:27
[2024-12-20T16:41:27.463+0900] {logging_mixin.py:151} INFO - 인크루트 시작 시간: 2024-12-20 16:41:27
[2024-12-20T16:41:29.149+0900] {logger.py:11} INFO - ====== WebDriver manager ======
[2024-12-20T16:41:29.216+0900] {logger.py:11} INFO - Get LATEST chromedriver version for google-chrome
[2024-12-20T16:41:29.279+0900] {logger.py:11} INFO - Get LATEST chromedriver version for google-chrome
[2024-12-20T16:41:29.346+0900] {logger.py:11} INFO - Driver [/home/***/.wdm/drivers/chromedriver/linux64/131.0.6778.204/chromedriver-linux64/chromedriver] found in cache
[2024-12-20T16:41:29.743+0900] {logging_mixin.py:151} INFO - 인크루트 종료 시간: 2024-12-20 16:41:29
[2024-12-20T16:41:39.749+0900] {logging_mixin.py:151} INFO - 로켓펀치 시작 시간: 2024-12-20 16:41:39
[2024-12-20T16:41:39.862+0900] {logger.py:11} INFO - ====== WebDriver manager ======
[2024-12-20T16:41:39.918+0900] {logger.py:11} INFO - Get LATEST chromedriver version for google-chrome
[2024-12-20T16:41:39.988+0900] {logger.py:11} INFO - Get LATEST chromedriver version for google-chrome
[2024-12-20T16:41:40.071+0900] {logger.py:11} INFO - Driver [/home/***/.wdm/drivers/chromedriver/linux64/131.0.6778.204/chromedriver-linux64/chromedriver] found in cache
[2024-12-20T16:41:40.345+0900] {logging_mixin.py:151} INFO - 로켓펀치 종료 시간: 2024-12-20 16:41:40
[2024-12-20T16:41:50.353+0900] {logging_mixin.py:151} INFO - 잡코리아 시작 시간: 2024-12-20 16:41:50
[2024-12-20T16:41:50.533+0900] {logger.py:11} INFO - ====== WebDriver manager ======
[2024-12-20T16:41:50.595+0900] {logger.py:11} INFO - Get LATEST chromedriver version for google-chrome
[2024-12-20T16:41:50.665+0900] {logger.py:11} INFO - Get LATEST chromedriver version for google-chrome
[2024-12-20T16:41:50.772+0900] {logger.py:11} INFO - Driver [/home/***/.wdm/drivers/chromedriver/linux64/131.0.6778.204/chromedriver-linux64/chromedriver] found in cache
[2024-12-20T16:41:51.051+0900] {taskinstance.py:1935} ERROR - Task failed with exception
Traceback (most recent call last):
  File "/home/airflow/.local/lib/python3.10/site-packages/airflow/operators/python.py", line 192, in execute
    return_value = self.execute_callable()
  File "/home/airflow/.local/lib/python3.10/site-packages/airflow/operators/python.py", line 209, in execute_callable
    return self.python_callable(*self.op_args, **self.op_kwargs)
  File "/code/plugins/post_crawling.py", line 1988, in post_main
    jobkorea_crawling()
  File "/code/plugins/post_crawling.py", line 1311, in jobkorea_crawling
    with open('log.txt', 'r') as log_file:
FileNotFoundError: [Errno 2] No such file or directory: 'log.txt'
[2024-12-20T16:41:51.063+0900] {taskinstance.py:1398} INFO - Marking task as UP_FOR_RETRY. dag_id=dag_crawling_to_db, task_id=post_crawl, execution_date=20241220T052251, start_date=20241220T074115, end_date=20241220T074151
[2024-12-20T16:41:51.077+0900] {standard_task_runner.py:104} ERROR - Failed to execute job 4 for task post_crawl ([Errno 2] No such file or directory: 'log.txt'; 15839)
[2024-12-20T16:41:51.111+0900] {local_task_job_runner.py:228} INFO - Task exited with return code 1
[2024-12-20T16:41:51.130+0900] {taskinstance.py:2776} INFO - 0 downstream tasks scheduled from follow-on schedule check
