[2024-12-19T17:07:15.093+0900] {taskinstance.py:1157} INFO - Dependencies all met for dep_context=non-requeueable deps ti=<TaskInstance: dag_crawling_to_db.link_crawl manual__2024-12-19T08:07:08+00:00 [queued]>
[2024-12-19T17:07:15.115+0900] {taskinstance.py:1157} INFO - Dependencies all met for dep_context=requeueable deps ti=<TaskInstance: dag_crawling_to_db.link_crawl manual__2024-12-19T08:07:08+00:00 [queued]>
[2024-12-19T17:07:15.116+0900] {taskinstance.py:1359} INFO - Starting attempt 1 of 2
[2024-12-19T17:07:15.129+0900] {taskinstance.py:1380} INFO - Executing <Task(PythonOperator): link_crawl> on 2024-12-19 08:07:08+00:00
[2024-12-19T17:07:15.134+0900] {standard_task_runner.py:57} INFO - Started process 120 to run task
[2024-12-19T17:07:15.137+0900] {standard_task_runner.py:84} INFO - Running: ['***', 'tasks', 'run', 'dag_crawling_to_db', 'link_crawl', 'manual__2024-12-19T08:07:08+00:00', '--job-id', '2', '--raw', '--subdir', 'DAGS_FOLDER/dag_crawling_to_db.py', '--cfg-path', '/tmp/tmph75ara1x']
[2024-12-19T17:07:15.140+0900] {standard_task_runner.py:85} INFO - Job 2: Subtask link_crawl
[2024-12-19T17:07:15.182+0900] {task_command.py:415} INFO - Running <TaskInstance: dag_crawling_to_db.link_crawl manual__2024-12-19T08:07:08+00:00 [running]> on host 2620e3d1ef1d
[2024-12-19T17:07:15.247+0900] {taskinstance.py:1660} INFO - Exporting env vars: AIRFLOW_CTX_DAG_OWNER='***' AIRFLOW_CTX_DAG_ID='dag_crawling_to_db' AIRFLOW_CTX_TASK_ID='link_crawl' AIRFLOW_CTX_EXECUTION_DATE='2024-12-19T08:07:08+00:00' AIRFLOW_CTX_TRY_NUMBER='1' AIRFLOW_CTX_DAG_RUN_ID='manual__2024-12-19T08:07:08+00:00'
[2024-12-19T17:07:15.248+0900] {logging_mixin.py:151} INFO - 인크루트url 시작 시간: 2024-12-19 17:07:15
[2024-12-19T17:07:15.248+0900] {logging_mixin.py:151} INFO - 인크루트url 종료 시간: 2024-12-19 17:07:15
[2024-12-19T17:07:20.249+0900] {logging_mixin.py:151} INFO - 잡코리아url 시작 시간: 2024-12-19 17:07:20
[2024-12-19T17:07:20.250+0900] {logging_mixin.py:151} INFO - 잡코리아url 종료 시간: 2024-12-19 17:07:20
[2024-12-19T17:07:25.255+0900] {logging_mixin.py:151} INFO - 점핏url 시작 시간: 2024-12-19 17:07:25
[2024-12-19T17:07:25.256+0900] {logging_mixin.py:151} INFO - 점핏url 종료 시간: 2024-12-19 17:07:25
[2024-12-19T17:07:30.259+0900] {logging_mixin.py:151} INFO - 로켓펀치url 시작 시간: 2024-12-19 17:07:30
[2024-12-19T17:07:30.260+0900] {logging_mixin.py:151} INFO - 로켓펀치url 종료 시간: 2024-12-19 17:07:30
[2024-12-19T17:07:35.263+0900] {logging_mixin.py:151} INFO - 사람인url 시작 시간: 2024-12-19 17:07:35
[2024-12-19T17:07:35.263+0900] {logging_mixin.py:151} INFO - 사람인url 종료 시간: 2024-12-19 17:07:35
[2024-12-19T17:07:40.269+0900] {logging_mixin.py:151} INFO - 원티드url 시작 시간: 2024-12-19 17:07:40
[2024-12-19T17:07:40.269+0900] {logging_mixin.py:151} INFO - 원티드url 종료 시간: 2024-12-19 17:07:40
[2024-12-19T17:07:40.272+0900] {python.py:194} INFO - Done. Returned value was: None
[2024-12-19T17:07:40.281+0900] {taskinstance.py:1398} INFO - Marking task as SUCCESS. dag_id=dag_crawling_to_db, task_id=link_crawl, execution_date=20241219T080708, start_date=20241219T080715, end_date=20241219T080740
[2024-12-19T17:07:40.306+0900] {local_task_job_runner.py:228} INFO - Task exited with return code 0
[2024-12-19T17:07:40.327+0900] {taskinstance.py:2776} INFO - 1 downstream tasks scheduled from follow-on schedule check
