[2024-12-20T17:53:24.936+0900] {taskinstance.py:1157} INFO - Dependencies all met for dep_context=non-requeueable deps ti=<TaskInstance: dag_crawling_to_db.post_crawl manual__2024-12-20T08:51:52+00:00 [queued]>
[2024-12-20T17:53:24.945+0900] {taskinstance.py:1157} INFO - Dependencies all met for dep_context=requeueable deps ti=<TaskInstance: dag_crawling_to_db.post_crawl manual__2024-12-20T08:51:52+00:00 [queued]>
[2024-12-20T17:53:24.945+0900] {taskinstance.py:1359} INFO - Starting attempt 1 of 2
[2024-12-20T17:53:24.958+0900] {taskinstance.py:1380} INFO - Executing <Task(PythonOperator): post_crawl> on 2024-12-20 08:51:52+00:00
[2024-12-20T17:53:24.964+0900] {standard_task_runner.py:57} INFO - Started process 136 to run task
[2024-12-20T17:53:24.967+0900] {standard_task_runner.py:84} INFO - Running: ['***', 'tasks', 'run', 'dag_crawling_to_db', 'post_crawl', 'manual__2024-12-20T08:51:52+00:00', '--job-id', '4', '--raw', '--subdir', 'DAGS_FOLDER/dag_crawling_to_db.py', '--cfg-path', '/tmp/tmpz09la4ca']
[2024-12-20T17:53:24.970+0900] {standard_task_runner.py:85} INFO - Job 4: Subtask post_crawl
[2024-12-20T17:53:25.011+0900] {task_command.py:415} INFO - Running <TaskInstance: dag_crawling_to_db.post_crawl manual__2024-12-20T08:51:52+00:00 [running]> on host 31820c0d97fb
[2024-12-20T17:53:25.082+0900] {taskinstance.py:1660} INFO - Exporting env vars: AIRFLOW_CTX_DAG_OWNER='***' AIRFLOW_CTX_DAG_ID='dag_crawling_to_db' AIRFLOW_CTX_TASK_ID='post_crawl' AIRFLOW_CTX_EXECUTION_DATE='2024-12-20T08:51:52+00:00' AIRFLOW_CTX_TRY_NUMBER='1' AIRFLOW_CTX_DAG_RUN_ID='manual__2024-12-20T08:51:52+00:00'
[2024-12-20T17:53:25.084+0900] {logging_mixin.py:151} INFO - 점핏 시작 시간: 2024-12-20 17:53:25
[2024-12-20T17:53:25.166+0900] {logger.py:11} INFO - ====== WebDriver manager ======
[2024-12-20T17:53:25.229+0900] {logger.py:11} INFO - Get LATEST chromedriver version for google-chrome
[2024-12-20T17:53:25.304+0900] {logger.py:11} INFO - Get LATEST chromedriver version for google-chrome
[2024-12-20T17:53:25.366+0900] {logger.py:11} INFO - There is no [linux64] chromedriver "131.0.6778.204" for browser google-chrome "131.0.6778" in cache
[2024-12-20T17:53:25.366+0900] {logger.py:11} INFO - Get LATEST chromedriver version for google-chrome
[2024-12-20T17:53:25.643+0900] {logger.py:11} INFO - WebDriver version 131.0.6778.204 selected
[2024-12-20T17:53:25.647+0900] {logger.py:11} INFO - Modern chrome version https://storage.googleapis.com/chrome-for-testing-public/131.0.6778.204/linux64/chromedriver-linux64.zip
[2024-12-20T17:53:25.648+0900] {logger.py:11} INFO - About to download new driver from https://storage.googleapis.com/chrome-for-testing-public/131.0.6778.204/linux64/chromedriver-linux64.zip
[2024-12-20T17:53:25.787+0900] {logger.py:11} INFO - Driver downloading response is 200
[2024-12-20T17:53:26.203+0900] {logger.py:11} INFO - Get LATEST chromedriver version for google-chrome
[2024-12-20T17:53:26.398+0900] {logger.py:11} INFO - Driver has been saved in cache [/home/***/.wdm/drivers/chromedriver/linux64/131.0.6778.204]
[2024-12-20T17:53:26.736+0900] {logging_mixin.py:151} INFO - 점핏 종료 시간: 2024-12-20 17:53:26
[2024-12-20T17:53:36.741+0900] {logging_mixin.py:151} INFO - 원티드 시작 시간: 2024-12-20 17:53:36
[2024-12-20T17:53:36.757+0900] {credentials.py:1254} INFO - Found credentials in shared credentials file: /code/.aws/credentials
[2024-12-20T17:53:36.916+0900] {logger.py:11} INFO - ====== WebDriver manager ======
[2024-12-20T17:53:36.978+0900] {logger.py:11} INFO - Get LATEST chromedriver version for google-chrome
[2024-12-20T17:53:37.046+0900] {logger.py:11} INFO - Get LATEST chromedriver version for google-chrome
[2024-12-20T17:53:37.117+0900] {logger.py:11} INFO - Driver [/home/***/.wdm/drivers/chromedriver/linux64/131.0.6778.204/chromedriver-linux64/chromedriver] found in cache
[2024-12-20T17:53:37.407+0900] {logging_mixin.py:151} INFO - 원티드 종료 시간: 2024-12-20 17:53:37
[2024-12-20T17:53:37.408+0900] {logging_mixin.py:151} INFO - 인크루트 시작 시간: 2024-12-20 17:53:37
[2024-12-20T17:53:38.021+0900] {logger.py:11} INFO - ====== WebDriver manager ======
[2024-12-20T17:53:38.085+0900] {logger.py:11} INFO - Get LATEST chromedriver version for google-chrome
[2024-12-20T17:53:38.151+0900] {logger.py:11} INFO - Get LATEST chromedriver version for google-chrome
[2024-12-20T17:53:38.220+0900] {logger.py:11} INFO - Driver [/home/***/.wdm/drivers/chromedriver/linux64/131.0.6778.204/chromedriver-linux64/chromedriver] found in cache
[2024-12-20T17:53:38.644+0900] {logging_mixin.py:151} INFO - 인크루트 종료 시간: 2024-12-20 17:53:38
[2024-12-20T17:53:48.649+0900] {logging_mixin.py:151} INFO - 로켓펀치 시작 시간: 2024-12-20 17:53:48
[2024-12-20T17:53:48.734+0900] {logger.py:11} INFO - ====== WebDriver manager ======
[2024-12-20T17:53:48.790+0900] {logger.py:11} INFO - Get LATEST chromedriver version for google-chrome
[2024-12-20T17:53:48.854+0900] {logger.py:11} INFO - Get LATEST chromedriver version for google-chrome
[2024-12-20T17:53:48.917+0900] {logger.py:11} INFO - Driver [/home/***/.wdm/drivers/chromedriver/linux64/131.0.6778.204/chromedriver-linux64/chromedriver] found in cache
[2024-12-20T17:53:49.205+0900] {logging_mixin.py:151} INFO - 로켓펀치 종료 시간: 2024-12-20 17:53:49
[2024-12-20T17:53:59.211+0900] {logging_mixin.py:151} INFO - 잡코리아 시작 시간: 2024-12-20 17:53:59
[2024-12-20T17:54:21.625+0900] {local_task_job_runner.py:228} INFO - Task exited with return code 0
[2024-12-20T17:54:21.640+0900] {taskinstance.py:2776} INFO - 0 downstream tasks scheduled from follow-on schedule check
