[2024-12-20T17:57:17.307+0900] {taskinstance.py:1157} INFO - Dependencies all met for dep_context=non-requeueable deps ti=<TaskInstance: dag_crawling_to_db.post_crawl manual__2024-12-20T08:51:52+00:00 [queued]>
[2024-12-20T17:57:17.315+0900] {taskinstance.py:1157} INFO - Dependencies all met for dep_context=requeueable deps ti=<TaskInstance: dag_crawling_to_db.post_crawl manual__2024-12-20T08:51:52+00:00 [queued]>
[2024-12-20T17:57:17.316+0900] {taskinstance.py:1359} INFO - Starting attempt 2 of 3
[2024-12-20T17:57:17.329+0900] {taskinstance.py:1380} INFO - Executing <Task(PythonOperator): post_crawl> on 2024-12-20 08:51:52+00:00
[2024-12-20T17:57:17.335+0900] {standard_task_runner.py:57} INFO - Started process 767 to run task
[2024-12-20T17:57:17.338+0900] {standard_task_runner.py:84} INFO - Running: ['***', 'tasks', 'run', 'dag_crawling_to_db', 'post_crawl', 'manual__2024-12-20T08:51:52+00:00', '--job-id', '5', '--raw', '--subdir', 'DAGS_FOLDER/dag_crawling_to_db.py', '--cfg-path', '/tmp/tmphu4yktvk']
[2024-12-20T17:57:17.340+0900] {standard_task_runner.py:85} INFO - Job 5: Subtask post_crawl
[2024-12-20T17:57:17.380+0900] {task_command.py:415} INFO - Running <TaskInstance: dag_crawling_to_db.post_crawl manual__2024-12-20T08:51:52+00:00 [running]> on host 31820c0d97fb
[2024-12-20T17:57:17.454+0900] {taskinstance.py:1660} INFO - Exporting env vars: AIRFLOW_CTX_DAG_OWNER='***' AIRFLOW_CTX_DAG_ID='dag_crawling_to_db' AIRFLOW_CTX_TASK_ID='post_crawl' AIRFLOW_CTX_EXECUTION_DATE='2024-12-20T08:51:52+00:00' AIRFLOW_CTX_TRY_NUMBER='2' AIRFLOW_CTX_DAG_RUN_ID='manual__2024-12-20T08:51:52+00:00'
[2024-12-20T17:57:17.457+0900] {logging_mixin.py:151} INFO - 점핏 시작 시간: 2024-12-20 17:57:17
[2024-12-20T17:57:17.543+0900] {logger.py:11} INFO - ====== WebDriver manager ======
[2024-12-20T17:57:17.602+0900] {logger.py:11} INFO - Get LATEST chromedriver version for google-chrome
[2024-12-20T17:57:17.678+0900] {logger.py:11} INFO - Get LATEST chromedriver version for google-chrome
[2024-12-20T17:57:17.754+0900] {logger.py:11} INFO - Driver [/home/***/.wdm/drivers/chromedriver/linux64/131.0.6778.204/chromedriver-linux64/chromedriver] found in cache
[2024-12-20T17:57:18.106+0900] {logging_mixin.py:151} INFO - 점핏 종료 시간: 2024-12-20 17:57:18
[2024-12-20T17:57:28.114+0900] {logging_mixin.py:151} INFO - 원티드 시작 시간: 2024-12-20 17:57:28
[2024-12-20T17:57:28.127+0900] {credentials.py:1254} INFO - Found credentials in shared credentials file: /code/.aws/credentials
[2024-12-20T17:57:28.521+0900] {logger.py:11} INFO - ====== WebDriver manager ======
[2024-12-20T17:57:28.609+0900] {logger.py:11} INFO - Get LATEST chromedriver version for google-chrome
[2024-12-20T17:57:28.684+0900] {logger.py:11} INFO - Get LATEST chromedriver version for google-chrome
[2024-12-20T17:57:28.770+0900] {logger.py:11} INFO - Driver [/home/***/.wdm/drivers/chromedriver/linux64/131.0.6778.204/chromedriver-linux64/chromedriver] found in cache
[2024-12-20T17:57:29.168+0900] {logging_mixin.py:151} INFO - 원티드 종료 시간: 2024-12-20 17:57:29
[2024-12-20T17:57:29.168+0900] {logging_mixin.py:151} INFO - 인크루트 시작 시간: 2024-12-20 17:57:29
[2024-12-20T17:57:29.818+0900] {logger.py:11} INFO - ====== WebDriver manager ======
[2024-12-20T17:57:29.879+0900] {logger.py:11} INFO - Get LATEST chromedriver version for google-chrome
[2024-12-20T17:57:29.945+0900] {logger.py:11} INFO - Get LATEST chromedriver version for google-chrome
[2024-12-20T17:57:34.030+0900] {logger.py:11} INFO - Driver [/home/***/.wdm/drivers/chromedriver/linux64/131.0.6778.204/chromedriver-linux64/chromedriver] found in cache
[2024-12-20T17:57:34.542+0900] {logging_mixin.py:151} INFO - 인크루트 종료 시간: 2024-12-20 17:57:34
[2024-12-20T17:57:44.550+0900] {logging_mixin.py:151} INFO - 로켓펀치 시작 시간: 2024-12-20 17:57:44
[2024-12-20T17:57:44.642+0900] {logger.py:11} INFO - ====== WebDriver manager ======
[2024-12-20T17:57:44.708+0900] {logger.py:11} INFO - Get LATEST chromedriver version for google-chrome
[2024-12-20T17:57:44.781+0900] {logger.py:11} INFO - Get LATEST chromedriver version for google-chrome
[2024-12-20T17:57:44.854+0900] {logger.py:11} INFO - Driver [/home/***/.wdm/drivers/chromedriver/linux64/131.0.6778.204/chromedriver-linux64/chromedriver] found in cache
[2024-12-20T17:57:45.273+0900] {logging_mixin.py:151} INFO - 로켓펀치 종료 시간: 2024-12-20 17:57:45
[2024-12-20T17:57:55.284+0900] {logging_mixin.py:151} INFO - 잡코리아 시작 시간: 2024-12-20 17:57:55
[2024-12-20T17:58:17.209+0900] {local_task_job_runner.py:228} INFO - Task exited with return code 0
[2024-12-20T17:58:17.226+0900] {taskinstance.py:2776} INFO - 0 downstream tasks scheduled from follow-on schedule check
