[2024-12-19T14:11:39.248+0900] {taskinstance.py:1157} INFO - Dependencies all met for dep_context=non-requeueable deps ti=<TaskInstance: dag_crawling_to_db.link_crawl manual__2024-12-19T05:11:37.026996+00:00 [queued]>
[2024-12-19T14:11:39.261+0900] {taskinstance.py:1157} INFO - Dependencies all met for dep_context=requeueable deps ti=<TaskInstance: dag_crawling_to_db.link_crawl manual__2024-12-19T05:11:37.026996+00:00 [queued]>
[2024-12-19T14:11:39.262+0900] {taskinstance.py:1359} INFO - Starting attempt 1 of 2
[2024-12-19T14:11:39.277+0900] {taskinstance.py:1380} INFO - Executing <Task(PythonOperator): link_crawl> on 2024-12-19 05:11:37.026996+00:00
[2024-12-19T14:11:39.281+0900] {standard_task_runner.py:57} INFO - Started process 1375 to run task
[2024-12-19T14:11:39.283+0900] {standard_task_runner.py:84} INFO - Running: ['***', 'tasks', 'run', 'dag_crawling_to_db', 'link_crawl', 'manual__2024-12-19T05:11:37.026996+00:00', '--job-id', '12', '--raw', '--subdir', 'DAGS_FOLDER/dag_crawling_to_db.py', '--cfg-path', '/tmp/tmpf6qm_e_y']
[2024-12-19T14:11:39.288+0900] {standard_task_runner.py:85} INFO - Job 12: Subtask link_crawl
[2024-12-19T14:11:39.328+0900] {task_command.py:415} INFO - Running <TaskInstance: dag_crawling_to_db.link_crawl manual__2024-12-19T05:11:37.026996+00:00 [running]> on host 9e2fe3889768
[2024-12-19T14:11:39.399+0900] {taskinstance.py:1660} INFO - Exporting env vars: AIRFLOW_CTX_DAG_OWNER='***' AIRFLOW_CTX_DAG_ID='dag_crawling_to_db' AIRFLOW_CTX_TASK_ID='link_crawl' AIRFLOW_CTX_EXECUTION_DATE='2024-12-19T05:11:37.026996+00:00' AIRFLOW_CTX_TRY_NUMBER='1' AIRFLOW_CTX_DAG_RUN_ID='manual__2024-12-19T05:11:37.026996+00:00'
[2024-12-19T14:11:39.399+0900] {logging_mixin.py:151} INFO - 인크루트url 시작 시간: 2024-12-19 14:11:39
[2024-12-19T14:11:39.400+0900] {logging_mixin.py:151} INFO - 인크루트url 종료 시간: 2024-12-19 14:11:39
[2024-12-19T14:11:44.405+0900] {logging_mixin.py:151} INFO - 잡코리아url 시작 시간: 2024-12-19 14:11:44
[2024-12-19T14:11:44.406+0900] {logging_mixin.py:151} INFO - 잡코리아url 종료 시간: 2024-12-19 14:11:44
[2024-12-19T14:11:49.409+0900] {logging_mixin.py:151} INFO - 점핏url 시작 시간: 2024-12-19 14:11:49
[2024-12-19T14:11:49.409+0900] {logging_mixin.py:151} INFO - 점핏url 종료 시간: 2024-12-19 14:11:49
[2024-12-19T14:11:54.409+0900] {logging_mixin.py:151} INFO - 로켓펀치url 시작 시간: 2024-12-19 14:11:54
[2024-12-19T14:11:54.410+0900] {logging_mixin.py:151} INFO - 로켓펀치url 종료 시간: 2024-12-19 14:11:54
[2024-12-19T14:11:59.415+0900] {logging_mixin.py:151} INFO - 사람인url 시작 시간: 2024-12-19 14:11:59
[2024-12-19T14:11:59.415+0900] {logging_mixin.py:151} INFO - 사람인url 종료 시간: 2024-12-19 14:11:59
[2024-12-19T14:12:04.421+0900] {logging_mixin.py:151} INFO - 원티드url 시작 시간: 2024-12-19 14:12:04
[2024-12-19T14:12:04.422+0900] {logging_mixin.py:151} INFO - 원티드url 종료 시간: 2024-12-19 14:12:04
[2024-12-19T14:12:04.422+0900] {python.py:194} INFO - Done. Returned value was: None
[2024-12-19T14:12:04.446+0900] {taskinstance.py:1398} INFO - Marking task as SUCCESS. dag_id=dag_crawling_to_db, task_id=link_crawl, execution_date=20241219T051137, start_date=20241219T051139, end_date=20241219T051204
[2024-12-19T14:12:04.468+0900] {local_task_job_runner.py:228} INFO - Task exited with return code 0
[2024-12-19T14:12:04.494+0900] {taskinstance.py:2776} INFO - 1 downstream tasks scheduled from follow-on schedule check
