[2024-12-19T17:34:32.310+0900] {taskinstance.py:1157} INFO - Dependencies all met for dep_context=non-requeueable deps ti=<TaskInstance: dag_crawling_to_db.post_crawl manual__2024-12-19T08:32:19+00:00 [queued]>
[2024-12-19T17:34:32.322+0900] {taskinstance.py:1157} INFO - Dependencies all met for dep_context=requeueable deps ti=<TaskInstance: dag_crawling_to_db.post_crawl manual__2024-12-19T08:32:19+00:00 [queued]>
[2024-12-19T17:34:32.322+0900] {taskinstance.py:1359} INFO - Starting attempt 2 of 2
[2024-12-19T17:34:32.337+0900] {taskinstance.py:1380} INFO - Executing <Task(PythonOperator): post_crawl> on 2024-12-19 08:32:19+00:00
[2024-12-19T17:34:32.341+0900] {standard_task_runner.py:57} INFO - Started process 734 to run task
[2024-12-19T17:34:32.344+0900] {standard_task_runner.py:84} INFO - Running: ['***', 'tasks', 'run', 'dag_crawling_to_db', 'post_crawl', 'manual__2024-12-19T08:32:19+00:00', '--job-id', '5', '--raw', '--subdir', 'DAGS_FOLDER/dag_crawling_to_db.py', '--cfg-path', '/tmp/tmp7xvzr1t_']
[2024-12-19T17:34:32.347+0900] {standard_task_runner.py:85} INFO - Job 5: Subtask post_crawl
[2024-12-19T17:34:32.387+0900] {task_command.py:415} INFO - Running <TaskInstance: dag_crawling_to_db.post_crawl manual__2024-12-19T08:32:19+00:00 [running]> on host e4e887109fa9
[2024-12-19T17:34:32.456+0900] {taskinstance.py:1660} INFO - Exporting env vars: AIRFLOW_CTX_DAG_OWNER='***' AIRFLOW_CTX_DAG_ID='dag_crawling_to_db' AIRFLOW_CTX_TASK_ID='post_crawl' AIRFLOW_CTX_EXECUTION_DATE='2024-12-19T08:32:19+00:00' AIRFLOW_CTX_TRY_NUMBER='2' AIRFLOW_CTX_DAG_RUN_ID='manual__2024-12-19T08:32:19+00:00'
[2024-12-19T17:34:32.458+0900] {logging_mixin.py:151} INFO - 점핏 시작 시간: 2024-12-19 17:34:32
[2024-12-19T17:34:32.651+0900] {logger.py:11} INFO - ====== WebDriver manager ======
[2024-12-19T17:34:32.717+0900] {logger.py:11} INFO - Get LATEST chromedriver version for google-chrome
[2024-12-19T17:34:32.860+0900] {logger.py:11} INFO - Get LATEST chromedriver version for google-chrome
[2024-12-19T17:34:33.000+0900] {logger.py:11} INFO - Driver [/home/***/.wdm/drivers/chromedriver/linux64/131.0.6778.204/chromedriver-linux64/chromedriver] found in cache
[2024-12-19T17:34:33.089+0900] {logging_mixin.py:151} INFO - 점핏 종료 시간: 2024-12-19 17:34:33
[2024-12-19T17:34:43.096+0900] {logging_mixin.py:151} INFO - 원티드 시작 시간: 2024-12-19 17:34:43
[2024-12-19T17:34:43.113+0900] {credentials.py:1254} INFO - Found credentials in shared credentials file: /code/.aws/credentials
[2024-12-19T17:34:43.385+0900] {logger.py:11} INFO - ====== WebDriver manager ======
[2024-12-19T17:34:43.446+0900] {logger.py:11} INFO - Get LATEST chromedriver version for google-chrome
[2024-12-19T17:34:43.517+0900] {logger.py:11} INFO - Get LATEST chromedriver version for google-chrome
[2024-12-19T17:34:43.584+0900] {logger.py:11} INFO - Driver [/home/***/.wdm/drivers/chromedriver/linux64/131.0.6778.204/chromedriver-linux64/chromedriver] found in cache
[2024-12-19T17:34:43.614+0900] {logging_mixin.py:151} INFO - 원티드 종료 시간: 2024-12-19 17:34:43
[2024-12-19T17:34:43.614+0900] {logging_mixin.py:151} INFO - 인크루트 시작 시간: 2024-12-19 17:34:43
[2024-12-19T17:34:44.359+0900] {logger.py:11} INFO - ====== WebDriver manager ======
[2024-12-19T17:34:44.419+0900] {logger.py:11} INFO - Get LATEST chromedriver version for google-chrome
[2024-12-19T17:34:44.482+0900] {logger.py:11} INFO - Get LATEST chromedriver version for google-chrome
[2024-12-19T17:34:44.554+0900] {logger.py:11} INFO - Driver [/home/***/.wdm/drivers/chromedriver/linux64/131.0.6778.204/chromedriver-linux64/chromedriver] found in cache
[2024-12-19T17:34:44.682+0900] {logging_mixin.py:151} INFO - 인크루트 종료 시간: 2024-12-19 17:34:44
[2024-12-19T17:34:54.690+0900] {logging_mixin.py:151} INFO - 로켓펀치 시작 시간: 2024-12-19 17:34:54
[2024-12-19T17:34:54.784+0900] {logger.py:11} INFO - ====== WebDriver manager ======
[2024-12-19T17:34:54.842+0900] {logger.py:11} INFO - Get LATEST chromedriver version for google-chrome
[2024-12-19T17:34:54.923+0900] {logger.py:11} INFO - Get LATEST chromedriver version for google-chrome
[2024-12-19T17:34:54.989+0900] {logger.py:11} INFO - Driver [/home/***/.wdm/drivers/chromedriver/linux64/131.0.6778.204/chromedriver-linux64/chromedriver] found in cache
[2024-12-19T17:34:55.027+0900] {logging_mixin.py:151} INFO - 로켓펀치 종료 시간: 2024-12-19 17:34:55
[2024-12-19T17:35:05.033+0900] {logging_mixin.py:151} INFO - 잡코리아 시작 시간: 2024-12-19 17:35:05
[2024-12-19T17:35:05.203+0900] {logger.py:11} INFO - ====== WebDriver manager ======
[2024-12-19T17:35:05.266+0900] {logger.py:11} INFO - Get LATEST chromedriver version for google-chrome
[2024-12-19T17:35:05.336+0900] {logger.py:11} INFO - Get LATEST chromedriver version for google-chrome
[2024-12-19T17:35:09.407+0900] {logger.py:11} INFO - Driver [/home/***/.wdm/drivers/chromedriver/linux64/131.0.6778.204/chromedriver-linux64/chromedriver] found in cache
[2024-12-19T17:35:09.446+0900] {taskinstance.py:1935} ERROR - Task failed with exception
Traceback (most recent call last):
  File "/home/airflow/.local/lib/python3.10/site-packages/airflow/operators/python.py", line 192, in execute
    return_value = self.execute_callable()
  File "/home/airflow/.local/lib/python3.10/site-packages/airflow/operators/python.py", line 209, in execute_callable
    return self.python_callable(*self.op_args, **self.op_kwargs)
  File "/code/plugins/post_crawling.py", line 1988, in post_main
    jobkorea_crawling()
  File "/code/plugins/post_crawling.py", line 1311, in jobkorea_crawling
    with open('log.txt', 'r') as log_file:
FileNotFoundError: [Errno 2] No such file or directory: 'log.txt'
[2024-12-19T17:35:09.453+0900] {taskinstance.py:1398} INFO - Marking task as FAILED. dag_id=dag_crawling_to_db, task_id=post_crawl, execution_date=20241219T083219, start_date=20241219T083432, end_date=20241219T083509
[2024-12-19T17:35:09.469+0900] {standard_task_runner.py:104} ERROR - Failed to execute job 5 for task post_crawl ([Errno 2] No such file or directory: 'log.txt'; 734)
[2024-12-19T17:35:09.508+0900] {local_task_job_runner.py:228} INFO - Task exited with return code 1
[2024-12-19T17:35:09.529+0900] {taskinstance.py:2776} INFO - 0 downstream tasks scheduled from follow-on schedule check
